running egg_info
creating ../build/youbot_navigation/youbot_navigation.egg-info
writing ../build/youbot_navigation/youbot_navigation.egg-info/PKG-INFO
writing dependency_links to ../build/youbot_navigation/youbot_navigation.egg-info/dependency_links.txt
writing entry points to ../build/youbot_navigation/youbot_navigation.egg-info/entry_points.txt
writing requirements to ../build/youbot_navigation/youbot_navigation.egg-info/requires.txt
writing top-level names to ../build/youbot_navigation/youbot_navigation.egg-info/top_level.txt
writing manifest file '../build/youbot_navigation/youbot_navigation.egg-info/SOURCES.txt'
reading manifest file '../build/youbot_navigation/youbot_navigation.egg-info/SOURCES.txt'
adding license file 'LICENSE'
writing manifest file '../build/youbot_navigation/youbot_navigation.egg-info/SOURCES.txt'
running build
running build_py
creating /home/youssef/fyp_ws/src/build/youbot_navigation/build
creating /home/youssef/fyp_ws/src/build/youbot_navigation/build/lib
creating /home/youssef/fyp_ws/src/build/youbot_navigation/build/lib/youbot_navigation
copying youbot_navigation/__init__.py -> /home/youssef/fyp_ws/src/build/youbot_navigation/build/lib/youbot_navigation
running install
running install_lib
creating /home/youssef/fyp_ws/src/install/youbot_navigation/lib/python3.10/site-packages/youbot_navigation
copying /home/youssef/fyp_ws/src/build/youbot_navigation/build/lib/youbot_navigation/__init__.py -> /home/youssef/fyp_ws/src/install/youbot_navigation/lib/python3.10/site-packages/youbot_navigation
byte-compiling /home/youssef/fyp_ws/src/install/youbot_navigation/lib/python3.10/site-packages/youbot_navigation/__init__.py to __init__.cpython-310.pyc
running install_data
creating /home/youssef/fyp_ws/src/install/youbot_navigation/share/ament_index
creating /home/youssef/fyp_ws/src/install/youbot_navigation/share/ament_index/resource_index
creating /home/youssef/fyp_ws/src/install/youbot_navigation/share/ament_index/resource_index/packages
copying resource/youbot_navigation -> /home/youssef/fyp_ws/src/install/youbot_navigation/share/ament_index/resource_index/packages
copying package.xml -> /home/youssef/fyp_ws/src/install/youbot_navigation/share/youbot_navigation
running install_egg_info
Copying ../build/youbot_navigation/youbot_navigation.egg-info to /home/youssef/fyp_ws/src/install/youbot_navigation/lib/python3.10/site-packages/youbot_navigation-0.0.0-py3.10.egg-info
running install_scripts
writing list of installed files to '/home/youssef/fyp_ws/src/build/youbot_navigation/install.log'
