[0.704s] Invoking command in '/home/youssef/fyp_ws/src/youbot_navigation': PYTHONPATH=/home/youssef/fyp_ws/src/build/youbot_navigation/prefix_override:/usr/lib/python3/dist-packages/colcon_core/task/python/colcon_distutils_commands:/home/youssef/fyp_ws/src/install/youbot_navigation/lib/python3.10/site-packages:${PYTHONPATH} /usr/bin/python3 -W ignore:setup.py install is deprecated -W ignore:easy_install command is deprecated setup.py egg_info --egg-base ../build/youbot_navigation build --build-base /home/youssef/fyp_ws/src/build/youbot_navigation/build install --record /home/youssef/fyp_ws/src/build/youbot_navigation/install.log --single-version-externally-managed install_data
[0.891s] running egg_info
[0.892s] creating ../build/youbot_navigation/youbot_navigation.egg-info
[0.892s] writing ../build/youbot_navigation/youbot_navigation.egg-info/PKG-INFO
[0.892s] writing dependency_links to ../build/youbot_navigation/youbot_navigation.egg-info/dependency_links.txt
[0.892s] writing entry points to ../build/youbot_navigation/youbot_navigation.egg-info/entry_points.txt
[0.892s] writing requirements to ../build/youbot_navigation/youbot_navigation.egg-info/requires.txt
[0.892s] writing top-level names to ../build/youbot_navigation/youbot_navigation.egg-info/top_level.txt
[0.892s] writing manifest file '../build/youbot_navigation/youbot_navigation.egg-info/SOURCES.txt'
[0.893s] reading manifest file '../build/youbot_navigation/youbot_navigation.egg-info/SOURCES.txt'
[0.893s] adding license file 'LICENSE'
[0.894s] writing manifest file '../build/youbot_navigation/youbot_navigation.egg-info/SOURCES.txt'
[0.894s] running build
[0.894s] running build_py
[0.894s] creating /home/youssef/fyp_ws/src/build/youbot_navigation/build
[0.894s] creating /home/youssef/fyp_ws/src/build/youbot_navigation/build/lib
[0.894s] creating /home/youssef/fyp_ws/src/build/youbot_navigation/build/lib/youbot_navigation
[0.894s] copying youbot_navigation/__init__.py -> /home/youssef/fyp_ws/src/build/youbot_navigation/build/lib/youbot_navigation
[0.894s] running install
[0.894s] running install_lib
[0.895s] creating /home/youssef/fyp_ws/src/install/youbot_navigation/lib/python3.10/site-packages/youbot_navigation
[0.895s] copying /home/youssef/fyp_ws/src/build/youbot_navigation/build/lib/youbot_navigation/__init__.py -> /home/youssef/fyp_ws/src/install/youbot_navigation/lib/python3.10/site-packages/youbot_navigation
[0.895s] byte-compiling /home/youssef/fyp_ws/src/install/youbot_navigation/lib/python3.10/site-packages/youbot_navigation/__init__.py to __init__.cpython-310.pyc
[0.895s] running install_data
[0.895s] creating /home/youssef/fyp_ws/src/install/youbot_navigation/share/ament_index
[0.895s] creating /home/youssef/fyp_ws/src/install/youbot_navigation/share/ament_index/resource_index
[0.895s] creating /home/youssef/fyp_ws/src/install/youbot_navigation/share/ament_index/resource_index/packages
[0.895s] copying resource/youbot_navigation -> /home/youssef/fyp_ws/src/install/youbot_navigation/share/ament_index/resource_index/packages
[0.896s] copying package.xml -> /home/youssef/fyp_ws/src/install/youbot_navigation/share/youbot_navigation
[0.896s] running install_egg_info
[0.897s] Copying ../build/youbot_navigation/youbot_navigation.egg-info to /home/youssef/fyp_ws/src/install/youbot_navigation/lib/python3.10/site-packages/youbot_navigation-0.0.0-py3.10.egg-info
[0.897s] running install_scripts
[0.913s] writing list of installed files to '/home/youssef/fyp_ws/src/build/youbot_navigation/install.log'
[0.931s] Invoked command in '/home/youssef/fyp_ws/src/youbot_navigation' returned '0': PYTHONPATH=/home/youssef/fyp_ws/src/build/youbot_navigation/prefix_override:/usr/lib/python3/dist-packages/colcon_core/task/python/colcon_distutils_commands:/home/youssef/fyp_ws/src/install/youbot_navigation/lib/python3.10/site-packages:${PYTHONPATH} /usr/bin/python3 -W ignore:setup.py install is deprecated -W ignore:easy_install command is deprecated setup.py egg_info --egg-base ../build/youbot_navigation build --build-base /home/youssef/fyp_ws/src/build/youbot_navigation/build install --record /home/youssef/fyp_ws/src/build/youbot_navigation/install.log --single-version-externally-managed install_data
