[0.048s] Invoking command in '/home/youssef/fyp_ws/src/build/youbot_description': CMAKE_PREFIX_PATH=${CMAKE_PREFIX_PATH}:/home/youssef/ros2_ws/install/py_srvcli:/home/youssef/ros2_ws/install/py_srv:/home/youssef/ros2_ws/install/py_pubsub:/home/youssef/ros2_ws/install/pubsub:/home/youssef/ros2_ws/install/line_follower:/home/youssef/ros2_ws/install/fake_sensors:/home/youssef/ros2_ws/install/fake:/home/youssef/ros2_ws/install/actions_py:/home/youssef/turtlebot3_ws/install/turtlebot3_teleop:/home/youssef/turtlebot3_ws/install/turtlebot3_example:/home/youssef/install/fake_sensors:/opt/ros/humble /usr/bin/cmake --build /home/youssef/fyp_ws/src/build/youbot_description -- -j8 -l8
[0.946s] Invoked command in '/home/youssef/fyp_ws/src/build/youbot_description' returned '0': CMAKE_PREFIX_PATH=${CMAKE_PREFIX_PATH}:/home/youssef/ros2_ws/install/py_srvcli:/home/youssef/ros2_ws/install/py_srv:/home/youssef/ros2_ws/install/py_pubsub:/home/youssef/ros2_ws/install/pubsub:/home/youssef/ros2_ws/install/line_follower:/home/youssef/ros2_ws/install/fake_sensors:/home/youssef/ros2_ws/install/fake:/home/youssef/ros2_ws/install/actions_py:/home/youssef/turtlebot3_ws/install/turtlebot3_teleop:/home/youssef/turtlebot3_ws/install/turtlebot3_example:/home/youssef/install/fake_sensors:/opt/ros/humble /usr/bin/cmake --build /home/youssef/fyp_ws/src/build/youbot_description -- -j8 -l8
[0.960s] Invoking command in '/home/youssef/fyp_ws/src/build/youbot_description': CMAKE_PREFIX_PATH=${CMAKE_PREFIX_PATH}:/home/youssef/ros2_ws/install/py_srvcli:/home/youssef/ros2_ws/install/py_srv:/home/youssef/ros2_ws/install/py_pubsub:/home/youssef/ros2_ws/install/pubsub:/home/youssef/ros2_ws/install/line_follower:/home/youssef/ros2_ws/install/fake_sensors:/home/youssef/ros2_ws/install/fake:/home/youssef/ros2_ws/install/actions_py:/home/youssef/turtlebot3_ws/install/turtlebot3_teleop:/home/youssef/turtlebot3_ws/install/turtlebot3_example:/home/youssef/install/fake_sensors:/opt/ros/humble /usr/bin/cmake --install /home/youssef/fyp_ws/src/build/youbot_description
[0.977s] -- Install configuration: ""
[0.978s] -- Execute custom install script
[0.978s] -- Up-to-date symlink: /home/youssef/fyp_ws/src/install/youbot_description/share/youbot_description/launch/gazebo.launch.py
[0.978s] -- Up-to-date symlink: /home/youssef/fyp_ws/src/install/youbot_description/share/youbot_description/launch/gazebo_urdf.launch.py
[0.979s] -- Up-to-date symlink: /home/youssef/fyp_ws/src/install/youbot_description/share/youbot_description/launch/rviz.launch.py
[0.979s] -- Up-to-date symlink: /home/youssef/fyp_ws/src/install/youbot_description/share/youbot_description/rviz/view.rviz
[0.981s] -- Up-to-date symlink: /home/youssef/fyp_ws/src/install/youbot_description/share/youbot_description/urdf/meshes/sensors/asus_xtion_pro_live_base.dae
[0.981s] -- Up-to-date symlink: /home/youssef/fyp_ws/src/install/youbot_description/share/youbot_description/urdf/meshes/sensors/asus_xtion_pro_live_base.png
[0.982s] -- Up-to-date symlink: /home/youssef/fyp_ws/src/install/youbot_description/share/youbot_description/urdf/meshes/sensors/asus_xtion_pro_live_camera.dae
[0.982s] -- Up-to-date symlink: /home/youssef/fyp_ws/src/install/youbot_description/share/youbot_description/urdf/meshes/sensors/asus_xtion_pro_live_camera.png
[0.982s] -- Up-to-date symlink: /home/youssef/fyp_ws/src/install/youbot_description/share/youbot_description/urdf/meshes/sensors/hokuyo.dae
[0.983s] -- Up-to-date symlink: /home/youssef/fyp_ws/src/install/youbot_description/share/youbot_description/urdf/meshes/sensors/hokuyo_convex.dae
[0.983s] -- Up-to-date symlink: /home/youssef/fyp_ws/src/install/youbot_description/share/youbot_description/urdf/meshes/sensors/kinect.dae
[0.984s] -- Up-to-date symlink: /home/youssef/fyp_ws/src/install/youbot_description/share/youbot_description/urdf/meshes/sensors/kinect.tga
[0.984s] -- Up-to-date symlink: /home/youssef/fyp_ws/src/install/youbot_description/share/youbot_description/urdf/meshes/sensors/microsoft_lifecam.dae
[0.984s] -- Up-to-date symlink: /home/youssef/fyp_ws/src/install/youbot_description/share/youbot_description/urdf/meshes/youbot_arm/arm0.dae
[0.984s] -- Up-to-date symlink: /home/youssef/fyp_ws/src/install/youbot_description/share/youbot_description/urdf/meshes/youbot_arm/arm0_convex.dae
[0.985s] -- Up-to-date symlink: /home/youssef/fyp_ws/src/install/youbot_description/share/youbot_description/urdf/meshes/youbot_arm/arm0_convex.stl
[0.985s] -- Up-to-date symlink: /home/youssef/fyp_ws/src/install/youbot_description/share/youbot_description/urdf/meshes/youbot_arm/arm0_convex.stl:Zone.Identifier
[0.985s] -- Up-to-date symlink: /home/youssef/fyp_ws/src/install/youbot_description/share/youbot_description/urdf/meshes/youbot_arm/arm1.dae
[0.985s] -- Up-to-date symlink: /home/youssef/fyp_ws/src/install/youbot_description/share/youbot_description/urdf/meshes/youbot_arm/arm1_convex.dae
[0.986s] -- Up-to-date symlink: /home/youssef/fyp_ws/src/install/youbot_description/share/youbot_description/urdf/meshes/youbot_arm/arm2.dae
[0.986s] -- Up-to-date symlink: /home/youssef/fyp_ws/src/install/youbot_description/share/youbot_description/urdf/meshes/youbot_arm/arm2_convex.dae
[0.986s] -- Up-to-date symlink: /home/youssef/fyp_ws/src/install/youbot_description/share/youbot_description/urdf/meshes/youbot_arm/arm2_convex.stl
[0.986s] -- Up-to-date symlink: /home/youssef/fyp_ws/src/install/youbot_description/share/youbot_description/urdf/meshes/youbot_arm/arm2_convex.stl:Zone.Identifier
[0.986s] -- Up-to-date symlink: /home/youssef/fyp_ws/src/install/youbot_description/share/youbot_description/urdf/meshes/youbot_arm/arm3.dae
[0.986s] -- Up-to-date symlink: /home/youssef/fyp_ws/src/install/youbot_description/share/youbot_description/urdf/meshes/youbot_arm/arm3_convex.dae
[0.987s] -- Up-to-date symlink: /home/youssef/fyp_ws/src/install/youbot_description/share/youbot_description/urdf/meshes/youbot_arm/arm4.dae
[0.987s] -- Up-to-date symlink: /home/youssef/fyp_ws/src/install/youbot_description/share/youbot_description/urdf/meshes/youbot_arm/arm4_convex.dae
[0.987s] -- Up-to-date symlink: /home/youssef/fyp_ws/src/install/youbot_description/share/youbot_description/urdf/meshes/youbot_arm/arm5.dae
[0.987s] -- Up-to-date symlink: /home/youssef/fyp_ws/src/install/youbot_description/share/youbot_description/urdf/meshes/youbot_arm/arm5_convex.dae
[0.988s] -- Up-to-date symlink: /home/youssef/fyp_ws/src/install/youbot_description/share/youbot_description/urdf/meshes/youbot_arm/arm_joint_1_convex.stl
[0.988s] -- Up-to-date symlink: /home/youssef/fyp_ws/src/install/youbot_description/share/youbot_description/urdf/meshes/youbot_arm/arm_joint_1_convex.stl:Zone.Identifier
[0.989s] -- Up-to-date symlink: /home/youssef/fyp_ws/src/install/youbot_description/share/youbot_description/urdf/meshes/youbot_arm/arm_joint_2_convex.stl
[0.989s] -- Up-to-date symlink: /home/youssef/fyp_ws/src/install/youbot_description/share/youbot_description/urdf/meshes/youbot_arm/arm_joint_2_convex.stl:Zone.Identifier
[0.989s] -- Up-to-date symlink: /home/youssef/fyp_ws/src/install/youbot_description/share/youbot_description/urdf/meshes/youbot_arm/arm_joint_3_convex.stl
[0.990s] -- Up-to-date symlink: /home/youssef/fyp_ws/src/install/youbot_description/share/youbot_description/urdf/meshes/youbot_arm/arm_joint_3_convex.stl:Zone.Identifier
[0.990s] -- Up-to-date symlink: /home/youssef/fyp_ws/src/install/youbot_description/share/youbot_description/urdf/meshes/youbot_arm/arm_joint_4_convex.stl
[0.990s] -- Up-to-date symlink: /home/youssef/fyp_ws/src/install/youbot_description/share/youbot_description/urdf/meshes/youbot_arm/arm_joint_4_convex.stl:Zone.Identifier
[0.991s] -- Up-to-date symlink: /home/youssef/fyp_ws/src/install/youbot_description/share/youbot_description/urdf/meshes/youbot_arm/arm_joint_5_convex.stl
[0.991s] -- Up-to-date symlink: /home/youssef/fyp_ws/src/install/youbot_description/share/youbot_description/urdf/meshes/youbot_arm/arm_joint_5_convex.stl:Zone.Identifier
[0.991s] -- Up-to-date symlink: /home/youssef/fyp_ws/src/install/youbot_description/share/youbot_description/urdf/meshes/youbot_base/back-left_wheel.dae
[0.991s] -- Up-to-date symlink: /home/youssef/fyp_ws/src/install/youbot_description/share/youbot_description/urdf/meshes/youbot_base/back-left_wheel.dae:Zone.Identifier
[0.992s] -- Up-to-date symlink: /home/youssef/fyp_ws/src/install/youbot_description/share/youbot_description/urdf/meshes/youbot_base/back-right_wheel.dae
[0.992s] -- Up-to-date symlink: /home/youssef/fyp_ws/src/install/youbot_description/share/youbot_description/urdf/meshes/youbot_base/back-right_wheel.dae:Zone.Identifier
[0.992s] -- Up-to-date symlink: /home/youssef/fyp_ws/src/install/youbot_description/share/youbot_description/urdf/meshes/youbot_base/base.dae
[0.992s] -- Up-to-date symlink: /home/youssef/fyp_ws/src/install/youbot_description/share/youbot_description/urdf/meshes/youbot_base/base_convex.dae
[0.992s] -- Up-to-date symlink: /home/youssef/fyp_ws/src/install/youbot_description/share/youbot_description/urdf/meshes/youbot_base/base_convex.stl
[0.993s] -- Up-to-date symlink: /home/youssef/fyp_ws/src/install/youbot_description/share/youbot_description/urdf/meshes/youbot_base/base_convex.stl:Zone.Identifier
[0.994s] -- Up-to-date symlink: /home/youssef/fyp_ws/src/install/youbot_description/share/youbot_description/urdf/meshes/youbot_base/base_frame.dae
[0.994s] -- Up-to-date symlink: /home/youssef/fyp_ws/src/install/youbot_description/share/youbot_description/urdf/meshes/youbot_base/base_frame.dae:Zone.Identifier
[0.994s] -- Up-to-date symlink: /home/youssef/fyp_ws/src/install/youbot_description/share/youbot_description/urdf/meshes/youbot_base/front-left_wheel.dae
[0.994s] -- Up-to-date symlink: /home/youssef/fyp_ws/src/install/youbot_description/share/youbot_description/urdf/meshes/youbot_base/front-left_wheel.dae:Zone.Identifier
[0.994s] -- Up-to-date symlink: /home/youssef/fyp_ws/src/install/youbot_description/share/youbot_description/urdf/meshes/youbot_base/front-right_wheel.dae
[0.994s] -- Up-to-date symlink: /home/youssef/fyp_ws/src/install/youbot_description/share/youbot_description/urdf/meshes/youbot_base/front-right_wheel.dae:Zone.Identifier
[0.995s] -- Up-to-date symlink: /home/youssef/fyp_ws/src/install/youbot_description/share/youbot_description/urdf/meshes/youbot_gripper/finger.dae
[0.995s] -- Up-to-date symlink: /home/youssef/fyp_ws/src/install/youbot_description/share/youbot_description/urdf/meshes/youbot_gripper/finger_convex.dae
[0.995s] -- Up-to-date symlink: /home/youssef/fyp_ws/src/install/youbot_description/share/youbot_description/urdf/meshes/youbot_gripper/gripper.urdf.xacro
[0.995s] -- Up-to-date symlink: /home/youssef/fyp_ws/src/install/youbot_description/share/youbot_description/urdf/meshes/youbot_gripper/palm.dae
[0.995s] -- Up-to-date symlink: /home/youssef/fyp_ws/src/install/youbot_description/share/youbot_description/urdf/meshes/youbot_gripper/palm_convex.dae
[0.995s] -- Up-to-date symlink: /home/youssef/fyp_ws/src/install/youbot_description/share/youbot_description/urdf/meshes/youbot_plate/plate.dae
[0.996s] -- Up-to-date symlink: /home/youssef/fyp_ws/src/install/youbot_description/share/youbot_description/urdf/meshes/youbot_plate/plate_convex.dae
[0.996s] -- Up-to-date symlink: /home/youssef/fyp_ws/src/install/youbot_description/share/youbot_description/urdf/youbot.gv
[0.997s] -- Up-to-date symlink: /home/youssef/fyp_ws/src/install/youbot_description/share/youbot_description/urdf/youbot.pdf
[0.997s] -- Up-to-date symlink: /home/youssef/fyp_ws/src/install/youbot_description/share/youbot_description/urdf/youbot.urdf
[0.998s] -- Up-to-date symlink: /home/youssef/fyp_ws/src/install/youbot_description/share/youbot_description/urdf/youbot_dae.urdf.backup
[0.998s] -- Up-to-date symlink: /home/youssef/fyp_ws/src/install/youbot_description/share/youbot_description/urdf/youbot_mujoco.urdf
[0.998s] -- Up-to-date symlink: /home/youssef/fyp_ws/src/install/youbot_description/share/youbot_description/robots/youbot.urdf.xacro
[0.998s] -- Up-to-date symlink: /home/youssef/fyp_ws/src/install/youbot_description/share/youbot_description/robots/youbot_arm_only.urdf.xacro
[0.999s] -- Up-to-date symlink: /home/youssef/fyp_ws/src/install/youbot_description/share/youbot_description/robots/youbot_base_only.urdf.xacro
[0.999s] -- Up-to-date symlink: /home/youssef/fyp_ws/src/install/youbot_description/share/youbot_description/robots/youbot_dual_arm.urdf.xacro
[0.999s] -- Up-to-date symlink: /home/youssef/fyp_ws/src/install/youbot_description/share/youbot_description/controller/ros_controller.urdf.xacro
[1.001s] -- Up-to-date symlink: /home/youssef/fyp_ws/src/install/youbot_description/share/youbot_description/meshes/sensors/asus_xtion_pro_live_base.dae
[1.001s] -- Up-to-date symlink: /home/youssef/fyp_ws/src/install/youbot_description/share/youbot_description/meshes/sensors/asus_xtion_pro_live_base.png
[1.001s] -- Up-to-date symlink: /home/youssef/fyp_ws/src/install/youbot_description/share/youbot_description/meshes/sensors/asus_xtion_pro_live_base.stl
[1.003s] -- Up-to-date symlink: /home/youssef/fyp_ws/src/install/youbot_description/share/youbot_description/meshes/sensors/asus_xtion_pro_live_camera.dae
[1.003s] -- Up-to-date symlink: /home/youssef/fyp_ws/src/install/youbot_description/share/youbot_description/meshes/sensors/asus_xtion_pro_live_camera.png
[1.003s] -- Up-to-date symlink: /home/youssef/fyp_ws/src/install/youbot_description/share/youbot_description/meshes/sensors/asus_xtion_pro_live_camera.stl
[1.003s] -- Up-to-date symlink: /home/youssef/fyp_ws/src/install/youbot_description/share/youbot_description/meshes/sensors/hokuyo.dae
[1.004s] -- Up-to-date symlink: /home/youssef/fyp_ws/src/install/youbot_description/share/youbot_description/meshes/sensors/hokuyo.stl
[1.004s] -- Up-to-date symlink: /home/youssef/fyp_ws/src/install/youbot_description/share/youbot_description/meshes/sensors/hokuyo_convex.dae
[1.004s] -- Up-to-date symlink: /home/youssef/fyp_ws/src/install/youbot_description/share/youbot_description/meshes/sensors/hokuyo_convex.stl
[1.004s] -- Up-to-date symlink: /home/youssef/fyp_ws/src/install/youbot_description/share/youbot_description/meshes/sensors/kinect.dae
[1.005s] -- Up-to-date symlink: /home/youssef/fyp_ws/src/install/youbot_description/share/youbot_description/meshes/sensors/kinect.stl
[1.005s] -- Up-to-date symlink: /home/youssef/fyp_ws/src/install/youbot_description/share/youbot_description/meshes/sensors/kinect.tga
[1.005s] -- Up-to-date symlink: /home/youssef/fyp_ws/src/install/youbot_description/share/youbot_description/meshes/sensors/microsoft_lifecam.dae
[1.005s] -- Up-to-date symlink: /home/youssef/fyp_ws/src/install/youbot_description/share/youbot_description/meshes/sensors/microsoft_lifecam.stl
[1.005s] -- Up-to-date symlink: /home/youssef/fyp_ws/src/install/youbot_description/share/youbot_description/meshes/youbot_arm/arm0.dae
[1.006s] -- Up-to-date symlink: /home/youssef/fyp_ws/src/install/youbot_description/share/youbot_description/meshes/youbot_arm/arm0.stl
[1.006s] -- Up-to-date symlink: /home/youssef/fyp_ws/src/install/youbot_description/share/youbot_description/meshes/youbot_arm/arm0_convex.dae
[1.006s] -- Up-to-date symlink: /home/youssef/fyp_ws/src/install/youbot_description/share/youbot_description/meshes/youbot_arm/arm0_convex.stl
[1.006s] -- Up-to-date symlink: /home/youssef/fyp_ws/src/install/youbot_description/share/youbot_description/meshes/youbot_arm/arm1.dae
[1.006s] -- Up-to-date symlink: /home/youssef/fyp_ws/src/install/youbot_description/share/youbot_description/meshes/youbot_arm/arm1.stl
[1.006s] -- Up-to-date symlink: /home/youssef/fyp_ws/src/install/youbot_description/share/youbot_description/meshes/youbot_arm/arm1_convex.dae
[1.006s] -- Up-to-date symlink: /home/youssef/fyp_ws/src/install/youbot_description/share/youbot_description/meshes/youbot_arm/arm1_convex.stl
[1.007s] -- Up-to-date symlink: /home/youssef/fyp_ws/src/install/youbot_description/share/youbot_description/meshes/youbot_arm/arm2.dae
[1.007s] -- Up-to-date symlink: /home/youssef/fyp_ws/src/install/youbot_description/share/youbot_description/meshes/youbot_arm/arm2.stl
[1.007s] -- Up-to-date symlink: /home/youssef/fyp_ws/src/install/youbot_description/share/youbot_description/meshes/youbot_arm/arm2_convex.dae
[1.007s] -- Up-to-date symlink: /home/youssef/fyp_ws/src/install/youbot_description/share/youbot_description/meshes/youbot_arm/arm2_convex.stl
[1.008s] -- Up-to-date symlink: /home/youssef/fyp_ws/src/install/youbot_description/share/youbot_description/meshes/youbot_arm/arm3.dae
[1.008s] -- Up-to-date symlink: /home/youssef/fyp_ws/src/install/youbot_description/share/youbot_description/meshes/youbot_arm/arm3.stl
[1.008s] -- Up-to-date symlink: /home/youssef/fyp_ws/src/install/youbot_description/share/youbot_description/meshes/youbot_arm/arm3_convex.dae
[1.008s] -- Up-to-date symlink: /home/youssef/fyp_ws/src/install/youbot_description/share/youbot_description/meshes/youbot_arm/arm3_convex.stl
[1.008s] -- Up-to-date symlink: /home/youssef/fyp_ws/src/install/youbot_description/share/youbot_description/meshes/youbot_arm/arm4.dae
[1.009s] -- Up-to-date symlink: /home/youssef/fyp_ws/src/install/youbot_description/share/youbot_description/meshes/youbot_arm/arm4.stl
[1.009s] -- Up-to-date symlink: /home/youssef/fyp_ws/src/install/youbot_description/share/youbot_description/meshes/youbot_arm/arm4_convex.dae
[1.009s] -- Up-to-date symlink: /home/youssef/fyp_ws/src/install/youbot_description/share/youbot_description/meshes/youbot_arm/arm4_convex.stl
[1.009s] -- Up-to-date symlink: /home/youssef/fyp_ws/src/install/youbot_description/share/youbot_description/meshes/youbot_arm/arm5.dae
[1.009s] -- Up-to-date symlink: /home/youssef/fyp_ws/src/install/youbot_description/share/youbot_description/meshes/youbot_arm/arm5.stl
[1.009s] -- Up-to-date symlink: /home/youssef/fyp_ws/src/install/youbot_description/share/youbot_description/meshes/youbot_arm/arm5_convex.dae
[1.010s] -- Up-to-date symlink: /home/youssef/fyp_ws/src/install/youbot_description/share/youbot_description/meshes/youbot_arm/arm5_convex.stl
[1.010s] -- Up-to-date symlink: /home/youssef/fyp_ws/src/install/youbot_description/share/youbot_description/meshes/youbot_arm/arm_joint_1_convex.stl
[1.014s] -- Up-to-date symlink: /home/youssef/fyp_ws/src/install/youbot_description/share/youbot_description/meshes/youbot_arm/arm_joint_2_convex.stl
[1.014s] -- Up-to-date symlink: /home/youssef/fyp_ws/src/install/youbot_description/share/youbot_description/meshes/youbot_arm/arm_joint_3_convex.stl
[1.014s] -- Up-to-date symlink: /home/youssef/fyp_ws/src/install/youbot_description/share/youbot_description/meshes/youbot_arm/arm_joint_4_convex.stl
[1.014s] -- Up-to-date symlink: /home/youssef/fyp_ws/src/install/youbot_description/share/youbot_description/meshes/youbot_arm/arm_joint_5_convex.stl
[1.014s] -- Up-to-date symlink: /home/youssef/fyp_ws/src/install/youbot_description/share/youbot_description/meshes/youbot_base/back-left_wheel.dae
[1.015s] -- Up-to-date symlink: /home/youssef/fyp_ws/src/install/youbot_description/share/youbot_description/meshes/youbot_base/back-left_wheel.dae:Zone.Identifier
[1.015s] -- Up-to-date symlink: /home/youssef/fyp_ws/src/install/youbot_description/share/youbot_description/meshes/youbot_base/back-left_wheel.stl
[1.015s] -- Up-to-date symlink: /home/youssef/fyp_ws/src/install/youbot_description/share/youbot_description/meshes/youbot_base/back-right_wheel.dae
[1.015s] -- Up-to-date symlink: /home/youssef/fyp_ws/src/install/youbot_description/share/youbot_description/meshes/youbot_base/back-right_wheel.dae:Zone.Identifier
[1.015s] -- Up-to-date symlink: /home/youssef/fyp_ws/src/install/youbot_description/share/youbot_description/meshes/youbot_base/back-right_wheel.stl
[1.015s] -- Up-to-date symlink: /home/youssef/fyp_ws/src/install/youbot_description/share/youbot_description/meshes/youbot_base/base.dae
[1.016s] -- Up-to-date symlink: /home/youssef/fyp_ws/src/install/youbot_description/share/youbot_description/meshes/youbot_base/base.stl
[1.016s] -- Up-to-date symlink: /home/youssef/fyp_ws/src/install/youbot_description/share/youbot_description/meshes/youbot_base/base_convex.dae
[1.016s] -- Up-to-date symlink: /home/youssef/fyp_ws/src/install/youbot_description/share/youbot_description/meshes/youbot_base/base_convex.stl
[1.016s] -- Up-to-date symlink: /home/youssef/fyp_ws/src/install/youbot_description/share/youbot_description/meshes/youbot_base/base_convex.stl:Zone.Identifier
[1.016s] -- Up-to-date symlink: /home/youssef/fyp_ws/src/install/youbot_description/share/youbot_description/meshes/youbot_base/base_frame.dae
[1.016s] -- Up-to-date symlink: /home/youssef/fyp_ws/src/install/youbot_description/share/youbot_description/meshes/youbot_base/base_frame.dae:Zone.Identifier
[1.016s] -- Up-to-date symlink: /home/youssef/fyp_ws/src/install/youbot_description/share/youbot_description/meshes/youbot_base/base_frame.stl
[1.017s] -- Up-to-date symlink: /home/youssef/fyp_ws/src/install/youbot_description/share/youbot_description/meshes/youbot_base/front-left_wheel.dae
[1.017s] -- Up-to-date symlink: /home/youssef/fyp_ws/src/install/youbot_description/share/youbot_description/meshes/youbot_base/front-left_wheel.dae:Zone.Identifier
[1.017s] -- Up-to-date symlink: /home/youssef/fyp_ws/src/install/youbot_description/share/youbot_description/meshes/youbot_base/front-left_wheel.stl
[1.017s] -- Up-to-date symlink: /home/youssef/fyp_ws/src/install/youbot_description/share/youbot_description/meshes/youbot_base/front-right_wheel.dae
[1.017s] -- Up-to-date symlink: /home/youssef/fyp_ws/src/install/youbot_description/share/youbot_description/meshes/youbot_base/front-right_wheel.dae:Zone.Identifier
[1.017s] -- Up-to-date symlink: /home/youssef/fyp_ws/src/install/youbot_description/share/youbot_description/meshes/youbot_base/front-right_wheel.stl
[1.018s] -- Up-to-date symlink: /home/youssef/fyp_ws/src/install/youbot_description/share/youbot_description/meshes/youbot_gripper/finger.dae
[1.018s] -- Up-to-date symlink: /home/youssef/fyp_ws/src/install/youbot_description/share/youbot_description/meshes/youbot_gripper/finger.stl
[1.018s] -- Up-to-date symlink: /home/youssef/fyp_ws/src/install/youbot_description/share/youbot_description/meshes/youbot_gripper/finger_convex.dae
[1.018s] -- Up-to-date symlink: /home/youssef/fyp_ws/src/install/youbot_description/share/youbot_description/meshes/youbot_gripper/finger_convex.stl
[1.018s] -- Up-to-date symlink: /home/youssef/fyp_ws/src/install/youbot_description/share/youbot_description/meshes/youbot_gripper/palm.dae
[1.018s] -- Up-to-date symlink: /home/youssef/fyp_ws/src/install/youbot_description/share/youbot_description/meshes/youbot_gripper/palm.stl
[1.018s] -- Up-to-date symlink: /home/youssef/fyp_ws/src/install/youbot_description/share/youbot_description/meshes/youbot_gripper/palm_convex.dae
[1.018s] -- Up-to-date symlink: /home/youssef/fyp_ws/src/install/youbot_description/share/youbot_description/meshes/youbot_gripper/palm_convex.stl
[1.019s] -- Up-to-date symlink: /home/youssef/fyp_ws/src/install/youbot_description/share/youbot_description/meshes/youbot_plate/plate.dae
[1.019s] -- Up-to-date symlink: /home/youssef/fyp_ws/src/install/youbot_description/share/youbot_description/meshes/youbot_plate/plate.stl
[1.019s] -- Up-to-date symlink: /home/youssef/fyp_ws/src/install/youbot_description/share/youbot_description/meshes/youbot_plate/plate_convex.dae
[1.019s] -- Up-to-date symlink: /home/youssef/fyp_ws/src/install/youbot_description/share/youbot_description/meshes/youbot_plate/plate_convex.stl
[1.019s] -- Up-to-date symlink: /home/youssef/fyp_ws/src/install/youbot_description/share/youbot_description/config/my_controllers.yaml
[1.020s] -- Up-to-date symlink: /home/youssef/fyp_ws/src/install/youbot_description/share/youbot_description/config/youbot.yaml
[1.020s] -- Up-to-date symlink: /home/youssef/fyp_ws/src/install/youbot_description/share/youbot_description/sdf/Youbot/materials/gazebo.material
[1.020s] -- Up-to-date symlink: /home/youssef/fyp_ws/src/install/youbot_description/share/youbot_description/sdf/Youbot/materials/scripts/mailbox.material
[1.021s] -- Up-to-date symlink: /home/youssef/fyp_ws/src/install/youbot_description/share/youbot_description/sdf/Youbot/meshes/sensors/asus_xtion_pro_live_base.dae
[1.021s] -- Up-to-date symlink: /home/youssef/fyp_ws/src/install/youbot_description/share/youbot_description/sdf/Youbot/meshes/sensors/asus_xtion_pro_live_base.png
[1.021s] -- Up-to-date symlink: /home/youssef/fyp_ws/src/install/youbot_description/share/youbot_description/sdf/Youbot/meshes/sensors/asus_xtion_pro_live_camera.dae
[1.022s] -- Up-to-date symlink: /home/youssef/fyp_ws/src/install/youbot_description/share/youbot_description/sdf/Youbot/meshes/sensors/asus_xtion_pro_live_camera.png
[1.022s] -- Up-to-date symlink: /home/youssef/fyp_ws/src/install/youbot_description/share/youbot_description/sdf/Youbot/meshes/sensors/hokuyo.dae
[1.022s] -- Up-to-date symlink: /home/youssef/fyp_ws/src/install/youbot_description/share/youbot_description/sdf/Youbot/meshes/sensors/hokuyo_convex.dae
[1.023s] -- Up-to-date symlink: /home/youssef/fyp_ws/src/install/youbot_description/share/youbot_description/sdf/Youbot/meshes/sensors/kinect.dae
[1.024s] -- Up-to-date symlink: /home/youssef/fyp_ws/src/install/youbot_description/share/youbot_description/sdf/Youbot/meshes/sensors/kinect.tga
[1.024s] -- Up-to-date symlink: /home/youssef/fyp_ws/src/install/youbot_description/share/youbot_description/sdf/Youbot/meshes/sensors/microsoft_lifecam.dae
[1.024s] -- Up-to-date symlink: /home/youssef/fyp_ws/src/install/youbot_description/share/youbot_description/sdf/Youbot/meshes/youbot_arm/arm0.dae
[1.025s] -- Up-to-date symlink: /home/youssef/fyp_ws/src/install/youbot_description/share/youbot_description/sdf/Youbot/meshes/youbot_arm/arm0_convex.dae
[1.025s] -- Up-to-date symlink: /home/youssef/fyp_ws/src/install/youbot_description/share/youbot_description/sdf/Youbot/meshes/youbot_arm/arm1.dae
[1.025s] -- Up-to-date symlink: /home/youssef/fyp_ws/src/install/youbot_description/share/youbot_description/sdf/Youbot/meshes/youbot_arm/arm1_convex.dae
[1.026s] -- Up-to-date symlink: /home/youssef/fyp_ws/src/install/youbot_description/share/youbot_description/sdf/Youbot/meshes/youbot_arm/arm2.dae
[1.026s] -- Up-to-date symlink: /home/youssef/fyp_ws/src/install/youbot_description/share/youbot_description/sdf/Youbot/meshes/youbot_arm/arm2_convex.dae
[1.026s] -- Up-to-date symlink: /home/youssef/fyp_ws/src/install/youbot_description/share/youbot_description/sdf/Youbot/meshes/youbot_arm/arm3.dae
[1.026s] -- Up-to-date symlink: /home/youssef/fyp_ws/src/install/youbot_description/share/youbot_description/sdf/Youbot/meshes/youbot_arm/arm3_convex.dae
[1.028s] -- Up-to-date symlink: /home/youssef/fyp_ws/src/install/youbot_description/share/youbot_description/sdf/Youbot/meshes/youbot_arm/arm4.dae
[1.028s] -- Up-to-date symlink: /home/youssef/fyp_ws/src/install/youbot_description/share/youbot_description/sdf/Youbot/meshes/youbot_arm/arm4_convex.dae
[1.028s] -- Up-to-date symlink: /home/youssef/fyp_ws/src/install/youbot_description/share/youbot_description/sdf/Youbot/meshes/youbot_arm/arm5.dae
[1.028s] -- Up-to-date symlink: /home/youssef/fyp_ws/src/install/youbot_description/share/youbot_description/sdf/Youbot/meshes/youbot_arm/arm5_convex.dae
[1.029s] -- Up-to-date symlink: /home/youssef/fyp_ws/src/install/youbot_description/share/youbot_description/sdf/Youbot/meshes/youbot_base/base.dae
[1.029s] -- Up-to-date symlink: /home/youssef/fyp_ws/src/install/youbot_description/share/youbot_description/sdf/Youbot/meshes/youbot_base/base_convex.dae
[1.029s] -- Up-to-date symlink: /home/youssef/fyp_ws/src/install/youbot_description/share/youbot_description/sdf/Youbot/meshes/youbot_gripper/finger.dae
[1.029s] -- Up-to-date symlink: /home/youssef/fyp_ws/src/install/youbot_description/share/youbot_description/sdf/Youbot/meshes/youbot_gripper/finger_convex.dae
[1.029s] -- Up-to-date symlink: /home/youssef/fyp_ws/src/install/youbot_description/share/youbot_description/sdf/Youbot/meshes/youbot_gripper/palm.dae
[1.029s] -- Up-to-date symlink: /home/youssef/fyp_ws/src/install/youbot_description/share/youbot_description/sdf/Youbot/meshes/youbot_gripper/palm_convex.dae
[1.031s] -- Up-to-date symlink: /home/youssef/fyp_ws/src/install/youbot_description/share/youbot_description/sdf/Youbot/meshes/youbot_plate/plate.dae
[1.031s] -- Up-to-date symlink: /home/youssef/fyp_ws/src/install/youbot_description/share/youbot_description/sdf/Youbot/meshes/youbot_plate/plate_convex.dae
[1.031s] -- Up-to-date symlink: /home/youssef/fyp_ws/src/install/youbot_description/share/youbot_description/sdf/Youbot/model.config
[1.031s] -- Up-to-date symlink: /home/youssef/fyp_ws/src/install/youbot_description/share/youbot_description/sdf/Youbot/model.sdf
[1.031s] -- Up-to-date symlink: /home/youssef/fyp_ws/src/install/youbot_description/share/youbot_description/sdf/Youbot/model_dae.sdf.backup
[1.032s] -- Up-to-date symlink: /home/youssef/fyp_ws/src/install/youbot_description/share/youbot_description/sdf/empty_world.sdf
[1.032s] -- Up-to-date symlink: /home/youssef/fyp_ws/src/install/youbot_description/share/youbot_description/sdf/world.sdf
[1.032s] -- Up-to-date symlink: /home/youssef/fyp_ws/src/install/youbot_description/share/youbot_description/mujoco/README.md
[1.032s] -- Up-to-date symlink: /home/youssef/fyp_ws/src/install/youbot_description/share/youbot_description/mujoco/convert.py
[1.032s] -- Up-to-date symlink: /home/youssef/fyp_ws/src/install/youbot_description/share/youbot_description/mujoco/convert_meshes.py
[1.032s] -- Up-to-date symlink: /home/youssef/fyp_ws/src/install/youbot_description/share/youbot_description/mujoco/screenshot.png
[1.033s] -- Up-to-date symlink: /home/youssef/fyp_ws/src/install/youbot_description/share/youbot_description/mujoco/view_mujoco.py
[1.033s] -- Up-to-date symlink: /home/youssef/fyp_ws/src/install/youbot_description/share/youbot_description/mujoco/youbot.xml
[1.033s] -- Up-to-date symlink: /home/youssef/fyp_ws/src/install/youbot_description/share/youbot_description/mujoco/youbot_temp.urdf
[1.033s] -- Up-to-date symlink: /home/youssef/fyp_ws/src/install/youbot_description/share/ament_index/resource_index/package_run_dependencies/youbot_description
[1.033s] -- Up-to-date symlink: /home/youssef/fyp_ws/src/install/youbot_description/share/ament_index/resource_index/parent_prefix_path/youbot_description
[1.034s] -- Up-to-date symlink: /home/youssef/fyp_ws/src/install/youbot_description/share/youbot_description/environment/ament_prefix_path.sh
[1.034s] -- Up-to-date symlink: /home/youssef/fyp_ws/src/install/youbot_description/share/youbot_description/environment/ament_prefix_path.dsv
[1.034s] -- Up-to-date symlink: /home/youssef/fyp_ws/src/install/youbot_description/share/youbot_description/environment/path.sh
[1.034s] -- Up-to-date symlink: /home/youssef/fyp_ws/src/install/youbot_description/share/youbot_description/environment/path.dsv
[1.034s] -- Up-to-date symlink: /home/youssef/fyp_ws/src/install/youbot_description/share/youbot_description/local_setup.bash
[1.035s] -- Up-to-date symlink: /home/youssef/fyp_ws/src/install/youbot_description/share/youbot_description/local_setup.sh
[1.035s] -- Up-to-date symlink: /home/youssef/fyp_ws/src/install/youbot_description/share/youbot_description/local_setup.zsh
[1.036s] -- Up-to-date symlink: /home/youssef/fyp_ws/src/install/youbot_description/share/youbot_description/local_setup.dsv
[1.036s] -- Symlinking: /home/youssef/fyp_ws/src/install/youbot_description/share/youbot_description/package.dsv
[1.053s] -- Up-to-date symlink: /home/youssef/fyp_ws/src/install/youbot_description/share/ament_index/resource_index/packages/youbot_description
[1.053s] -- Up-to-date symlink: /home/youssef/fyp_ws/src/install/youbot_description/share/youbot_description/cmake/youbot_descriptionConfig.cmake
[1.053s] -- Up-to-date symlink: /home/youssef/fyp_ws/src/install/youbot_description/share/youbot_description/cmake/youbot_descriptionConfig-version.cmake
[1.053s] -- Up-to-date symlink: /home/youssef/fyp_ws/src/install/youbot_description/share/youbot_description/package.xml
[1.062s] Invoked command in '/home/youssef/fyp_ws/src/build/youbot_description' returned '0': CMAKE_PREFIX_PATH=${CMAKE_PREFIX_PATH}:/home/youssef/ros2_ws/install/py_srvcli:/home/youssef/ros2_ws/install/py_srv:/home/youssef/ros2_ws/install/py_pubsub:/home/youssef/ros2_ws/install/pubsub:/home/youssef/ros2_ws/install/line_follower:/home/youssef/ros2_ws/install/fake_sensors:/home/youssef/ros2_ws/install/fake:/home/youssef/ros2_ws/install/actions_py:/home/youssef/turtlebot3_ws/install/turtlebot3_teleop:/home/youssef/turtlebot3_ws/install/turtlebot3_example:/home/youssef/install/fake_sensors:/opt/ros/humble /usr/bin/cmake --install /home/youssef/fyp_ws/src/build/youbot_description
