[0.085s] Invoking command in '/home/youssef/fyp_ws/src/build/youbot_description': CMAKE_PREFIX_PATH=${CMAKE_PREFIX_PATH}:/home/youssef/ros2_ws/install/py_srvcli:/home/youssef/ros2_ws/install/py_srv:/home/youssef/ros2_ws/install/py_pubsub:/home/youssef/ros2_ws/install/pubsub:/home/youssef/ros2_ws/install/line_follower:/home/youssef/ros2_ws/install/fake_sensors:/home/youssef/ros2_ws/install/fake:/home/youssef/ros2_ws/install/actions_py:/home/youssef/turtlebot3_ws/install/turtlebot3_teleop:/home/youssef/turtlebot3_ws/install/turtlebot3_example:/home/youssef/install/fake_sensors:/opt/ros/humble /usr/bin/cmake /home/youssef/fyp_ws/src/youbot_description -DAMENT_CMAKE_SYMLINK_INSTALL=1 -DCMAKE_INSTALL_PREFIX=/home/youssef/fyp_ws/src/install/youbot_description
[0.178s] -- Found ament_cmake: 1.3.12 (/opt/ros/humble/share/ament_cmake/cmake)
[0.522s] -- Override CMake install command with custom implementation using symlinks instead of copying resources
[0.564s] -- Found urdf: 2.6.1 (/opt/ros/humble/share/urdf/cmake)
[0.921s] -- Configuring done
[0.943s] -- Generating done
[0.946s] -- Build files have been written to: /home/youssef/fyp_ws/src/build/youbot_description
[0.957s] Invoked command in '/home/youssef/fyp_ws/src/build/youbot_description' returned '0': CMAKE_PREFIX_PATH=${CMAKE_PREFIX_PATH}:/home/youssef/ros2_ws/install/py_srvcli:/home/youssef/ros2_ws/install/py_srv:/home/youssef/ros2_ws/install/py_pubsub:/home/youssef/ros2_ws/install/pubsub:/home/youssef/ros2_ws/install/line_follower:/home/youssef/ros2_ws/install/fake_sensors:/home/youssef/ros2_ws/install/fake:/home/youssef/ros2_ws/install/actions_py:/home/youssef/turtlebot3_ws/install/turtlebot3_teleop:/home/youssef/turtlebot3_ws/install/turtlebot3_example:/home/youssef/install/fake_sensors:/opt/ros/humble /usr/bin/cmake /home/youssef/fyp_ws/src/youbot_description -DAMENT_CMAKE_SYMLINK_INSTALL=1 -DCMAKE_INSTALL_PREFIX=/home/youssef/fyp_ws/src/install/youbot_description
[0.961s] Invoking command in '/home/youssef/fyp_ws/src/build/youbot_description': CMAKE_PREFIX_PATH=${CMAKE_PREFIX_PATH}:/home/youssef/ros2_ws/install/py_srvcli:/home/youssef/ros2_ws/install/py_srv:/home/youssef/ros2_ws/install/py_pubsub:/home/youssef/ros2_ws/install/pubsub:/home/youssef/ros2_ws/install/line_follower:/home/youssef/ros2_ws/install/fake_sensors:/home/youssef/ros2_ws/install/fake:/home/youssef/ros2_ws/install/actions_py:/home/youssef/turtlebot3_ws/install/turtlebot3_teleop:/home/youssef/turtlebot3_ws/install/turtlebot3_example:/home/youssef/install/fake_sensors:/opt/ros/humble /usr/bin/cmake --build /home/youssef/fyp_ws/src/build/youbot_description -- -j8 -l8
[1.063s] Invoked command in '/home/youssef/fyp_ws/src/build/youbot_description' returned '0': CMAKE_PREFIX_PATH=${CMAKE_PREFIX_PATH}:/home/youssef/ros2_ws/install/py_srvcli:/home/youssef/ros2_ws/install/py_srv:/home/youssef/ros2_ws/install/py_pubsub:/home/youssef/ros2_ws/install/pubsub:/home/youssef/ros2_ws/install/line_follower:/home/youssef/ros2_ws/install/fake_sensors:/home/youssef/ros2_ws/install/fake:/home/youssef/ros2_ws/install/actions_py:/home/youssef/turtlebot3_ws/install/turtlebot3_teleop:/home/youssef/turtlebot3_ws/install/turtlebot3_example:/home/youssef/install/fake_sensors:/opt/ros/humble /usr/bin/cmake --build /home/youssef/fyp_ws/src/build/youbot_description -- -j8 -l8
[1.087s] Invoking command in '/home/youssef/fyp_ws/src/build/youbot_description': CMAKE_PREFIX_PATH=${CMAKE_PREFIX_PATH}:/home/youssef/ros2_ws/install/py_srvcli:/home/youssef/ros2_ws/install/py_srv:/home/youssef/ros2_ws/install/py_pubsub:/home/youssef/ros2_ws/install/pubsub:/home/youssef/ros2_ws/install/line_follower:/home/youssef/ros2_ws/install/fake_sensors:/home/youssef/ros2_ws/install/fake:/home/youssef/ros2_ws/install/actions_py:/home/youssef/turtlebot3_ws/install/turtlebot3_teleop:/home/youssef/turtlebot3_ws/install/turtlebot3_example:/home/youssef/install/fake_sensors:/opt/ros/humble /usr/bin/cmake --install /home/youssef/fyp_ws/src/build/youbot_description
[1.110s] -- Install configuration: ""
[1.111s] -- Execute custom install script
[1.112s] -- Up-to-date symlink: /home/youssef/fyp_ws/src/install/youbot_description/share/youbot_description/launch/gazebo.launch.py
[1.113s] -- Up-to-date symlink: /home/youssef/fyp_ws/src/install/youbot_description/share/youbot_description/launch/gazebo_urdf.launch.py
[1.113s] -- Up-to-date symlink: /home/youssef/fyp_ws/src/install/youbot_description/share/youbot_description/launch/rviz.launch.py
[1.113s] -- Up-to-date symlink: /home/youssef/fyp_ws/src/install/youbot_description/share/youbot_description/rviz/view.rviz
[1.116s] -- Up-to-date symlink: /home/youssef/fyp_ws/src/install/youbot_description/share/youbot_description/urdf/meshes/sensors/asus_xtion_pro_live_base.dae
[1.116s] -- Up-to-date symlink: /home/youssef/fyp_ws/src/install/youbot_description/share/youbot_description/urdf/meshes/sensors/asus_xtion_pro_live_base.png
[1.116s] -- Up-to-date symlink: /home/youssef/fyp_ws/src/install/youbot_description/share/youbot_description/urdf/meshes/sensors/asus_xtion_pro_live_camera.dae
[1.116s] -- Up-to-date symlink: /home/youssef/fyp_ws/src/install/youbot_description/share/youbot_description/urdf/meshes/sensors/asus_xtion_pro_live_camera.png
[1.117s] -- Up-to-date symlink: /home/youssef/fyp_ws/src/install/youbot_description/share/youbot_description/urdf/meshes/sensors/hokuyo.dae
[1.117s] -- Up-to-date symlink: /home/youssef/fyp_ws/src/install/youbot_description/share/youbot_description/urdf/meshes/sensors/hokuyo_convex.dae
[1.117s] -- Up-to-date symlink: /home/youssef/fyp_ws/src/install/youbot_description/share/youbot_description/urdf/meshes/sensors/kinect.dae
[1.118s] -- Up-to-date symlink: /home/youssef/fyp_ws/src/install/youbot_description/share/youbot_description/urdf/meshes/sensors/kinect.tga
[1.118s] -- Up-to-date symlink: /home/youssef/fyp_ws/src/install/youbot_description/share/youbot_description/urdf/meshes/sensors/microsoft_lifecam.dae
[1.118s] -- Up-to-date symlink: /home/youssef/fyp_ws/src/install/youbot_description/share/youbot_description/urdf/meshes/youbot_arm/arm0.dae
[1.119s] -- Up-to-date symlink: /home/youssef/fyp_ws/src/install/youbot_description/share/youbot_description/urdf/meshes/youbot_arm/arm0_convex.dae
[1.119s] -- Up-to-date symlink: /home/youssef/fyp_ws/src/install/youbot_description/share/youbot_description/urdf/meshes/youbot_arm/arm0_convex.stl
[1.119s] -- Up-to-date symlink: /home/youssef/fyp_ws/src/install/youbot_description/share/youbot_description/urdf/meshes/youbot_arm/arm0_convex.stl:Zone.Identifier
[1.120s] -- Up-to-date symlink: /home/youssef/fyp_ws/src/install/youbot_description/share/youbot_description/urdf/meshes/youbot_arm/arm1.dae
[1.120s] -- Up-to-date symlink: /home/youssef/fyp_ws/src/install/youbot_description/share/youbot_description/urdf/meshes/youbot_arm/arm1_convex.dae
[1.120s] -- Up-to-date symlink: /home/youssef/fyp_ws/src/install/youbot_description/share/youbot_description/urdf/meshes/youbot_arm/arm2.dae
[1.121s] -- Up-to-date symlink: /home/youssef/fyp_ws/src/install/youbot_description/share/youbot_description/urdf/meshes/youbot_arm/arm2_convex.dae
[1.123s] -- Up-to-date symlink: /home/youssef/fyp_ws/src/install/youbot_description/share/youbot_description/urdf/meshes/youbot_arm/arm2_convex.stl
[1.124s] -- Up-to-date symlink: /home/youssef/fyp_ws/src/install/youbot_description/share/youbot_description/urdf/meshes/youbot_arm/arm2_convex.stl:Zone.Identifier
[1.124s] -- Up-to-date symlink: /home/youssef/fyp_ws/src/install/youbot_description/share/youbot_description/urdf/meshes/youbot_arm/arm3.dae
[1.124s] -- Up-to-date symlink: /home/youssef/fyp_ws/src/install/youbot_description/share/youbot_description/urdf/meshes/youbot_arm/arm3_convex.dae
[1.124s] -- Up-to-date symlink: /home/youssef/fyp_ws/src/install/youbot_description/share/youbot_description/urdf/meshes/youbot_arm/arm4.dae
[1.124s] -- Up-to-date symlink: /home/youssef/fyp_ws/src/install/youbot_description/share/youbot_description/urdf/meshes/youbot_arm/arm4_convex.dae
[1.125s] -- Up-to-date symlink: /home/youssef/fyp_ws/src/install/youbot_description/share/youbot_description/urdf/meshes/youbot_arm/arm5.dae
[1.125s] -- Up-to-date symlink: /home/youssef/fyp_ws/src/install/youbot_description/share/youbot_description/urdf/meshes/youbot_arm/arm5_convex.dae
[1.125s] -- Up-to-date symlink: /home/youssef/fyp_ws/src/install/youbot_description/share/youbot_description/urdf/meshes/youbot_arm/arm_joint_1_convex.stl
[1.127s] -- Up-to-date symlink: /home/youssef/fyp_ws/src/install/youbot_description/share/youbot_description/urdf/meshes/youbot_arm/arm_joint_1_convex.stl:Zone.Identifier
[1.127s] -- Up-to-date symlink: /home/youssef/fyp_ws/src/install/youbot_description/share/youbot_description/urdf/meshes/youbot_arm/arm_joint_2_convex.stl
[1.128s] -- Up-to-date symlink: /home/youssef/fyp_ws/src/install/youbot_description/share/youbot_description/urdf/meshes/youbot_arm/arm_joint_2_convex.stl:Zone.Identifier
[1.128s] -- Up-to-date symlink: /home/youssef/fyp_ws/src/install/youbot_description/share/youbot_description/urdf/meshes/youbot_arm/arm_joint_3_convex.stl
[1.129s] -- Up-to-date symlink: /home/youssef/fyp_ws/src/install/youbot_description/share/youbot_description/urdf/meshes/youbot_arm/arm_joint_3_convex.stl:Zone.Identifier
[1.129s] -- Up-to-date symlink: /home/youssef/fyp_ws/src/install/youbot_description/share/youbot_description/urdf/meshes/youbot_arm/arm_joint_4_convex.stl
[1.129s] -- Up-to-date symlink: /home/youssef/fyp_ws/src/install/youbot_description/share/youbot_description/urdf/meshes/youbot_arm/arm_joint_4_convex.stl:Zone.Identifier
[1.129s] -- Up-to-date symlink: /home/youssef/fyp_ws/src/install/youbot_description/share/youbot_description/urdf/meshes/youbot_arm/arm_joint_5_convex.stl
[1.129s] -- Up-to-date symlink: /home/youssef/fyp_ws/src/install/youbot_description/share/youbot_description/urdf/meshes/youbot_arm/arm_joint_5_convex.stl:Zone.Identifier
[1.129s] -- Up-to-date symlink: /home/youssef/fyp_ws/src/install/youbot_description/share/youbot_description/urdf/meshes/youbot_base/back-left_wheel.dae
[1.130s] -- Up-to-date symlink: /home/youssef/fyp_ws/src/install/youbot_description/share/youbot_description/urdf/meshes/youbot_base/back-left_wheel.dae:Zone.Identifier
[1.130s] -- Up-to-date symlink: /home/youssef/fyp_ws/src/install/youbot_description/share/youbot_description/urdf/meshes/youbot_base/back-right_wheel.dae
[1.130s] -- Up-to-date symlink: /home/youssef/fyp_ws/src/install/youbot_description/share/youbot_description/urdf/meshes/youbot_base/back-right_wheel.dae:Zone.Identifier
[1.130s] -- Up-to-date symlink: /home/youssef/fyp_ws/src/install/youbot_description/share/youbot_description/urdf/meshes/youbot_base/base.dae
[1.130s] -- Up-to-date symlink: /home/youssef/fyp_ws/src/install/youbot_description/share/youbot_description/urdf/meshes/youbot_base/base_convex.dae
[1.131s] -- Up-to-date symlink: /home/youssef/fyp_ws/src/install/youbot_description/share/youbot_description/urdf/meshes/youbot_base/base_convex.stl
[1.131s] -- Up-to-date symlink: /home/youssef/fyp_ws/src/install/youbot_description/share/youbot_description/urdf/meshes/youbot_base/base_convex.stl:Zone.Identifier
[1.133s] -- Up-to-date symlink: /home/youssef/fyp_ws/src/install/youbot_description/share/youbot_description/urdf/meshes/youbot_base/base_frame.dae
[1.133s] -- Up-to-date symlink: /home/youssef/fyp_ws/src/install/youbot_description/share/youbot_description/urdf/meshes/youbot_base/base_frame.dae:Zone.Identifier
[1.134s] -- Up-to-date symlink: /home/youssef/fyp_ws/src/install/youbot_description/share/youbot_description/urdf/meshes/youbot_base/front-left_wheel.dae
[1.134s] -- Up-to-date symlink: /home/youssef/fyp_ws/src/install/youbot_description/share/youbot_description/urdf/meshes/youbot_base/front-left_wheel.dae:Zone.Identifier
[1.135s] -- Up-to-date symlink: /home/youssef/fyp_ws/src/install/youbot_description/share/youbot_description/urdf/meshes/youbot_base/front-right_wheel.dae
[1.136s] -- Up-to-date symlink: /home/youssef/fyp_ws/src/install/youbot_description/share/youbot_description/urdf/meshes/youbot_base/front-right_wheel.dae:Zone.Identifier
[1.139s] -- Up-to-date symlink: /home/youssef/fyp_ws/src/install/youbot_description/share/youbot_description/urdf/meshes/youbot_gripper/finger.dae
[1.139s] -- Up-to-date symlink: /home/youssef/fyp_ws/src/install/youbot_description/share/youbot_description/urdf/meshes/youbot_gripper/finger_convex.dae
[1.140s] -- Up-to-date symlink: /home/youssef/fyp_ws/src/install/youbot_description/share/youbot_description/urdf/meshes/youbot_gripper/gripper.urdf.xacro
[1.140s] -- Up-to-date symlink: /home/youssef/fyp_ws/src/install/youbot_description/share/youbot_description/urdf/meshes/youbot_gripper/palm.dae
[1.140s] -- Up-to-date symlink: /home/youssef/fyp_ws/src/install/youbot_description/share/youbot_description/urdf/meshes/youbot_gripper/palm_convex.dae
[1.140s] -- Up-to-date symlink: /home/youssef/fyp_ws/src/install/youbot_description/share/youbot_description/urdf/meshes/youbot_plate/plate.dae
[1.141s] -- Up-to-date symlink: /home/youssef/fyp_ws/src/install/youbot_description/share/youbot_description/urdf/meshes/youbot_plate/plate_convex.dae
[1.141s] -- Up-to-date symlink: /home/youssef/fyp_ws/src/install/youbot_description/share/youbot_description/urdf/youbot.gv
[1.141s] -- Up-to-date symlink: /home/youssef/fyp_ws/src/install/youbot_description/share/youbot_description/urdf/youbot.pdf
[1.141s] -- Up-to-date symlink: /home/youssef/fyp_ws/src/install/youbot_description/share/youbot_description/urdf/youbot.urdf
[1.142s] -- Up-to-date symlink: /home/youssef/fyp_ws/src/install/youbot_description/share/youbot_description/urdf/youbot_dae.urdf.backup
[1.143s] -- Up-to-date symlink: /home/youssef/fyp_ws/src/install/youbot_description/share/youbot_description/urdf/youbot_mujoco.urdf
[1.144s] -- Up-to-date symlink: /home/youssef/fyp_ws/src/install/youbot_description/share/youbot_description/robots/youbot.urdf.xacro
[1.144s] -- Up-to-date symlink: /home/youssef/fyp_ws/src/install/youbot_description/share/youbot_description/robots/youbot_arm_only.urdf.xacro
[1.145s] -- Up-to-date symlink: /home/youssef/fyp_ws/src/install/youbot_description/share/youbot_description/robots/youbot_base_only.urdf.xacro
[1.145s] -- Up-to-date symlink: /home/youssef/fyp_ws/src/install/youbot_description/share/youbot_description/robots/youbot_dual_arm.urdf.xacro
[1.149s] -- Up-to-date symlink: /home/youssef/fyp_ws/src/install/youbot_description/share/youbot_description/controller/ros_controller.urdf.xacro
[1.149s] -- Up-to-date symlink: /home/youssef/fyp_ws/src/install/youbot_description/share/youbot_description/meshes/sensors/asus_xtion_pro_live_base.dae
[1.149s] -- Up-to-date symlink: /home/youssef/fyp_ws/src/install/youbot_description/share/youbot_description/meshes/sensors/asus_xtion_pro_live_base.png
[1.154s] -- Up-to-date symlink: /home/youssef/fyp_ws/src/install/youbot_description/share/youbot_description/meshes/sensors/asus_xtion_pro_live_base.stl
[1.155s] -- Up-to-date symlink: /home/youssef/fyp_ws/src/install/youbot_description/share/youbot_description/meshes/sensors/asus_xtion_pro_live_camera.dae
[1.155s] -- Up-to-date symlink: /home/youssef/fyp_ws/src/install/youbot_description/share/youbot_description/meshes/sensors/asus_xtion_pro_live_camera.png
[1.155s] -- Up-to-date symlink: /home/youssef/fyp_ws/src/install/youbot_description/share/youbot_description/meshes/sensors/asus_xtion_pro_live_camera.stl
[1.155s] -- Up-to-date symlink: /home/youssef/fyp_ws/src/install/youbot_description/share/youbot_description/meshes/sensors/hokuyo.dae
[1.155s] -- Up-to-date symlink: /home/youssef/fyp_ws/src/install/youbot_description/share/youbot_description/meshes/sensors/hokuyo.stl
[1.156s] -- Up-to-date symlink: /home/youssef/fyp_ws/src/install/youbot_description/share/youbot_description/meshes/sensors/hokuyo_convex.dae
[1.156s] -- Up-to-date symlink: /home/youssef/fyp_ws/src/install/youbot_description/share/youbot_description/meshes/sensors/hokuyo_convex.stl
[1.156s] -- Up-to-date symlink: /home/youssef/fyp_ws/src/install/youbot_description/share/youbot_description/meshes/sensors/kinect.dae
[1.156s] -- Up-to-date symlink: /home/youssef/fyp_ws/src/install/youbot_description/share/youbot_description/meshes/sensors/kinect.stl
[1.157s] -- Up-to-date symlink: /home/youssef/fyp_ws/src/install/youbot_description/share/youbot_description/meshes/sensors/kinect.tga
[1.157s] -- Up-to-date symlink: /home/youssef/fyp_ws/src/install/youbot_description/share/youbot_description/meshes/sensors/microsoft_lifecam.dae
[1.157s] -- Up-to-date symlink: /home/youssef/fyp_ws/src/install/youbot_description/share/youbot_description/meshes/sensors/microsoft_lifecam.stl
[1.157s] -- Up-to-date symlink: /home/youssef/fyp_ws/src/install/youbot_description/share/youbot_description/meshes/youbot_arm/arm0.dae
[1.158s] -- Up-to-date symlink: /home/youssef/fyp_ws/src/install/youbot_description/share/youbot_description/meshes/youbot_arm/arm0.stl
[1.158s] -- Up-to-date symlink: /home/youssef/fyp_ws/src/install/youbot_description/share/youbot_description/meshes/youbot_arm/arm0_convex.dae
[1.158s] -- Up-to-date symlink: /home/youssef/fyp_ws/src/install/youbot_description/share/youbot_description/meshes/youbot_arm/arm0_convex.stl
[1.158s] -- Up-to-date symlink: /home/youssef/fyp_ws/src/install/youbot_description/share/youbot_description/meshes/youbot_arm/arm1.dae
[1.162s] -- Up-to-date symlink: /home/youssef/fyp_ws/src/install/youbot_description/share/youbot_description/meshes/youbot_arm/arm1.stl
[1.162s] -- Up-to-date symlink: /home/youssef/fyp_ws/src/install/youbot_description/share/youbot_description/meshes/youbot_arm/arm1_convex.dae
[1.163s] -- Up-to-date symlink: /home/youssef/fyp_ws/src/install/youbot_description/share/youbot_description/meshes/youbot_arm/arm1_convex.stl
[1.163s] -- Up-to-date symlink: /home/youssef/fyp_ws/src/install/youbot_description/share/youbot_description/meshes/youbot_arm/arm2.dae
[1.163s] -- Up-to-date symlink: /home/youssef/fyp_ws/src/install/youbot_description/share/youbot_description/meshes/youbot_arm/arm2.stl
[1.164s] -- Up-to-date symlink: /home/youssef/fyp_ws/src/install/youbot_description/share/youbot_description/meshes/youbot_arm/arm2_convex.dae
[1.164s] -- Up-to-date symlink: /home/youssef/fyp_ws/src/install/youbot_description/share/youbot_description/meshes/youbot_arm/arm2_convex.stl
[1.164s] -- Up-to-date symlink: /home/youssef/fyp_ws/src/install/youbot_description/share/youbot_description/meshes/youbot_arm/arm3.dae
[1.165s] -- Up-to-date symlink: /home/youssef/fyp_ws/src/install/youbot_description/share/youbot_description/meshes/youbot_arm/arm3.stl
[1.165s] -- Up-to-date symlink: /home/youssef/fyp_ws/src/install/youbot_description/share/youbot_description/meshes/youbot_arm/arm3_convex.dae
[1.165s] -- Up-to-date symlink: /home/youssef/fyp_ws/src/install/youbot_description/share/youbot_description/meshes/youbot_arm/arm3_convex.stl
[1.165s] -- Up-to-date symlink: /home/youssef/fyp_ws/src/install/youbot_description/share/youbot_description/meshes/youbot_arm/arm4.dae
[1.166s] -- Up-to-date symlink: /home/youssef/fyp_ws/src/install/youbot_description/share/youbot_description/meshes/youbot_arm/arm4.stl
[1.166s] -- Up-to-date symlink: /home/youssef/fyp_ws/src/install/youbot_description/share/youbot_description/meshes/youbot_arm/arm4_convex.dae
[1.181s] -- Up-to-date symlink: /home/youssef/fyp_ws/src/install/youbot_description/share/youbot_description/meshes/youbot_arm/arm4_convex.stl
[1.181s] -- Up-to-date symlink: /home/youssef/fyp_ws/src/install/youbot_description/share/youbot_description/meshes/youbot_arm/arm5.dae
[1.181s] -- Up-to-date symlink: /home/youssef/fyp_ws/src/install/youbot_description/share/youbot_description/meshes/youbot_arm/arm5.stl
[1.181s] -- Up-to-date symlink: /home/youssef/fyp_ws/src/install/youbot_description/share/youbot_description/meshes/youbot_arm/arm5_convex.dae
[1.181s] -- Up-to-date symlink: /home/youssef/fyp_ws/src/install/youbot_description/share/youbot_description/meshes/youbot_arm/arm5_convex.stl
[1.182s] -- Up-to-date symlink: /home/youssef/fyp_ws/src/install/youbot_description/share/youbot_description/meshes/youbot_arm/arm_joint_1_convex.stl
[1.182s] -- Up-to-date symlink: /home/youssef/fyp_ws/src/install/youbot_description/share/youbot_description/meshes/youbot_arm/arm_joint_2_convex.stl
[1.182s] -- Up-to-date symlink: /home/youssef/fyp_ws/src/install/youbot_description/share/youbot_description/meshes/youbot_arm/arm_joint_3_convex.stl
[1.182s] -- Up-to-date symlink: /home/youssef/fyp_ws/src/install/youbot_description/share/youbot_description/meshes/youbot_arm/arm_joint_4_convex.stl
[1.182s] -- Up-to-date symlink: /home/youssef/fyp_ws/src/install/youbot_description/share/youbot_description/meshes/youbot_arm/arm_joint_5_convex.stl
[1.182s] -- Up-to-date symlink: /home/youssef/fyp_ws/src/install/youbot_description/share/youbot_description/meshes/youbot_base/back-left_wheel.dae
[1.183s] -- Up-to-date symlink: /home/youssef/fyp_ws/src/install/youbot_description/share/youbot_description/meshes/youbot_base/back-left_wheel.dae:Zone.Identifier
[1.183s] -- Up-to-date symlink: /home/youssef/fyp_ws/src/install/youbot_description/share/youbot_description/meshes/youbot_base/back-left_wheel.stl
[1.183s] -- Up-to-date symlink: /home/youssef/fyp_ws/src/install/youbot_description/share/youbot_description/meshes/youbot_base/back-right_wheel.dae
[1.183s] -- Up-to-date symlink: /home/youssef/fyp_ws/src/install/youbot_description/share/youbot_description/meshes/youbot_base/back-right_wheel.dae:Zone.Identifier
[1.183s] -- Up-to-date symlink: /home/youssef/fyp_ws/src/install/youbot_description/share/youbot_description/meshes/youbot_base/back-right_wheel.stl
[1.184s] -- Up-to-date symlink: /home/youssef/fyp_ws/src/install/youbot_description/share/youbot_description/meshes/youbot_base/base.dae
[1.184s] -- Up-to-date symlink: /home/youssef/fyp_ws/src/install/youbot_description/share/youbot_description/meshes/youbot_base/base.stl
[1.184s] -- Up-to-date symlink: /home/youssef/fyp_ws/src/install/youbot_description/share/youbot_description/meshes/youbot_base/base_convex.dae
[1.185s] -- Up-to-date symlink: /home/youssef/fyp_ws/src/install/youbot_description/share/youbot_description/meshes/youbot_base/base_convex.stl
[1.185s] -- Up-to-date symlink: /home/youssef/fyp_ws/src/install/youbot_description/share/youbot_description/meshes/youbot_base/base_convex.stl:Zone.Identifier
[1.185s] -- Up-to-date symlink: /home/youssef/fyp_ws/src/install/youbot_description/share/youbot_description/meshes/youbot_base/base_frame.dae
[1.185s] -- Up-to-date symlink: /home/youssef/fyp_ws/src/install/youbot_description/share/youbot_description/meshes/youbot_base/base_frame.dae:Zone.Identifier
[1.185s] -- Up-to-date symlink: /home/youssef/fyp_ws/src/install/youbot_description/share/youbot_description/meshes/youbot_base/base_frame.stl
[1.185s] -- Up-to-date symlink: /home/youssef/fyp_ws/src/install/youbot_description/share/youbot_description/meshes/youbot_base/front-left_wheel.dae
[1.186s] -- Up-to-date symlink: /home/youssef/fyp_ws/src/install/youbot_description/share/youbot_description/meshes/youbot_base/front-left_wheel.dae:Zone.Identifier
[1.186s] -- Up-to-date symlink: /home/youssef/fyp_ws/src/install/youbot_description/share/youbot_description/meshes/youbot_base/front-left_wheel.stl
[1.186s] -- Up-to-date symlink: /home/youssef/fyp_ws/src/install/youbot_description/share/youbot_description/meshes/youbot_base/front-right_wheel.dae
[1.186s] -- Up-to-date symlink: /home/youssef/fyp_ws/src/install/youbot_description/share/youbot_description/meshes/youbot_base/front-right_wheel.dae:Zone.Identifier
[1.186s] -- Up-to-date symlink: /home/youssef/fyp_ws/src/install/youbot_description/share/youbot_description/meshes/youbot_base/front-right_wheel.stl
[1.187s] -- Up-to-date symlink: /home/youssef/fyp_ws/src/install/youbot_description/share/youbot_description/meshes/youbot_gripper/finger.dae
[1.187s] -- Up-to-date symlink: /home/youssef/fyp_ws/src/install/youbot_description/share/youbot_description/meshes/youbot_gripper/finger.stl
[1.187s] -- Up-to-date symlink: /home/youssef/fyp_ws/src/install/youbot_description/share/youbot_description/meshes/youbot_gripper/finger_convex.dae
[1.187s] -- Up-to-date symlink: /home/youssef/fyp_ws/src/install/youbot_description/share/youbot_description/meshes/youbot_gripper/finger_convex.stl
[1.187s] -- Up-to-date symlink: /home/youssef/fyp_ws/src/install/youbot_description/share/youbot_description/meshes/youbot_gripper/palm.dae
[1.188s] -- Up-to-date symlink: /home/youssef/fyp_ws/src/install/youbot_description/share/youbot_description/meshes/youbot_gripper/palm.stl
[1.188s] -- Up-to-date symlink: /home/youssef/fyp_ws/src/install/youbot_description/share/youbot_description/meshes/youbot_gripper/palm_convex.dae
[1.188s] -- Up-to-date symlink: /home/youssef/fyp_ws/src/install/youbot_description/share/youbot_description/meshes/youbot_gripper/palm_convex.stl
[1.188s] -- Up-to-date symlink: /home/youssef/fyp_ws/src/install/youbot_description/share/youbot_description/meshes/youbot_plate/plate.dae
[1.189s] -- Up-to-date symlink: /home/youssef/fyp_ws/src/install/youbot_description/share/youbot_description/meshes/youbot_plate/plate.stl
[1.189s] -- Up-to-date symlink: /home/youssef/fyp_ws/src/install/youbot_description/share/youbot_description/meshes/youbot_plate/plate_convex.dae
[1.189s] -- Up-to-date symlink: /home/youssef/fyp_ws/src/install/youbot_description/share/youbot_description/meshes/youbot_plate/plate_convex.stl
[1.189s] -- Up-to-date symlink: /home/youssef/fyp_ws/src/install/youbot_description/share/youbot_description/config/my_controllers.yaml
[1.189s] -- Up-to-date symlink: /home/youssef/fyp_ws/src/install/youbot_description/share/youbot_description/config/youbot.yaml
[1.190s] -- Up-to-date symlink: /home/youssef/fyp_ws/src/install/youbot_description/share/youbot_description/sdf/Youbot/materials/gazebo.material
[1.190s] -- Up-to-date symlink: /home/youssef/fyp_ws/src/install/youbot_description/share/youbot_description/sdf/Youbot/materials/scripts/mailbox.material
[1.190s] -- Up-to-date symlink: /home/youssef/fyp_ws/src/install/youbot_description/share/youbot_description/sdf/Youbot/meshes/sensors/asus_xtion_pro_live_base.dae
[1.190s] -- Up-to-date symlink: /home/youssef/fyp_ws/src/install/youbot_description/share/youbot_description/sdf/Youbot/meshes/sensors/asus_xtion_pro_live_base.png
[1.190s] -- Up-to-date symlink: /home/youssef/fyp_ws/src/install/youbot_description/share/youbot_description/sdf/Youbot/meshes/sensors/asus_xtion_pro_live_camera.dae
[1.191s] -- Up-to-date symlink: /home/youssef/fyp_ws/src/install/youbot_description/share/youbot_description/sdf/Youbot/meshes/sensors/asus_xtion_pro_live_camera.png
[1.191s] -- Up-to-date symlink: /home/youssef/fyp_ws/src/install/youbot_description/share/youbot_description/sdf/Youbot/meshes/sensors/hokuyo.dae
[1.191s] -- Up-to-date symlink: /home/youssef/fyp_ws/src/install/youbot_description/share/youbot_description/sdf/Youbot/meshes/sensors/hokuyo_convex.dae
[1.191s] -- Up-to-date symlink: /home/youssef/fyp_ws/src/install/youbot_description/share/youbot_description/sdf/Youbot/meshes/sensors/kinect.dae
[1.191s] -- Up-to-date symlink: /home/youssef/fyp_ws/src/install/youbot_description/share/youbot_description/sdf/Youbot/meshes/sensors/kinect.tga
[1.192s] -- Up-to-date symlink: /home/youssef/fyp_ws/src/install/youbot_description/share/youbot_description/sdf/Youbot/meshes/sensors/microsoft_lifecam.dae
[1.192s] -- Up-to-date symlink: /home/youssef/fyp_ws/src/install/youbot_description/share/youbot_description/sdf/Youbot/meshes/youbot_arm/arm0.dae
[1.192s] -- Up-to-date symlink: /home/youssef/fyp_ws/src/install/youbot_description/share/youbot_description/sdf/Youbot/meshes/youbot_arm/arm0_convex.dae
[1.192s] -- Up-to-date symlink: /home/youssef/fyp_ws/src/install/youbot_description/share/youbot_description/sdf/Youbot/meshes/youbot_arm/arm1.dae
[1.193s] -- Up-to-date symlink: /home/youssef/fyp_ws/src/install/youbot_description/share/youbot_description/sdf/Youbot/meshes/youbot_arm/arm1_convex.dae
[1.193s] -- Up-to-date symlink: /home/youssef/fyp_ws/src/install/youbot_description/share/youbot_description/sdf/Youbot/meshes/youbot_arm/arm2.dae
[1.193s] -- Up-to-date symlink: /home/youssef/fyp_ws/src/install/youbot_description/share/youbot_description/sdf/Youbot/meshes/youbot_arm/arm2_convex.dae
[1.193s] -- Up-to-date symlink: /home/youssef/fyp_ws/src/install/youbot_description/share/youbot_description/sdf/Youbot/meshes/youbot_arm/arm3.dae
[1.193s] -- Up-to-date symlink: /home/youssef/fyp_ws/src/install/youbot_description/share/youbot_description/sdf/Youbot/meshes/youbot_arm/arm3_convex.dae
[1.193s] -- Up-to-date symlink: /home/youssef/fyp_ws/src/install/youbot_description/share/youbot_description/sdf/Youbot/meshes/youbot_arm/arm4.dae
[1.193s] -- Up-to-date symlink: /home/youssef/fyp_ws/src/install/youbot_description/share/youbot_description/sdf/Youbot/meshes/youbot_arm/arm4_convex.dae
[1.194s] -- Up-to-date symlink: /home/youssef/fyp_ws/src/install/youbot_description/share/youbot_description/sdf/Youbot/meshes/youbot_arm/arm5.dae
[1.194s] -- Up-to-date symlink: /home/youssef/fyp_ws/src/install/youbot_description/share/youbot_description/sdf/Youbot/meshes/youbot_arm/arm5_convex.dae
[1.194s] -- Up-to-date symlink: /home/youssef/fyp_ws/src/install/youbot_description/share/youbot_description/sdf/Youbot/meshes/youbot_base/base.dae
[1.194s] -- Up-to-date symlink: /home/youssef/fyp_ws/src/install/youbot_description/share/youbot_description/sdf/Youbot/meshes/youbot_base/base_convex.dae
[1.194s] -- Up-to-date symlink: /home/youssef/fyp_ws/src/install/youbot_description/share/youbot_description/sdf/Youbot/meshes/youbot_gripper/finger.dae
[1.194s] -- Up-to-date symlink: /home/youssef/fyp_ws/src/install/youbot_description/share/youbot_description/sdf/Youbot/meshes/youbot_gripper/finger_convex.dae
[1.194s] -- Up-to-date symlink: /home/youssef/fyp_ws/src/install/youbot_description/share/youbot_description/sdf/Youbot/meshes/youbot_gripper/palm.dae
[1.195s] -- Up-to-date symlink: /home/youssef/fyp_ws/src/install/youbot_description/share/youbot_description/sdf/Youbot/meshes/youbot_gripper/palm_convex.dae
[1.195s] -- Up-to-date symlink: /home/youssef/fyp_ws/src/install/youbot_description/share/youbot_description/sdf/Youbot/meshes/youbot_plate/plate.dae
[1.195s] -- Up-to-date symlink: /home/youssef/fyp_ws/src/install/youbot_description/share/youbot_description/sdf/Youbot/meshes/youbot_plate/plate_convex.dae
[1.195s] -- Up-to-date symlink: /home/youssef/fyp_ws/src/install/youbot_description/share/youbot_description/sdf/Youbot/model.config
[1.195s] -- Up-to-date symlink: /home/youssef/fyp_ws/src/install/youbot_description/share/youbot_description/sdf/Youbot/model.sdf
[1.195s] -- Up-to-date symlink: /home/youssef/fyp_ws/src/install/youbot_description/share/youbot_description/sdf/Youbot/model_dae.sdf.backup
[1.195s] -- Up-to-date symlink: /home/youssef/fyp_ws/src/install/youbot_description/share/youbot_description/sdf/empty_world.sdf
[1.196s] -- Up-to-date symlink: /home/youssef/fyp_ws/src/install/youbot_description/share/youbot_description/sdf/world.sdf
[1.196s] -- Up-to-date symlink: /home/youssef/fyp_ws/src/install/youbot_description/share/youbot_description/mujoco/README.md
[1.196s] -- Up-to-date symlink: /home/youssef/fyp_ws/src/install/youbot_description/share/youbot_description/mujoco/convert.py
[1.196s] -- Up-to-date symlink: /home/youssef/fyp_ws/src/install/youbot_description/share/youbot_description/mujoco/convert_meshes.py
[1.196s] -- Up-to-date symlink: /home/youssef/fyp_ws/src/install/youbot_description/share/youbot_description/mujoco/screenshot.png
[1.197s] -- Up-to-date symlink: /home/youssef/fyp_ws/src/install/youbot_description/share/youbot_description/mujoco/view_mujoco.py
[1.197s] -- Up-to-date symlink: /home/youssef/fyp_ws/src/install/youbot_description/share/youbot_description/mujoco/youbot.xml
[1.197s] -- Up-to-date symlink: /home/youssef/fyp_ws/src/install/youbot_description/share/youbot_description/mujoco/youbot_temp.urdf
[1.197s] -- Up-to-date symlink: /home/youssef/fyp_ws/src/install/youbot_description/share/ament_index/resource_index/package_run_dependencies/youbot_description
[1.198s] -- Up-to-date symlink: /home/youssef/fyp_ws/src/install/youbot_description/share/ament_index/resource_index/parent_prefix_path/youbot_description
[1.198s] -- Up-to-date symlink: /home/youssef/fyp_ws/src/install/youbot_description/share/youbot_description/environment/ament_prefix_path.sh
[1.198s] -- Up-to-date symlink: /home/youssef/fyp_ws/src/install/youbot_description/share/youbot_description/environment/ament_prefix_path.dsv
[1.198s] -- Up-to-date symlink: /home/youssef/fyp_ws/src/install/youbot_description/share/youbot_description/environment/path.sh
[1.198s] -- Up-to-date symlink: /home/youssef/fyp_ws/src/install/youbot_description/share/youbot_description/environment/path.dsv
[1.199s] -- Up-to-date symlink: /home/youssef/fyp_ws/src/install/youbot_description/share/youbot_description/local_setup.bash
[1.199s] -- Up-to-date symlink: /home/youssef/fyp_ws/src/install/youbot_description/share/youbot_description/local_setup.sh
[1.199s] -- Up-to-date symlink: /home/youssef/fyp_ws/src/install/youbot_description/share/youbot_description/local_setup.zsh
[1.199s] -- Up-to-date symlink: /home/youssef/fyp_ws/src/install/youbot_description/share/youbot_description/local_setup.dsv
[1.199s] -- Symlinking: /home/youssef/fyp_ws/src/install/youbot_description/share/youbot_description/package.dsv
[1.228s] -- Up-to-date symlink: /home/youssef/fyp_ws/src/install/youbot_description/share/ament_index/resource_index/packages/youbot_description
[1.228s] -- Up-to-date symlink: /home/youssef/fyp_ws/src/install/youbot_description/share/youbot_description/cmake/youbot_descriptionConfig.cmake
[1.229s] -- Up-to-date symlink: /home/youssef/fyp_ws/src/install/youbot_description/share/youbot_description/cmake/youbot_descriptionConfig-version.cmake
[1.229s] -- Up-to-date symlink: /home/youssef/fyp_ws/src/install/youbot_description/share/youbot_description/package.xml
[1.236s] Invoked command in '/home/youssef/fyp_ws/src/build/youbot_description' returned '0': CMAKE_PREFIX_PATH=${CMAKE_PREFIX_PATH}:/home/youssef/ros2_ws/install/py_srvcli:/home/youssef/ros2_ws/install/py_srv:/home/youssef/ros2_ws/install/py_pubsub:/home/youssef/ros2_ws/install/pubsub:/home/youssef/ros2_ws/install/line_follower:/home/youssef/ros2_ws/install/fake_sensors:/home/youssef/ros2_ws/install/fake:/home/youssef/ros2_ws/install/actions_py:/home/youssef/turtlebot3_ws/install/turtlebot3_teleop:/home/youssef/turtlebot3_ws/install/turtlebot3_example:/home/youssef/install/fake_sensors:/opt/ros/humble /usr/bin/cmake --install /home/youssef/fyp_ws/src/build/youbot_description
