[0.750s] Invoking command in '/home/youssef/fyp_ws/src/youbot_navigation': PYTHONPATH=/home/youssef/fyp_ws/src/build/youbot_navigation/prefix_override:/usr/lib/python3/dist-packages/colcon_core/task/python/colcon_distutils_commands:/home/youssef/fyp_ws/src/install/youbot_navigation/lib/python3.10/site-packages:${PYTHONPATH} /usr/bin/python3 -W ignore:setup.py install is deprecated -W ignore:easy_install command is deprecated setup.py egg_info --egg-base ../build/youbot_navigation build --build-base /home/youssef/fyp_ws/src/build/youbot_navigation/build install --record /home/youssef/fyp_ws/src/build/youbot_navigation/install.log --single-version-externally-managed install_data
[0.967s] running egg_info
[0.968s] writing ../build/youbot_navigation/youbot_navigation.egg-info/PKG-INFO
[0.968s] writing dependency_links to ../build/youbot_navigation/youbot_navigation.egg-info/dependency_links.txt
[0.968s] writing entry points to ../build/youbot_navigation/youbot_navigation.egg-info/entry_points.txt
[0.968s] writing requirements to ../build/youbot_navigation/youbot_navigation.egg-info/requires.txt
[0.968s] writing top-level names to ../build/youbot_navigation/youbot_navigation.egg-info/top_level.txt
[0.970s] reading manifest file '../build/youbot_navigation/youbot_navigation.egg-info/SOURCES.txt'
[0.970s] adding license file 'LICENSE'
[0.971s] writing manifest file '../build/youbot_navigation/youbot_navigation.egg-info/SOURCES.txt'
[0.971s] running build
[0.971s] running build_py
[0.971s] running install
[0.971s] running install_lib
[0.972s] running install_data
[0.972s] copying launch/navigation.launch.py -> /home/youssef/fyp_ws/src/install/youbot_navigation/share/youbot_navigation/launch
[0.972s] running install_egg_info
[0.974s] removing '/home/youssef/fyp_ws/src/install/youbot_navigation/lib/python3.10/site-packages/youbot_navigation-0.0.0-py3.10.egg-info' (and everything under it)
[0.974s] Copying ../build/youbot_navigation/youbot_navigation.egg-info to /home/youssef/fyp_ws/src/install/youbot_navigation/lib/python3.10/site-packages/youbot_navigation-0.0.0-py3.10.egg-info
[0.975s] running install_scripts
[0.993s] writing list of installed files to '/home/youssef/fyp_ws/src/build/youbot_navigation/install.log'
[1.013s] Invoked command in '/home/youssef/fyp_ws/src/youbot_navigation' returned '0': PYTHONPATH=/home/youssef/fyp_ws/src/build/youbot_navigation/prefix_override:/usr/lib/python3/dist-packages/colcon_core/task/python/colcon_distutils_commands:/home/youssef/fyp_ws/src/install/youbot_navigation/lib/python3.10/site-packages:${PYTHONPATH} /usr/bin/python3 -W ignore:setup.py install is deprecated -W ignore:easy_install command is deprecated setup.py egg_info --egg-base ../build/youbot_navigation build --build-base /home/youssef/fyp_ws/src/build/youbot_navigation/build install --record /home/youssef/fyp_ws/src/build/youbot_navigation/install.log --single-version-externally-managed install_data
