[1.836s] Invoking command in '/home/youssef/fyp_ws/src/build/youbot_navigation': PYTHONPATH=/home/youssef/fyp_ws/src/build/youbot_navigation/prefix_override:/usr/lib/python3/dist-packages/colcon_core/task/python/colcon_distutils_commands:/home/youssef/fyp_ws/src/install/youbot_navigation/lib/python3.10/site-packages:${PYTHONPATH} /usr/bin/python3 -W ignore:setup.py install is deprecated -W ignore:easy_install command is deprecated setup.py develop --editable --build-directory /home/youssef/fyp_ws/src/build/youbot_navigation/build --no-deps symlink_data --force
[2.397s] running develop
[2.787s] running egg_info
[2.788s] writing youbot_navigation.egg-info/PKG-INFO
[2.788s] writing dependency_links to youbot_navigation.egg-info/dependency_links.txt
[2.789s] writing entry points to youbot_navigation.egg-info/entry_points.txt
[2.789s] writing requirements to youbot_navigation.egg-info/requires.txt
[2.789s] writing top-level names to youbot_navigation.egg-info/top_level.txt
[2.792s] reading manifest file 'youbot_navigation.egg-info/SOURCES.txt'
[2.793s] writing manifest file 'youbot_navigation.egg-info/SOURCES.txt'
[2.798s] running build_ext
[2.798s] Creating /home/youssef/fyp_ws/src/install/youbot_navigation/lib/python3.10/site-packages/youbot-navigation.egg-link (link to .)
[2.801s] 
[2.801s] Installed /home/youssef/fyp_ws/src/build/youbot_navigation
[2.801s] running symlink_data
[2.801s] symbolically linking /home/youssef/fyp_ws/src/build/youbot_navigation/resource/youbot_navigation -> /home/youssef/fyp_ws/src/install/youbot_navigation/share/ament_index/resource_index/packages
[2.802s] symbolically linking /home/youssef/fyp_ws/src/build/youbot_navigation/package.xml -> /home/youssef/fyp_ws/src/install/youbot_navigation/share/youbot_navigation
[2.802s] symbolically linking /home/youssef/fyp_ws/src/build/youbot_navigation/launch/navigation.launch.py -> /home/youssef/fyp_ws/src/install/youbot_navigation/share/youbot_navigation/launch
[2.803s] symbolically linking /home/youssef/fyp_ws/src/build/youbot_navigation/launch/slam.launch.py -> /home/youssef/fyp_ws/src/install/youbot_navigation/share/youbot_navigation/launch
[2.803s] symbolically linking /home/youssef/fyp_ws/src/build/youbot_navigation/launch/localization.launch.py -> /home/youssef/fyp_ws/src/install/youbot_navigation/share/youbot_navigation/launch
[2.803s] symbolically linking /home/youssef/fyp_ws/src/build/youbot_navigation/launch/nav2.launch.py -> /home/youssef/fyp_ws/src/install/youbot_navigation/share/youbot_navigation/launch
[2.803s] symbolically linking /home/youssef/fyp_ws/src/build/youbot_navigation/config/nav2_params.yaml -> /home/youssef/fyp_ws/src/install/youbot_navigation/share/youbot_navigation/config
[2.803s] symbolically linking /home/youssef/fyp_ws/src/build/youbot_navigation/config/mapper_params_online_async.yaml -> /home/youssef/fyp_ws/src/install/youbot_navigation/share/youbot_navigation/config
[2.804s] symbolically linking /home/youssef/fyp_ws/src/build/youbot_navigation/config/slam_toolbox_params.yaml -> /home/youssef/fyp_ws/src/install/youbot_navigation/share/youbot_navigation/config
[2.804s] symbolically linking /home/youssef/fyp_ws/src/build/youbot_navigation/rviz/nav2.rviz -> /home/youssef/fyp_ws/src/install/youbot_navigation/share/youbot_navigation/rviz
[2.872s] Invoked command in '/home/youssef/fyp_ws/src/build/youbot_navigation' returned '0': PYTHONPATH=/home/youssef/fyp_ws/src/build/youbot_navigation/prefix_override:/usr/lib/python3/dist-packages/colcon_core/task/python/colcon_distutils_commands:/home/youssef/fyp_ws/src/install/youbot_navigation/lib/python3.10/site-packages:${PYTHONPATH} /usr/bin/python3 -W ignore:setup.py install is deprecated -W ignore:easy_install command is deprecated setup.py develop --editable --build-directory /home/youssef/fyp_ws/src/build/youbot_navigation/build --no-deps symlink_data --force
