[2.168s] Invoking command in '/home/youssef/fyp_ws/src/build/youbot_manipulation': PYTHONPATH=/home/youssef/fyp_ws/src/build/youbot_manipulation/prefix_override:/usr/lib/python3/dist-packages/colcon_core/task/python/colcon_distutils_commands:/home/youssef/fyp_ws/src/install/youbot_manipulation/lib/python3.10/site-packages:${PYTHONPATH} /usr/bin/python3 -W ignore:setup.py install is deprecated -W ignore:easy_install command is deprecated setup.py develop --uninstall --editable --build-directory /home/youssef/fyp_ws/src/build/youbot_manipulation/build
[2.880s] running develop
[3.394s] Removing /home/youssef/fyp_ws/src/install/youbot_manipulation/lib/python3.10/site-packages/youbot-manipulation.egg-link (link to .)
[3.465s] Invoked command in '/home/youssef/fyp_ws/src/build/youbot_manipulation' returned '0': PYTHONPATH=/home/youssef/fyp_ws/src/build/youbot_manipulation/prefix_override:/usr/lib/python3/dist-packages/colcon_core/task/python/colcon_distutils_commands:/home/youssef/fyp_ws/src/install/youbot_manipulation/lib/python3.10/site-packages:${PYTHONPATH} /usr/bin/python3 -W ignore:setup.py install is deprecated -W ignore:easy_install command is deprecated setup.py develop --uninstall --editable --build-directory /home/youssef/fyp_ws/src/build/youbot_manipulation/build
[3.466s] Invoking command in '/home/youssef/fyp_ws/src/youbot_manipulation': PYTHONPATH=/home/youssef/fyp_ws/src/build/youbot_manipulation/prefix_override:/usr/lib/python3/dist-packages/colcon_core/task/python/colcon_distutils_commands:/home/youssef/fyp_ws/src/install/youbot_manipulation/lib/python3.10/site-packages:${PYTHONPATH} /usr/bin/python3 -W ignore:setup.py install is deprecated -W ignore:easy_install command is deprecated setup.py egg_info --egg-base ../build/youbot_manipulation build --build-base /home/youssef/fyp_ws/src/build/youbot_manipulation/build install --record /home/youssef/fyp_ws/src/build/youbot_manipulation/install.log --single-version-externally-managed install_data --force
[4.153s] running egg_info
[4.155s] writing ../build/youbot_manipulation/youbot_manipulation.egg-info/PKG-INFO
[4.155s] writing dependency_links to ../build/youbot_manipulation/youbot_manipulation.egg-info/dependency_links.txt
[4.156s] writing entry points to ../build/youbot_manipulation/youbot_manipulation.egg-info/entry_points.txt
[4.156s] writing requirements to ../build/youbot_manipulation/youbot_manipulation.egg-info/requires.txt
[4.156s] writing top-level names to ../build/youbot_manipulation/youbot_manipulation.egg-info/top_level.txt
[4.161s] reading manifest file '../build/youbot_manipulation/youbot_manipulation.egg-info/SOURCES.txt'
[4.161s] adding license file 'LICENSE'
[4.164s] writing manifest file '../build/youbot_manipulation/youbot_manipulation.egg-info/SOURCES.txt'
[4.164s] running build
[4.164s] running build_py
[4.164s] running install
[4.165s] running install_lib
[4.169s] creating /home/youssef/fyp_ws/src/install/youbot_manipulation/lib/python3.10/site-packages/youbot_manipulation
[4.169s] copying /home/youssef/fyp_ws/src/build/youbot_manipulation/build/lib/youbot_manipulation/__init__.py -> /home/youssef/fyp_ws/src/install/youbot_manipulation/lib/python3.10/site-packages/youbot_manipulation
[4.170s] byte-compiling /home/youssef/fyp_ws/src/install/youbot_manipulation/lib/python3.10/site-packages/youbot_manipulation/__init__.py to __init__.cpython-310.pyc
[4.171s] running install_data
[4.171s] copying resource/youbot_manipulation -> /home/youssef/fyp_ws/src/install/youbot_manipulation/share/ament_index/resource_index/packages
[4.171s] copying package.xml -> /home/youssef/fyp_ws/src/install/youbot_manipulation/share/youbot_manipulation
[4.172s] running install_egg_info
[4.177s] Copying ../build/youbot_manipulation/youbot_manipulation.egg-info to /home/youssef/fyp_ws/src/install/youbot_manipulation/lib/python3.10/site-packages/youbot_manipulation-0.0.0-py3.10.egg-info
[4.179s] running install_scripts
[4.232s] writing list of installed files to '/home/youssef/fyp_ws/src/build/youbot_manipulation/install.log'
[4.281s] Invoked command in '/home/youssef/fyp_ws/src/youbot_manipulation' returned '0': PYTHONPATH=/home/youssef/fyp_ws/src/build/youbot_manipulation/prefix_override:/usr/lib/python3/dist-packages/colcon_core/task/python/colcon_distutils_commands:/home/youssef/fyp_ws/src/install/youbot_manipulation/lib/python3.10/site-packages:${PYTHONPATH} /usr/bin/python3 -W ignore:setup.py install is deprecated -W ignore:easy_install command is deprecated setup.py egg_info --egg-base ../build/youbot_manipulation build --build-base /home/youssef/fyp_ws/src/build/youbot_manipulation/build install --record /home/youssef/fyp_ws/src/build/youbot_manipulation/install.log --single-version-externally-managed install_data --force
