[0.119s] DEBUG:colcon:Command line arguments: ['/usr/bin/colcon', 'build']
[0.119s] DEBUG:colcon:Parsed command line arguments: Namespace(log_base=None, log_level=None, verb_name='build', build_base='build', install_base='install', merge_install=False, symlink_install=False, test_result_base=None, continue_on_error=False, executor='parallel', parallel_workers=8, event_handlers=None, ignore_user_meta=False, metas=['./colcon.meta'], base_paths=['.'], packages_ignore=None, packages_ignore_regex=None, paths=None, packages_up_to=None, packages_up_to_regex=None, packages_above=None, packages_above_and_dependencies=None, packages_above_depth=None, packages_select_by_dep=None, packages_skip_by_dep=None, packages_skip_up_to=None, packages_select_build_failed=False, packages_skip_build_finished=False, packages_select_test_failures=False, packages_skip_test_passed=False, packages_select=None, packages_skip=None, packages_select_regex=None, packages_skip_regex=None, packages_start=None, packages_end=None, allow_overriding=[], cmake_args=None, cmake_target=None, cmake_target_skip_unavailable=False, cmake_clean_cache=False, cmake_clean_first=False, cmake_force_configure=False, ament_cmake_args=None, catkin_cmake_args=None, catkin_skip_building_tests=False, mixin_files=None, mixin=None, verb_parser=<colcon_mixin.mixin.mixin_argument.MixinArgumentDecorator object at 0x78d369e1a650>, verb_extension=<colcon_core.verb.build.BuildVerb object at 0x78d369e1a050>, main=<bound method BuildVerb.main of <colcon_core.verb.build.BuildVerb object at 0x78d369e1a050>>, mixin_verb=('build',))
[0.285s] Level 1:colcon.colcon_core.package_discovery:discover_packages(colcon_meta) check parameters
[0.285s] Level 1:colcon.colcon_core.package_discovery:discover_packages(recursive) check parameters
[0.285s] Level 1:colcon.colcon_core.package_discovery:discover_packages(ignore) check parameters
[0.285s] Level 1:colcon.colcon_core.package_discovery:discover_packages(path) check parameters
[0.285s] Level 1:colcon.colcon_core.package_discovery:discover_packages(colcon_meta) discover
[0.285s] Level 1:colcon.colcon_core.package_discovery:discover_packages(recursive) discover
[0.285s] INFO:colcon.colcon_core.package_discovery:Crawling recursively for packages in '/home/youssef/fyp_ws/src'
[0.285s] Level 1:colcon.colcon_core.package_identification:_identify(.) by extensions ['ignore', 'ignore_ament_install']
[0.285s] Level 1:colcon.colcon_core.package_identification:_identify(.) by extension 'ignore'
[0.285s] Level 1:colcon.colcon_core.package_identification:_identify(.) by extension 'ignore_ament_install'
[0.285s] Level 1:colcon.colcon_core.package_identification:_identify(.) by extensions ['colcon_pkg']
[0.285s] Level 1:colcon.colcon_core.package_identification:_identify(.) by extension 'colcon_pkg'
[0.285s] Level 1:colcon.colcon_core.package_identification:_identify(.) by extensions ['colcon_meta']
[0.285s] Level 1:colcon.colcon_core.package_identification:_identify(.) by extension 'colcon_meta'
[0.286s] Level 1:colcon.colcon_core.package_identification:_identify(.) by extensions ['ros']
[0.286s] Level 1:colcon.colcon_core.package_identification:_identify(.) by extension 'ros'
[0.303s] Level 1:colcon.colcon_core.package_identification:_identify(.) by extensions ['cmake', 'python']
[0.303s] Level 1:colcon.colcon_core.package_identification:_identify(.) by extension 'cmake'
[0.303s] Level 1:colcon.colcon_core.package_identification:_identify(.) by extension 'python'
[0.303s] Level 1:colcon.colcon_core.package_identification:_identify(.) by extensions ['python_setup_py']
[0.303s] Level 1:colcon.colcon_core.package_identification:_identify(.) by extension 'python_setup_py'
[0.304s] Level 1:colcon.colcon_core.package_identification:_identify(build) by extensions ['ignore', 'ignore_ament_install']
[0.304s] Level 1:colcon.colcon_core.package_identification:_identify(build) by extension 'ignore'
[0.304s] Level 1:colcon.colcon_core.package_identification:_identify(build) ignored
[0.304s] Level 1:colcon.colcon_core.package_identification:_identify(install) by extensions ['ignore', 'ignore_ament_install']
[0.304s] Level 1:colcon.colcon_core.package_identification:_identify(install) by extension 'ignore'
[0.304s] Level 1:colcon.colcon_core.package_identification:_identify(install) ignored
[0.304s] Level 1:colcon.colcon_core.package_identification:_identify(log) by extensions ['ignore', 'ignore_ament_install']
[0.304s] Level 1:colcon.colcon_core.package_identification:_identify(log) by extension 'ignore'
[0.304s] Level 1:colcon.colcon_core.package_identification:_identify(log) ignored
[0.304s] Level 1:colcon.colcon_core.package_identification:_identify(youbot_description) by extensions ['ignore', 'ignore_ament_install']
[0.304s] Level 1:colcon.colcon_core.package_identification:_identify(youbot_description) by extension 'ignore'
[0.304s] Level 1:colcon.colcon_core.package_identification:_identify(youbot_description) by extension 'ignore_ament_install'
[0.304s] Level 1:colcon.colcon_core.package_identification:_identify(youbot_description) by extensions ['colcon_pkg']
[0.304s] Level 1:colcon.colcon_core.package_identification:_identify(youbot_description) by extension 'colcon_pkg'
[0.305s] Level 1:colcon.colcon_core.package_identification:_identify(youbot_description) by extensions ['colcon_meta']
[0.305s] Level 1:colcon.colcon_core.package_identification:_identify(youbot_description) by extension 'colcon_meta'
[0.305s] Level 1:colcon.colcon_core.package_identification:_identify(youbot_description) by extensions ['ros']
[0.305s] Level 1:colcon.colcon_core.package_identification:_identify(youbot_description) by extension 'ros'
[0.307s] DEBUG:colcon.colcon_core.package_identification:Package 'youbot_description' with type 'ros.ament_cmake' and name 'youbot_description'
[0.307s] Level 1:colcon.colcon_core.package_identification:_identify(youbot_manipulation) by extensions ['ignore', 'ignore_ament_install']
[0.307s] Level 1:colcon.colcon_core.package_identification:_identify(youbot_manipulation) by extension 'ignore'
[0.307s] Level 1:colcon.colcon_core.package_identification:_identify(youbot_manipulation) by extension 'ignore_ament_install'
[0.307s] Level 1:colcon.colcon_core.package_identification:_identify(youbot_manipulation) by extensions ['colcon_pkg']
[0.307s] Level 1:colcon.colcon_core.package_identification:_identify(youbot_manipulation) by extension 'colcon_pkg'
[0.307s] Level 1:colcon.colcon_core.package_identification:_identify(youbot_manipulation) by extensions ['colcon_meta']
[0.307s] Level 1:colcon.colcon_core.package_identification:_identify(youbot_manipulation) by extension 'colcon_meta'
[0.308s] Level 1:colcon.colcon_core.package_identification:_identify(youbot_manipulation) by extensions ['ros']
[0.308s] Level 1:colcon.colcon_core.package_identification:_identify(youbot_manipulation) by extension 'ros'
[0.308s] DEBUG:colcon.colcon_core.package_identification:Package 'youbot_manipulation' with type 'ros.ament_python' and name 'youbot_manipulation'
[0.308s] Level 1:colcon.colcon_core.package_identification:_identify(youbot_navigation) by extensions ['ignore', 'ignore_ament_install']
[0.308s] Level 1:colcon.colcon_core.package_identification:_identify(youbot_navigation) by extension 'ignore'
[0.308s] Level 1:colcon.colcon_core.package_identification:_identify(youbot_navigation) by extension 'ignore_ament_install'
[0.308s] Level 1:colcon.colcon_core.package_identification:_identify(youbot_navigation) by extensions ['colcon_pkg']
[0.308s] Level 1:colcon.colcon_core.package_identification:_identify(youbot_navigation) by extension 'colcon_pkg'
[0.308s] Level 1:colcon.colcon_core.package_identification:_identify(youbot_navigation) by extensions ['colcon_meta']
[0.308s] Level 1:colcon.colcon_core.package_identification:_identify(youbot_navigation) by extension 'colcon_meta'
[0.308s] Level 1:colcon.colcon_core.package_identification:_identify(youbot_navigation) by extensions ['ros']
[0.308s] Level 1:colcon.colcon_core.package_identification:_identify(youbot_navigation) by extension 'ros'
[0.309s] DEBUG:colcon.colcon_core.package_identification:Package 'youbot_navigation' with type 'ros.ament_python' and name 'youbot_navigation'
[0.309s] Level 1:colcon.colcon_core.package_discovery:discover_packages(recursive) using defaults
[0.309s] Level 1:colcon.colcon_core.package_discovery:discover_packages(ignore) discover
[0.309s] Level 1:colcon.colcon_core.package_discovery:discover_packages(ignore) using defaults
[0.309s] Level 1:colcon.colcon_core.package_discovery:discover_packages(path) discover
[0.309s] Level 1:colcon.colcon_core.package_discovery:discover_packages(path) using defaults
[0.329s] Level 1:colcon.colcon_core.package_discovery:discover_packages(prefix_path) check parameters
[0.329s] Level 1:colcon.colcon_core.package_discovery:discover_packages(prefix_path) discover
[0.331s] DEBUG:colcon.colcon_installed_package_information.package_discovery:Found 3 installed packages in /home/youssef/fyp_ws/src/install
[0.332s] DEBUG:colcon.colcon_installed_package_information.package_discovery:Found 16 installed packages in /home/youssef/turtlebot3_ws/install
[0.332s] DEBUG:colcon.colcon_installed_package_information.package_discovery:Found 12 installed packages in /home/youssef/ros2_ws/install
[0.333s] DEBUG:colcon.colcon_installed_package_information.package_discovery:Found 1 installed packages in /home/youssef/install
[0.335s] DEBUG:colcon.colcon_installed_package_information.package_discovery:Found 468 installed packages in /opt/ros/humble
[0.338s] Level 1:colcon.colcon_core.package_discovery:discover_packages(prefix_path) using defaults
[0.389s] Level 5:colcon.colcon_core.verb:set package 'youbot_description' build argument 'cmake_args' from command line to 'None'
[0.389s] Level 5:colcon.colcon_core.verb:set package 'youbot_description' build argument 'cmake_target' from command line to 'None'
[0.389s] Level 5:colcon.colcon_core.verb:set package 'youbot_description' build argument 'cmake_target_skip_unavailable' from command line to 'False'
[0.389s] Level 5:colcon.colcon_core.verb:set package 'youbot_description' build argument 'cmake_clean_cache' from command line to 'False'
[0.389s] Level 5:colcon.colcon_core.verb:set package 'youbot_description' build argument 'cmake_clean_first' from command line to 'False'
[0.389s] Level 5:colcon.colcon_core.verb:set package 'youbot_description' build argument 'cmake_force_configure' from command line to 'False'
[0.389s] Level 5:colcon.colcon_core.verb:set package 'youbot_description' build argument 'ament_cmake_args' from command line to 'None'
[0.389s] Level 5:colcon.colcon_core.verb:set package 'youbot_description' build argument 'catkin_cmake_args' from command line to 'None'
[0.389s] Level 5:colcon.colcon_core.verb:set package 'youbot_description' build argument 'catkin_skip_building_tests' from command line to 'False'
[0.389s] DEBUG:colcon.colcon_core.verb:Building package 'youbot_description' with the following arguments: {'ament_cmake_args': None, 'build_base': '/home/youssef/fyp_ws/src/build/youbot_description', 'catkin_cmake_args': None, 'catkin_skip_building_tests': False, 'cmake_args': None, 'cmake_clean_cache': False, 'cmake_clean_first': False, 'cmake_force_configure': False, 'cmake_target': None, 'cmake_target_skip_unavailable': False, 'install_base': '/home/youssef/fyp_ws/src/install/youbot_description', 'merge_install': False, 'path': '/home/youssef/fyp_ws/src/youbot_description', 'symlink_install': False, 'test_result_base': None}
[0.389s] Level 5:colcon.colcon_core.verb:set package 'youbot_manipulation' build argument 'cmake_args' from command line to 'None'
[0.389s] Level 5:colcon.colcon_core.verb:set package 'youbot_manipulation' build argument 'cmake_target' from command line to 'None'
[0.389s] Level 5:colcon.colcon_core.verb:set package 'youbot_manipulation' build argument 'cmake_target_skip_unavailable' from command line to 'False'
[0.390s] Level 5:colcon.colcon_core.verb:set package 'youbot_manipulation' build argument 'cmake_clean_cache' from command line to 'False'
[0.390s] Level 5:colcon.colcon_core.verb:set package 'youbot_manipulation' build argument 'cmake_clean_first' from command line to 'False'
[0.390s] Level 5:colcon.colcon_core.verb:set package 'youbot_manipulation' build argument 'cmake_force_configure' from command line to 'False'
[0.390s] Level 5:colcon.colcon_core.verb:set package 'youbot_manipulation' build argument 'ament_cmake_args' from command line to 'None'
[0.390s] Level 5:colcon.colcon_core.verb:set package 'youbot_manipulation' build argument 'catkin_cmake_args' from command line to 'None'
[0.390s] Level 5:colcon.colcon_core.verb:set package 'youbot_manipulation' build argument 'catkin_skip_building_tests' from command line to 'False'
[0.390s] DEBUG:colcon.colcon_core.verb:Building package 'youbot_manipulation' with the following arguments: {'ament_cmake_args': None, 'build_base': '/home/youssef/fyp_ws/src/build/youbot_manipulation', 'catkin_cmake_args': None, 'catkin_skip_building_tests': False, 'cmake_args': None, 'cmake_clean_cache': False, 'cmake_clean_first': False, 'cmake_force_configure': False, 'cmake_target': None, 'cmake_target_skip_unavailable': False, 'install_base': '/home/youssef/fyp_ws/src/install/youbot_manipulation', 'merge_install': False, 'path': '/home/youssef/fyp_ws/src/youbot_manipulation', 'symlink_install': False, 'test_result_base': None}
[0.390s] Level 5:colcon.colcon_core.verb:set package 'youbot_navigation' build argument 'cmake_args' from command line to 'None'
[0.390s] Level 5:colcon.colcon_core.verb:set package 'youbot_navigation' build argument 'cmake_target' from command line to 'None'
[0.390s] Level 5:colcon.colcon_core.verb:set package 'youbot_navigation' build argument 'cmake_target_skip_unavailable' from command line to 'False'
[0.390s] Level 5:colcon.colcon_core.verb:set package 'youbot_navigation' build argument 'cmake_clean_cache' from command line to 'False'
[0.390s] Level 5:colcon.colcon_core.verb:set package 'youbot_navigation' build argument 'cmake_clean_first' from command line to 'False'
[0.390s] Level 5:colcon.colcon_core.verb:set package 'youbot_navigation' build argument 'cmake_force_configure' from command line to 'False'
[0.390s] Level 5:colcon.colcon_core.verb:set package 'youbot_navigation' build argument 'ament_cmake_args' from command line to 'None'
[0.390s] Level 5:colcon.colcon_core.verb:set package 'youbot_navigation' build argument 'catkin_cmake_args' from command line to 'None'
[0.390s] Level 5:colcon.colcon_core.verb:set package 'youbot_navigation' build argument 'catkin_skip_building_tests' from command line to 'False'
[0.390s] DEBUG:colcon.colcon_core.verb:Building package 'youbot_navigation' with the following arguments: {'ament_cmake_args': None, 'build_base': '/home/youssef/fyp_ws/src/build/youbot_navigation', 'catkin_cmake_args': None, 'catkin_skip_building_tests': False, 'cmake_args': None, 'cmake_clean_cache': False, 'cmake_clean_first': False, 'cmake_force_configure': False, 'cmake_target': None, 'cmake_target_skip_unavailable': False, 'install_base': '/home/youssef/fyp_ws/src/install/youbot_navigation', 'merge_install': False, 'path': '/home/youssef/fyp_ws/src/youbot_navigation', 'symlink_install': False, 'test_result_base': None}
[0.390s] INFO:colcon.colcon_core.executor:Executing jobs using 'parallel' executor
[0.391s] DEBUG:colcon.colcon_parallel_executor.executor.parallel:run_until_complete
[0.392s] INFO:colcon.colcon_ros.task.ament_cmake.build:Building ROS package in '/home/youssef/fyp_ws/src/youbot_description' with build type 'ament_cmake'
[0.392s] INFO:colcon.colcon_cmake.task.cmake.build:Building CMake package in '/home/youssef/fyp_ws/src/youbot_description'
[0.394s] INFO:colcon.colcon_core.plugin_system:Skipping extension 'colcon_core.shell.bat': Not used on non-Windows systems
[0.394s] INFO:colcon.colcon_core.shell:Skip shell extension 'powershell' for command environment: Not usable outside of PowerShell
[0.394s] DEBUG:colcon.colcon_core.shell:Skip shell extension 'dsv' for command environment
[0.400s] INFO:colcon.colcon_ros.task.ament_python.build:Building ROS package in '/home/youssef/fyp_ws/src/youbot_manipulation' with build type 'ament_python'
[0.400s] Level 1:colcon.colcon_core.shell:create_environment_hook('youbot_manipulation', 'ament_prefix_path')
[0.400s] INFO:colcon.colcon_core.shell:Creating environment hook '/home/youssef/fyp_ws/src/install/youbot_manipulation/share/youbot_manipulation/hook/ament_prefix_path.ps1'
[0.401s] INFO:colcon.colcon_core.shell:Creating environment descriptor '/home/youssef/fyp_ws/src/install/youbot_manipulation/share/youbot_manipulation/hook/ament_prefix_path.dsv'
[0.401s] INFO:colcon.colcon_core.shell:Creating environment hook '/home/youssef/fyp_ws/src/install/youbot_manipulation/share/youbot_manipulation/hook/ament_prefix_path.sh'
[0.402s] INFO:colcon.colcon_core.shell:Skip shell extension 'powershell' for command environment: Not usable outside of PowerShell
[0.402s] DEBUG:colcon.colcon_core.shell:Skip shell extension 'dsv' for command environment
[0.408s] INFO:colcon.colcon_ros.task.ament_python.build:Building ROS package in '/home/youssef/fyp_ws/src/youbot_navigation' with build type 'ament_python'
[0.408s] Level 1:colcon.colcon_core.shell:create_environment_hook('youbot_navigation', 'ament_prefix_path')
[0.409s] INFO:colcon.colcon_core.shell:Creating environment hook '/home/youssef/fyp_ws/src/install/youbot_navigation/share/youbot_navigation/hook/ament_prefix_path.ps1'
[0.409s] INFO:colcon.colcon_core.shell:Creating environment descriptor '/home/youssef/fyp_ws/src/install/youbot_navigation/share/youbot_navigation/hook/ament_prefix_path.dsv'
[0.409s] INFO:colcon.colcon_core.shell:Creating environment hook '/home/youssef/fyp_ws/src/install/youbot_navigation/share/youbot_navigation/hook/ament_prefix_path.sh'
[0.410s] INFO:colcon.colcon_core.shell:Skip shell extension 'powershell' for command environment: Not usable outside of PowerShell
[0.410s] DEBUG:colcon.colcon_core.shell:Skip shell extension 'dsv' for command environment
[0.421s] DEBUG:colcon.colcon_core.event_handler.log_command:Invoking command in '/home/youssef/fyp_ws/src/build/youbot_description': CMAKE_PREFIX_PATH=${CMAKE_PREFIX_PATH}:/home/youssef/fyp_ws/src/install/youbot_navigation:/home/youssef/fyp_ws/src/install/youbot_manipulation:/home/youssef/ros2_ws/install/py_srvcli:/home/youssef/ros2_ws/install/py_srv:/home/youssef/ros2_ws/install/py_pubsub:/home/youssef/ros2_ws/install/pubsub:/home/youssef/ros2_ws/install/line_follower:/home/youssef/ros2_ws/install/fake_sensors:/home/youssef/ros2_ws/install/fake:/home/youssef/ros2_ws/install/actions_py:/home/youssef/turtlebot3_ws/install/turtlebot3_teleop:/home/youssef/turtlebot3_ws/install/turtlebot3_example:/home/youssef/install/fake_sensors:/opt/ros/humble /usr/bin/cmake --build /home/youssef/fyp_ws/src/build/youbot_description -- -j8 -l8
[0.702s] INFO:colcon.colcon_core.task.python.build:Building Python package in '/home/youssef/fyp_ws/src/youbot_manipulation'
[0.702s] INFO:colcon.colcon_core.shell:Skip shell extension 'powershell' for command environment: Not usable outside of PowerShell
[0.702s] DEBUG:colcon.colcon_core.shell:Skip shell extension 'dsv' for command environment
[0.991s] INFO:colcon.colcon_core.task.python.build:Building Python package in '/home/youssef/fyp_ws/src/youbot_navigation'
[0.991s] INFO:colcon.colcon_core.shell:Skip shell extension 'powershell' for command environment: Not usable outside of PowerShell
[0.991s] DEBUG:colcon.colcon_core.shell:Skip shell extension 'dsv' for command environment
[0.998s] DEBUG:colcon.colcon_core.event_handler.log_command:Invoked command in '/home/youssef/fyp_ws/src/build/youbot_description' returned '0': CMAKE_PREFIX_PATH=${CMAKE_PREFIX_PATH}:/home/youssef/fyp_ws/src/install/youbot_navigation:/home/youssef/fyp_ws/src/install/youbot_manipulation:/home/youssef/ros2_ws/install/py_srvcli:/home/youssef/ros2_ws/install/py_srv:/home/youssef/ros2_ws/install/py_pubsub:/home/youssef/ros2_ws/install/pubsub:/home/youssef/ros2_ws/install/line_follower:/home/youssef/ros2_ws/install/fake_sensors:/home/youssef/ros2_ws/install/fake:/home/youssef/ros2_ws/install/actions_py:/home/youssef/turtlebot3_ws/install/turtlebot3_teleop:/home/youssef/turtlebot3_ws/install/turtlebot3_example:/home/youssef/install/fake_sensors:/opt/ros/humble /usr/bin/cmake --build /home/youssef/fyp_ws/src/build/youbot_description -- -j8 -l8
[1.007s] DEBUG:colcon.colcon_core.event_handler.log_command:Invoking command in '/home/youssef/fyp_ws/src/build/youbot_description': CMAKE_PREFIX_PATH=${CMAKE_PREFIX_PATH}:/home/youssef/fyp_ws/src/install/youbot_navigation:/home/youssef/fyp_ws/src/install/youbot_manipulation:/home/youssef/ros2_ws/install/py_srvcli:/home/youssef/ros2_ws/install/py_srv:/home/youssef/ros2_ws/install/py_pubsub:/home/youssef/ros2_ws/install/pubsub:/home/youssef/ros2_ws/install/line_follower:/home/youssef/ros2_ws/install/fake_sensors:/home/youssef/ros2_ws/install/fake:/home/youssef/ros2_ws/install/actions_py:/home/youssef/turtlebot3_ws/install/turtlebot3_teleop:/home/youssef/turtlebot3_ws/install/turtlebot3_example:/home/youssef/install/fake_sensors:/opt/ros/humble /usr/bin/cmake --install /home/youssef/fyp_ws/src/build/youbot_description
[1.062s] Level 1:colcon.colcon_core.environment:create_environment_scripts_only(youbot_description)
[1.063s] DEBUG:colcon.colcon_core.event_handler.log_command:Invoked command in '/home/youssef/fyp_ws/src/build/youbot_description' returned '0': CMAKE_PREFIX_PATH=${CMAKE_PREFIX_PATH}:/home/youssef/fyp_ws/src/install/youbot_navigation:/home/youssef/fyp_ws/src/install/youbot_manipulation:/home/youssef/ros2_ws/install/py_srvcli:/home/youssef/ros2_ws/install/py_srv:/home/youssef/ros2_ws/install/py_pubsub:/home/youssef/ros2_ws/install/pubsub:/home/youssef/ros2_ws/install/line_follower:/home/youssef/ros2_ws/install/fake_sensors:/home/youssef/ros2_ws/install/fake:/home/youssef/ros2_ws/install/actions_py:/home/youssef/turtlebot3_ws/install/turtlebot3_teleop:/home/youssef/turtlebot3_ws/install/turtlebot3_example:/home/youssef/install/fake_sensors:/opt/ros/humble /usr/bin/cmake --install /home/youssef/fyp_ws/src/build/youbot_description
[1.066s] Level 1:colcon.colcon_core.environment:checking '/home/youssef/fyp_ws/src/install/youbot_description' for CMake module files
[1.066s] Level 1:colcon.colcon_core.environment:checking '/home/youssef/fyp_ws/src/install/youbot_description' for CMake config files
[1.068s] Level 1:colcon.colcon_core.shell:create_environment_hook('youbot_description', 'cmake_prefix_path')
[1.068s] INFO:colcon.colcon_core.shell:Creating environment hook '/home/youssef/fyp_ws/src/install/youbot_description/share/youbot_description/hook/cmake_prefix_path.ps1'
[1.069s] INFO:colcon.colcon_core.shell:Creating environment descriptor '/home/youssef/fyp_ws/src/install/youbot_description/share/youbot_description/hook/cmake_prefix_path.dsv'
[1.069s] INFO:colcon.colcon_core.shell:Creating environment hook '/home/youssef/fyp_ws/src/install/youbot_description/share/youbot_description/hook/cmake_prefix_path.sh'
[1.070s] Level 1:colcon.colcon_core.environment:checking '/home/youssef/fyp_ws/src/install/youbot_description/bin'
[1.070s] Level 1:colcon.colcon_core.environment:checking '/home/youssef/fyp_ws/src/install/youbot_description/lib/pkgconfig/youbot_description.pc'
[1.070s] Level 1:colcon.colcon_core.environment:checking '/home/youssef/fyp_ws/src/install/youbot_description/lib/python3.10/site-packages'
[1.071s] Level 1:colcon.colcon_core.environment:checking '/home/youssef/fyp_ws/src/install/youbot_description/bin'
[1.071s] INFO:colcon.colcon_core.shell:Creating package script '/home/youssef/fyp_ws/src/install/youbot_description/share/youbot_description/package.ps1'
[1.072s] INFO:colcon.colcon_core.shell:Creating package descriptor '/home/youssef/fyp_ws/src/install/youbot_description/share/youbot_description/package.dsv'
[1.072s] INFO:colcon.colcon_core.shell:Creating package script '/home/youssef/fyp_ws/src/install/youbot_description/share/youbot_description/package.sh'
[1.073s] INFO:colcon.colcon_core.shell:Creating package script '/home/youssef/fyp_ws/src/install/youbot_description/share/youbot_description/package.bash'
[1.074s] INFO:colcon.colcon_core.shell:Creating package script '/home/youssef/fyp_ws/src/install/youbot_description/share/youbot_description/package.zsh'
[1.075s] Level 1:colcon.colcon_core.environment:create_file_with_runtime_dependencies(/home/youssef/fyp_ws/src/install/youbot_description/share/colcon-core/packages/youbot_description)
[1.076s] Level 1:colcon.colcon_core.environment:create_environment_scripts_only(youbot_description)
[1.076s] Level 1:colcon.colcon_core.environment:checking '/home/youssef/fyp_ws/src/install/youbot_description' for CMake module files
[1.076s] Level 1:colcon.colcon_core.environment:checking '/home/youssef/fyp_ws/src/install/youbot_description' for CMake config files
[1.078s] Level 1:colcon.colcon_core.shell:create_environment_hook('youbot_description', 'cmake_prefix_path')
[1.078s] INFO:colcon.colcon_core.shell:Creating environment hook '/home/youssef/fyp_ws/src/install/youbot_description/share/youbot_description/hook/cmake_prefix_path.ps1'
[1.079s] INFO:colcon.colcon_core.shell:Creating environment descriptor '/home/youssef/fyp_ws/src/install/youbot_description/share/youbot_description/hook/cmake_prefix_path.dsv'
[1.080s] INFO:colcon.colcon_core.shell:Creating environment hook '/home/youssef/fyp_ws/src/install/youbot_description/share/youbot_description/hook/cmake_prefix_path.sh'
[1.080s] Level 1:colcon.colcon_core.environment:checking '/home/youssef/fyp_ws/src/install/youbot_description/bin'
[1.080s] Level 1:colcon.colcon_core.environment:checking '/home/youssef/fyp_ws/src/install/youbot_description/lib/pkgconfig/youbot_description.pc'
[1.081s] Level 1:colcon.colcon_core.environment:checking '/home/youssef/fyp_ws/src/install/youbot_description/lib/python3.10/site-packages'
[1.081s] Level 1:colcon.colcon_core.environment:checking '/home/youssef/fyp_ws/src/install/youbot_description/bin'
[1.081s] INFO:colcon.colcon_core.shell:Creating package script '/home/youssef/fyp_ws/src/install/youbot_description/share/youbot_description/package.ps1'
[1.082s] INFO:colcon.colcon_core.shell:Creating package descriptor '/home/youssef/fyp_ws/src/install/youbot_description/share/youbot_description/package.dsv'
[1.082s] INFO:colcon.colcon_core.shell:Creating package script '/home/youssef/fyp_ws/src/install/youbot_description/share/youbot_description/package.sh'
[1.083s] INFO:colcon.colcon_core.shell:Creating package script '/home/youssef/fyp_ws/src/install/youbot_description/share/youbot_description/package.bash'
[1.083s] INFO:colcon.colcon_core.shell:Creating package script '/home/youssef/fyp_ws/src/install/youbot_description/share/youbot_description/package.zsh'
[1.084s] Level 1:colcon.colcon_core.environment:create_file_with_runtime_dependencies(/home/youssef/fyp_ws/src/install/youbot_description/share/colcon-core/packages/youbot_description)
[1.495s] DEBUG:colcon.colcon_core.event_handler.log_command:Invoking command in '/home/youssef/fyp_ws/src/youbot_navigation': PYTHONPATH=/home/youssef/fyp_ws/src/build/youbot_navigation/prefix_override:/usr/lib/python3/dist-packages/colcon_core/task/python/colcon_distutils_commands:/home/youssef/fyp_ws/src/install/youbot_navigation/lib/python3.10/site-packages:${PYTHONPATH} /usr/bin/python3 -W ignore:setup.py install is deprecated -W ignore:easy_install command is deprecated setup.py egg_info --egg-base ../build/youbot_navigation build --build-base /home/youssef/fyp_ws/src/build/youbot_navigation/build install --record /home/youssef/fyp_ws/src/build/youbot_navigation/install.log --single-version-externally-managed install_data
[1.551s] DEBUG:colcon.colcon_core.event_handler.log_command:Invoking command in '/home/youssef/fyp_ws/src/youbot_manipulation': PYTHONPATH=/home/youssef/fyp_ws/src/build/youbot_manipulation/prefix_override:/usr/lib/python3/dist-packages/colcon_core/task/python/colcon_distutils_commands:/home/youssef/fyp_ws/src/install/youbot_manipulation/lib/python3.10/site-packages:${PYTHONPATH} /usr/bin/python3 -W ignore:setup.py install is deprecated -W ignore:easy_install command is deprecated setup.py egg_info --egg-base ../build/youbot_manipulation build --build-base /home/youssef/fyp_ws/src/build/youbot_manipulation/build install --record /home/youssef/fyp_ws/src/build/youbot_manipulation/install.log --single-version-externally-managed install_data
[1.919s] Level 1:colcon.colcon_core.environment:checking '/home/youssef/fyp_ws/src/install/youbot_navigation' for CMake module files
[1.919s] DEBUG:colcon.colcon_core.event_handler.log_command:Invoked command in '/home/youssef/fyp_ws/src/youbot_navigation' returned '0': PYTHONPATH=/home/youssef/fyp_ws/src/build/youbot_navigation/prefix_override:/usr/lib/python3/dist-packages/colcon_core/task/python/colcon_distutils_commands:/home/youssef/fyp_ws/src/install/youbot_navigation/lib/python3.10/site-packages:${PYTHONPATH} /usr/bin/python3 -W ignore:setup.py install is deprecated -W ignore:easy_install command is deprecated setup.py egg_info --egg-base ../build/youbot_navigation build --build-base /home/youssef/fyp_ws/src/build/youbot_navigation/build install --record /home/youssef/fyp_ws/src/build/youbot_navigation/install.log --single-version-externally-managed install_data
[1.920s] Level 1:colcon.colcon_core.environment:checking '/home/youssef/fyp_ws/src/install/youbot_navigation' for CMake config files
[1.920s] Level 1:colcon.colcon_core.environment:checking '/home/youssef/fyp_ws/src/install/youbot_navigation/lib'
[1.920s] Level 1:colcon.colcon_core.environment:checking '/home/youssef/fyp_ws/src/install/youbot_navigation/bin'
[1.921s] Level 1:colcon.colcon_core.environment:checking '/home/youssef/fyp_ws/src/install/youbot_navigation/lib/pkgconfig/youbot_navigation.pc'
[1.921s] Level 1:colcon.colcon_core.environment:checking '/home/youssef/fyp_ws/src/install/youbot_navigation/lib/python3.10/site-packages'
[1.921s] Level 1:colcon.colcon_core.shell:create_environment_hook('youbot_navigation', 'pythonpath')
[1.921s] INFO:colcon.colcon_core.shell:Creating environment hook '/home/youssef/fyp_ws/src/install/youbot_navigation/share/youbot_navigation/hook/pythonpath.ps1'
[1.922s] INFO:colcon.colcon_core.shell:Creating environment descriptor '/home/youssef/fyp_ws/src/install/youbot_navigation/share/youbot_navigation/hook/pythonpath.dsv'
[1.922s] INFO:colcon.colcon_core.shell:Creating environment hook '/home/youssef/fyp_ws/src/install/youbot_navigation/share/youbot_navigation/hook/pythonpath.sh'
[1.923s] Level 1:colcon.colcon_core.environment:checking '/home/youssef/fyp_ws/src/install/youbot_navigation/bin'
[1.923s] Level 1:colcon.colcon_core.environment:create_environment_scripts_only(youbot_navigation)
[1.923s] INFO:colcon.colcon_core.shell:Creating package script '/home/youssef/fyp_ws/src/install/youbot_navigation/share/youbot_navigation/package.ps1'
[1.924s] INFO:colcon.colcon_core.shell:Creating package descriptor '/home/youssef/fyp_ws/src/install/youbot_navigation/share/youbot_navigation/package.dsv'
[1.925s] INFO:colcon.colcon_core.shell:Creating package script '/home/youssef/fyp_ws/src/install/youbot_navigation/share/youbot_navigation/package.sh'
[1.925s] INFO:colcon.colcon_core.shell:Creating package script '/home/youssef/fyp_ws/src/install/youbot_navigation/share/youbot_navigation/package.bash'
[1.925s] INFO:colcon.colcon_core.shell:Creating package script '/home/youssef/fyp_ws/src/install/youbot_navigation/share/youbot_navigation/package.zsh'
[1.926s] Level 1:colcon.colcon_core.environment:create_file_with_runtime_dependencies(/home/youssef/fyp_ws/src/install/youbot_navigation/share/colcon-core/packages/youbot_navigation)
[1.955s] Level 1:colcon.colcon_core.environment:checking '/home/youssef/fyp_ws/src/install/youbot_manipulation' for CMake module files
[1.955s] DEBUG:colcon.colcon_core.event_handler.log_command:Invoked command in '/home/youssef/fyp_ws/src/youbot_manipulation' returned '0': PYTHONPATH=/home/youssef/fyp_ws/src/build/youbot_manipulation/prefix_override:/usr/lib/python3/dist-packages/colcon_core/task/python/colcon_distutils_commands:/home/youssef/fyp_ws/src/install/youbot_manipulation/lib/python3.10/site-packages:${PYTHONPATH} /usr/bin/python3 -W ignore:setup.py install is deprecated -W ignore:easy_install command is deprecated setup.py egg_info --egg-base ../build/youbot_manipulation build --build-base /home/youssef/fyp_ws/src/build/youbot_manipulation/build install --record /home/youssef/fyp_ws/src/build/youbot_manipulation/install.log --single-version-externally-managed install_data
[1.955s] Level 1:colcon.colcon_core.environment:checking '/home/youssef/fyp_ws/src/install/youbot_manipulation' for CMake config files
[1.956s] Level 1:colcon.colcon_core.environment:checking '/home/youssef/fyp_ws/src/install/youbot_manipulation/lib'
[1.956s] Level 1:colcon.colcon_core.environment:checking '/home/youssef/fyp_ws/src/install/youbot_manipulation/bin'
[1.956s] Level 1:colcon.colcon_core.environment:checking '/home/youssef/fyp_ws/src/install/youbot_manipulation/lib/pkgconfig/youbot_manipulation.pc'
[1.956s] Level 1:colcon.colcon_core.environment:checking '/home/youssef/fyp_ws/src/install/youbot_manipulation/lib/python3.10/site-packages'
[1.956s] Level 1:colcon.colcon_core.shell:create_environment_hook('youbot_manipulation', 'pythonpath')
[1.957s] INFO:colcon.colcon_core.shell:Creating environment hook '/home/youssef/fyp_ws/src/install/youbot_manipulation/share/youbot_manipulation/hook/pythonpath.ps1'
[1.957s] INFO:colcon.colcon_core.shell:Creating environment descriptor '/home/youssef/fyp_ws/src/install/youbot_manipulation/share/youbot_manipulation/hook/pythonpath.dsv'
[1.957s] INFO:colcon.colcon_core.shell:Creating environment hook '/home/youssef/fyp_ws/src/install/youbot_manipulation/share/youbot_manipulation/hook/pythonpath.sh'
[1.958s] Level 1:colcon.colcon_core.environment:checking '/home/youssef/fyp_ws/src/install/youbot_manipulation/bin'
[1.958s] Level 1:colcon.colcon_core.environment:create_environment_scripts_only(youbot_manipulation)
[1.958s] INFO:colcon.colcon_core.shell:Creating package script '/home/youssef/fyp_ws/src/install/youbot_manipulation/share/youbot_manipulation/package.ps1'
[1.959s] INFO:colcon.colcon_core.shell:Creating package descriptor '/home/youssef/fyp_ws/src/install/youbot_manipulation/share/youbot_manipulation/package.dsv'
[1.959s] INFO:colcon.colcon_core.shell:Creating package script '/home/youssef/fyp_ws/src/install/youbot_manipulation/share/youbot_manipulation/package.sh'
[1.959s] INFO:colcon.colcon_core.shell:Creating package script '/home/youssef/fyp_ws/src/install/youbot_manipulation/share/youbot_manipulation/package.bash'
[1.960s] INFO:colcon.colcon_core.shell:Creating package script '/home/youssef/fyp_ws/src/install/youbot_manipulation/share/youbot_manipulation/package.zsh'
[1.960s] Level 1:colcon.colcon_core.environment:create_file_with_runtime_dependencies(/home/youssef/fyp_ws/src/install/youbot_manipulation/share/colcon-core/packages/youbot_manipulation)
[1.960s] DEBUG:colcon.colcon_parallel_executor.executor.parallel:closing loop
[1.960s] DEBUG:colcon.colcon_parallel_executor.executor.parallel:loop closed
[1.961s] DEBUG:colcon.colcon_parallel_executor.executor.parallel:run_until_complete finished with '0'
[1.961s] DEBUG:colcon.colcon_core.event_reactor:joining thread
[1.966s] INFO:colcon.colcon_core.plugin_system:Skipping extension 'colcon_notification.desktop_notification.terminal_notifier': Not used on non-Darwin systems
[1.966s] INFO:colcon.colcon_core.plugin_system:Skipping extension 'colcon_notification.desktop_notification.win32': Not used on non-Windows systems
[1.966s] INFO:colcon.colcon_notification.desktop_notification:Sending desktop notification using 'notify2'
[1.975s] DEBUG:colcon.colcon_core.event_reactor:joined thread
[1.975s] INFO:colcon.colcon_core.shell:Creating prefix script '/home/youssef/fyp_ws/src/install/local_setup.ps1'
[1.976s] INFO:colcon.colcon_core.shell:Creating prefix util module '/home/youssef/fyp_ws/src/install/_local_setup_util_ps1.py'
[1.978s] INFO:colcon.colcon_core.shell:Creating prefix chain script '/home/youssef/fyp_ws/src/install/setup.ps1'
[1.980s] INFO:colcon.colcon_core.shell:Creating prefix script '/home/youssef/fyp_ws/src/install/local_setup.sh'
[1.980s] INFO:colcon.colcon_core.shell:Creating prefix util module '/home/youssef/fyp_ws/src/install/_local_setup_util_sh.py'
[1.981s] INFO:colcon.colcon_core.shell:Creating prefix chain script '/home/youssef/fyp_ws/src/install/setup.sh'
[1.983s] INFO:colcon.colcon_core.shell:Creating prefix script '/home/youssef/fyp_ws/src/install/local_setup.bash'
[1.983s] INFO:colcon.colcon_core.shell:Creating prefix chain script '/home/youssef/fyp_ws/src/install/setup.bash'
[1.985s] INFO:colcon.colcon_core.shell:Creating prefix script '/home/youssef/fyp_ws/src/install/local_setup.zsh'
[1.985s] INFO:colcon.colcon_core.shell:Creating prefix chain script '/home/youssef/fyp_ws/src/install/setup.zsh'
