[2.499s] Invoking command in '/home/youssef/fyp_ws/src/youbot_navigation': PYTHONPATH=/home/youssef/fyp_ws/src/build/youbot_navigation/prefix_override:/usr/lib/python3/dist-packages/colcon_core/task/python/colcon_distutils_commands:/home/youssef/fyp_ws/src/install/youbot_navigation/lib/python3.10/site-packages:${PYTHONPATH} /usr/bin/python3 -W ignore:setup.py install is deprecated -W ignore:easy_install command is deprecated setup.py egg_info --egg-base ../build/youbot_navigation build --build-base /home/youssef/fyp_ws/src/build/youbot_navigation/build install --record /home/youssef/fyp_ws/src/build/youbot_navigation/install.log --single-version-externally-managed install_data
[3.174s] running egg_info
[3.178s] writing ../build/youbot_navigation/youbot_navigation.egg-info/PKG-INFO
[3.179s] writing dependency_links to ../build/youbot_navigation/youbot_navigation.egg-info/dependency_links.txt
[3.179s] writing entry points to ../build/youbot_navigation/youbot_navigation.egg-info/entry_points.txt
[3.180s] writing requirements to ../build/youbot_navigation/youbot_navigation.egg-info/requires.txt
[3.180s] writing top-level names to ../build/youbot_navigation/youbot_navigation.egg-info/top_level.txt
[3.181s] reading manifest file '../build/youbot_navigation/youbot_navigation.egg-info/SOURCES.txt'
[3.182s] adding license file 'LICENSE'
[3.184s] writing manifest file '../build/youbot_navigation/youbot_navigation.egg-info/SOURCES.txt'
[3.185s] running build
[3.186s] running build_py
[3.186s] running install
[3.186s] running install_lib
[3.189s] running install_data
[3.190s] running install_egg_info
[3.195s] removing '/home/youssef/fyp_ws/src/install/youbot_navigation/lib/python3.10/site-packages/youbot_navigation-0.0.0-py3.10.egg-info' (and everything under it)
[3.196s] Copying ../build/youbot_navigation/youbot_navigation.egg-info to /home/youssef/fyp_ws/src/install/youbot_navigation/lib/python3.10/site-packages/youbot_navigation-0.0.0-py3.10.egg-info
[3.197s] running install_scripts
[3.257s] writing list of installed files to '/home/youssef/fyp_ws/src/build/youbot_navigation/install.log'
[3.317s] Invoked command in '/home/youssef/fyp_ws/src/youbot_navigation' returned '0': PYTHONPATH=/home/youssef/fyp_ws/src/build/youbot_navigation/prefix_override:/usr/lib/python3/dist-packages/colcon_core/task/python/colcon_distutils_commands:/home/youssef/fyp_ws/src/install/youbot_navigation/lib/python3.10/site-packages:${PYTHONPATH} /usr/bin/python3 -W ignore:setup.py install is deprecated -W ignore:easy_install command is deprecated setup.py egg_info --egg-base ../build/youbot_navigation build --build-base /home/youssef/fyp_ws/src/build/youbot_navigation/build install --record /home/youssef/fyp_ws/src/build/youbot_navigation/install.log --single-version-externally-managed install_data
