[2.218s] Invoking command in '/home/youssef/fyp_ws/src/build/youbot_navigation': PYTHONPATH=/home/youssef/fyp_ws/src/build/youbot_navigation/prefix_override:/usr/lib/python3/dist-packages/colcon_core/task/python/colcon_distutils_commands:/home/youssef/fyp_ws/src/install/youbot_navigation/lib/python3.10/site-packages:${PYTHONPATH} /usr/bin/python3 -W ignore:setup.py install is deprecated -W ignore:easy_install command is deprecated setup.py develop --uninstall --editable --build-directory /home/youssef/fyp_ws/src/build/youbot_navigation/build
[2.933s] running develop
[3.385s] Removing /home/youssef/fyp_ws/src/install/youbot_navigation/lib/python3.10/site-packages/youbot-navigation.egg-link (link to .)
[3.441s] Invoked command in '/home/youssef/fyp_ws/src/build/youbot_navigation' returned '0': PYTHONPATH=/home/youssef/fyp_ws/src/build/youbot_navigation/prefix_override:/usr/lib/python3/dist-packages/colcon_core/task/python/colcon_distutils_commands:/home/youssef/fyp_ws/src/install/youbot_navigation/lib/python3.10/site-packages:${PYTHONPATH} /usr/bin/python3 -W ignore:setup.py install is deprecated -W ignore:easy_install command is deprecated setup.py develop --uninstall --editable --build-directory /home/youssef/fyp_ws/src/build/youbot_navigation/build
[3.444s] Invoking command in '/home/youssef/fyp_ws/src/youbot_navigation': PYTHONPATH=/home/youssef/fyp_ws/src/build/youbot_navigation/prefix_override:/usr/lib/python3/dist-packages/colcon_core/task/python/colcon_distutils_commands:/home/youssef/fyp_ws/src/install/youbot_navigation/lib/python3.10/site-packages:${PYTHONPATH} /usr/bin/python3 -W ignore:setup.py install is deprecated -W ignore:easy_install command is deprecated setup.py egg_info --egg-base ../build/youbot_navigation build --build-base /home/youssef/fyp_ws/src/build/youbot_navigation/build install --record /home/youssef/fyp_ws/src/build/youbot_navigation/install.log --single-version-externally-managed install_data --force
[4.080s] running egg_info
[4.082s] writing ../build/youbot_navigation/youbot_navigation.egg-info/PKG-INFO
[4.083s] writing dependency_links to ../build/youbot_navigation/youbot_navigation.egg-info/dependency_links.txt
[4.083s] writing entry points to ../build/youbot_navigation/youbot_navigation.egg-info/entry_points.txt
[4.083s] writing requirements to ../build/youbot_navigation/youbot_navigation.egg-info/requires.txt
[4.084s] writing top-level names to ../build/youbot_navigation/youbot_navigation.egg-info/top_level.txt
[4.088s] reading manifest file '../build/youbot_navigation/youbot_navigation.egg-info/SOURCES.txt'
[4.088s] adding license file 'LICENSE'
[4.091s] writing manifest file '../build/youbot_navigation/youbot_navigation.egg-info/SOURCES.txt'
[4.091s] running build
[4.091s] running build_py
[4.092s] running install
[4.092s] running install_lib
[4.096s] creating /home/youssef/fyp_ws/src/install/youbot_navigation/lib/python3.10/site-packages/youbot_navigation
[4.096s] copying /home/youssef/fyp_ws/src/build/youbot_navigation/build/lib/youbot_navigation/__init__.py -> /home/youssef/fyp_ws/src/install/youbot_navigation/lib/python3.10/site-packages/youbot_navigation
[4.098s] byte-compiling /home/youssef/fyp_ws/src/install/youbot_navigation/lib/python3.10/site-packages/youbot_navigation/__init__.py to __init__.cpython-310.pyc
[4.098s] running install_data
[4.099s] copying resource/youbot_navigation -> /home/youssef/fyp_ws/src/install/youbot_navigation/share/ament_index/resource_index/packages
[4.100s] copying package.xml -> /home/youssef/fyp_ws/src/install/youbot_navigation/share/youbot_navigation
[4.100s] copying launch/navigation.launch.py -> /home/youssef/fyp_ws/src/install/youbot_navigation/share/youbot_navigation/launch
[4.100s] running install_egg_info
[4.104s] Copying ../build/youbot_navigation/youbot_navigation.egg-info to /home/youssef/fyp_ws/src/install/youbot_navigation/lib/python3.10/site-packages/youbot_navigation-0.0.0-py3.10.egg-info
[4.106s] running install_scripts
[4.169s] writing list of installed files to '/home/youssef/fyp_ws/src/build/youbot_navigation/install.log'
[4.223s] Invoked command in '/home/youssef/fyp_ws/src/youbot_navigation' returned '0': PYTHONPATH=/home/youssef/fyp_ws/src/build/youbot_navigation/prefix_override:/usr/lib/python3/dist-packages/colcon_core/task/python/colcon_distutils_commands:/home/youssef/fyp_ws/src/install/youbot_navigation/lib/python3.10/site-packages:${PYTHONPATH} /usr/bin/python3 -W ignore:setup.py install is deprecated -W ignore:easy_install command is deprecated setup.py egg_info --egg-base ../build/youbot_navigation build --build-base /home/youssef/fyp_ws/src/build/youbot_navigation/build install --record /home/youssef/fyp_ws/src/build/youbot_navigation/install.log --single-version-externally-managed install_data --force
