[1.151s] Invoking command in '/home/youssef/fyp_ws/src/youbot_perception': PYTHONPATH=/home/youssef/fyp_ws/src/build/youbot_perception/prefix_override:/usr/lib/python3/dist-packages/colcon_core/task/python/colcon_distutils_commands:/home/youssef/fyp_ws/src/install/youbot_perception/lib/python3.10/site-packages:${PYTHONPATH} /usr/bin/python3 -W ignore:setup.py install is deprecated -W ignore:easy_install command is deprecated setup.py egg_info --egg-base ../build/youbot_perception build --build-base /home/youssef/fyp_ws/src/build/youbot_perception/build install --record /home/youssef/fyp_ws/src/build/youbot_perception/install.log --single-version-externally-managed install_data
[1.417s] running egg_info
[1.417s] writing ../build/youbot_perception/youbot_perception.egg-info/PKG-INFO
[1.417s] writing dependency_links to ../build/youbot_perception/youbot_perception.egg-info/dependency_links.txt
[1.418s] writing entry points to ../build/youbot_perception/youbot_perception.egg-info/entry_points.txt
[1.418s] writing requirements to ../build/youbot_perception/youbot_perception.egg-info/requires.txt
[1.418s] writing top-level names to ../build/youbot_perception/youbot_perception.egg-info/top_level.txt
[1.420s] reading manifest file '../build/youbot_perception/youbot_perception.egg-info/SOURCES.txt'
[1.421s] writing manifest file '../build/youbot_perception/youbot_perception.egg-info/SOURCES.txt'
[1.421s] running build
[1.421s] running build_py
[1.421s] running install
[1.422s] running install_lib
[1.424s] running install_data
[1.424s] running install_egg_info
[1.426s] removing '/home/youssef/fyp_ws/src/install/youbot_perception/lib/python3.10/site-packages/youbot_perception-0.0.0-py3.10.egg-info' (and everything under it)
[1.426s] Copying ../build/youbot_perception/youbot_perception.egg-info to /home/youssef/fyp_ws/src/install/youbot_perception/lib/python3.10/site-packages/youbot_perception-0.0.0-py3.10.egg-info
[1.427s] running install_scripts
[1.449s] Installing image script to /home/youssef/fyp_ws/src/install/youbot_perception/lib/youbot_perception
[1.449s] writing list of installed files to '/home/youssef/fyp_ws/src/build/youbot_perception/install.log'
[1.466s] Invoked command in '/home/youssef/fyp_ws/src/youbot_perception' returned '0': PYTHONPATH=/home/youssef/fyp_ws/src/build/youbot_perception/prefix_override:/usr/lib/python3/dist-packages/colcon_core/task/python/colcon_distutils_commands:/home/youssef/fyp_ws/src/install/youbot_perception/lib/python3.10/site-packages:${PYTHONPATH} /usr/bin/python3 -W ignore:setup.py install is deprecated -W ignore:easy_install command is deprecated setup.py egg_info --egg-base ../build/youbot_perception build --build-base /home/youssef/fyp_ws/src/build/youbot_perception/build install --record /home/youssef/fyp_ws/src/build/youbot_perception/install.log --single-version-externally-managed install_data
