[2.648s] Invoking command in '/home/youssef/fyp_ws/src/youbot_perception': PYTHONPATH=/home/youssef/fyp_ws/src/build/youbot_perception/prefix_override:/usr/lib/python3/dist-packages/colcon_core/task/python/colcon_distutils_commands:/home/youssef/fyp_ws/src/install/youbot_perception/lib/python3.10/site-packages:${PYTHONPATH} /usr/bin/python3 -W ignore:setup.py install is deprecated -W ignore:easy_install command is deprecated setup.py egg_info --egg-base ../build/youbot_perception build --build-base /home/youssef/fyp_ws/src/build/youbot_perception/build install --record /home/youssef/fyp_ws/src/build/youbot_perception/install.log --single-version-externally-managed install_data
[3.324s] running egg_info
[3.327s] writing ../build/youbot_perception/youbot_perception.egg-info/PKG-INFO
[3.328s] writing dependency_links to ../build/youbot_perception/youbot_perception.egg-info/dependency_links.txt
[3.328s] writing entry points to ../build/youbot_perception/youbot_perception.egg-info/entry_points.txt
[3.328s] writing requirements to ../build/youbot_perception/youbot_perception.egg-info/requires.txt
[3.329s] writing top-level names to ../build/youbot_perception/youbot_perception.egg-info/top_level.txt
[3.334s] reading manifest file '../build/youbot_perception/youbot_perception.egg-info/SOURCES.txt'
[3.337s] writing manifest file '../build/youbot_perception/youbot_perception.egg-info/SOURCES.txt'
[3.338s] running build
[3.338s] running build_py
[3.338s] running install
[3.339s] running install_lib
[3.341s] running install_data
[3.341s] running install_egg_info
[3.347s] removing '/home/youssef/fyp_ws/src/install/youbot_perception/lib/python3.10/site-packages/youbot_perception-0.0.0-py3.10.egg-info' (and everything under it)
[3.348s] Copying ../build/youbot_perception/youbot_perception.egg-info to /home/youssef/fyp_ws/src/install/youbot_perception/lib/python3.10/site-packages/youbot_perception-0.0.0-py3.10.egg-info
[3.350s] running install_scripts
[3.412s] Installing image script to /home/youssef/fyp_ws/src/install/youbot_perception/lib/youbot_perception
[3.413s] writing list of installed files to '/home/youssef/fyp_ws/src/build/youbot_perception/install.log'
[3.479s] Invoked command in '/home/youssef/fyp_ws/src/youbot_perception' returned '0': PYTHONPATH=/home/youssef/fyp_ws/src/build/youbot_perception/prefix_override:/usr/lib/python3/dist-packages/colcon_core/task/python/colcon_distutils_commands:/home/youssef/fyp_ws/src/install/youbot_perception/lib/python3.10/site-packages:${PYTHONPATH} /usr/bin/python3 -W ignore:setup.py install is deprecated -W ignore:easy_install command is deprecated setup.py egg_info --egg-base ../build/youbot_perception build --build-base /home/youssef/fyp_ws/src/build/youbot_perception/build install --record /home/youssef/fyp_ws/src/build/youbot_perception/install.log --single-version-externally-managed install_data
