[2.067s] Invoking command in '/home/youssef/fyp_ws/src/build/youbot_manipulation': PYTHONPATH=/home/youssef/fyp_ws/src/build/youbot_manipulation/prefix_override:/usr/lib/python3/dist-packages/colcon_core/task/python/colcon_distutils_commands:/home/youssef/fyp_ws/src/install/youbot_manipulation/lib/python3.10/site-packages:${PYTHONPATH} /usr/bin/python3 -W ignore:setup.py install is deprecated -W ignore:easy_install command is deprecated setup.py develop --editable --build-directory /home/youssef/fyp_ws/src/build/youbot_manipulation/build --no-deps symlink_data --force
[2.474s] /home/youssef/.local/lib/python3.10/site-packages/setuptools/_distutils/dist.py:289: UserWarning: Unknown distribution option: 'tests_require'
[2.474s]   warnings.warn(msg)
[2.823s] running develop
[2.865s] Traceback (most recent call last):
[2.865s]   File "/home/youssef/fyp_ws/src/build/youbot_manipulation/setup.py", line 6, in <module>
[2.865s]     setup(
[2.866s]   File "/home/youssef/.local/lib/python3.10/site-packages/setuptools/__init__.py", line 117, in setup
[2.866s]     return distutils.core.setup(**attrs)
[2.866s]   File "/home/youssef/.local/lib/python3.10/site-packages/setuptools/_distutils/core.py", line 186, in setup
[2.866s]     return run_commands(dist)
[2.866s]   File "/home/youssef/.local/lib/python3.10/site-packages/setuptools/_distutils/core.py", line 202, in run_commands
[2.866s]     dist.run_commands()
[2.866s]   File "/home/youssef/.local/lib/python3.10/site-packages/setuptools/_distutils/dist.py", line 1002, in run_commands
[2.866s]     self.run_command(cmd)
[2.866s]   File "/home/youssef/.local/lib/python3.10/site-packages/setuptools/dist.py", line 1104, in run_command
[2.867s]     super().run_command(command)
[2.867s]   File "/home/youssef/.local/lib/python3.10/site-packages/setuptools/_distutils/dist.py", line 1020, in run_command
[2.867s]     cmd_obj.ensure_finalized()
[2.867s]   File "/home/youssef/.local/lib/python3.10/site-packages/setuptools/_distutils/cmd.py", line 135, in ensure_finalized
[2.867s]     self.finalize_options()
[2.867s]   File "/home/youssef/.local/lib/python3.10/site-packages/setuptools/command/develop.py", line 51, in finalize_options
[2.867s]     easy_install.finalize_options(self)
[2.867s]   File "/home/youssef/.local/lib/python3.10/site-packages/setuptools/command/easy_install.py", line 251, in finalize_options
[2.867s]     'dist_fullname': self.distribution.get_fullname(),
[2.867s]   File "/home/youssef/.local/lib/python3.10/site-packages/setuptools/_core_metadata.py", line 275, in get_fullname
[2.868s]     return _distribution_fullname(self.get_name(), self.get_version())
[2.868s]   File "/home/youssef/.local/lib/python3.10/site-packages/setuptools/_core_metadata.py", line 293, in _distribution_fullname
[2.868s]     canonicalize_version(version, strip_trailing_zero=False),
[2.868s] TypeError: canonicalize_version() got an unexpected keyword argument 'strip_trailing_zero'
[2.906s] Invoked command in '/home/youssef/fyp_ws/src/build/youbot_manipulation' returned '1': PYTHONPATH=/home/youssef/fyp_ws/src/build/youbot_manipulation/prefix_override:/usr/lib/python3/dist-packages/colcon_core/task/python/colcon_distutils_commands:/home/youssef/fyp_ws/src/install/youbot_manipulation/lib/python3.10/site-packages:${PYTHONPATH} /usr/bin/python3 -W ignore:setup.py install is deprecated -W ignore:easy_install command is deprecated setup.py develop --editable --build-directory /home/youssef/fyp_ws/src/build/youbot_manipulation/build --no-deps symlink_data --force
