[0.959s] Invoking command in '/home/youssef/fyp_ws/src/build/youbot_manipulation': PYTHONPATH=/home/youssef/fyp_ws/src/build/youbot_manipulation/prefix_override:/usr/lib/python3/dist-packages/colcon_core/task/python/colcon_distutils_commands:/home/youssef/fyp_ws/src/install/youbot_manipulation/lib/python3.10/site-packages:${PYTHONPATH} /usr/bin/python3 -W ignore:setup.py install is deprecated -W ignore:easy_install command is deprecated setup.py develop --uninstall --editable --build-directory /home/youssef/fyp_ws/src/build/youbot_manipulation/build
[1.178s] running develop
[1.333s] Removing /home/youssef/fyp_ws/src/install/youbot_manipulation/lib/python3.10/site-packages/youbot-manipulation.egg-link (link to .)
[1.354s] Invoked command in '/home/youssef/fyp_ws/src/build/youbot_manipulation' returned '0': PYTHONPATH=/home/youssef/fyp_ws/src/build/youbot_manipulation/prefix_override:/usr/lib/python3/dist-packages/colcon_core/task/python/colcon_distutils_commands:/home/youssef/fyp_ws/src/install/youbot_manipulation/lib/python3.10/site-packages:${PYTHONPATH} /usr/bin/python3 -W ignore:setup.py install is deprecated -W ignore:easy_install command is deprecated setup.py develop --uninstall --editable --build-directory /home/youssef/fyp_ws/src/build/youbot_manipulation/build
[1.355s] Invoking command in '/home/youssef/fyp_ws/src/youbot_manipulation': PYTHONPATH=/home/youssef/fyp_ws/src/build/youbot_manipulation/prefix_override:/usr/lib/python3/dist-packages/colcon_core/task/python/colcon_distutils_commands:/home/youssef/fyp_ws/src/install/youbot_manipulation/lib/python3.10/site-packages:${PYTHONPATH} /usr/bin/python3 -W ignore:setup.py install is deprecated -W ignore:easy_install command is deprecated setup.py egg_info --egg-base ../build/youbot_manipulation build --build-base /home/youssef/fyp_ws/src/build/youbot_manipulation/build install --record /home/youssef/fyp_ws/src/build/youbot_manipulation/install.log --single-version-externally-managed install_data --force
[1.578s] running egg_info
[1.578s] writing ../build/youbot_manipulation/youbot_manipulation.egg-info/PKG-INFO
[1.579s] writing dependency_links to ../build/youbot_manipulation/youbot_manipulation.egg-info/dependency_links.txt
[1.579s] writing entry points to ../build/youbot_manipulation/youbot_manipulation.egg-info/entry_points.txt
[1.579s] writing requirements to ../build/youbot_manipulation/youbot_manipulation.egg-info/requires.txt
[1.579s] writing top-level names to ../build/youbot_manipulation/youbot_manipulation.egg-info/top_level.txt
[1.581s] reading manifest file '../build/youbot_manipulation/youbot_manipulation.egg-info/SOURCES.txt'
[1.581s] adding license file 'LICENSE'
[1.582s] writing manifest file '../build/youbot_manipulation/youbot_manipulation.egg-info/SOURCES.txt'
[1.582s] running build
[1.582s] running build_py
[1.582s] running install
[1.583s] running install_lib
[1.584s] creating /home/youssef/fyp_ws/src/install/youbot_manipulation/lib/python3.10/site-packages/youbot_manipulation
[1.584s] copying /home/youssef/fyp_ws/src/build/youbot_manipulation/build/lib/youbot_manipulation/__init__.py -> /home/youssef/fyp_ws/src/install/youbot_manipulation/lib/python3.10/site-packages/youbot_manipulation
[1.585s] byte-compiling /home/youssef/fyp_ws/src/install/youbot_manipulation/lib/python3.10/site-packages/youbot_manipulation/__init__.py to __init__.cpython-310.pyc
[1.585s] running install_data
[1.585s] copying resource/youbot_manipulation -> /home/youssef/fyp_ws/src/install/youbot_manipulation/share/ament_index/resource_index/packages
[1.585s] copying package.xml -> /home/youssef/fyp_ws/src/install/youbot_manipulation/share/youbot_manipulation
[1.585s] copying launch/manipulation.launch.py -> /home/youssef/fyp_ws/src/install/youbot_manipulation/share/youbot_manipulation/launch
[1.585s] running install_egg_info
[1.588s] Copying ../build/youbot_manipulation/youbot_manipulation.egg-info to /home/youssef/fyp_ws/src/install/youbot_manipulation/lib/python3.10/site-packages/youbot_manipulation-0.0.0-py3.10.egg-info
[1.589s] running install_scripts
[1.608s] writing list of installed files to '/home/youssef/fyp_ws/src/build/youbot_manipulation/install.log'
[1.624s] Invoked command in '/home/youssef/fyp_ws/src/youbot_manipulation' returned '0': PYTHONPATH=/home/youssef/fyp_ws/src/build/youbot_manipulation/prefix_override:/usr/lib/python3/dist-packages/colcon_core/task/python/colcon_distutils_commands:/home/youssef/fyp_ws/src/install/youbot_manipulation/lib/python3.10/site-packages:${PYTHONPATH} /usr/bin/python3 -W ignore:setup.py install is deprecated -W ignore:easy_install command is deprecated setup.py egg_info --egg-base ../build/youbot_manipulation build --build-base /home/youssef/fyp_ws/src/build/youbot_manipulation/build install --record /home/youssef/fyp_ws/src/build/youbot_manipulation/install.log --single-version-externally-managed install_data --force
