[0.462s] Invoking command in '/home/youssef/fyp_ws/src/youbot_navigation': PYTHONPATH=/home/youssef/fyp_ws/src/youbot_navigation/build/youbot_navigation/prefix_override:/usr/lib/python3/dist-packages/colcon_core/task/python/colcon_distutils_commands:/home/youssef/fyp_ws/src/youbot_navigation/install/youbot_navigation/lib/python3.10/site-packages:${PYTHONPATH} /usr/bin/python3 -W ignore:setup.py install is deprecated -W ignore:easy_install command is deprecated setup.py egg_info --egg-base build/youbot_navigation build --build-base /home/youssef/fyp_ws/src/youbot_navigation/build/youbot_navigation/build install --record /home/youssef/fyp_ws/src/youbot_navigation/build/youbot_navigation/install.log --single-version-externally-managed install_data
[0.642s] running egg_info
[0.642s] creating build/youbot_navigation/youbot_navigation.egg-info
[0.642s] writing build/youbot_navigation/youbot_navigation.egg-info/PKG-INFO
[0.642s] writing dependency_links to build/youbot_navigation/youbot_navigation.egg-info/dependency_links.txt
[0.642s] writing entry points to build/youbot_navigation/youbot_navigation.egg-info/entry_points.txt
[0.643s] writing requirements to build/youbot_navigation/youbot_navigation.egg-info/requires.txt
[0.643s] writing top-level names to build/youbot_navigation/youbot_navigation.egg-info/top_level.txt
[0.643s] writing manifest file 'build/youbot_navigation/youbot_navigation.egg-info/SOURCES.txt'
[0.644s] reading manifest file 'build/youbot_navigation/youbot_navigation.egg-info/SOURCES.txt'
[0.644s] adding license file 'LICENSE'
[0.644s] writing manifest file 'build/youbot_navigation/youbot_navigation.egg-info/SOURCES.txt'
[0.644s] running build
[0.644s] running build_py
[0.644s] creating /home/youssef/fyp_ws/src/youbot_navigation/build/youbot_navigation/build
[0.644s] creating /home/youssef/fyp_ws/src/youbot_navigation/build/youbot_navigation/build/lib
[0.644s] creating /home/youssef/fyp_ws/src/youbot_navigation/build/youbot_navigation/build/lib/youbot_navigation
[0.644s] copying youbot_navigation/__init__.py -> /home/youssef/fyp_ws/src/youbot_navigation/build/youbot_navigation/build/lib/youbot_navigation
[0.644s] running install
[0.645s] running install_lib
[0.645s] creating /home/youssef/fyp_ws/src/youbot_navigation/install/youbot_navigation/lib/python3.10/site-packages/youbot_navigation
[0.645s] copying /home/youssef/fyp_ws/src/youbot_navigation/build/youbot_navigation/build/lib/youbot_navigation/__init__.py -> /home/youssef/fyp_ws/src/youbot_navigation/install/youbot_navigation/lib/python3.10/site-packages/youbot_navigation
[0.646s] byte-compiling /home/youssef/fyp_ws/src/youbot_navigation/install/youbot_navigation/lib/python3.10/site-packages/youbot_navigation/__init__.py to __init__.cpython-310.pyc
[0.646s] running install_data
[0.646s] creating /home/youssef/fyp_ws/src/youbot_navigation/install/youbot_navigation/share/ament_index
[0.646s] creating /home/youssef/fyp_ws/src/youbot_navigation/install/youbot_navigation/share/ament_index/resource_index
[0.646s] creating /home/youssef/fyp_ws/src/youbot_navigation/install/youbot_navigation/share/ament_index/resource_index/packages
[0.646s] copying resource/youbot_navigation -> /home/youssef/fyp_ws/src/youbot_navigation/install/youbot_navigation/share/ament_index/resource_index/packages
[0.646s] copying package.xml -> /home/youssef/fyp_ws/src/youbot_navigation/install/youbot_navigation/share/youbot_navigation
[0.646s] running install_egg_info
[0.647s] Copying build/youbot_navigation/youbot_navigation.egg-info to /home/youssef/fyp_ws/src/youbot_navigation/install/youbot_navigation/lib/python3.10/site-packages/youbot_navigation-0.0.0-py3.10.egg-info
[0.648s] running install_scripts
[0.663s] writing list of installed files to '/home/youssef/fyp_ws/src/youbot_navigation/build/youbot_navigation/install.log'
[0.678s] Invoked command in '/home/youssef/fyp_ws/src/youbot_navigation' returned '0': PYTHONPATH=/home/youssef/fyp_ws/src/youbot_navigation/build/youbot_navigation/prefix_override:/usr/lib/python3/dist-packages/colcon_core/task/python/colcon_distutils_commands:/home/youssef/fyp_ws/src/youbot_navigation/install/youbot_navigation/lib/python3.10/site-packages:${PYTHONPATH} /usr/bin/python3 -W ignore:setup.py install is deprecated -W ignore:easy_install command is deprecated setup.py egg_info --egg-base build/youbot_navigation build --build-base /home/youssef/fyp_ws/src/youbot_navigation/build/youbot_navigation/build install --record /home/youssef/fyp_ws/src/youbot_navigation/build/youbot_navigation/install.log --single-version-externally-managed install_data
