[1.087s] Invoking command in '/home/youssef/fyp_ws/src/build/youbot_manipulation': PYTHONPATH=/home/youssef/fyp_ws/src/build/youbot_manipulation/prefix_override:/usr/lib/python3/dist-packages/colcon_core/task/python/colcon_distutils_commands:/home/youssef/fyp_ws/src/install/youbot_manipulation/lib/python3.10/site-packages:${PYTHONPATH} /usr/bin/python3 -W ignore:setup.py install is deprecated -W ignore:easy_install command is deprecated setup.py develop --uninstall --editable --build-directory /home/youssef/fyp_ws/src/build/youbot_manipulation/build
[1.395s] running develop
[1.602s] Removing /home/youssef/fyp_ws/src/install/youbot_manipulation/lib/python3.10/site-packages/youbot-manipulation.egg-link (link to .)
[1.626s] Invoked command in '/home/youssef/fyp_ws/src/build/youbot_manipulation' returned '0': PYTHONPATH=/home/youssef/fyp_ws/src/build/youbot_manipulation/prefix_override:/usr/lib/python3/dist-packages/colcon_core/task/python/colcon_distutils_commands:/home/youssef/fyp_ws/src/install/youbot_manipulation/lib/python3.10/site-packages:${PYTHONPATH} /usr/bin/python3 -W ignore:setup.py install is deprecated -W ignore:easy_install command is deprecated setup.py develop --uninstall --editable --build-directory /home/youssef/fyp_ws/src/build/youbot_manipulation/build
[1.628s] Invoking command in '/home/youssef/fyp_ws/src/youbot_manipulation': PYTHONPATH=/home/youssef/fyp_ws/src/build/youbot_manipulation/prefix_override:/usr/lib/python3/dist-packages/colcon_core/task/python/colcon_distutils_commands:/home/youssef/fyp_ws/src/install/youbot_manipulation/lib/python3.10/site-packages:${PYTHONPATH} /usr/bin/python3 -W ignore:setup.py install is deprecated -W ignore:easy_install command is deprecated setup.py egg_info --egg-base ../build/youbot_manipulation build --build-base /home/youssef/fyp_ws/src/build/youbot_manipulation/build install --record /home/youssef/fyp_ws/src/build/youbot_manipulation/install.log --single-version-externally-managed install_data --force
[1.898s] running egg_info
[1.899s] writing ../build/youbot_manipulation/youbot_manipulation.egg-info/PKG-INFO
[1.899s] writing dependency_links to ../build/youbot_manipulation/youbot_manipulation.egg-info/dependency_links.txt
[1.899s] writing entry points to ../build/youbot_manipulation/youbot_manipulation.egg-info/entry_points.txt
[1.900s] writing requirements to ../build/youbot_manipulation/youbot_manipulation.egg-info/requires.txt
[1.900s] writing top-level names to ../build/youbot_manipulation/youbot_manipulation.egg-info/top_level.txt
[1.903s] reading manifest file '../build/youbot_manipulation/youbot_manipulation.egg-info/SOURCES.txt'
[1.903s] adding license file 'LICENSE'
[1.904s] writing manifest file '../build/youbot_manipulation/youbot_manipulation.egg-info/SOURCES.txt'
[1.904s] running build
[1.904s] running build_py
[1.905s] running install
[1.905s] running install_lib
[1.906s] creating /home/youssef/fyp_ws/src/install/youbot_manipulation/lib/python3.10/site-packages/youbot_manipulation
[1.907s] copying /home/youssef/fyp_ws/src/build/youbot_manipulation/build/lib/youbot_manipulation/__init__.py -> /home/youssef/fyp_ws/src/install/youbot_manipulation/lib/python3.10/site-packages/youbot_manipulation
[1.908s] byte-compiling /home/youssef/fyp_ws/src/install/youbot_manipulation/lib/python3.10/site-packages/youbot_manipulation/__init__.py to __init__.cpython-310.pyc
[1.909s] running install_data
[1.909s] copying resource/youbot_manipulation -> /home/youssef/fyp_ws/src/install/youbot_manipulation/share/ament_index/resource_index/packages
[1.909s] copying package.xml -> /home/youssef/fyp_ws/src/install/youbot_manipulation/share/youbot_manipulation
[1.909s] copying launch/manipulation.launch.py -> /home/youssef/fyp_ws/src/install/youbot_manipulation/share/youbot_manipulation/launch
[1.909s] running install_egg_info
[1.911s] Copying ../build/youbot_manipulation/youbot_manipulation.egg-info to /home/youssef/fyp_ws/src/install/youbot_manipulation/lib/python3.10/site-packages/youbot_manipulation-0.0.0-py3.10.egg-info
[1.913s] running install_scripts
[1.933s] writing list of installed files to '/home/youssef/fyp_ws/src/build/youbot_manipulation/install.log'
[1.949s] Invoked command in '/home/youssef/fyp_ws/src/youbot_manipulation' returned '0': PYTHONPATH=/home/youssef/fyp_ws/src/build/youbot_manipulation/prefix_override:/usr/lib/python3/dist-packages/colcon_core/task/python/colcon_distutils_commands:/home/youssef/fyp_ws/src/install/youbot_manipulation/lib/python3.10/site-packages:${PYTHONPATH} /usr/bin/python3 -W ignore:setup.py install is deprecated -W ignore:easy_install command is deprecated setup.py egg_info --egg-base ../build/youbot_manipulation build --build-base /home/youssef/fyp_ws/src/build/youbot_manipulation/build install --record /home/youssef/fyp_ws/src/build/youbot_manipulation/install.log --single-version-externally-managed install_data --force
