[1.703s] Invoking command in '/home/youssef/fyp_ws/src/youbot_manipulation': PYTHONPATH=/home/youssef/fyp_ws/src/build/youbot_manipulation/prefix_override:/usr/lib/python3/dist-packages/colcon_core/task/python/colcon_distutils_commands:/home/youssef/fyp_ws/src/install/youbot_manipulation/lib/python3.10/site-packages:${PYTHONPATH} /usr/bin/python3 -W ignore:setup.py install is deprecated -W ignore:easy_install command is deprecated setup.py egg_info --egg-base ../build/youbot_manipulation build --build-base /home/youssef/fyp_ws/src/build/youbot_manipulation/build install --record /home/youssef/fyp_ws/src/build/youbot_manipulation/install.log --single-version-externally-managed install_data
[2.238s] running egg_info
[2.240s] writing ../build/youbot_manipulation/youbot_manipulation.egg-info/PKG-INFO
[2.240s] writing dependency_links to ../build/youbot_manipulation/youbot_manipulation.egg-info/dependency_links.txt
[2.241s] writing entry points to ../build/youbot_manipulation/youbot_manipulation.egg-info/entry_points.txt
[2.241s] writing requirements to ../build/youbot_manipulation/youbot_manipulation.egg-info/requires.txt
[2.241s] writing top-level names to ../build/youbot_manipulation/youbot_manipulation.egg-info/top_level.txt
[2.244s] reading manifest file '../build/youbot_manipulation/youbot_manipulation.egg-info/SOURCES.txt'
[2.244s] adding license file 'LICENSE'
[2.245s] writing manifest file '../build/youbot_manipulation/youbot_manipulation.egg-info/SOURCES.txt'
[2.246s] running build
[2.246s] running build_py
[2.246s] running install
[2.247s] running install_lib
[2.249s] running install_data
[2.250s] running install_egg_info
[2.253s] removing '/home/youssef/fyp_ws/src/install/youbot_manipulation/lib/python3.10/site-packages/youbot_manipulation-0.0.0-py3.10.egg-info' (and everything under it)
[2.254s] Copying ../build/youbot_manipulation/youbot_manipulation.egg-info to /home/youssef/fyp_ws/src/install/youbot_manipulation/lib/python3.10/site-packages/youbot_manipulation-0.0.0-py3.10.egg-info
[2.256s] running install_scripts
[2.311s] writing list of installed files to '/home/youssef/fyp_ws/src/build/youbot_manipulation/install.log'
[2.360s] Invoked command in '/home/youssef/fyp_ws/src/youbot_manipulation' returned '0': PYTHONPATH=/home/youssef/fyp_ws/src/build/youbot_manipulation/prefix_override:/usr/lib/python3/dist-packages/colcon_core/task/python/colcon_distutils_commands:/home/youssef/fyp_ws/src/install/youbot_manipulation/lib/python3.10/site-packages:${PYTHONPATH} /usr/bin/python3 -W ignore:setup.py install is deprecated -W ignore:easy_install command is deprecated setup.py egg_info --egg-base ../build/youbot_manipulation build --build-base /home/youssef/fyp_ws/src/build/youbot_manipulation/build install --record /home/youssef/fyp_ws/src/build/youbot_manipulation/install.log --single-version-externally-managed install_data
