[1.167s] Invoking command in '/home/youssef/fyp_ws/src/youbot_navigation': PYTHONPATH=/home/youssef/fyp_ws/src/build/youbot_navigation/prefix_override:/usr/lib/python3/dist-packages/colcon_core/task/python/colcon_distutils_commands:/home/youssef/fyp_ws/src/install/youbot_navigation/lib/python3.10/site-packages:${PYTHONPATH} /usr/bin/python3 -W ignore:setup.py install is deprecated -W ignore:easy_install command is deprecated setup.py egg_info --egg-base ../build/youbot_navigation build --build-base /home/youssef/fyp_ws/src/build/youbot_navigation/build install --record /home/youssef/fyp_ws/src/build/youbot_navigation/install.log --single-version-externally-managed install_data
[1.369s] /home/youssef/.local/lib/python3.10/site-packages/setuptools/_distutils/dist.py:289: UserWarning: Unknown distribution option: 'tests_require'
[1.369s]   warnings.warn(msg)
[1.487s] running egg_info
[1.507s] writing ../build/youbot_navigation/youbot_navigation.egg-info/PKG-INFO
[1.507s] writing dependency_links to ../build/youbot_navigation/youbot_navigation.egg-info/dependency_links.txt
[1.508s] writing requirements to ../build/youbot_navigation/youbot_navigation.egg-info/requires.txt
[1.508s] writing top-level names to ../build/youbot_navigation/youbot_navigation.egg-info/top_level.txt
[1.553s] reading manifest file '../build/youbot_navigation/youbot_navigation.egg-info/SOURCES.txt'
[1.554s] adding license file 'LICENSE'
[1.554s] Traceback (most recent call last):
[1.554s]   File "/home/youssef/fyp_ws/src/youbot_navigation/setup.py", line 30, in <module>
[1.554s]     setup(
[1.554s]   File "/home/youssef/.local/lib/python3.10/site-packages/setuptools/__init__.py", line 115, in setup
[1.554s]     return distutils.core.setup(**attrs)
[1.554s]   File "/home/youssef/.local/lib/python3.10/site-packages/setuptools/_distutils/core.py", line 186, in setup
[1.554s]     return run_commands(dist)
[1.554s]   File "/home/youssef/.local/lib/python3.10/site-packages/setuptools/_distutils/core.py", line 202, in run_commands
[1.554s]     dist.run_commands()
[1.554s]   File "/home/youssef/.local/lib/python3.10/site-packages/setuptools/_distutils/dist.py", line 1002, in run_commands
[1.554s]     self.run_command(cmd)
[1.554s]   File "/home/youssef/.local/lib/python3.10/site-packages/setuptools/dist.py", line 1102, in run_command
[1.554s]     super().run_command(command)
[1.554s]   File "/home/youssef/.local/lib/python3.10/site-packages/setuptools/_distutils/dist.py", line 1021, in run_command
[1.554s]     cmd_obj.run()
[1.555s]   File "/home/youssef/.local/lib/python3.10/site-packages/setuptools/command/egg_info.py", line 312, in run
[1.555s]     self.find_sources()
[1.555s]   File "/home/youssef/.local/lib/python3.10/site-packages/setuptools/command/egg_info.py", line 320, in find_sources
[1.555s]     mm.run()
[1.555s]   File "/home/youssef/.local/lib/python3.10/site-packages/setuptools/command/egg_info.py", line 548, in run
[1.555s]     self.prune_file_list()
[1.555s]   File "/home/youssef/.local/lib/python3.10/site-packages/setuptools/command/sdist.py", line 162, in prune_file_list
[1.555s]     super().prune_file_list()
[1.555s]   File "/home/youssef/.local/lib/python3.10/site-packages/setuptools/_distutils/command/sdist.py", line 386, in prune_file_list
[1.555s]     base_dir = self.distribution.get_fullname()
[1.555s]   File "/home/youssef/.local/lib/python3.10/site-packages/setuptools/_core_metadata.py", line 275, in get_fullname
[1.555s]     return _distribution_fullname(self.get_name(), self.get_version())
[1.555s]   File "/home/youssef/.local/lib/python3.10/site-packages/setuptools/_core_metadata.py", line 293, in _distribution_fullname
[1.555s]     canonicalize_version(version, strip_trailing_zero=False),
[1.555s] TypeError: canonicalize_version() got an unexpected keyword argument 'strip_trailing_zero'
