[0.822s] Invoking command in '/home/youssef/fyp_ws/src/build/youbot_navigation': PYTHONPATH=/home/youssef/fyp_ws/src/build/youbot_navigation/prefix_override:/usr/lib/python3/dist-packages/colcon_core/task/python/colcon_distutils_commands:/home/youssef/fyp_ws/src/install/youbot_navigation/lib/python3.10/site-packages:${PYTHONPATH} /usr/bin/python3 -W ignore:setup.py install is deprecated -W ignore:easy_install command is deprecated setup.py develop --uninstall --editable --build-directory /home/youssef/fyp_ws/src/build/youbot_navigation/build
[1.067s] running develop
[1.229s] Removing /home/youssef/fyp_ws/src/install/youbot_navigation/lib/python3.10/site-packages/youbot-navigation.egg-link (link to .)
[1.249s] Invoked command in '/home/youssef/fyp_ws/src/build/youbot_navigation' returned '0': PYTHONPATH=/home/youssef/fyp_ws/src/build/youbot_navigation/prefix_override:/usr/lib/python3/dist-packages/colcon_core/task/python/colcon_distutils_commands:/home/youssef/fyp_ws/src/install/youbot_navigation/lib/python3.10/site-packages:${PYTHONPATH} /usr/bin/python3 -W ignore:setup.py install is deprecated -W ignore:easy_install command is deprecated setup.py develop --uninstall --editable --build-directory /home/youssef/fyp_ws/src/build/youbot_navigation/build
[1.250s] Invoking command in '/home/youssef/fyp_ws/src/youbot_navigation': PYTHONPATH=/home/youssef/fyp_ws/src/build/youbot_navigation/prefix_override:/usr/lib/python3/dist-packages/colcon_core/task/python/colcon_distutils_commands:/home/youssef/fyp_ws/src/install/youbot_navigation/lib/python3.10/site-packages:${PYTHONPATH} /usr/bin/python3 -W ignore:setup.py install is deprecated -W ignore:easy_install command is deprecated setup.py egg_info --egg-base ../build/youbot_navigation build --build-base /home/youssef/fyp_ws/src/build/youbot_navigation/build install --record /home/youssef/fyp_ws/src/build/youbot_navigation/install.log --single-version-externally-managed install_data --force
[1.472s] running egg_info
[1.473s] writing ../build/youbot_navigation/youbot_navigation.egg-info/PKG-INFO
[1.473s] writing dependency_links to ../build/youbot_navigation/youbot_navigation.egg-info/dependency_links.txt
[1.473s] writing entry points to ../build/youbot_navigation/youbot_navigation.egg-info/entry_points.txt
[1.473s] writing requirements to ../build/youbot_navigation/youbot_navigation.egg-info/requires.txt
[1.473s] writing top-level names to ../build/youbot_navigation/youbot_navigation.egg-info/top_level.txt
[1.475s] reading manifest file '../build/youbot_navigation/youbot_navigation.egg-info/SOURCES.txt'
[1.475s] adding license file 'LICENSE'
[1.476s] writing manifest file '../build/youbot_navigation/youbot_navigation.egg-info/SOURCES.txt'
[1.476s] running build
[1.476s] running build_py
[1.476s] running install
[1.476s] running install_lib
[1.477s] creating /home/youssef/fyp_ws/src/install/youbot_navigation/lib/python3.10/site-packages/youbot_navigation
[1.477s] copying /home/youssef/fyp_ws/src/build/youbot_navigation/build/lib/youbot_navigation/__init__.py -> /home/youssef/fyp_ws/src/install/youbot_navigation/lib/python3.10/site-packages/youbot_navigation
[1.478s] byte-compiling /home/youssef/fyp_ws/src/install/youbot_navigation/lib/python3.10/site-packages/youbot_navigation/__init__.py to __init__.cpython-310.pyc
[1.478s] running install_data
[1.478s] copying resource/youbot_navigation -> /home/youssef/fyp_ws/src/install/youbot_navigation/share/ament_index/resource_index/packages
[1.478s] copying package.xml -> /home/youssef/fyp_ws/src/install/youbot_navigation/share/youbot_navigation
[1.478s] copying launch/navigation.launch.py -> /home/youssef/fyp_ws/src/install/youbot_navigation/share/youbot_navigation/launch
[1.478s] running install_egg_info
[1.480s] Copying ../build/youbot_navigation/youbot_navigation.egg-info to /home/youssef/fyp_ws/src/install/youbot_navigation/lib/python3.10/site-packages/youbot_navigation-0.0.0-py3.10.egg-info
[1.481s] running install_scripts
[1.500s] writing list of installed files to '/home/youssef/fyp_ws/src/build/youbot_navigation/install.log'
[1.520s] Invoked command in '/home/youssef/fyp_ws/src/youbot_navigation' returned '0': PYTHONPATH=/home/youssef/fyp_ws/src/build/youbot_navigation/prefix_override:/usr/lib/python3/dist-packages/colcon_core/task/python/colcon_distutils_commands:/home/youssef/fyp_ws/src/install/youbot_navigation/lib/python3.10/site-packages:${PYTHONPATH} /usr/bin/python3 -W ignore:setup.py install is deprecated -W ignore:easy_install command is deprecated setup.py egg_info --egg-base ../build/youbot_navigation build --build-base /home/youssef/fyp_ws/src/build/youbot_navigation/build install --record /home/youssef/fyp_ws/src/build/youbot_navigation/install.log --single-version-externally-managed install_data --force
