[0.460s] Invoking command in '/home/youssef/fyp_ws/src/youbot_navigation': PYTHONPATH=/home/youssef/fyp_ws/src/build/youbot_navigation/prefix_override:/usr/lib/python3/dist-packages/colcon_core/task/python/colcon_distutils_commands:/home/youssef/fyp_ws/src/install/youbot_navigation/lib/python3.10/site-packages:${PYTHONPATH} /usr/bin/python3 -W ignore:setup.py install is deprecated -W ignore:easy_install command is deprecated setup.py egg_info --egg-base ../build/youbot_navigation build --build-base /home/youssef/fyp_ws/src/build/youbot_navigation/build install --record /home/youssef/fyp_ws/src/build/youbot_navigation/install.log --single-version-externally-managed install_data
[0.632s] running egg_info
[0.632s] writing ../build/youbot_navigation/youbot_navigation.egg-info/PKG-INFO
[0.632s] writing dependency_links to ../build/youbot_navigation/youbot_navigation.egg-info/dependency_links.txt
[0.632s] writing entry points to ../build/youbot_navigation/youbot_navigation.egg-info/entry_points.txt
[0.632s] writing requirements to ../build/youbot_navigation/youbot_navigation.egg-info/requires.txt
[0.632s] writing top-level names to ../build/youbot_navigation/youbot_navigation.egg-info/top_level.txt
[0.633s] reading manifest file '../build/youbot_navigation/youbot_navigation.egg-info/SOURCES.txt'
[0.633s] adding license file 'LICENSE'
[0.634s] writing manifest file '../build/youbot_navigation/youbot_navigation.egg-info/SOURCES.txt'
[0.634s] running build
[0.634s] running build_py
[0.634s] running install
[0.634s] running install_lib
[0.635s] running install_data
[0.635s] copying package.xml -> /home/youssef/fyp_ws/src/install/youbot_navigation/share/youbot_navigation
[0.635s] copying launch/navigation.launch.py -> /home/youssef/fyp_ws/src/install/youbot_navigation/share/youbot_navigation/launch
[0.635s] copying launch/slam.launch.py -> /home/youssef/fyp_ws/src/install/youbot_navigation/share/youbot_navigation/launch
[0.636s] copying launch/localization.launch.py -> /home/youssef/fyp_ws/src/install/youbot_navigation/share/youbot_navigation/launch
[0.636s] copying launch/nav2.launch.py -> /home/youssef/fyp_ws/src/install/youbot_navigation/share/youbot_navigation/launch
[0.636s] copying config/nav2_params.yaml -> /home/youssef/fyp_ws/src/install/youbot_navigation/share/youbot_navigation/config
[0.636s] copying config/mapper_params_online_async.yaml -> /home/youssef/fyp_ws/src/install/youbot_navigation/share/youbot_navigation/config
[0.636s] copying config/slam_toolbox_params.yaml -> /home/youssef/fyp_ws/src/install/youbot_navigation/share/youbot_navigation/config
[0.636s] creating /home/youssef/fyp_ws/src/install/youbot_navigation/share/youbot_navigation/rviz
[0.636s] copying rviz/nav2.rviz -> /home/youssef/fyp_ws/src/install/youbot_navigation/share/youbot_navigation/rviz
[0.636s] running install_egg_info
[0.637s] removing '/home/youssef/fyp_ws/src/install/youbot_navigation/lib/python3.10/site-packages/youbot_navigation-0.0.0-py3.10.egg-info' (and everything under it)
[0.637s] Copying ../build/youbot_navigation/youbot_navigation.egg-info to /home/youssef/fyp_ws/src/install/youbot_navigation/lib/python3.10/site-packages/youbot_navigation-0.0.0-py3.10.egg-info
[0.638s] running install_scripts
[0.653s] writing list of installed files to '/home/youssef/fyp_ws/src/build/youbot_navigation/install.log'
[0.667s] Invoked command in '/home/youssef/fyp_ws/src/youbot_navigation' returned '0': PYTHONPATH=/home/youssef/fyp_ws/src/build/youbot_navigation/prefix_override:/usr/lib/python3/dist-packages/colcon_core/task/python/colcon_distutils_commands:/home/youssef/fyp_ws/src/install/youbot_navigation/lib/python3.10/site-packages:${PYTHONPATH} /usr/bin/python3 -W ignore:setup.py install is deprecated -W ignore:easy_install command is deprecated setup.py egg_info --egg-base ../build/youbot_navigation build --build-base /home/youssef/fyp_ws/src/build/youbot_navigation/build install --record /home/youssef/fyp_ws/src/build/youbot_navigation/install.log --single-version-externally-managed install_data
