[0.171s] DEBUG:colcon:Command line arguments: ['/usr/bin/colcon', 'build']
[0.171s] DEBUG:colcon:Parsed command line arguments: Namespace(log_base=None, log_level=None, verb_name='build', build_base='build', install_base='install', merge_install=False, symlink_install=False, test_result_base=None, continue_on_error=False, executor='parallel', parallel_workers=8, event_handlers=None, ignore_user_meta=False, metas=['./colcon.meta'], base_paths=['.'], packages_ignore=None, packages_ignore_regex=None, paths=None, packages_up_to=None, packages_up_to_regex=None, packages_above=None, packages_above_and_dependencies=None, packages_above_depth=None, packages_select_by_dep=None, packages_skip_by_dep=None, packages_skip_up_to=None, packages_select_build_failed=False, packages_skip_build_finished=False, packages_select_test_failures=False, packages_skip_test_passed=False, packages_select=None, packages_skip=None, packages_select_regex=None, packages_skip_regex=None, packages_start=None, packages_end=None, allow_overriding=[], cmake_args=None, cmake_target=None, cmake_target_skip_unavailable=False, cmake_clean_cache=False, cmake_clean_first=False, cmake_force_configure=False, ament_cmake_args=None, catkin_cmake_args=None, catkin_skip_building_tests=False, mixin_files=None, mixin=None, verb_parser=<colcon_mixin.mixin.mixin_argument.MixinArgumentDecorator object at 0x70c783682b00>, verb_extension=<colcon_core.verb.build.BuildVerb object at 0x70c783682470>, main=<bound method BuildVerb.main of <colcon_core.verb.build.BuildVerb object at 0x70c783682470>>, mixin_verb=('build',))
[0.365s] Level 1:colcon.colcon_core.package_discovery:discover_packages(colcon_meta) check parameters
[0.365s] Level 1:colcon.colcon_core.package_discovery:discover_packages(recursive) check parameters
[0.365s] Level 1:colcon.colcon_core.package_discovery:discover_packages(ignore) check parameters
[0.365s] Level 1:colcon.colcon_core.package_discovery:discover_packages(path) check parameters
[0.365s] Level 1:colcon.colcon_core.package_discovery:discover_packages(colcon_meta) discover
[0.365s] Level 1:colcon.colcon_core.package_discovery:discover_packages(recursive) discover
[0.365s] INFO:colcon.colcon_core.package_discovery:Crawling recursively for packages in '/home/youssef/fyp_ws/src'
[0.365s] Level 1:colcon.colcon_core.package_identification:_identify(.) by extensions ['ignore', 'ignore_ament_install']
[0.365s] Level 1:colcon.colcon_core.package_identification:_identify(.) by extension 'ignore'
[0.365s] Level 1:colcon.colcon_core.package_identification:_identify(.) by extension 'ignore_ament_install'
[0.366s] Level 1:colcon.colcon_core.package_identification:_identify(.) by extensions ['colcon_pkg']
[0.366s] Level 1:colcon.colcon_core.package_identification:_identify(.) by extension 'colcon_pkg'
[0.366s] Level 1:colcon.colcon_core.package_identification:_identify(.) by extensions ['colcon_meta']
[0.366s] Level 1:colcon.colcon_core.package_identification:_identify(.) by extension 'colcon_meta'
[0.366s] Level 1:colcon.colcon_core.package_identification:_identify(.) by extensions ['ros']
[0.366s] Level 1:colcon.colcon_core.package_identification:_identify(.) by extension 'ros'
[0.383s] Level 1:colcon.colcon_core.package_identification:_identify(.) by extensions ['cmake', 'python']
[0.383s] Level 1:colcon.colcon_core.package_identification:_identify(.) by extension 'cmake'
[0.383s] Level 1:colcon.colcon_core.package_identification:_identify(.) by extension 'python'
[0.383s] Level 1:colcon.colcon_core.package_identification:_identify(.) by extensions ['python_setup_py']
[0.383s] Level 1:colcon.colcon_core.package_identification:_identify(.) by extension 'python_setup_py'
[0.383s] Level 1:colcon.colcon_core.package_identification:_identify(build) by extensions ['ignore', 'ignore_ament_install']
[0.383s] Level 1:colcon.colcon_core.package_identification:_identify(build) by extension 'ignore'
[0.383s] Level 1:colcon.colcon_core.package_identification:_identify(build) ignored
[0.384s] Level 1:colcon.colcon_core.package_identification:_identify(install) by extensions ['ignore', 'ignore_ament_install']
[0.384s] Level 1:colcon.colcon_core.package_identification:_identify(install) by extension 'ignore'
[0.384s] Level 1:colcon.colcon_core.package_identification:_identify(install) ignored
[0.384s] Level 1:colcon.colcon_core.package_identification:_identify(log) by extensions ['ignore', 'ignore_ament_install']
[0.384s] Level 1:colcon.colcon_core.package_identification:_identify(log) by extension 'ignore'
[0.384s] Level 1:colcon.colcon_core.package_identification:_identify(log) ignored
[0.384s] Level 1:colcon.colcon_core.package_identification:_identify(youbot_description) by extensions ['ignore', 'ignore_ament_install']
[0.384s] Level 1:colcon.colcon_core.package_identification:_identify(youbot_description) by extension 'ignore'
[0.384s] Level 1:colcon.colcon_core.package_identification:_identify(youbot_description) by extension 'ignore_ament_install'
[0.384s] Level 1:colcon.colcon_core.package_identification:_identify(youbot_description) by extensions ['colcon_pkg']
[0.384s] Level 1:colcon.colcon_core.package_identification:_identify(youbot_description) by extension 'colcon_pkg'
[0.384s] Level 1:colcon.colcon_core.package_identification:_identify(youbot_description) by extensions ['colcon_meta']
[0.384s] Level 1:colcon.colcon_core.package_identification:_identify(youbot_description) by extension 'colcon_meta'
[0.384s] Level 1:colcon.colcon_core.package_identification:_identify(youbot_description) by extensions ['ros']
[0.384s] Level 1:colcon.colcon_core.package_identification:_identify(youbot_description) by extension 'ros'
[0.387s] DEBUG:colcon.colcon_core.package_identification:Package 'youbot_description' with type 'ros.ament_cmake' and name 'youbot_description'
[0.387s] Level 1:colcon.colcon_core.package_identification:_identify(youbot_manipulation) by extensions ['ignore', 'ignore_ament_install']
[0.387s] Level 1:colcon.colcon_core.package_identification:_identify(youbot_manipulation) by extension 'ignore'
[0.387s] Level 1:colcon.colcon_core.package_identification:_identify(youbot_manipulation) by extension 'ignore_ament_install'
[0.387s] Level 1:colcon.colcon_core.package_identification:_identify(youbot_manipulation) by extensions ['colcon_pkg']
[0.387s] Level 1:colcon.colcon_core.package_identification:_identify(youbot_manipulation) by extension 'colcon_pkg'
[0.387s] Level 1:colcon.colcon_core.package_identification:_identify(youbot_manipulation) by extensions ['colcon_meta']
[0.387s] Level 1:colcon.colcon_core.package_identification:_identify(youbot_manipulation) by extension 'colcon_meta'
[0.387s] Level 1:colcon.colcon_core.package_identification:_identify(youbot_manipulation) by extensions ['ros']
[0.387s] Level 1:colcon.colcon_core.package_identification:_identify(youbot_manipulation) by extension 'ros'
[0.388s] DEBUG:colcon.colcon_core.package_identification:Package 'youbot_manipulation' with type 'ros.ament_python' and name 'youbot_manipulation'
[0.388s] Level 1:colcon.colcon_core.package_identification:_identify(youbot_navigation) by extensions ['ignore', 'ignore_ament_install']
[0.388s] Level 1:colcon.colcon_core.package_identification:_identify(youbot_navigation) by extension 'ignore'
[0.388s] Level 1:colcon.colcon_core.package_identification:_identify(youbot_navigation) by extension 'ignore_ament_install'
[0.388s] Level 1:colcon.colcon_core.package_identification:_identify(youbot_navigation) by extensions ['colcon_pkg']
[0.388s] Level 1:colcon.colcon_core.package_identification:_identify(youbot_navigation) by extension 'colcon_pkg'
[0.388s] Level 1:colcon.colcon_core.package_identification:_identify(youbot_navigation) by extensions ['colcon_meta']
[0.388s] Level 1:colcon.colcon_core.package_identification:_identify(youbot_navigation) by extension 'colcon_meta'
[0.388s] Level 1:colcon.colcon_core.package_identification:_identify(youbot_navigation) by extensions ['ros']
[0.388s] Level 1:colcon.colcon_core.package_identification:_identify(youbot_navigation) by extension 'ros'
[0.389s] DEBUG:colcon.colcon_core.package_identification:Package 'youbot_navigation' with type 'ros.ament_python' and name 'youbot_navigation'
[0.389s] Level 1:colcon.colcon_core.package_identification:_identify(youbot_perception) by extensions ['ignore', 'ignore_ament_install']
[0.389s] Level 1:colcon.colcon_core.package_identification:_identify(youbot_perception) by extension 'ignore'
[0.389s] Level 1:colcon.colcon_core.package_identification:_identify(youbot_perception) by extension 'ignore_ament_install'
[0.389s] Level 1:colcon.colcon_core.package_identification:_identify(youbot_perception) by extensions ['colcon_pkg']
[0.389s] Level 1:colcon.colcon_core.package_identification:_identify(youbot_perception) by extension 'colcon_pkg'
[0.389s] Level 1:colcon.colcon_core.package_identification:_identify(youbot_perception) by extensions ['colcon_meta']
[0.389s] Level 1:colcon.colcon_core.package_identification:_identify(youbot_perception) by extension 'colcon_meta'
[0.389s] Level 1:colcon.colcon_core.package_identification:_identify(youbot_perception) by extensions ['ros']
[0.389s] Level 1:colcon.colcon_core.package_identification:_identify(youbot_perception) by extension 'ros'
[0.390s] DEBUG:colcon.colcon_core.package_identification:Package 'youbot_perception' with type 'ros.ament_python' and name 'youbot_perception'
[0.390s] Level 1:colcon.colcon_core.package_discovery:discover_packages(recursive) using defaults
[0.390s] Level 1:colcon.colcon_core.package_discovery:discover_packages(ignore) discover
[0.390s] Level 1:colcon.colcon_core.package_discovery:discover_packages(ignore) using defaults
[0.390s] Level 1:colcon.colcon_core.package_discovery:discover_packages(path) discover
[0.390s] Level 1:colcon.colcon_core.package_discovery:discover_packages(path) using defaults
[0.412s] Level 1:colcon.colcon_core.package_discovery:discover_packages(prefix_path) check parameters
[0.412s] Level 1:colcon.colcon_core.package_discovery:discover_packages(prefix_path) discover
[0.423s] DEBUG:colcon.colcon_installed_package_information.package_discovery:Found 16 installed packages in /home/youssef/turtlebot3_ws/install
[0.423s] DEBUG:colcon.colcon_installed_package_information.package_discovery:Found 12 installed packages in /home/youssef/ros2_ws/install
[0.424s] DEBUG:colcon.colcon_installed_package_information.package_discovery:Found 1 installed packages in /home/youssef/install
[0.425s] DEBUG:colcon.colcon_installed_package_information.package_discovery:Found 468 installed packages in /opt/ros/humble
[0.427s] Level 1:colcon.colcon_core.package_discovery:discover_packages(prefix_path) using defaults
[0.548s] Level 5:colcon.colcon_core.verb:set package 'youbot_description' build argument 'cmake_args' from command line to 'None'
[0.548s] Level 5:colcon.colcon_core.verb:set package 'youbot_description' build argument 'cmake_target' from command line to 'None'
[0.548s] Level 5:colcon.colcon_core.verb:set package 'youbot_description' build argument 'cmake_target_skip_unavailable' from command line to 'False'
[0.548s] Level 5:colcon.colcon_core.verb:set package 'youbot_description' build argument 'cmake_clean_cache' from command line to 'False'
[0.548s] Level 5:colcon.colcon_core.verb:set package 'youbot_description' build argument 'cmake_clean_first' from command line to 'False'
[0.548s] Level 5:colcon.colcon_core.verb:set package 'youbot_description' build argument 'cmake_force_configure' from command line to 'False'
[0.548s] Level 5:colcon.colcon_core.verb:set package 'youbot_description' build argument 'ament_cmake_args' from command line to 'None'
[0.548s] Level 5:colcon.colcon_core.verb:set package 'youbot_description' build argument 'catkin_cmake_args' from command line to 'None'
[0.548s] Level 5:colcon.colcon_core.verb:set package 'youbot_description' build argument 'catkin_skip_building_tests' from command line to 'False'
[0.549s] DEBUG:colcon.colcon_core.verb:Building package 'youbot_description' with the following arguments: {'ament_cmake_args': None, 'build_base': '/home/youssef/fyp_ws/src/build/youbot_description', 'catkin_cmake_args': None, 'catkin_skip_building_tests': False, 'cmake_args': None, 'cmake_clean_cache': False, 'cmake_clean_first': False, 'cmake_force_configure': False, 'cmake_target': None, 'cmake_target_skip_unavailable': False, 'install_base': '/home/youssef/fyp_ws/src/install/youbot_description', 'merge_install': False, 'path': '/home/youssef/fyp_ws/src/youbot_description', 'symlink_install': False, 'test_result_base': None}
[0.549s] Level 5:colcon.colcon_core.verb:set package 'youbot_manipulation' build argument 'cmake_args' from command line to 'None'
[0.549s] Level 5:colcon.colcon_core.verb:set package 'youbot_manipulation' build argument 'cmake_target' from command line to 'None'
[0.549s] Level 5:colcon.colcon_core.verb:set package 'youbot_manipulation' build argument 'cmake_target_skip_unavailable' from command line to 'False'
[0.549s] Level 5:colcon.colcon_core.verb:set package 'youbot_manipulation' build argument 'cmake_clean_cache' from command line to 'False'
[0.549s] Level 5:colcon.colcon_core.verb:set package 'youbot_manipulation' build argument 'cmake_clean_first' from command line to 'False'
[0.549s] Level 5:colcon.colcon_core.verb:set package 'youbot_manipulation' build argument 'cmake_force_configure' from command line to 'False'
[0.549s] Level 5:colcon.colcon_core.verb:set package 'youbot_manipulation' build argument 'ament_cmake_args' from command line to 'None'
[0.549s] Level 5:colcon.colcon_core.verb:set package 'youbot_manipulation' build argument 'catkin_cmake_args' from command line to 'None'
[0.549s] Level 5:colcon.colcon_core.verb:set package 'youbot_manipulation' build argument 'catkin_skip_building_tests' from command line to 'False'
[0.549s] DEBUG:colcon.colcon_core.verb:Building package 'youbot_manipulation' with the following arguments: {'ament_cmake_args': None, 'build_base': '/home/youssef/fyp_ws/src/build/youbot_manipulation', 'catkin_cmake_args': None, 'catkin_skip_building_tests': False, 'cmake_args': None, 'cmake_clean_cache': False, 'cmake_clean_first': False, 'cmake_force_configure': False, 'cmake_target': None, 'cmake_target_skip_unavailable': False, 'install_base': '/home/youssef/fyp_ws/src/install/youbot_manipulation', 'merge_install': False, 'path': '/home/youssef/fyp_ws/src/youbot_manipulation', 'symlink_install': False, 'test_result_base': None}
[0.549s] Level 5:colcon.colcon_core.verb:set package 'youbot_navigation' build argument 'cmake_args' from command line to 'None'
[0.549s] Level 5:colcon.colcon_core.verb:set package 'youbot_navigation' build argument 'cmake_target' from command line to 'None'
[0.549s] Level 5:colcon.colcon_core.verb:set package 'youbot_navigation' build argument 'cmake_target_skip_unavailable' from command line to 'False'
[0.549s] Level 5:colcon.colcon_core.verb:set package 'youbot_navigation' build argument 'cmake_clean_cache' from command line to 'False'
[0.549s] Level 5:colcon.colcon_core.verb:set package 'youbot_navigation' build argument 'cmake_clean_first' from command line to 'False'
[0.549s] Level 5:colcon.colcon_core.verb:set package 'youbot_navigation' build argument 'cmake_force_configure' from command line to 'False'
[0.549s] Level 5:colcon.colcon_core.verb:set package 'youbot_navigation' build argument 'ament_cmake_args' from command line to 'None'
[0.549s] Level 5:colcon.colcon_core.verb:set package 'youbot_navigation' build argument 'catkin_cmake_args' from command line to 'None'
[0.549s] Level 5:colcon.colcon_core.verb:set package 'youbot_navigation' build argument 'catkin_skip_building_tests' from command line to 'False'
[0.549s] DEBUG:colcon.colcon_core.verb:Building package 'youbot_navigation' with the following arguments: {'ament_cmake_args': None, 'build_base': '/home/youssef/fyp_ws/src/build/youbot_navigation', 'catkin_cmake_args': None, 'catkin_skip_building_tests': False, 'cmake_args': None, 'cmake_clean_cache': False, 'cmake_clean_first': False, 'cmake_force_configure': False, 'cmake_target': None, 'cmake_target_skip_unavailable': False, 'install_base': '/home/youssef/fyp_ws/src/install/youbot_navigation', 'merge_install': False, 'path': '/home/youssef/fyp_ws/src/youbot_navigation', 'symlink_install': False, 'test_result_base': None}
[0.549s] Level 5:colcon.colcon_core.verb:set package 'youbot_perception' build argument 'cmake_args' from command line to 'None'
[0.549s] Level 5:colcon.colcon_core.verb:set package 'youbot_perception' build argument 'cmake_target' from command line to 'None'
[0.549s] Level 5:colcon.colcon_core.verb:set package 'youbot_perception' build argument 'cmake_target_skip_unavailable' from command line to 'False'
[0.549s] Level 5:colcon.colcon_core.verb:set package 'youbot_perception' build argument 'cmake_clean_cache' from command line to 'False'
[0.549s] Level 5:colcon.colcon_core.verb:set package 'youbot_perception' build argument 'cmake_clean_first' from command line to 'False'
[0.550s] Level 5:colcon.colcon_core.verb:set package 'youbot_perception' build argument 'cmake_force_configure' from command line to 'False'
[0.550s] Level 5:colcon.colcon_core.verb:set package 'youbot_perception' build argument 'ament_cmake_args' from command line to 'None'
[0.550s] Level 5:colcon.colcon_core.verb:set package 'youbot_perception' build argument 'catkin_cmake_args' from command line to 'None'
[0.550s] Level 5:colcon.colcon_core.verb:set package 'youbot_perception' build argument 'catkin_skip_building_tests' from command line to 'False'
[0.550s] DEBUG:colcon.colcon_core.verb:Building package 'youbot_perception' with the following arguments: {'ament_cmake_args': None, 'build_base': '/home/youssef/fyp_ws/src/build/youbot_perception', 'catkin_cmake_args': None, 'catkin_skip_building_tests': False, 'cmake_args': None, 'cmake_clean_cache': False, 'cmake_clean_first': False, 'cmake_force_configure': False, 'cmake_target': None, 'cmake_target_skip_unavailable': False, 'install_base': '/home/youssef/fyp_ws/src/install/youbot_perception', 'merge_install': False, 'path': '/home/youssef/fyp_ws/src/youbot_perception', 'symlink_install': False, 'test_result_base': None}
[0.550s] INFO:colcon.colcon_core.executor:Executing jobs using 'parallel' executor
[0.550s] DEBUG:colcon.colcon_parallel_executor.executor.parallel:run_until_complete
[0.551s] INFO:colcon.colcon_ros.task.ament_cmake.build:Building ROS package in '/home/youssef/fyp_ws/src/youbot_description' with build type 'ament_cmake'
[0.551s] INFO:colcon.colcon_cmake.task.cmake.build:Building CMake package in '/home/youssef/fyp_ws/src/youbot_description'
[0.555s] INFO:colcon.colcon_core.plugin_system:Skipping extension 'colcon_core.shell.bat': Not used on non-Windows systems
[0.555s] INFO:colcon.colcon_core.shell:Skip shell extension 'powershell' for command environment: Not usable outside of PowerShell
[0.555s] DEBUG:colcon.colcon_core.shell:Skip shell extension 'dsv' for command environment
[0.559s] INFO:colcon.colcon_ros.task.ament_python.build:Building ROS package in '/home/youssef/fyp_ws/src/youbot_manipulation' with build type 'ament_python'
[0.559s] Level 1:colcon.colcon_core.shell:create_environment_hook('youbot_manipulation', 'ament_prefix_path')
[0.559s] INFO:colcon.colcon_core.shell:Creating environment hook '/home/youssef/fyp_ws/src/install/youbot_manipulation/share/youbot_manipulation/hook/ament_prefix_path.ps1'
[0.560s] INFO:colcon.colcon_core.shell:Creating environment descriptor '/home/youssef/fyp_ws/src/install/youbot_manipulation/share/youbot_manipulation/hook/ament_prefix_path.dsv'
[0.561s] INFO:colcon.colcon_core.shell:Creating environment hook '/home/youssef/fyp_ws/src/install/youbot_manipulation/share/youbot_manipulation/hook/ament_prefix_path.sh'
[0.562s] INFO:colcon.colcon_core.shell:Skip shell extension 'powershell' for command environment: Not usable outside of PowerShell
[0.562s] DEBUG:colcon.colcon_core.shell:Skip shell extension 'dsv' for command environment
[0.565s] INFO:colcon.colcon_ros.task.ament_python.build:Building ROS package in '/home/youssef/fyp_ws/src/youbot_navigation' with build type 'ament_python'
[0.565s] Level 1:colcon.colcon_core.shell:create_environment_hook('youbot_navigation', 'ament_prefix_path')
[0.565s] INFO:colcon.colcon_core.shell:Creating environment hook '/home/youssef/fyp_ws/src/install/youbot_navigation/share/youbot_navigation/hook/ament_prefix_path.ps1'
[0.566s] INFO:colcon.colcon_core.shell:Creating environment descriptor '/home/youssef/fyp_ws/src/install/youbot_navigation/share/youbot_navigation/hook/ament_prefix_path.dsv'
[0.566s] INFO:colcon.colcon_core.shell:Creating environment hook '/home/youssef/fyp_ws/src/install/youbot_navigation/share/youbot_navigation/hook/ament_prefix_path.sh'
[0.566s] INFO:colcon.colcon_core.shell:Skip shell extension 'powershell' for command environment: Not usable outside of PowerShell
[0.566s] DEBUG:colcon.colcon_core.shell:Skip shell extension 'dsv' for command environment
[0.570s] INFO:colcon.colcon_ros.task.ament_python.build:Building ROS package in '/home/youssef/fyp_ws/src/youbot_perception' with build type 'ament_python'
[0.570s] Level 1:colcon.colcon_core.shell:create_environment_hook('youbot_perception', 'ament_prefix_path')
[0.570s] INFO:colcon.colcon_core.shell:Creating environment hook '/home/youssef/fyp_ws/src/install/youbot_perception/share/youbot_perception/hook/ament_prefix_path.ps1'
[0.570s] INFO:colcon.colcon_core.shell:Creating environment descriptor '/home/youssef/fyp_ws/src/install/youbot_perception/share/youbot_perception/hook/ament_prefix_path.dsv'
[0.570s] INFO:colcon.colcon_core.shell:Creating environment hook '/home/youssef/fyp_ws/src/install/youbot_perception/share/youbot_perception/hook/ament_prefix_path.sh'
[0.571s] INFO:colcon.colcon_core.shell:Skip shell extension 'powershell' for command environment: Not usable outside of PowerShell
[0.571s] DEBUG:colcon.colcon_core.shell:Skip shell extension 'dsv' for command environment
[0.578s] DEBUG:colcon.colcon_core.event_handler.log_command:Invoking command in '/home/youssef/fyp_ws/src/build/youbot_description': CMAKE_PREFIX_PATH=${CMAKE_PREFIX_PATH}:/home/youssef/ros2_ws/install/py_srvcli:/home/youssef/ros2_ws/install/py_srv:/home/youssef/ros2_ws/install/py_pubsub:/home/youssef/ros2_ws/install/pubsub:/home/youssef/ros2_ws/install/line_follower:/home/youssef/ros2_ws/install/fake_sensors:/home/youssef/ros2_ws/install/fake:/home/youssef/ros2_ws/install/actions_py:/home/youssef/turtlebot3_ws/install/turtlebot3_teleop:/home/youssef/turtlebot3_ws/install/turtlebot3_example:/home/youssef/install/fake_sensors:/opt/ros/humble /usr/bin/cmake --build /home/youssef/fyp_ws/src/build/youbot_description -- -j8 -l8
[0.779s] INFO:colcon.colcon_core.task.python.build:Building Python package in '/home/youssef/fyp_ws/src/youbot_manipulation'
[0.779s] INFO:colcon.colcon_core.shell:Skip shell extension 'powershell' for command environment: Not usable outside of PowerShell
[0.779s] DEBUG:colcon.colcon_core.shell:Skip shell extension 'dsv' for command environment
[0.971s] INFO:colcon.colcon_core.task.python.build:Building Python package in '/home/youssef/fyp_ws/src/youbot_navigation'
[0.971s] INFO:colcon.colcon_core.shell:Skip shell extension 'powershell' for command environment: Not usable outside of PowerShell
[0.971s] DEBUG:colcon.colcon_core.shell:Skip shell extension 'dsv' for command environment
[1.165s] INFO:colcon.colcon_core.task.python.build:Building Python package in '/home/youssef/fyp_ws/src/youbot_perception'
[1.166s] INFO:colcon.colcon_core.shell:Skip shell extension 'powershell' for command environment: Not usable outside of PowerShell
[1.166s] DEBUG:colcon.colcon_core.shell:Skip shell extension 'dsv' for command environment
[1.171s] DEBUG:colcon.colcon_core.event_handler.log_command:Invoked command in '/home/youssef/fyp_ws/src/build/youbot_description' returned '0': CMAKE_PREFIX_PATH=${CMAKE_PREFIX_PATH}:/home/youssef/ros2_ws/install/py_srvcli:/home/youssef/ros2_ws/install/py_srv:/home/youssef/ros2_ws/install/py_pubsub:/home/youssef/ros2_ws/install/pubsub:/home/youssef/ros2_ws/install/line_follower:/home/youssef/ros2_ws/install/fake_sensors:/home/youssef/ros2_ws/install/fake:/home/youssef/ros2_ws/install/actions_py:/home/youssef/turtlebot3_ws/install/turtlebot3_teleop:/home/youssef/turtlebot3_ws/install/turtlebot3_example:/home/youssef/install/fake_sensors:/opt/ros/humble /usr/bin/cmake --build /home/youssef/fyp_ws/src/build/youbot_description -- -j8 -l8
[1.179s] DEBUG:colcon.colcon_core.event_handler.log_command:Invoking command in '/home/youssef/fyp_ws/src/build/youbot_description': CMAKE_PREFIX_PATH=${CMAKE_PREFIX_PATH}:/home/youssef/ros2_ws/install/py_srvcli:/home/youssef/ros2_ws/install/py_srv:/home/youssef/ros2_ws/install/py_pubsub:/home/youssef/ros2_ws/install/pubsub:/home/youssef/ros2_ws/install/line_follower:/home/youssef/ros2_ws/install/fake_sensors:/home/youssef/ros2_ws/install/fake:/home/youssef/ros2_ws/install/actions_py:/home/youssef/turtlebot3_ws/install/turtlebot3_teleop:/home/youssef/turtlebot3_ws/install/turtlebot3_example:/home/youssef/install/fake_sensors:/opt/ros/humble /usr/bin/cmake --install /home/youssef/fyp_ws/src/build/youbot_description
[1.230s] Level 1:colcon.colcon_core.environment:create_environment_scripts_only(youbot_description)
[1.230s] DEBUG:colcon.colcon_core.event_handler.log_command:Invoked command in '/home/youssef/fyp_ws/src/build/youbot_description' returned '0': CMAKE_PREFIX_PATH=${CMAKE_PREFIX_PATH}:/home/youssef/ros2_ws/install/py_srvcli:/home/youssef/ros2_ws/install/py_srv:/home/youssef/ros2_ws/install/py_pubsub:/home/youssef/ros2_ws/install/pubsub:/home/youssef/ros2_ws/install/line_follower:/home/youssef/ros2_ws/install/fake_sensors:/home/youssef/ros2_ws/install/fake:/home/youssef/ros2_ws/install/actions_py:/home/youssef/turtlebot3_ws/install/turtlebot3_teleop:/home/youssef/turtlebot3_ws/install/turtlebot3_example:/home/youssef/install/fake_sensors:/opt/ros/humble /usr/bin/cmake --install /home/youssef/fyp_ws/src/build/youbot_description
[1.236s] Level 1:colcon.colcon_core.environment:checking '/home/youssef/fyp_ws/src/install/youbot_description' for CMake module files
[1.237s] Level 1:colcon.colcon_core.environment:checking '/home/youssef/fyp_ws/src/install/youbot_description' for CMake config files
[1.239s] Level 1:colcon.colcon_core.shell:create_environment_hook('youbot_description', 'cmake_prefix_path')
[1.239s] INFO:colcon.colcon_core.shell:Creating environment hook '/home/youssef/fyp_ws/src/install/youbot_description/share/youbot_description/hook/cmake_prefix_path.ps1'
[1.240s] INFO:colcon.colcon_core.shell:Creating environment descriptor '/home/youssef/fyp_ws/src/install/youbot_description/share/youbot_description/hook/cmake_prefix_path.dsv'
[1.240s] INFO:colcon.colcon_core.shell:Creating environment hook '/home/youssef/fyp_ws/src/install/youbot_description/share/youbot_description/hook/cmake_prefix_path.sh'
[1.241s] Level 1:colcon.colcon_core.environment:checking '/home/youssef/fyp_ws/src/install/youbot_description/lib'
[1.241s] Level 1:colcon.colcon_core.environment:checking '/home/youssef/fyp_ws/src/install/youbot_description/bin'
[1.241s] Level 1:colcon.colcon_core.environment:checking '/home/youssef/fyp_ws/src/install/youbot_description/lib/pkgconfig/youbot_description.pc'
[1.241s] Level 1:colcon.colcon_core.environment:checking '/home/youssef/fyp_ws/src/install/youbot_description/lib/python3.10/site-packages'
[1.242s] Level 1:colcon.colcon_core.environment:checking '/home/youssef/fyp_ws/src/install/youbot_description/bin'
[1.242s] INFO:colcon.colcon_core.shell:Creating package script '/home/youssef/fyp_ws/src/install/youbot_description/share/youbot_description/package.ps1'
[1.244s] INFO:colcon.colcon_core.shell:Creating package descriptor '/home/youssef/fyp_ws/src/install/youbot_description/share/youbot_description/package.dsv'
[1.245s] INFO:colcon.colcon_core.shell:Creating package script '/home/youssef/fyp_ws/src/install/youbot_description/share/youbot_description/package.sh'
[1.246s] INFO:colcon.colcon_core.shell:Creating package script '/home/youssef/fyp_ws/src/install/youbot_description/share/youbot_description/package.bash'
[1.248s] INFO:colcon.colcon_core.shell:Creating package script '/home/youssef/fyp_ws/src/install/youbot_description/share/youbot_description/package.zsh'
[1.249s] Level 1:colcon.colcon_core.environment:create_file_with_runtime_dependencies(/home/youssef/fyp_ws/src/install/youbot_description/share/colcon-core/packages/youbot_description)
[1.250s] Level 1:colcon.colcon_core.environment:create_environment_scripts_only(youbot_description)
[1.250s] Level 1:colcon.colcon_core.environment:checking '/home/youssef/fyp_ws/src/install/youbot_description' for CMake module files
[1.251s] Level 1:colcon.colcon_core.environment:checking '/home/youssef/fyp_ws/src/install/youbot_description' for CMake config files
[1.253s] Level 1:colcon.colcon_core.shell:create_environment_hook('youbot_description', 'cmake_prefix_path')
[1.253s] INFO:colcon.colcon_core.shell:Creating environment hook '/home/youssef/fyp_ws/src/install/youbot_description/share/youbot_description/hook/cmake_prefix_path.ps1'
[1.253s] INFO:colcon.colcon_core.shell:Creating environment descriptor '/home/youssef/fyp_ws/src/install/youbot_description/share/youbot_description/hook/cmake_prefix_path.dsv'
[1.254s] INFO:colcon.colcon_core.shell:Creating environment hook '/home/youssef/fyp_ws/src/install/youbot_description/share/youbot_description/hook/cmake_prefix_path.sh'
[1.254s] Level 1:colcon.colcon_core.environment:checking '/home/youssef/fyp_ws/src/install/youbot_description/lib'
[1.255s] Level 1:colcon.colcon_core.environment:checking '/home/youssef/fyp_ws/src/install/youbot_description/bin'
[1.255s] Level 1:colcon.colcon_core.environment:checking '/home/youssef/fyp_ws/src/install/youbot_description/lib/pkgconfig/youbot_description.pc'
[1.255s] Level 1:colcon.colcon_core.environment:checking '/home/youssef/fyp_ws/src/install/youbot_description/lib/python3.10/site-packages'
[1.255s] Level 1:colcon.colcon_core.environment:checking '/home/youssef/fyp_ws/src/install/youbot_description/bin'
[1.255s] INFO:colcon.colcon_core.shell:Creating package script '/home/youssef/fyp_ws/src/install/youbot_description/share/youbot_description/package.ps1'
[1.256s] INFO:colcon.colcon_core.shell:Creating package descriptor '/home/youssef/fyp_ws/src/install/youbot_description/share/youbot_description/package.dsv'
[1.256s] INFO:colcon.colcon_core.shell:Creating package script '/home/youssef/fyp_ws/src/install/youbot_description/share/youbot_description/package.sh'
[1.257s] INFO:colcon.colcon_core.shell:Creating package script '/home/youssef/fyp_ws/src/install/youbot_description/share/youbot_description/package.bash'
[1.257s] INFO:colcon.colcon_core.shell:Creating package script '/home/youssef/fyp_ws/src/install/youbot_description/share/youbot_description/package.zsh'
[1.258s] Level 1:colcon.colcon_core.environment:create_file_with_runtime_dependencies(/home/youssef/fyp_ws/src/install/youbot_description/share/colcon-core/packages/youbot_description)
[1.650s] DEBUG:colcon.colcon_core.event_handler.log_command:Invoking command in '/home/youssef/fyp_ws/src/youbot_perception': PYTHONPATH=/home/youssef/fyp_ws/src/build/youbot_perception/prefix_override:/usr/lib/python3/dist-packages/colcon_core/task/python/colcon_distutils_commands:/home/youssef/fyp_ws/src/install/youbot_perception/lib/python3.10/site-packages:${PYTHONPATH} /usr/bin/python3 -W ignore:setup.py install is deprecated -W ignore:easy_install command is deprecated setup.py egg_info --egg-base ../build/youbot_perception build --build-base /home/youssef/fyp_ws/src/build/youbot_perception/build install --record /home/youssef/fyp_ws/src/build/youbot_perception/install.log --single-version-externally-managed install_data
[1.653s] DEBUG:colcon.colcon_core.event_handler.log_command:Invoking command in '/home/youssef/fyp_ws/src/youbot_navigation': PYTHONPATH=/home/youssef/fyp_ws/src/build/youbot_navigation/prefix_override:/usr/lib/python3/dist-packages/colcon_core/task/python/colcon_distutils_commands:/home/youssef/fyp_ws/src/install/youbot_navigation/lib/python3.10/site-packages:${PYTHONPATH} /usr/bin/python3 -W ignore:setup.py install is deprecated -W ignore:easy_install command is deprecated setup.py egg_info --egg-base ../build/youbot_navigation build --build-base /home/youssef/fyp_ws/src/build/youbot_navigation/build install --record /home/youssef/fyp_ws/src/build/youbot_navigation/install.log --single-version-externally-managed install_data
[1.654s] DEBUG:colcon.colcon_core.event_handler.log_command:Invoking command in '/home/youssef/fyp_ws/src/youbot_manipulation': PYTHONPATH=/home/youssef/fyp_ws/src/build/youbot_manipulation/prefix_override:/usr/lib/python3/dist-packages/colcon_core/task/python/colcon_distutils_commands:/home/youssef/fyp_ws/src/install/youbot_manipulation/lib/python3.10/site-packages:${PYTHONPATH} /usr/bin/python3 -W ignore:setup.py install is deprecated -W ignore:easy_install command is deprecated setup.py egg_info --egg-base ../build/youbot_manipulation build --build-base /home/youssef/fyp_ws/src/build/youbot_manipulation/build install --record /home/youssef/fyp_ws/src/build/youbot_manipulation/install.log --single-version-externally-managed install_data
[1.902s] Level 1:colcon.colcon_core.environment:checking '/home/youssef/fyp_ws/src/install/youbot_manipulation' for CMake module files
[1.903s] DEBUG:colcon.colcon_core.event_handler.log_command:Invoked command in '/home/youssef/fyp_ws/src/youbot_manipulation' returned '0': PYTHONPATH=/home/youssef/fyp_ws/src/build/youbot_manipulation/prefix_override:/usr/lib/python3/dist-packages/colcon_core/task/python/colcon_distutils_commands:/home/youssef/fyp_ws/src/install/youbot_manipulation/lib/python3.10/site-packages:${PYTHONPATH} /usr/bin/python3 -W ignore:setup.py install is deprecated -W ignore:easy_install command is deprecated setup.py egg_info --egg-base ../build/youbot_manipulation build --build-base /home/youssef/fyp_ws/src/build/youbot_manipulation/build install --record /home/youssef/fyp_ws/src/build/youbot_manipulation/install.log --single-version-externally-managed install_data
[1.903s] Level 1:colcon.colcon_core.environment:checking '/home/youssef/fyp_ws/src/install/youbot_manipulation' for CMake config files
[1.903s] Level 1:colcon.colcon_core.environment:checking '/home/youssef/fyp_ws/src/install/youbot_manipulation/lib'
[1.903s] Level 1:colcon.colcon_core.environment:checking '/home/youssef/fyp_ws/src/install/youbot_manipulation/bin'
[1.903s] Level 1:colcon.colcon_core.environment:checking '/home/youssef/fyp_ws/src/install/youbot_manipulation/lib/pkgconfig/youbot_manipulation.pc'
[1.903s] Level 1:colcon.colcon_core.environment:checking '/home/youssef/fyp_ws/src/install/youbot_manipulation/lib/python3.10/site-packages'
[1.903s] Level 1:colcon.colcon_core.shell:create_environment_hook('youbot_manipulation', 'pythonpath')
[1.904s] INFO:colcon.colcon_core.shell:Creating environment hook '/home/youssef/fyp_ws/src/install/youbot_manipulation/share/youbot_manipulation/hook/pythonpath.ps1'
[1.904s] INFO:colcon.colcon_core.shell:Creating environment descriptor '/home/youssef/fyp_ws/src/install/youbot_manipulation/share/youbot_manipulation/hook/pythonpath.dsv'
[1.904s] INFO:colcon.colcon_core.shell:Creating environment hook '/home/youssef/fyp_ws/src/install/youbot_manipulation/share/youbot_manipulation/hook/pythonpath.sh'
[1.905s] Level 1:colcon.colcon_core.environment:checking '/home/youssef/fyp_ws/src/install/youbot_manipulation/bin'
[1.905s] Level 1:colcon.colcon_core.environment:create_environment_scripts_only(youbot_manipulation)
[1.905s] INFO:colcon.colcon_core.shell:Creating package script '/home/youssef/fyp_ws/src/install/youbot_manipulation/share/youbot_manipulation/package.ps1'
[1.905s] INFO:colcon.colcon_core.shell:Creating package descriptor '/home/youssef/fyp_ws/src/install/youbot_manipulation/share/youbot_manipulation/package.dsv'
[1.905s] INFO:colcon.colcon_core.shell:Creating package script '/home/youssef/fyp_ws/src/install/youbot_manipulation/share/youbot_manipulation/package.sh'
[1.906s] INFO:colcon.colcon_core.shell:Creating package script '/home/youssef/fyp_ws/src/install/youbot_manipulation/share/youbot_manipulation/package.bash'
[1.906s] INFO:colcon.colcon_core.shell:Creating package script '/home/youssef/fyp_ws/src/install/youbot_manipulation/share/youbot_manipulation/package.zsh'
[1.906s] Level 1:colcon.colcon_core.environment:create_file_with_runtime_dependencies(/home/youssef/fyp_ws/src/install/youbot_manipulation/share/colcon-core/packages/youbot_manipulation)
[1.907s] Level 1:colcon.colcon_core.environment:checking '/home/youssef/fyp_ws/src/install/youbot_perception' for CMake module files
[1.907s] DEBUG:colcon.colcon_core.event_handler.log_command:Invoked command in '/home/youssef/fyp_ws/src/youbot_perception' returned '0': PYTHONPATH=/home/youssef/fyp_ws/src/build/youbot_perception/prefix_override:/usr/lib/python3/dist-packages/colcon_core/task/python/colcon_distutils_commands:/home/youssef/fyp_ws/src/install/youbot_perception/lib/python3.10/site-packages:${PYTHONPATH} /usr/bin/python3 -W ignore:setup.py install is deprecated -W ignore:easy_install command is deprecated setup.py egg_info --egg-base ../build/youbot_perception build --build-base /home/youssef/fyp_ws/src/build/youbot_perception/build install --record /home/youssef/fyp_ws/src/build/youbot_perception/install.log --single-version-externally-managed install_data
[1.908s] Level 1:colcon.colcon_core.environment:checking '/home/youssef/fyp_ws/src/install/youbot_perception' for CMake config files
[1.908s] Level 1:colcon.colcon_core.environment:checking '/home/youssef/fyp_ws/src/install/youbot_perception/lib'
[1.908s] Level 1:colcon.colcon_core.environment:checking '/home/youssef/fyp_ws/src/install/youbot_perception/bin'
[1.908s] Level 1:colcon.colcon_core.environment:checking '/home/youssef/fyp_ws/src/install/youbot_perception/lib/pkgconfig/youbot_perception.pc'
[1.908s] Level 1:colcon.colcon_core.environment:checking '/home/youssef/fyp_ws/src/install/youbot_perception/lib/python3.10/site-packages'
[1.908s] Level 1:colcon.colcon_core.shell:create_environment_hook('youbot_perception', 'pythonpath')
[1.908s] INFO:colcon.colcon_core.shell:Creating environment hook '/home/youssef/fyp_ws/src/install/youbot_perception/share/youbot_perception/hook/pythonpath.ps1'
[1.909s] INFO:colcon.colcon_core.shell:Creating environment descriptor '/home/youssef/fyp_ws/src/install/youbot_perception/share/youbot_perception/hook/pythonpath.dsv'
[1.909s] INFO:colcon.colcon_core.shell:Creating environment hook '/home/youssef/fyp_ws/src/install/youbot_perception/share/youbot_perception/hook/pythonpath.sh'
[1.909s] Level 1:colcon.colcon_core.environment:checking '/home/youssef/fyp_ws/src/install/youbot_perception/bin'
[1.909s] Level 1:colcon.colcon_core.environment:create_environment_scripts_only(youbot_perception)
[1.909s] INFO:colcon.colcon_core.shell:Creating package script '/home/youssef/fyp_ws/src/install/youbot_perception/share/youbot_perception/package.ps1'
[1.910s] INFO:colcon.colcon_core.shell:Creating package descriptor '/home/youssef/fyp_ws/src/install/youbot_perception/share/youbot_perception/package.dsv'
[1.910s] INFO:colcon.colcon_core.shell:Creating package script '/home/youssef/fyp_ws/src/install/youbot_perception/share/youbot_perception/package.sh'
[1.910s] INFO:colcon.colcon_core.shell:Creating package script '/home/youssef/fyp_ws/src/install/youbot_perception/share/youbot_perception/package.bash'
[1.910s] INFO:colcon.colcon_core.shell:Creating package script '/home/youssef/fyp_ws/src/install/youbot_perception/share/youbot_perception/package.zsh'
[1.911s] Level 1:colcon.colcon_core.environment:create_file_with_runtime_dependencies(/home/youssef/fyp_ws/src/install/youbot_perception/share/colcon-core/packages/youbot_perception)
[1.911s] Level 1:colcon.colcon_core.environment:checking '/home/youssef/fyp_ws/src/install/youbot_navigation' for CMake module files
[1.911s] Level 1:colcon.colcon_core.environment:checking '/home/youssef/fyp_ws/src/install/youbot_navigation' for CMake config files
[1.912s] DEBUG:colcon.colcon_core.event_handler.log_command:Invoked command in '/home/youssef/fyp_ws/src/youbot_navigation' returned '0': PYTHONPATH=/home/youssef/fyp_ws/src/build/youbot_navigation/prefix_override:/usr/lib/python3/dist-packages/colcon_core/task/python/colcon_distutils_commands:/home/youssef/fyp_ws/src/install/youbot_navigation/lib/python3.10/site-packages:${PYTHONPATH} /usr/bin/python3 -W ignore:setup.py install is deprecated -W ignore:easy_install command is deprecated setup.py egg_info --egg-base ../build/youbot_navigation build --build-base /home/youssef/fyp_ws/src/build/youbot_navigation/build install --record /home/youssef/fyp_ws/src/build/youbot_navigation/install.log --single-version-externally-managed install_data
[1.912s] Level 1:colcon.colcon_core.environment:checking '/home/youssef/fyp_ws/src/install/youbot_navigation/lib'
[1.912s] Level 1:colcon.colcon_core.environment:checking '/home/youssef/fyp_ws/src/install/youbot_navigation/bin'
[1.912s] Level 1:colcon.colcon_core.environment:checking '/home/youssef/fyp_ws/src/install/youbot_navigation/lib/pkgconfig/youbot_navigation.pc'
[1.912s] Level 1:colcon.colcon_core.environment:checking '/home/youssef/fyp_ws/src/install/youbot_navigation/lib/python3.10/site-packages'
[1.912s] Level 1:colcon.colcon_core.shell:create_environment_hook('youbot_navigation', 'pythonpath')
[1.912s] INFO:colcon.colcon_core.shell:Creating environment hook '/home/youssef/fyp_ws/src/install/youbot_navigation/share/youbot_navigation/hook/pythonpath.ps1'
[1.913s] INFO:colcon.colcon_core.shell:Creating environment descriptor '/home/youssef/fyp_ws/src/install/youbot_navigation/share/youbot_navigation/hook/pythonpath.dsv'
[1.913s] INFO:colcon.colcon_core.shell:Creating environment hook '/home/youssef/fyp_ws/src/install/youbot_navigation/share/youbot_navigation/hook/pythonpath.sh'
[1.913s] Level 1:colcon.colcon_core.environment:checking '/home/youssef/fyp_ws/src/install/youbot_navigation/bin'
[1.913s] Level 1:colcon.colcon_core.environment:create_environment_scripts_only(youbot_navigation)
[1.913s] INFO:colcon.colcon_core.shell:Creating package script '/home/youssef/fyp_ws/src/install/youbot_navigation/share/youbot_navigation/package.ps1'
[1.914s] INFO:colcon.colcon_core.shell:Creating package descriptor '/home/youssef/fyp_ws/src/install/youbot_navigation/share/youbot_navigation/package.dsv'
[1.914s] INFO:colcon.colcon_core.shell:Creating package script '/home/youssef/fyp_ws/src/install/youbot_navigation/share/youbot_navigation/package.sh'
[1.914s] INFO:colcon.colcon_core.shell:Creating package script '/home/youssef/fyp_ws/src/install/youbot_navigation/share/youbot_navigation/package.bash'
[1.915s] INFO:colcon.colcon_core.shell:Creating package script '/home/youssef/fyp_ws/src/install/youbot_navigation/share/youbot_navigation/package.zsh'
[1.915s] Level 1:colcon.colcon_core.environment:create_file_with_runtime_dependencies(/home/youssef/fyp_ws/src/install/youbot_navigation/share/colcon-core/packages/youbot_navigation)
[1.915s] DEBUG:colcon.colcon_parallel_executor.executor.parallel:closing loop
[1.915s] DEBUG:colcon.colcon_parallel_executor.executor.parallel:loop closed
[1.915s] DEBUG:colcon.colcon_parallel_executor.executor.parallel:run_until_complete finished with '0'
[1.915s] DEBUG:colcon.colcon_core.event_reactor:joining thread
[1.922s] INFO:colcon.colcon_core.plugin_system:Skipping extension 'colcon_notification.desktop_notification.terminal_notifier': Not used on non-Darwin systems
[1.922s] INFO:colcon.colcon_core.plugin_system:Skipping extension 'colcon_notification.desktop_notification.win32': Not used on non-Windows systems
[1.922s] INFO:colcon.colcon_notification.desktop_notification:Sending desktop notification using 'notify2'
[1.969s] DEBUG:colcon.colcon_core.event_reactor:joined thread
[1.969s] INFO:colcon.colcon_core.shell:Creating prefix script '/home/youssef/fyp_ws/src/install/local_setup.ps1'
[1.970s] INFO:colcon.colcon_core.shell:Creating prefix util module '/home/youssef/fyp_ws/src/install/_local_setup_util_ps1.py'
[1.972s] INFO:colcon.colcon_core.shell:Creating prefix chain script '/home/youssef/fyp_ws/src/install/setup.ps1'
[1.974s] INFO:colcon.colcon_core.shell:Creating prefix script '/home/youssef/fyp_ws/src/install/local_setup.sh'
[1.975s] INFO:colcon.colcon_core.shell:Creating prefix util module '/home/youssef/fyp_ws/src/install/_local_setup_util_sh.py'
[1.975s] INFO:colcon.colcon_core.shell:Creating prefix chain script '/home/youssef/fyp_ws/src/install/setup.sh'
[1.977s] INFO:colcon.colcon_core.shell:Creating prefix script '/home/youssef/fyp_ws/src/install/local_setup.bash'
[1.978s] INFO:colcon.colcon_core.shell:Creating prefix chain script '/home/youssef/fyp_ws/src/install/setup.bash'
[1.979s] INFO:colcon.colcon_core.shell:Creating prefix script '/home/youssef/fyp_ws/src/install/local_setup.zsh'
[1.980s] INFO:colcon.colcon_core.shell:Creating prefix chain script '/home/youssef/fyp_ws/src/install/setup.zsh'
