running egg_info
writing ../build/youbot_navigation/youbot_navigation.egg-info/PKG-INFO
writing dependency_links to ../build/youbot_navigation/youbot_navigation.egg-info/dependency_links.txt
writing entry points to ../build/youbot_navigation/youbot_navigation.egg-info/entry_points.txt
writing requirements to ../build/youbot_navigation/youbot_navigation.egg-info/requires.txt
writing top-level names to ../build/youbot_navigation/youbot_navigation.egg-info/top_level.txt
reading manifest file '../build/youbot_navigation/youbot_navigation.egg-info/SOURCES.txt'
adding license file 'LICENSE'
writing manifest file '../build/youbot_navigation/youbot_navigation.egg-info/SOURCES.txt'
running build
running build_py
running install
running install_lib
running install_data
copying launch/nav2.launch.py -> /home/youssef/fyp_ws/src/install/youbot_navigation/share/youbot_navigation/launch
copying config/nav2_params.yaml -> /home/youssef/fyp_ws/src/install/youbot_navigation/share/youbot_navigation/config
copying config/mapper_params_online_async.yaml -> /home/youssef/fyp_ws/src/install/youbot_navigation/share/youbot_navigation/config
copying config/slam_toolbox_params.yaml -> /home/youssef/fyp_ws/src/install/youbot_navigation/share/youbot_navigation/config
running install_egg_info
removing '/home/youssef/fyp_ws/src/install/youbot_navigation/lib/python3.10/site-packages/youbot_navigation-0.0.0-py3.10.egg-info' (and everything under it)
Copying ../build/youbot_navigation/youbot_navigation.egg-info to /home/youssef/fyp_ws/src/install/youbot_navigation/lib/python3.10/site-packages/youbot_navigation-0.0.0-py3.10.egg-info
running install_scripts
writing list of installed files to '/home/youssef/fyp_ws/src/build/youbot_navigation/install.log'
