[1.137s] Invoking command in '/home/youssef/fyp_ws/src/youbot_manipulation': PYTHONPATH=/home/youssef/fyp_ws/src/build/youbot_manipulation/prefix_override:/usr/lib/python3/dist-packages/colcon_core/task/python/colcon_distutils_commands:/home/youssef/fyp_ws/src/install/youbot_manipulation/lib/python3.10/site-packages:${PYTHONPATH} /usr/bin/python3 -W ignore:setup.py install is deprecated -W ignore:easy_install command is deprecated setup.py egg_info --egg-base ../build/youbot_manipulation build --build-base /home/youssef/fyp_ws/src/build/youbot_manipulation/build install --record /home/youssef/fyp_ws/src/build/youbot_manipulation/install.log --single-version-externally-managed install_data
[1.344s] /home/youssef/.local/lib/python3.10/site-packages/setuptools/_distutils/dist.py:289: UserWarning: Unknown distribution option: 'tests_require'
[1.345s]   warnings.warn(msg)
[1.464s] running egg_info
[1.483s] writing ../build/youbot_manipulation/youbot_manipulation.egg-info/PKG-INFO
[1.484s] writing dependency_links to ../build/youbot_manipulation/youbot_manipulation.egg-info/dependency_links.txt
[1.484s] writing requirements to ../build/youbot_manipulation/youbot_manipulation.egg-info/requires.txt
[1.484s] writing top-level names to ../build/youbot_manipulation/youbot_manipulation.egg-info/top_level.txt
[1.524s] reading manifest file '../build/youbot_manipulation/youbot_manipulation.egg-info/SOURCES.txt'
[1.525s] adding license file 'LICENSE'
[1.525s] Traceback (most recent call last):
[1.525s]   File "/home/youssef/fyp_ws/src/youbot_manipulation/setup.py", line 6, in <module>
[1.525s]     setup(
[1.525s]   File "/home/youssef/.local/lib/python3.10/site-packages/setuptools/__init__.py", line 115, in setup
[1.525s]     return distutils.core.setup(**attrs)
[1.525s]   File "/home/youssef/.local/lib/python3.10/site-packages/setuptools/_distutils/core.py", line 186, in setup
[1.525s]     return run_commands(dist)
[1.525s]   File "/home/youssef/.local/lib/python3.10/site-packages/setuptools/_distutils/core.py", line 202, in run_commands
[1.525s]     dist.run_commands()
[1.525s]   File "/home/youssef/.local/lib/python3.10/site-packages/setuptools/_distutils/dist.py", line 1002, in run_commands
[1.525s]     self.run_command(cmd)
[1.525s]   File "/home/youssef/.local/lib/python3.10/site-packages/setuptools/dist.py", line 1102, in run_command
[1.526s]     super().run_command(command)
[1.526s]   File "/home/youssef/.local/lib/python3.10/site-packages/setuptools/_distutils/dist.py", line 1021, in run_command
[1.526s]     cmd_obj.run()
[1.526s]   File "/home/youssef/.local/lib/python3.10/site-packages/setuptools/command/egg_info.py", line 312, in run
[1.526s]     self.find_sources()
[1.526s]   File "/home/youssef/.local/lib/python3.10/site-packages/setuptools/command/egg_info.py", line 320, in find_sources
[1.526s]     mm.run()
[1.526s]   File "/home/youssef/.local/lib/python3.10/site-packages/setuptools/command/egg_info.py", line 548, in run
[1.526s]     self.prune_file_list()
[1.526s]   File "/home/youssef/.local/lib/python3.10/site-packages/setuptools/command/sdist.py", line 162, in prune_file_list
[1.526s]     super().prune_file_list()
[1.526s]   File "/home/youssef/.local/lib/python3.10/site-packages/setuptools/_distutils/command/sdist.py", line 386, in prune_file_list
[1.526s]     base_dir = self.distribution.get_fullname()
[1.527s]   File "/home/youssef/.local/lib/python3.10/site-packages/setuptools/_core_metadata.py", line 275, in get_fullname
[1.527s]     return _distribution_fullname(self.get_name(), self.get_version())
[1.527s]   File "/home/youssef/.local/lib/python3.10/site-packages/setuptools/_core_metadata.py", line 293, in _distribution_fullname
[1.527s]     canonicalize_version(version, strip_trailing_zero=False),
[1.527s] TypeError: canonicalize_version() got an unexpected keyword argument 'strip_trailing_zero'
[1.569s] Invoked command in '/home/youssef/fyp_ws/src/youbot_manipulation' returned '1': PYTHONPATH=/home/youssef/fyp_ws/src/build/youbot_manipulation/prefix_override:/usr/lib/python3/dist-packages/colcon_core/task/python/colcon_distutils_commands:/home/youssef/fyp_ws/src/install/youbot_manipulation/lib/python3.10/site-packages:${PYTHONPATH} /usr/bin/python3 -W ignore:setup.py install is deprecated -W ignore:easy_install command is deprecated setup.py egg_info --egg-base ../build/youbot_manipulation build --build-base /home/youssef/fyp_ws/src/build/youbot_manipulation/build install --record /home/youssef/fyp_ws/src/build/youbot_manipulation/install.log --single-version-externally-managed install_data
