[0.127s] DEBUG:colcon:Command line arguments: ['/usr/bin/colcon', 'build', '--packages-select', 'youbot_description', 'youbot_navigation', '--symlink-install']
[0.128s] DEBUG:colcon:Parsed command line arguments: Namespace(log_base=None, log_level=None, verb_name='build', build_base='build', install_base='install', merge_install=False, symlink_install=True, test_result_base=None, continue_on_error=False, executor='parallel', parallel_workers=8, event_handlers=None, ignore_user_meta=False, metas=['./colcon.meta'], base_paths=['.'], packages_ignore=None, packages_ignore_regex=None, paths=None, packages_up_to=None, packages_up_to_regex=None, packages_above=None, packages_above_and_dependencies=None, packages_above_depth=None, packages_select_by_dep=None, packages_skip_by_dep=None, packages_skip_up_to=None, packages_select_build_failed=False, packages_skip_build_finished=False, packages_select_test_failures=False, packages_skip_test_passed=False, packages_select=['youbot_description', 'youbot_navigation'], packages_skip=None, packages_select_regex=None, packages_skip_regex=None, packages_start=None, packages_end=None, allow_overriding=[], cmake_args=None, cmake_target=None, cmake_target_skip_unavailable=False, cmake_clean_cache=False, cmake_clean_first=False, cmake_force_configure=False, ament_cmake_args=None, catkin_cmake_args=None, catkin_skip_building_tests=False, mixin_files=None, mixin=None, verb_parser=<colcon_mixin.mixin.mixin_argument.MixinArgumentDecorator object at 0x766bdc83a650>, verb_extension=<colcon_core.verb.build.BuildVerb object at 0x766bdc839fc0>, main=<bound method BuildVerb.main of <colcon_core.verb.build.BuildVerb object at 0x766bdc839fc0>>, mixin_verb=('build',))
[0.273s] Level 1:colcon.colcon_core.package_discovery:discover_packages(colcon_meta) check parameters
[0.273s] Level 1:colcon.colcon_core.package_discovery:discover_packages(recursive) check parameters
[0.273s] Level 1:colcon.colcon_core.package_discovery:discover_packages(ignore) check parameters
[0.273s] Level 1:colcon.colcon_core.package_discovery:discover_packages(path) check parameters
[0.273s] Level 1:colcon.colcon_core.package_discovery:discover_packages(colcon_meta) discover
[0.273s] Level 1:colcon.colcon_core.package_discovery:discover_packages(recursive) discover
[0.273s] INFO:colcon.colcon_core.package_discovery:Crawling recursively for packages in '/home/youssef/fyp_ws/src'
[0.273s] Level 1:colcon.colcon_core.package_identification:_identify(.) by extensions ['ignore', 'ignore_ament_install']
[0.273s] Level 1:colcon.colcon_core.package_identification:_identify(.) by extension 'ignore'
[0.274s] Level 1:colcon.colcon_core.package_identification:_identify(.) by extension 'ignore_ament_install'
[0.274s] Level 1:colcon.colcon_core.package_identification:_identify(.) by extensions ['colcon_pkg']
[0.274s] Level 1:colcon.colcon_core.package_identification:_identify(.) by extension 'colcon_pkg'
[0.274s] Level 1:colcon.colcon_core.package_identification:_identify(.) by extensions ['colcon_meta']
[0.274s] Level 1:colcon.colcon_core.package_identification:_identify(.) by extension 'colcon_meta'
[0.274s] Level 1:colcon.colcon_core.package_identification:_identify(.) by extensions ['ros']
[0.274s] Level 1:colcon.colcon_core.package_identification:_identify(.) by extension 'ros'
[0.289s] Level 1:colcon.colcon_core.package_identification:_identify(.) by extensions ['cmake', 'python']
[0.289s] Level 1:colcon.colcon_core.package_identification:_identify(.) by extension 'cmake'
[0.289s] Level 1:colcon.colcon_core.package_identification:_identify(.) by extension 'python'
[0.289s] Level 1:colcon.colcon_core.package_identification:_identify(.) by extensions ['python_setup_py']
[0.289s] Level 1:colcon.colcon_core.package_identification:_identify(.) by extension 'python_setup_py'
[0.289s] Level 1:colcon.colcon_core.package_identification:_identify(build) by extensions ['ignore', 'ignore_ament_install']
[0.289s] Level 1:colcon.colcon_core.package_identification:_identify(build) by extension 'ignore'
[0.289s] Level 1:colcon.colcon_core.package_identification:_identify(build) ignored
[0.289s] Level 1:colcon.colcon_core.package_identification:_identify(install) by extensions ['ignore', 'ignore_ament_install']
[0.289s] Level 1:colcon.colcon_core.package_identification:_identify(install) by extension 'ignore'
[0.289s] Level 1:colcon.colcon_core.package_identification:_identify(install) ignored
[0.290s] Level 1:colcon.colcon_core.package_identification:_identify(log) by extensions ['ignore', 'ignore_ament_install']
[0.290s] Level 1:colcon.colcon_core.package_identification:_identify(log) by extension 'ignore'
[0.290s] Level 1:colcon.colcon_core.package_identification:_identify(log) ignored
[0.290s] Level 1:colcon.colcon_core.package_identification:_identify(youbot_description) by extensions ['ignore', 'ignore_ament_install']
[0.290s] Level 1:colcon.colcon_core.package_identification:_identify(youbot_description) by extension 'ignore'
[0.290s] Level 1:colcon.colcon_core.package_identification:_identify(youbot_description) by extension 'ignore_ament_install'
[0.290s] Level 1:colcon.colcon_core.package_identification:_identify(youbot_description) by extensions ['colcon_pkg']
[0.290s] Level 1:colcon.colcon_core.package_identification:_identify(youbot_description) by extension 'colcon_pkg'
[0.290s] Level 1:colcon.colcon_core.package_identification:_identify(youbot_description) by extensions ['colcon_meta']
[0.290s] Level 1:colcon.colcon_core.package_identification:_identify(youbot_description) by extension 'colcon_meta'
[0.290s] Level 1:colcon.colcon_core.package_identification:_identify(youbot_description) by extensions ['ros']
[0.290s] Level 1:colcon.colcon_core.package_identification:_identify(youbot_description) by extension 'ros'
[0.292s] DEBUG:colcon.colcon_core.package_identification:Package 'youbot_description' with type 'ros.ament_cmake' and name 'youbot_description'
[0.292s] Level 1:colcon.colcon_core.package_identification:_identify(youbot_manipulation) by extensions ['ignore', 'ignore_ament_install']
[0.292s] Level 1:colcon.colcon_core.package_identification:_identify(youbot_manipulation) by extension 'ignore'
[0.292s] Level 1:colcon.colcon_core.package_identification:_identify(youbot_manipulation) by extension 'ignore_ament_install'
[0.292s] Level 1:colcon.colcon_core.package_identification:_identify(youbot_manipulation) by extensions ['colcon_pkg']
[0.292s] Level 1:colcon.colcon_core.package_identification:_identify(youbot_manipulation) by extension 'colcon_pkg'
[0.292s] Level 1:colcon.colcon_core.package_identification:_identify(youbot_manipulation) by extensions ['colcon_meta']
[0.292s] Level 1:colcon.colcon_core.package_identification:_identify(youbot_manipulation) by extension 'colcon_meta'
[0.292s] Level 1:colcon.colcon_core.package_identification:_identify(youbot_manipulation) by extensions ['ros']
[0.292s] Level 1:colcon.colcon_core.package_identification:_identify(youbot_manipulation) by extension 'ros'
[0.293s] DEBUG:colcon.colcon_core.package_identification:Package 'youbot_manipulation' with type 'ros.ament_python' and name 'youbot_manipulation'
[0.293s] Level 1:colcon.colcon_core.package_identification:_identify(youbot_navigation) by extensions ['ignore', 'ignore_ament_install']
[0.293s] Level 1:colcon.colcon_core.package_identification:_identify(youbot_navigation) by extension 'ignore'
[0.293s] Level 1:colcon.colcon_core.package_identification:_identify(youbot_navigation) by extension 'ignore_ament_install'
[0.293s] Level 1:colcon.colcon_core.package_identification:_identify(youbot_navigation) by extensions ['colcon_pkg']
[0.293s] Level 1:colcon.colcon_core.package_identification:_identify(youbot_navigation) by extension 'colcon_pkg'
[0.293s] Level 1:colcon.colcon_core.package_identification:_identify(youbot_navigation) by extensions ['colcon_meta']
[0.293s] Level 1:colcon.colcon_core.package_identification:_identify(youbot_navigation) by extension 'colcon_meta'
[0.293s] Level 1:colcon.colcon_core.package_identification:_identify(youbot_navigation) by extensions ['ros']
[0.293s] Level 1:colcon.colcon_core.package_identification:_identify(youbot_navigation) by extension 'ros'
[0.293s] DEBUG:colcon.colcon_core.package_identification:Package 'youbot_navigation' with type 'ros.ament_python' and name 'youbot_navigation'
[0.293s] Level 1:colcon.colcon_core.package_discovery:discover_packages(recursive) using defaults
[0.293s] Level 1:colcon.colcon_core.package_discovery:discover_packages(ignore) discover
[0.293s] Level 1:colcon.colcon_core.package_discovery:discover_packages(ignore) using defaults
[0.293s] Level 1:colcon.colcon_core.package_discovery:discover_packages(path) discover
[0.293s] Level 1:colcon.colcon_core.package_discovery:discover_packages(path) using defaults
[0.310s] INFO:colcon.colcon_core.package_selection:Skipping not selected package 'youbot_manipulation' in 'youbot_manipulation'
[0.310s] Level 1:colcon.colcon_core.package_discovery:discover_packages(prefix_path) check parameters
[0.310s] Level 1:colcon.colcon_core.package_discovery:discover_packages(prefix_path) discover
[0.312s] DEBUG:colcon.colcon_installed_package_information.package_discovery:Found 16 installed packages in /home/youssef/turtlebot3_ws/install
[0.312s] DEBUG:colcon.colcon_installed_package_information.package_discovery:Found 12 installed packages in /home/youssef/ros2_ws/install
[0.313s] DEBUG:colcon.colcon_installed_package_information.package_discovery:Found 1 installed packages in /home/youssef/install
[0.314s] DEBUG:colcon.colcon_installed_package_information.package_discovery:Found 468 installed packages in /opt/ros/humble
[0.317s] Level 1:colcon.colcon_core.package_discovery:discover_packages(prefix_path) using defaults
[0.360s] Level 5:colcon.colcon_core.verb:set package 'youbot_description' build argument 'cmake_args' from command line to 'None'
[0.360s] Level 5:colcon.colcon_core.verb:set package 'youbot_description' build argument 'cmake_target' from command line to 'None'
[0.360s] Level 5:colcon.colcon_core.verb:set package 'youbot_description' build argument 'cmake_target_skip_unavailable' from command line to 'False'
[0.360s] Level 5:colcon.colcon_core.verb:set package 'youbot_description' build argument 'cmake_clean_cache' from command line to 'False'
[0.360s] Level 5:colcon.colcon_core.verb:set package 'youbot_description' build argument 'cmake_clean_first' from command line to 'False'
[0.360s] Level 5:colcon.colcon_core.verb:set package 'youbot_description' build argument 'cmake_force_configure' from command line to 'False'
[0.360s] Level 5:colcon.colcon_core.verb:set package 'youbot_description' build argument 'ament_cmake_args' from command line to 'None'
[0.360s] Level 5:colcon.colcon_core.verb:set package 'youbot_description' build argument 'catkin_cmake_args' from command line to 'None'
[0.360s] Level 5:colcon.colcon_core.verb:set package 'youbot_description' build argument 'catkin_skip_building_tests' from command line to 'False'
[0.360s] DEBUG:colcon.colcon_core.verb:Building package 'youbot_description' with the following arguments: {'ament_cmake_args': None, 'build_base': '/home/youssef/fyp_ws/src/build/youbot_description', 'catkin_cmake_args': None, 'catkin_skip_building_tests': False, 'cmake_args': None, 'cmake_clean_cache': False, 'cmake_clean_first': False, 'cmake_force_configure': False, 'cmake_target': None, 'cmake_target_skip_unavailable': False, 'install_base': '/home/youssef/fyp_ws/src/install/youbot_description', 'merge_install': False, 'path': '/home/youssef/fyp_ws/src/youbot_description', 'symlink_install': True, 'test_result_base': None}
[0.360s] Level 5:colcon.colcon_core.verb:set package 'youbot_navigation' build argument 'cmake_args' from command line to 'None'
[0.360s] Level 5:colcon.colcon_core.verb:set package 'youbot_navigation' build argument 'cmake_target' from command line to 'None'
[0.361s] Level 5:colcon.colcon_core.verb:set package 'youbot_navigation' build argument 'cmake_target_skip_unavailable' from command line to 'False'
[0.361s] Level 5:colcon.colcon_core.verb:set package 'youbot_navigation' build argument 'cmake_clean_cache' from command line to 'False'
[0.361s] Level 5:colcon.colcon_core.verb:set package 'youbot_navigation' build argument 'cmake_clean_first' from command line to 'False'
[0.361s] Level 5:colcon.colcon_core.verb:set package 'youbot_navigation' build argument 'cmake_force_configure' from command line to 'False'
[0.361s] Level 5:colcon.colcon_core.verb:set package 'youbot_navigation' build argument 'ament_cmake_args' from command line to 'None'
[0.361s] Level 5:colcon.colcon_core.verb:set package 'youbot_navigation' build argument 'catkin_cmake_args' from command line to 'None'
[0.361s] Level 5:colcon.colcon_core.verb:set package 'youbot_navigation' build argument 'catkin_skip_building_tests' from command line to 'False'
[0.361s] DEBUG:colcon.colcon_core.verb:Building package 'youbot_navigation' with the following arguments: {'ament_cmake_args': None, 'build_base': '/home/youssef/fyp_ws/src/build/youbot_navigation', 'catkin_cmake_args': None, 'catkin_skip_building_tests': False, 'cmake_args': None, 'cmake_clean_cache': False, 'cmake_clean_first': False, 'cmake_force_configure': False, 'cmake_target': None, 'cmake_target_skip_unavailable': False, 'install_base': '/home/youssef/fyp_ws/src/install/youbot_navigation', 'merge_install': False, 'path': '/home/youssef/fyp_ws/src/youbot_navigation', 'symlink_install': True, 'test_result_base': None}
[0.361s] INFO:colcon.colcon_core.executor:Executing jobs using 'parallel' executor
[0.363s] DEBUG:colcon.colcon_parallel_executor.executor.parallel:run_until_complete
[0.364s] INFO:colcon.colcon_ros.task.ament_cmake.build:Building ROS package in '/home/youssef/fyp_ws/src/youbot_description' with build type 'ament_cmake'
[0.364s] INFO:colcon.colcon_cmake.task.cmake.build:Building CMake package in '/home/youssef/fyp_ws/src/youbot_description'
[0.366s] INFO:colcon.colcon_core.plugin_system:Skipping extension 'colcon_core.shell.bat': Not used on non-Windows systems
[0.367s] INFO:colcon.colcon_core.shell:Skip shell extension 'powershell' for command environment: Not usable outside of PowerShell
[0.367s] DEBUG:colcon.colcon_core.shell:Skip shell extension 'dsv' for command environment
[0.374s] INFO:colcon.colcon_ros.task.ament_python.build:Building ROS package in '/home/youssef/fyp_ws/src/youbot_navigation' with build type 'ament_python'
[0.375s] Level 1:colcon.colcon_core.shell:create_environment_hook('youbot_navigation', 'ament_prefix_path')
[0.375s] INFO:colcon.colcon_core.shell:Creating environment hook '/home/youssef/fyp_ws/src/install/youbot_navigation/share/youbot_navigation/hook/ament_prefix_path.ps1'
[0.376s] INFO:colcon.colcon_core.shell:Creating environment descriptor '/home/youssef/fyp_ws/src/install/youbot_navigation/share/youbot_navigation/hook/ament_prefix_path.dsv'
[0.376s] INFO:colcon.colcon_core.shell:Creating environment hook '/home/youssef/fyp_ws/src/install/youbot_navigation/share/youbot_navigation/hook/ament_prefix_path.sh'
[0.377s] INFO:colcon.colcon_core.shell:Skip shell extension 'powershell' for command environment: Not usable outside of PowerShell
[0.377s] DEBUG:colcon.colcon_core.shell:Skip shell extension 'dsv' for command environment
[0.388s] DEBUG:colcon.colcon_core.event_handler.log_command:Invoking command in '/home/youssef/fyp_ws/src/build/youbot_description': CMAKE_PREFIX_PATH=${CMAKE_PREFIX_PATH}:/home/youssef/ros2_ws/install/py_srvcli:/home/youssef/ros2_ws/install/py_srv:/home/youssef/ros2_ws/install/py_pubsub:/home/youssef/ros2_ws/install/pubsub:/home/youssef/ros2_ws/install/line_follower:/home/youssef/ros2_ws/install/fake_sensors:/home/youssef/ros2_ws/install/fake:/home/youssef/ros2_ws/install/actions_py:/home/youssef/turtlebot3_ws/install/turtlebot3_teleop:/home/youssef/turtlebot3_ws/install/turtlebot3_example:/home/youssef/install/fake_sensors:/opt/ros/humble /usr/bin/cmake /home/youssef/fyp_ws/src/youbot_description -DAMENT_CMAKE_SYMLINK_INSTALL=1 -DCMAKE_INSTALL_PREFIX=/home/youssef/fyp_ws/src/install/youbot_description
[0.777s] INFO:colcon.colcon_core.task.python.build:Building Python package in '/home/youssef/fyp_ws/src/youbot_navigation'
[0.781s] INFO:colcon.colcon_core.shell:Skip shell extension 'powershell' for command environment: Not usable outside of PowerShell
[0.781s] DEBUG:colcon.colcon_core.shell:Skip shell extension 'dsv' for command environment
[0.819s] DEBUG:colcon.colcon_core.event_handler.log_command:Invoked command in '/home/youssef/fyp_ws/src/build/youbot_description' returned '0': CMAKE_PREFIX_PATH=${CMAKE_PREFIX_PATH}:/home/youssef/ros2_ws/install/py_srvcli:/home/youssef/ros2_ws/install/py_srv:/home/youssef/ros2_ws/install/py_pubsub:/home/youssef/ros2_ws/install/pubsub:/home/youssef/ros2_ws/install/line_follower:/home/youssef/ros2_ws/install/fake_sensors:/home/youssef/ros2_ws/install/fake:/home/youssef/ros2_ws/install/actions_py:/home/youssef/turtlebot3_ws/install/turtlebot3_teleop:/home/youssef/turtlebot3_ws/install/turtlebot3_example:/home/youssef/install/fake_sensors:/opt/ros/humble /usr/bin/cmake /home/youssef/fyp_ws/src/youbot_description -DAMENT_CMAKE_SYMLINK_INSTALL=1 -DCMAKE_INSTALL_PREFIX=/home/youssef/fyp_ws/src/install/youbot_description
[0.820s] DEBUG:colcon.colcon_core.event_handler.log_command:Invoking command in '/home/youssef/fyp_ws/src/build/youbot_description': CMAKE_PREFIX_PATH=${CMAKE_PREFIX_PATH}:/home/youssef/ros2_ws/install/py_srvcli:/home/youssef/ros2_ws/install/py_srv:/home/youssef/ros2_ws/install/py_pubsub:/home/youssef/ros2_ws/install/pubsub:/home/youssef/ros2_ws/install/line_follower:/home/youssef/ros2_ws/install/fake_sensors:/home/youssef/ros2_ws/install/fake:/home/youssef/ros2_ws/install/actions_py:/home/youssef/turtlebot3_ws/install/turtlebot3_teleop:/home/youssef/turtlebot3_ws/install/turtlebot3_example:/home/youssef/install/fake_sensors:/opt/ros/humble /usr/bin/cmake --build /home/youssef/fyp_ws/src/build/youbot_description -- -j8 -l8
[0.869s] DEBUG:colcon.colcon_core.event_handler.log_command:Invoked command in '/home/youssef/fyp_ws/src/build/youbot_description' returned '0': CMAKE_PREFIX_PATH=${CMAKE_PREFIX_PATH}:/home/youssef/ros2_ws/install/py_srvcli:/home/youssef/ros2_ws/install/py_srv:/home/youssef/ros2_ws/install/py_pubsub:/home/youssef/ros2_ws/install/pubsub:/home/youssef/ros2_ws/install/line_follower:/home/youssef/ros2_ws/install/fake_sensors:/home/youssef/ros2_ws/install/fake:/home/youssef/ros2_ws/install/actions_py:/home/youssef/turtlebot3_ws/install/turtlebot3_teleop:/home/youssef/turtlebot3_ws/install/turtlebot3_example:/home/youssef/install/fake_sensors:/opt/ros/humble /usr/bin/cmake --build /home/youssef/fyp_ws/src/build/youbot_description -- -j8 -l8
[0.882s] DEBUG:colcon.colcon_core.event_handler.log_command:Invoking command in '/home/youssef/fyp_ws/src/build/youbot_description': CMAKE_PREFIX_PATH=${CMAKE_PREFIX_PATH}:/home/youssef/ros2_ws/install/py_srvcli:/home/youssef/ros2_ws/install/py_srv:/home/youssef/ros2_ws/install/py_pubsub:/home/youssef/ros2_ws/install/pubsub:/home/youssef/ros2_ws/install/line_follower:/home/youssef/ros2_ws/install/fake_sensors:/home/youssef/ros2_ws/install/fake:/home/youssef/ros2_ws/install/actions_py:/home/youssef/turtlebot3_ws/install/turtlebot3_teleop:/home/youssef/turtlebot3_ws/install/turtlebot3_example:/home/youssef/install/fake_sensors:/opt/ros/humble /usr/bin/cmake --install /home/youssef/fyp_ws/src/build/youbot_description
[0.946s] Level 1:colcon.colcon_core.environment:create_environment_scripts_only(youbot_description)
[0.947s] DEBUG:colcon.colcon_core.event_handler.log_command:Invoked command in '/home/youssef/fyp_ws/src/build/youbot_description' returned '0': CMAKE_PREFIX_PATH=${CMAKE_PREFIX_PATH}:/home/youssef/ros2_ws/install/py_srvcli:/home/youssef/ros2_ws/install/py_srv:/home/youssef/ros2_ws/install/py_pubsub:/home/youssef/ros2_ws/install/pubsub:/home/youssef/ros2_ws/install/line_follower:/home/youssef/ros2_ws/install/fake_sensors:/home/youssef/ros2_ws/install/fake:/home/youssef/ros2_ws/install/actions_py:/home/youssef/turtlebot3_ws/install/turtlebot3_teleop:/home/youssef/turtlebot3_ws/install/turtlebot3_example:/home/youssef/install/fake_sensors:/opt/ros/humble /usr/bin/cmake --install /home/youssef/fyp_ws/src/build/youbot_description
[0.950s] Level 1:colcon.colcon_core.environment:checking '/home/youssef/fyp_ws/src/install/youbot_description' for CMake module files
[0.951s] Level 1:colcon.colcon_core.environment:checking '/home/youssef/fyp_ws/src/install/youbot_description' for CMake config files
[0.954s] Level 1:colcon.colcon_core.shell:create_environment_hook('youbot_description', 'cmake_prefix_path')
[0.954s] INFO:colcon.colcon_core.shell:Creating environment hook '/home/youssef/fyp_ws/src/install/youbot_description/share/youbot_description/hook/cmake_prefix_path.ps1'
[0.955s] INFO:colcon.colcon_core.shell:Creating environment descriptor '/home/youssef/fyp_ws/src/install/youbot_description/share/youbot_description/hook/cmake_prefix_path.dsv'
[0.956s] INFO:colcon.colcon_core.shell:Creating environment hook '/home/youssef/fyp_ws/src/install/youbot_description/share/youbot_description/hook/cmake_prefix_path.sh'
[0.957s] Level 1:colcon.colcon_core.environment:checking '/home/youssef/fyp_ws/src/install/youbot_description/lib'
[0.957s] Level 1:colcon.colcon_core.environment:checking '/home/youssef/fyp_ws/src/install/youbot_description/bin'
[0.957s] Level 1:colcon.colcon_core.environment:checking '/home/youssef/fyp_ws/src/install/youbot_description/lib/pkgconfig/youbot_description.pc'
[0.958s] Level 1:colcon.colcon_core.environment:checking '/home/youssef/fyp_ws/src/install/youbot_description/lib/python3.10/site-packages'
[0.958s] Level 1:colcon.colcon_core.environment:checking '/home/youssef/fyp_ws/src/install/youbot_description/bin'
[0.959s] INFO:colcon.colcon_core.shell:Creating package script '/home/youssef/fyp_ws/src/install/youbot_description/share/youbot_description/package.ps1'
[0.960s] INFO:colcon.colcon_core.shell:Creating package descriptor '/home/youssef/fyp_ws/src/install/youbot_description/share/youbot_description/package.dsv'
[0.961s] INFO:colcon.colcon_core.shell:Creating package script '/home/youssef/fyp_ws/src/install/youbot_description/share/youbot_description/package.sh'
[0.962s] INFO:colcon.colcon_core.shell:Creating package script '/home/youssef/fyp_ws/src/install/youbot_description/share/youbot_description/package.bash'
[0.963s] INFO:colcon.colcon_core.shell:Creating package script '/home/youssef/fyp_ws/src/install/youbot_description/share/youbot_description/package.zsh'
[0.964s] Level 1:colcon.colcon_core.environment:create_file_with_runtime_dependencies(/home/youssef/fyp_ws/src/install/youbot_description/share/colcon-core/packages/youbot_description)
[0.965s] Level 1:colcon.colcon_core.environment:create_environment_scripts_only(youbot_description)
[0.965s] Level 1:colcon.colcon_core.environment:checking '/home/youssef/fyp_ws/src/install/youbot_description' for CMake module files
[0.966s] Level 1:colcon.colcon_core.environment:checking '/home/youssef/fyp_ws/src/install/youbot_description' for CMake config files
[0.969s] Level 1:colcon.colcon_core.shell:create_environment_hook('youbot_description', 'cmake_prefix_path')
[0.969s] INFO:colcon.colcon_core.shell:Creating environment hook '/home/youssef/fyp_ws/src/install/youbot_description/share/youbot_description/hook/cmake_prefix_path.ps1'
[0.969s] INFO:colcon.colcon_core.shell:Creating environment descriptor '/home/youssef/fyp_ws/src/install/youbot_description/share/youbot_description/hook/cmake_prefix_path.dsv'
[0.970s] INFO:colcon.colcon_core.shell:Creating environment hook '/home/youssef/fyp_ws/src/install/youbot_description/share/youbot_description/hook/cmake_prefix_path.sh'
[0.971s] Level 1:colcon.colcon_core.environment:checking '/home/youssef/fyp_ws/src/install/youbot_description/lib'
[0.971s] Level 1:colcon.colcon_core.environment:checking '/home/youssef/fyp_ws/src/install/youbot_description/bin'
[0.971s] Level 1:colcon.colcon_core.environment:checking '/home/youssef/fyp_ws/src/install/youbot_description/lib/pkgconfig/youbot_description.pc'
[0.971s] Level 1:colcon.colcon_core.environment:checking '/home/youssef/fyp_ws/src/install/youbot_description/lib/python3.10/site-packages'
[0.972s] Level 1:colcon.colcon_core.environment:checking '/home/youssef/fyp_ws/src/install/youbot_description/bin'
[0.972s] INFO:colcon.colcon_core.shell:Creating package script '/home/youssef/fyp_ws/src/install/youbot_description/share/youbot_description/package.ps1'
[0.973s] INFO:colcon.colcon_core.shell:Creating package descriptor '/home/youssef/fyp_ws/src/install/youbot_description/share/youbot_description/package.dsv'
[0.974s] INFO:colcon.colcon_core.shell:Creating package script '/home/youssef/fyp_ws/src/install/youbot_description/share/youbot_description/package.sh'
[0.974s] INFO:colcon.colcon_core.shell:Creating package script '/home/youssef/fyp_ws/src/install/youbot_description/share/youbot_description/package.bash'
[0.975s] INFO:colcon.colcon_core.shell:Creating package script '/home/youssef/fyp_ws/src/install/youbot_description/share/youbot_description/package.zsh'
[0.976s] Level 1:colcon.colcon_core.environment:create_file_with_runtime_dependencies(/home/youssef/fyp_ws/src/install/youbot_description/share/colcon-core/packages/youbot_description)
[1.221s] DEBUG:colcon.colcon_core.task.python.build:While undoing a previous installation files outside the Python library path are being ignored: /home/youssef/fyp_ws/src/install/youbot_navigation/share/ament_index/resource_index/packages/youbot_navigation
[1.221s] DEBUG:colcon.colcon_core.task.python.build:While undoing a previous installation files outside the Python library path are being ignored: /home/youssef/fyp_ws/src/install/youbot_navigation/share/youbot_navigation/package.xml
[1.221s] DEBUG:colcon.colcon_core.task.python.build:While undoing a previous installation files outside the Python library path are being ignored: /home/youssef/fyp_ws/src/install/youbot_navigation/share/youbot_navigation/launch/navigation.launch.py
[1.221s] DEBUG:colcon.colcon_core.task.python.build:While undoing a previous installation files outside the Python library path are being ignored: /home/youssef/fyp_ws/src/install/youbot_navigation/share/youbot_navigation/config
[1.225s] DEBUG:colcon.colcon_core.event_handler.log_command:Invoking command in '/home/youssef/fyp_ws/src/build/youbot_navigation': PYTHONPATH=/home/youssef/fyp_ws/src/build/youbot_navigation/prefix_override:/usr/lib/python3/dist-packages/colcon_core/task/python/colcon_distutils_commands:/home/youssef/fyp_ws/src/install/youbot_navigation/lib/python3.10/site-packages:${PYTHONPATH} /usr/bin/python3 -W ignore:setup.py install is deprecated -W ignore:easy_install command is deprecated setup.py develop --editable --build-directory /home/youssef/fyp_ws/src/build/youbot_navigation/build --no-deps symlink_data --force
[1.658s] Level 1:colcon.colcon_core.shell:create_environment_hook('youbot_navigation', 'pythonpath_develop')
[1.659s] INFO:colcon.colcon_core.shell:Creating environment hook '/home/youssef/fyp_ws/src/build/youbot_navigation/share/youbot_navigation/hook/pythonpath_develop.ps1'
[1.659s] DEBUG:colcon.colcon_core.event_handler.log_command:Invoked command in '/home/youssef/fyp_ws/src/build/youbot_navigation' returned '0': PYTHONPATH=/home/youssef/fyp_ws/src/build/youbot_navigation/prefix_override:/usr/lib/python3/dist-packages/colcon_core/task/python/colcon_distutils_commands:/home/youssef/fyp_ws/src/install/youbot_navigation/lib/python3.10/site-packages:${PYTHONPATH} /usr/bin/python3 -W ignore:setup.py install is deprecated -W ignore:easy_install command is deprecated setup.py develop --editable --build-directory /home/youssef/fyp_ws/src/build/youbot_navigation/build --no-deps symlink_data --force
[1.660s] INFO:colcon.colcon_core.shell:Creating environment descriptor '/home/youssef/fyp_ws/src/build/youbot_navigation/share/youbot_navigation/hook/pythonpath_develop.dsv'
[1.660s] INFO:colcon.colcon_core.shell:Creating environment hook '/home/youssef/fyp_ws/src/build/youbot_navigation/share/youbot_navigation/hook/pythonpath_develop.sh'
[1.660s] Level 1:colcon.colcon_core.environment:checking '/home/youssef/fyp_ws/src/install/youbot_navigation' for CMake module files
[1.661s] Level 1:colcon.colcon_core.environment:checking '/home/youssef/fyp_ws/src/install/youbot_navigation' for CMake config files
[1.661s] Level 1:colcon.colcon_core.environment:checking '/home/youssef/fyp_ws/src/install/youbot_navigation/lib'
[1.661s] Level 1:colcon.colcon_core.environment:checking '/home/youssef/fyp_ws/src/install/youbot_navigation/bin'
[1.661s] Level 1:colcon.colcon_core.environment:checking '/home/youssef/fyp_ws/src/install/youbot_navigation/lib/pkgconfig/youbot_navigation.pc'
[1.662s] Level 1:colcon.colcon_core.environment:checking '/home/youssef/fyp_ws/src/install/youbot_navigation/lib/python3.10/site-packages'
[1.662s] Level 1:colcon.colcon_core.shell:create_environment_hook('youbot_navigation', 'pythonpath')
[1.662s] INFO:colcon.colcon_core.shell:Creating environment hook '/home/youssef/fyp_ws/src/install/youbot_navigation/share/youbot_navigation/hook/pythonpath.ps1'
[1.662s] INFO:colcon.colcon_core.shell:Creating environment descriptor '/home/youssef/fyp_ws/src/install/youbot_navigation/share/youbot_navigation/hook/pythonpath.dsv'
[1.662s] INFO:colcon.colcon_core.shell:Creating environment hook '/home/youssef/fyp_ws/src/install/youbot_navigation/share/youbot_navigation/hook/pythonpath.sh'
[1.663s] Level 1:colcon.colcon_core.environment:checking '/home/youssef/fyp_ws/src/install/youbot_navigation/bin'
[1.663s] Level 1:colcon.colcon_core.environment:create_environment_scripts_only(youbot_navigation)
[1.663s] INFO:colcon.colcon_core.shell:Creating package script '/home/youssef/fyp_ws/src/install/youbot_navigation/share/youbot_navigation/package.ps1'
[1.663s] INFO:colcon.colcon_core.shell:Creating package descriptor '/home/youssef/fyp_ws/src/install/youbot_navigation/share/youbot_navigation/package.dsv'
[1.664s] INFO:colcon.colcon_core.shell:Creating package script '/home/youssef/fyp_ws/src/install/youbot_navigation/share/youbot_navigation/package.sh'
[1.664s] INFO:colcon.colcon_core.shell:Creating package script '/home/youssef/fyp_ws/src/install/youbot_navigation/share/youbot_navigation/package.bash'
[1.664s] INFO:colcon.colcon_core.shell:Creating package script '/home/youssef/fyp_ws/src/install/youbot_navigation/share/youbot_navigation/package.zsh'
[1.665s] Level 1:colcon.colcon_core.environment:create_file_with_runtime_dependencies(/home/youssef/fyp_ws/src/install/youbot_navigation/share/colcon-core/packages/youbot_navigation)
[1.665s] DEBUG:colcon.colcon_parallel_executor.executor.parallel:closing loop
[1.665s] DEBUG:colcon.colcon_parallel_executor.executor.parallel:loop closed
[1.665s] DEBUG:colcon.colcon_parallel_executor.executor.parallel:run_until_complete finished with '0'
[1.665s] DEBUG:colcon.colcon_core.event_reactor:joining thread
[1.670s] INFO:colcon.colcon_core.plugin_system:Skipping extension 'colcon_notification.desktop_notification.terminal_notifier': Not used on non-Darwin systems
[1.671s] INFO:colcon.colcon_core.plugin_system:Skipping extension 'colcon_notification.desktop_notification.win32': Not used on non-Windows systems
[1.671s] INFO:colcon.colcon_notification.desktop_notification:Sending desktop notification using 'notify2'
[1.682s] DEBUG:colcon.colcon_core.event_reactor:joined thread
[1.683s] INFO:colcon.colcon_core.shell:Creating prefix script '/home/youssef/fyp_ws/src/install/local_setup.ps1'
[1.684s] INFO:colcon.colcon_core.shell:Creating prefix util module '/home/youssef/fyp_ws/src/install/_local_setup_util_ps1.py'
[1.690s] INFO:colcon.colcon_core.shell:Creating prefix chain script '/home/youssef/fyp_ws/src/install/setup.ps1'
[1.694s] INFO:colcon.colcon_core.shell:Creating prefix script '/home/youssef/fyp_ws/src/install/local_setup.sh'
[1.695s] INFO:colcon.colcon_core.shell:Creating prefix util module '/home/youssef/fyp_ws/src/install/_local_setup_util_sh.py'
[1.696s] INFO:colcon.colcon_core.shell:Creating prefix chain script '/home/youssef/fyp_ws/src/install/setup.sh'
[1.699s] INFO:colcon.colcon_core.shell:Creating prefix script '/home/youssef/fyp_ws/src/install/local_setup.bash'
[1.699s] INFO:colcon.colcon_core.shell:Creating prefix chain script '/home/youssef/fyp_ws/src/install/setup.bash'
[1.701s] INFO:colcon.colcon_core.shell:Creating prefix script '/home/youssef/fyp_ws/src/install/local_setup.zsh'
[1.702s] INFO:colcon.colcon_core.shell:Creating prefix chain script '/home/youssef/fyp_ws/src/install/setup.zsh'
