[1.110s] Invoking command in '/home/youssef/fyp_ws/src/youbot_perception': PYTHONPATH=/home/youssef/fyp_ws/src/build/youbot_perception/prefix_override:/usr/lib/python3/dist-packages/colcon_core/task/python/colcon_distutils_commands:/home/youssef/fyp_ws/src/install/youbot_perception/lib/python3.10/site-packages:${PYTHONPATH} /usr/bin/python3 -W ignore:setup.py install is deprecated -W ignore:easy_install command is deprecated setup.py egg_info --egg-base ../build/youbot_perception build --build-base /home/youssef/fyp_ws/src/build/youbot_perception/build install --record /home/youssef/fyp_ws/src/build/youbot_perception/install.log --single-version-externally-managed install_data
[1.322s] running egg_info
[1.323s] writing ../build/youbot_perception/youbot_perception.egg-info/PKG-INFO
[1.323s] writing dependency_links to ../build/youbot_perception/youbot_perception.egg-info/dependency_links.txt
[1.323s] writing entry points to ../build/youbot_perception/youbot_perception.egg-info/entry_points.txt
[1.323s] writing requirements to ../build/youbot_perception/youbot_perception.egg-info/requires.txt
[1.323s] writing top-level names to ../build/youbot_perception/youbot_perception.egg-info/top_level.txt
[1.325s] reading manifest file '../build/youbot_perception/youbot_perception.egg-info/SOURCES.txt'
[1.327s] writing manifest file '../build/youbot_perception/youbot_perception.egg-info/SOURCES.txt'
[1.327s] running build
[1.327s] running build_py
[1.327s] copying youbot_perception/image.py -> /home/youssef/fyp_ws/src/build/youbot_perception/build/lib/youbot_perception
[1.328s] copying youbot_perception/yolo_detector.py -> /home/youssef/fyp_ws/src/build/youbot_perception/build/lib/youbot_perception
[1.328s] running install
[1.329s] running install_lib
[1.330s] copying /home/youssef/fyp_ws/src/build/youbot_perception/build/lib/youbot_perception/image.py -> /home/youssef/fyp_ws/src/install/youbot_perception/lib/python3.10/site-packages/youbot_perception
[1.330s] copying /home/youssef/fyp_ws/src/build/youbot_perception/build/lib/youbot_perception/yolo_detector.py -> /home/youssef/fyp_ws/src/install/youbot_perception/lib/python3.10/site-packages/youbot_perception
[1.331s] byte-compiling /home/youssef/fyp_ws/src/install/youbot_perception/lib/python3.10/site-packages/youbot_perception/image.py to image.cpython-310.pyc
[1.332s] byte-compiling /home/youssef/fyp_ws/src/install/youbot_perception/lib/python3.10/site-packages/youbot_perception/yolo_detector.py to yolo_detector.cpython-310.pyc
[1.332s] running install_data
[1.333s] running install_egg_info
[1.335s] removing '/home/youssef/fyp_ws/src/install/youbot_perception/lib/python3.10/site-packages/youbot_perception-0.0.0-py3.10.egg-info' (and everything under it)
[1.335s] Copying ../build/youbot_perception/youbot_perception.egg-info to /home/youssef/fyp_ws/src/install/youbot_perception/lib/python3.10/site-packages/youbot_perception-0.0.0-py3.10.egg-info
[1.336s] running install_scripts
[1.360s] Installing image script to /home/youssef/fyp_ws/src/install/youbot_perception/lib/youbot_perception
[1.360s] writing list of installed files to '/home/youssef/fyp_ws/src/build/youbot_perception/install.log'
[1.385s] Invoked command in '/home/youssef/fyp_ws/src/youbot_perception' returned '0': PYTHONPATH=/home/youssef/fyp_ws/src/build/youbot_perception/prefix_override:/usr/lib/python3/dist-packages/colcon_core/task/python/colcon_distutils_commands:/home/youssef/fyp_ws/src/install/youbot_perception/lib/python3.10/site-packages:${PYTHONPATH} /usr/bin/python3 -W ignore:setup.py install is deprecated -W ignore:easy_install command is deprecated setup.py egg_info --egg-base ../build/youbot_perception build --build-base /home/youssef/fyp_ws/src/build/youbot_perception/build install --record /home/youssef/fyp_ws/src/build/youbot_perception/install.log --single-version-externally-managed install_data
