[2.206s] Invoking command in '/home/youssef/fyp_ws/src/youbot_manipulation': PYTHONPATH=/home/youssef/fyp_ws/src/build/youbot_manipulation/prefix_override:/usr/lib/python3/dist-packages/colcon_core/task/python/colcon_distutils_commands:/home/youssef/fyp_ws/src/install/youbot_manipulation/lib/python3.10/site-packages:${PYTHONPATH} /usr/bin/python3 -W ignore:setup.py install is deprecated -W ignore:easy_install command is deprecated setup.py egg_info --egg-base ../build/youbot_manipulation build --build-base /home/youssef/fyp_ws/src/build/youbot_manipulation/build install --record /home/youssef/fyp_ws/src/build/youbot_manipulation/install.log --single-version-externally-managed install_data
[2.846s] running egg_info
[2.849s] writing ../build/youbot_manipulation/youbot_manipulation.egg-info/PKG-INFO
[2.850s] writing dependency_links to ../build/youbot_manipulation/youbot_manipulation.egg-info/dependency_links.txt
[2.850s] writing entry points to ../build/youbot_manipulation/youbot_manipulation.egg-info/entry_points.txt
[2.850s] writing requirements to ../build/youbot_manipulation/youbot_manipulation.egg-info/requires.txt
[2.850s] writing top-level names to ../build/youbot_manipulation/youbot_manipulation.egg-info/top_level.txt
[2.855s] reading manifest file '../build/youbot_manipulation/youbot_manipulation.egg-info/SOURCES.txt'
[2.856s] adding license file 'LICENSE'
[2.858s] writing manifest file '../build/youbot_manipulation/youbot_manipulation.egg-info/SOURCES.txt'
[2.858s] running build
[2.859s] running build_py
[2.859s] running install
[2.860s] running install_lib
[2.865s] running install_data
[2.866s] running install_egg_info
[2.871s] removing '/home/youssef/fyp_ws/src/install/youbot_manipulation/lib/python3.10/site-packages/youbot_manipulation-0.0.0-py3.10.egg-info' (and everything under it)
[2.872s] Copying ../build/youbot_manipulation/youbot_manipulation.egg-info to /home/youssef/fyp_ws/src/install/youbot_manipulation/lib/python3.10/site-packages/youbot_manipulation-0.0.0-py3.10.egg-info
[2.874s] running install_scripts
[2.926s] writing list of installed files to '/home/youssef/fyp_ws/src/build/youbot_manipulation/install.log'
[2.983s] Invoked command in '/home/youssef/fyp_ws/src/youbot_manipulation' returned '0': PYTHONPATH=/home/youssef/fyp_ws/src/build/youbot_manipulation/prefix_override:/usr/lib/python3/dist-packages/colcon_core/task/python/colcon_distutils_commands:/home/youssef/fyp_ws/src/install/youbot_manipulation/lib/python3.10/site-packages:${PYTHONPATH} /usr/bin/python3 -W ignore:setup.py install is deprecated -W ignore:easy_install command is deprecated setup.py egg_info --egg-base ../build/youbot_manipulation build --build-base /home/youssef/fyp_ws/src/build/youbot_manipulation/build install --record /home/youssef/fyp_ws/src/build/youbot_manipulation/install.log --single-version-externally-managed install_data
