[1.442s] Invoking command in '/home/youssef/fyp_ws/src/build/youbot_perception': PYTHONPATH=/home/youssef/fyp_ws/src/build/youbot_perception/prefix_override:/usr/lib/python3/dist-packages/colcon_core/task/python/colcon_distutils_commands:/home/youssef/fyp_ws/src/install/youbot_perception/lib/python3.10/site-packages:${PYTHONPATH} /usr/bin/python3 -W ignore:setup.py install is deprecated -W ignore:easy_install command is deprecated setup.py develop --editable --build-directory /home/youssef/fyp_ws/src/build/youbot_perception/build --no-deps symlink_data
[1.781s] running develop
[2.018s] running egg_info
[2.018s] writing youbot_perception.egg-info/PKG-INFO
[2.018s] writing dependency_links to youbot_perception.egg-info/dependency_links.txt
[2.018s] writing entry points to youbot_perception.egg-info/entry_points.txt
[2.018s] writing requirements to youbot_perception.egg-info/requires.txt
[2.018s] writing top-level names to youbot_perception.egg-info/top_level.txt
[2.021s] reading manifest file 'youbot_perception.egg-info/SOURCES.txt'
[2.023s] writing manifest file 'youbot_perception.egg-info/SOURCES.txt'
[2.026s] running build_ext
[2.027s] Creating /home/youssef/fyp_ws/src/install/youbot_perception/lib/python3.10/site-packages/youbot-perception.egg-link (link to .)
[2.027s] Installing image script to /home/youssef/fyp_ws/src/install/youbot_perception/lib/youbot_perception
[2.028s] 
[2.028s] Installed /home/youssef/fyp_ws/src/build/youbot_perception
[2.028s] running symlink_data
[2.028s] creating /home/youssef/fyp_ws/src/install/youbot_perception/share/ament_index
[2.029s] creating /home/youssef/fyp_ws/src/install/youbot_perception/share/ament_index/resource_index
[2.029s] creating /home/youssef/fyp_ws/src/install/youbot_perception/share/ament_index/resource_index/packages
[2.029s] symbolically linking /home/youssef/fyp_ws/src/build/youbot_perception/resource/youbot_perception -> /home/youssef/fyp_ws/src/install/youbot_perception/share/ament_index/resource_index/packages
[2.029s] symbolically linking /home/youssef/fyp_ws/src/build/youbot_perception/package.xml -> /home/youssef/fyp_ws/src/install/youbot_perception/share/youbot_perception
[2.029s] creating /home/youssef/fyp_ws/src/install/youbot_perception/share/youbot_perception/launch
[2.029s] symbolically linking /home/youssef/fyp_ws/src/build/youbot_perception/launch/perception.launch.py -> /home/youssef/fyp_ws/src/install/youbot_perception/share/youbot_perception/launch
[2.057s] Invoked command in '/home/youssef/fyp_ws/src/build/youbot_perception' returned '0': PYTHONPATH=/home/youssef/fyp_ws/src/build/youbot_perception/prefix_override:/usr/lib/python3/dist-packages/colcon_core/task/python/colcon_distutils_commands:/home/youssef/fyp_ws/src/install/youbot_perception/lib/python3.10/site-packages:${PYTHONPATH} /usr/bin/python3 -W ignore:setup.py install is deprecated -W ignore:easy_install command is deprecated setup.py develop --editable --build-directory /home/youssef/fyp_ws/src/build/youbot_perception/build --no-deps symlink_data
