[2.340s] Invoking command in '/home/youssef/fyp_ws/src/youbot_navigation': PYTHONPATH=/home/youssef/fyp_ws/src/build/youbot_navigation/prefix_override:/usr/lib/python3/dist-packages/colcon_core/task/python/colcon_distutils_commands:/home/youssef/fyp_ws/src/install/youbot_navigation/lib/python3.10/site-packages:${PYTHONPATH} /usr/bin/python3 -W ignore:setup.py install is deprecated -W ignore:easy_install command is deprecated setup.py egg_info --egg-base ../build/youbot_navigation build --build-base /home/youssef/fyp_ws/src/build/youbot_navigation/build install --record /home/youssef/fyp_ws/src/build/youbot_navigation/install.log --single-version-externally-managed install_data
[2.875s] running egg_info
[2.877s] writing ../build/youbot_navigation/youbot_navigation.egg-info/PKG-INFO
[2.878s] writing dependency_links to ../build/youbot_navigation/youbot_navigation.egg-info/dependency_links.txt
[2.878s] writing entry points to ../build/youbot_navigation/youbot_navigation.egg-info/entry_points.txt
[2.879s] writing requirements to ../build/youbot_navigation/youbot_navigation.egg-info/requires.txt
[2.879s] writing top-level names to ../build/youbot_navigation/youbot_navigation.egg-info/top_level.txt
[2.883s] reading manifest file '../build/youbot_navigation/youbot_navigation.egg-info/SOURCES.txt'
[2.883s] adding license file 'LICENSE'
[2.884s] writing manifest file '../build/youbot_navigation/youbot_navigation.egg-info/SOURCES.txt'
[2.885s] running build
[2.885s] running build_py
[2.885s] running install
[2.886s] running install_lib
[2.890s] running install_data
[2.890s] running install_egg_info
[2.894s] removing '/home/youssef/fyp_ws/src/install/youbot_navigation/lib/python3.10/site-packages/youbot_navigation-0.0.0-py3.10.egg-info' (and everything under it)
[2.895s] Copying ../build/youbot_navigation/youbot_navigation.egg-info to /home/youssef/fyp_ws/src/install/youbot_navigation/lib/python3.10/site-packages/youbot_navigation-0.0.0-py3.10.egg-info
[2.896s] running install_scripts
[2.950s] writing list of installed files to '/home/youssef/fyp_ws/src/build/youbot_navigation/install.log'
[3.009s] Invoked command in '/home/youssef/fyp_ws/src/youbot_navigation' returned '0': PYTHONPATH=/home/youssef/fyp_ws/src/build/youbot_navigation/prefix_override:/usr/lib/python3/dist-packages/colcon_core/task/python/colcon_distutils_commands:/home/youssef/fyp_ws/src/install/youbot_navigation/lib/python3.10/site-packages:${PYTHONPATH} /usr/bin/python3 -W ignore:setup.py install is deprecated -W ignore:easy_install command is deprecated setup.py egg_info --egg-base ../build/youbot_navigation build --build-base /home/youssef/fyp_ws/src/build/youbot_navigation/build install --record /home/youssef/fyp_ws/src/build/youbot_navigation/install.log --single-version-externally-managed install_data
