[1.161s] Invoking command in '/home/youssef/fyp_ws/src/youbot_perception': PYTHONPATH=/home/youssef/fyp_ws/src/build/youbot_perception/prefix_override:/usr/lib/python3/dist-packages/colcon_core/task/python/colcon_distutils_commands:/home/youssef/fyp_ws/src/install/youbot_perception/lib/python3.10/site-packages:${PYTHONPATH} /usr/bin/python3 -W ignore:setup.py install is deprecated -W ignore:easy_install command is deprecated setup.py egg_info --egg-base ../build/youbot_perception build --build-base /home/youssef/fyp_ws/src/build/youbot_perception/build install --record /home/youssef/fyp_ws/src/build/youbot_perception/install.log --single-version-externally-managed install_data
[1.384s] /home/youssef/.local/lib/python3.10/site-packages/setuptools/_distutils/dist.py:289: UserWarning: Unknown distribution option: 'tests_require'
[1.384s]   warnings.warn(msg)
[1.506s] running egg_info
[1.525s] writing ../build/youbot_perception/youbot_perception.egg-info/PKG-INFO
[1.526s] writing dependency_links to ../build/youbot_perception/youbot_perception.egg-info/dependency_links.txt
[1.526s] writing entry points to ../build/youbot_perception/youbot_perception.egg-info/entry_points.txt
[1.527s] writing requirements to ../build/youbot_perception/youbot_perception.egg-info/requires.txt
[1.527s] writing top-level names to ../build/youbot_perception/youbot_perception.egg-info/top_level.txt
[1.570s] reading manifest file '../build/youbot_perception/youbot_perception.egg-info/SOURCES.txt'
[1.571s] Traceback (most recent call last):
[1.571s]   File "/home/youssef/fyp_ws/src/youbot_perception/setup.py", line 5, in <module>
[1.571s]     setup(
[1.572s]   File "/home/youssef/.local/lib/python3.10/site-packages/setuptools/__init__.py", line 115, in setup
[1.572s]     return distutils.core.setup(**attrs)
[1.572s]   File "/home/youssef/.local/lib/python3.10/site-packages/setuptools/_distutils/core.py", line 186, in setup
[1.572s]     return run_commands(dist)
[1.572s]   File "/home/youssef/.local/lib/python3.10/site-packages/setuptools/_distutils/core.py", line 202, in run_commands
[1.573s]     dist.run_commands()
[1.573s]   File "/home/youssef/.local/lib/python3.10/site-packages/setuptools/_distutils/dist.py", line 1002, in run_commands
[1.573s]     self.run_command(cmd)
[1.573s]   File "/home/youssef/.local/lib/python3.10/site-packages/setuptools/dist.py", line 1102, in run_command
[1.573s]     super().run_command(command)
[1.574s]   File "/home/youssef/.local/lib/python3.10/site-packages/setuptools/_distutils/dist.py", line 1021, in run_command
[1.574s]     cmd_obj.run()
[1.574s]   File "/home/youssef/.local/lib/python3.10/site-packages/setuptools/command/egg_info.py", line 312, in run
[1.574s]     self.find_sources()
[1.574s]   File "/home/youssef/.local/lib/python3.10/site-packages/setuptools/command/egg_info.py", line 320, in find_sources
[1.574s]     mm.run()
[1.574s]   File "/home/youssef/.local/lib/python3.10/site-packages/setuptools/command/egg_info.py", line 548, in run
[1.574s]     self.prune_file_list()
[1.575s]   File "/home/youssef/.local/lib/python3.10/site-packages/setuptools/command/sdist.py", line 162, in prune_file_list
[1.575s]     super().prune_file_list()
[1.575s]   File "/home/youssef/.local/lib/python3.10/site-packages/setuptools/_distutils/command/sdist.py", line 386, in prune_file_list
[1.578s]     base_dir = self.distribution.get_fullname()
[1.578s]   File "/home/youssef/.local/lib/python3.10/site-packages/setuptools/_core_metadata.py", line 275, in get_fullname
[1.578s]     return _distribution_fullname(self.get_name(), self.get_version())
[1.578s]   File "/home/youssef/.local/lib/python3.10/site-packages/setuptools/_core_metadata.py", line 293, in _distribution_fullname
[1.578s]     canonicalize_version(version, strip_trailing_zero=False),
[1.579s] TypeError: canonicalize_version() got an unexpected keyword argument 'strip_trailing_zero'
[1.602s] Invoked command in '/home/youssef/fyp_ws/src/youbot_perception' returned '1': PYTHONPATH=/home/youssef/fyp_ws/src/build/youbot_perception/prefix_override:/usr/lib/python3/dist-packages/colcon_core/task/python/colcon_distutils_commands:/home/youssef/fyp_ws/src/install/youbot_perception/lib/python3.10/site-packages:${PYTHONPATH} /usr/bin/python3 -W ignore:setup.py install is deprecated -W ignore:easy_install command is deprecated setup.py egg_info --egg-base ../build/youbot_perception build --build-base /home/youssef/fyp_ws/src/build/youbot_perception/build install --record /home/youssef/fyp_ws/src/build/youbot_perception/install.log --single-version-externally-managed install_data
