[0.239s] DEBUG:colcon:Command line arguments: ['/usr/bin/colcon', 'build']
[0.239s] DEBUG:colcon:Parsed command line arguments: Namespace(log_base=None, log_level=None, verb_name='build', build_base='build', install_base='install', merge_install=False, symlink_install=False, test_result_base=None, continue_on_error=False, executor='parallel', parallel_workers=8, event_handlers=None, ignore_user_meta=False, metas=['./colcon.meta'], base_paths=['.'], packages_ignore=None, packages_ignore_regex=None, paths=None, packages_up_to=None, packages_up_to_regex=None, packages_above=None, packages_above_and_dependencies=None, packages_above_depth=None, packages_select_by_dep=None, packages_skip_by_dep=None, packages_skip_up_to=None, packages_select_build_failed=False, packages_skip_build_finished=False, packages_select_test_failures=False, packages_skip_test_passed=False, packages_select=None, packages_skip=None, packages_select_regex=None, packages_skip_regex=None, packages_start=None, packages_end=None, allow_overriding=[], cmake_args=None, cmake_target=None, cmake_target_skip_unavailable=False, cmake_clean_cache=False, cmake_clean_first=False, cmake_force_configure=False, ament_cmake_args=None, catkin_cmake_args=None, catkin_skip_building_tests=False, mixin_files=None, mixin=None, verb_parser=<colcon_mixin.mixin.mixin_argument.MixinArgumentDecorator object at 0x79643862e2f0>, verb_extension=<colcon_core.verb.build.BuildVerb object at 0x79643862dc60>, main=<bound method BuildVerb.main of <colcon_core.verb.build.BuildVerb object at 0x79643862dc60>>, mixin_verb=('build',))
[0.618s] Level 1:colcon.colcon_core.package_discovery:discover_packages(colcon_meta) check parameters
[0.618s] Level 1:colcon.colcon_core.package_discovery:discover_packages(recursive) check parameters
[0.618s] Level 1:colcon.colcon_core.package_discovery:discover_packages(ignore) check parameters
[0.618s] Level 1:colcon.colcon_core.package_discovery:discover_packages(path) check parameters
[0.618s] Level 1:colcon.colcon_core.package_discovery:discover_packages(colcon_meta) discover
[0.618s] Level 1:colcon.colcon_core.package_discovery:discover_packages(recursive) discover
[0.618s] INFO:colcon.colcon_core.package_discovery:Crawling recursively for packages in '/home/youssef/fyp_ws/src'
[0.618s] Level 1:colcon.colcon_core.package_identification:_identify(.) by extensions ['ignore', 'ignore_ament_install']
[0.619s] Level 1:colcon.colcon_core.package_identification:_identify(.) by extension 'ignore'
[0.619s] Level 1:colcon.colcon_core.package_identification:_identify(.) by extension 'ignore_ament_install'
[0.619s] Level 1:colcon.colcon_core.package_identification:_identify(.) by extensions ['colcon_pkg']
[0.619s] Level 1:colcon.colcon_core.package_identification:_identify(.) by extension 'colcon_pkg'
[0.619s] Level 1:colcon.colcon_core.package_identification:_identify(.) by extensions ['colcon_meta']
[0.619s] Level 1:colcon.colcon_core.package_identification:_identify(.) by extension 'colcon_meta'
[0.619s] Level 1:colcon.colcon_core.package_identification:_identify(.) by extensions ['ros']
[0.619s] Level 1:colcon.colcon_core.package_identification:_identify(.) by extension 'ros'
[0.651s] Level 1:colcon.colcon_core.package_identification:_identify(.) by extensions ['cmake', 'python']
[0.651s] Level 1:colcon.colcon_core.package_identification:_identify(.) by extension 'cmake'
[0.651s] Level 1:colcon.colcon_core.package_identification:_identify(.) by extension 'python'
[0.651s] Level 1:colcon.colcon_core.package_identification:_identify(.) by extensions ['python_setup_py']
[0.651s] Level 1:colcon.colcon_core.package_identification:_identify(.) by extension 'python_setup_py'
[0.651s] Level 1:colcon.colcon_core.package_identification:_identify(build) by extensions ['ignore', 'ignore_ament_install']
[0.652s] Level 1:colcon.colcon_core.package_identification:_identify(build) by extension 'ignore'
[0.652s] Level 1:colcon.colcon_core.package_identification:_identify(build) ignored
[0.652s] Level 1:colcon.colcon_core.package_identification:_identify(install) by extensions ['ignore', 'ignore_ament_install']
[0.652s] Level 1:colcon.colcon_core.package_identification:_identify(install) by extension 'ignore'
[0.652s] Level 1:colcon.colcon_core.package_identification:_identify(install) ignored
[0.653s] Level 1:colcon.colcon_core.package_identification:_identify(log) by extensions ['ignore', 'ignore_ament_install']
[0.653s] Level 1:colcon.colcon_core.package_identification:_identify(log) by extension 'ignore'
[0.653s] Level 1:colcon.colcon_core.package_identification:_identify(log) ignored
[0.653s] Level 1:colcon.colcon_core.package_identification:_identify(youbot_description) by extensions ['ignore', 'ignore_ament_install']
[0.653s] Level 1:colcon.colcon_core.package_identification:_identify(youbot_description) by extension 'ignore'
[0.653s] Level 1:colcon.colcon_core.package_identification:_identify(youbot_description) by extension 'ignore_ament_install'
[0.653s] Level 1:colcon.colcon_core.package_identification:_identify(youbot_description) by extensions ['colcon_pkg']
[0.653s] Level 1:colcon.colcon_core.package_identification:_identify(youbot_description) by extension 'colcon_pkg'
[0.653s] Level 1:colcon.colcon_core.package_identification:_identify(youbot_description) by extensions ['colcon_meta']
[0.653s] Level 1:colcon.colcon_core.package_identification:_identify(youbot_description) by extension 'colcon_meta'
[0.653s] Level 1:colcon.colcon_core.package_identification:_identify(youbot_description) by extensions ['ros']
[0.654s] Level 1:colcon.colcon_core.package_identification:_identify(youbot_description) by extension 'ros'
[0.660s] DEBUG:colcon.colcon_core.package_identification:Package 'youbot_description' with type 'ros.ament_cmake' and name 'youbot_description'
[0.660s] Level 1:colcon.colcon_core.package_identification:_identify(youbot_manipulation) by extensions ['ignore', 'ignore_ament_install']
[0.660s] Level 1:colcon.colcon_core.package_identification:_identify(youbot_manipulation) by extension 'ignore'
[0.660s] Level 1:colcon.colcon_core.package_identification:_identify(youbot_manipulation) by extension 'ignore_ament_install'
[0.660s] Level 1:colcon.colcon_core.package_identification:_identify(youbot_manipulation) by extensions ['colcon_pkg']
[0.660s] Level 1:colcon.colcon_core.package_identification:_identify(youbot_manipulation) by extension 'colcon_pkg'
[0.660s] Level 1:colcon.colcon_core.package_identification:_identify(youbot_manipulation) by extensions ['colcon_meta']
[0.660s] Level 1:colcon.colcon_core.package_identification:_identify(youbot_manipulation) by extension 'colcon_meta'
[0.660s] Level 1:colcon.colcon_core.package_identification:_identify(youbot_manipulation) by extensions ['ros']
[0.660s] Level 1:colcon.colcon_core.package_identification:_identify(youbot_manipulation) by extension 'ros'
[0.662s] DEBUG:colcon.colcon_core.package_identification:Package 'youbot_manipulation' with type 'ros.ament_python' and name 'youbot_manipulation'
[0.662s] Level 1:colcon.colcon_core.package_identification:_identify(youbot_navigation) by extensions ['ignore', 'ignore_ament_install']
[0.663s] Level 1:colcon.colcon_core.package_identification:_identify(youbot_navigation) by extension 'ignore'
[0.663s] Level 1:colcon.colcon_core.package_identification:_identify(youbot_navigation) by extension 'ignore_ament_install'
[0.663s] Level 1:colcon.colcon_core.package_identification:_identify(youbot_navigation) by extensions ['colcon_pkg']
[0.663s] Level 1:colcon.colcon_core.package_identification:_identify(youbot_navigation) by extension 'colcon_pkg'
[0.663s] Level 1:colcon.colcon_core.package_identification:_identify(youbot_navigation) by extensions ['colcon_meta']
[0.663s] Level 1:colcon.colcon_core.package_identification:_identify(youbot_navigation) by extension 'colcon_meta'
[0.663s] Level 1:colcon.colcon_core.package_identification:_identify(youbot_navigation) by extensions ['ros']
[0.663s] Level 1:colcon.colcon_core.package_identification:_identify(youbot_navigation) by extension 'ros'
[0.665s] DEBUG:colcon.colcon_core.package_identification:Package 'youbot_navigation' with type 'ros.ament_python' and name 'youbot_navigation'
[0.666s] Level 1:colcon.colcon_core.package_identification:_identify(youbot_perception) by extensions ['ignore', 'ignore_ament_install']
[0.666s] Level 1:colcon.colcon_core.package_identification:_identify(youbot_perception) by extension 'ignore'
[0.666s] Level 1:colcon.colcon_core.package_identification:_identify(youbot_perception) by extension 'ignore_ament_install'
[0.666s] Level 1:colcon.colcon_core.package_identification:_identify(youbot_perception) by extensions ['colcon_pkg']
[0.666s] Level 1:colcon.colcon_core.package_identification:_identify(youbot_perception) by extension 'colcon_pkg'
[0.666s] Level 1:colcon.colcon_core.package_identification:_identify(youbot_perception) by extensions ['colcon_meta']
[0.666s] Level 1:colcon.colcon_core.package_identification:_identify(youbot_perception) by extension 'colcon_meta'
[0.666s] Level 1:colcon.colcon_core.package_identification:_identify(youbot_perception) by extensions ['ros']
[0.666s] Level 1:colcon.colcon_core.package_identification:_identify(youbot_perception) by extension 'ros'
[0.668s] DEBUG:colcon.colcon_core.package_identification:Package 'youbot_perception' with type 'ros.ament_python' and name 'youbot_perception'
[0.668s] Level 1:colcon.colcon_core.package_discovery:discover_packages(recursive) using defaults
[0.668s] Level 1:colcon.colcon_core.package_discovery:discover_packages(ignore) discover
[0.668s] Level 1:colcon.colcon_core.package_discovery:discover_packages(ignore) using defaults
[0.668s] Level 1:colcon.colcon_core.package_discovery:discover_packages(path) discover
[0.668s] Level 1:colcon.colcon_core.package_discovery:discover_packages(path) using defaults
[0.708s] Level 1:colcon.colcon_core.package_discovery:discover_packages(prefix_path) check parameters
[0.708s] Level 1:colcon.colcon_core.package_discovery:discover_packages(prefix_path) discover
[0.722s] DEBUG:colcon.colcon_installed_package_information.package_discovery:Found 16 installed packages in /home/youssef/turtlebot3_ws/install
[0.722s] DEBUG:colcon.colcon_installed_package_information.package_discovery:Found 12 installed packages in /home/youssef/ros2_ws/install
[0.723s] DEBUG:colcon.colcon_installed_package_information.package_discovery:Found 1 installed packages in /home/youssef/install
[0.726s] DEBUG:colcon.colcon_installed_package_information.package_discovery:Found 468 installed packages in /opt/ros/humble
[0.731s] Level 1:colcon.colcon_core.package_discovery:discover_packages(prefix_path) using defaults
[0.819s] Level 5:colcon.colcon_core.verb:set package 'youbot_description' build argument 'cmake_args' from command line to 'None'
[0.819s] Level 5:colcon.colcon_core.verb:set package 'youbot_description' build argument 'cmake_target' from command line to 'None'
[0.819s] Level 5:colcon.colcon_core.verb:set package 'youbot_description' build argument 'cmake_target_skip_unavailable' from command line to 'False'
[0.819s] Level 5:colcon.colcon_core.verb:set package 'youbot_description' build argument 'cmake_clean_cache' from command line to 'False'
[0.819s] Level 5:colcon.colcon_core.verb:set package 'youbot_description' build argument 'cmake_clean_first' from command line to 'False'
[0.819s] Level 5:colcon.colcon_core.verb:set package 'youbot_description' build argument 'cmake_force_configure' from command line to 'False'
[0.819s] Level 5:colcon.colcon_core.verb:set package 'youbot_description' build argument 'ament_cmake_args' from command line to 'None'
[0.819s] Level 5:colcon.colcon_core.verb:set package 'youbot_description' build argument 'catkin_cmake_args' from command line to 'None'
[0.819s] Level 5:colcon.colcon_core.verb:set package 'youbot_description' build argument 'catkin_skip_building_tests' from command line to 'False'
[0.819s] DEBUG:colcon.colcon_core.verb:Building package 'youbot_description' with the following arguments: {'ament_cmake_args': None, 'build_base': '/home/youssef/fyp_ws/src/build/youbot_description', 'catkin_cmake_args': None, 'catkin_skip_building_tests': False, 'cmake_args': None, 'cmake_clean_cache': False, 'cmake_clean_first': False, 'cmake_force_configure': False, 'cmake_target': None, 'cmake_target_skip_unavailable': False, 'install_base': '/home/youssef/fyp_ws/src/install/youbot_description', 'merge_install': False, 'path': '/home/youssef/fyp_ws/src/youbot_description', 'symlink_install': False, 'test_result_base': None}
[0.820s] Level 5:colcon.colcon_core.verb:set package 'youbot_manipulation' build argument 'cmake_args' from command line to 'None'
[0.820s] Level 5:colcon.colcon_core.verb:set package 'youbot_manipulation' build argument 'cmake_target' from command line to 'None'
[0.820s] Level 5:colcon.colcon_core.verb:set package 'youbot_manipulation' build argument 'cmake_target_skip_unavailable' from command line to 'False'
[0.820s] Level 5:colcon.colcon_core.verb:set package 'youbot_manipulation' build argument 'cmake_clean_cache' from command line to 'False'
[0.820s] Level 5:colcon.colcon_core.verb:set package 'youbot_manipulation' build argument 'cmake_clean_first' from command line to 'False'
[0.820s] Level 5:colcon.colcon_core.verb:set package 'youbot_manipulation' build argument 'cmake_force_configure' from command line to 'False'
[0.820s] Level 5:colcon.colcon_core.verb:set package 'youbot_manipulation' build argument 'ament_cmake_args' from command line to 'None'
[0.820s] Level 5:colcon.colcon_core.verb:set package 'youbot_manipulation' build argument 'catkin_cmake_args' from command line to 'None'
[0.820s] Level 5:colcon.colcon_core.verb:set package 'youbot_manipulation' build argument 'catkin_skip_building_tests' from command line to 'False'
[0.820s] DEBUG:colcon.colcon_core.verb:Building package 'youbot_manipulation' with the following arguments: {'ament_cmake_args': None, 'build_base': '/home/youssef/fyp_ws/src/build/youbot_manipulation', 'catkin_cmake_args': None, 'catkin_skip_building_tests': False, 'cmake_args': None, 'cmake_clean_cache': False, 'cmake_clean_first': False, 'cmake_force_configure': False, 'cmake_target': None, 'cmake_target_skip_unavailable': False, 'install_base': '/home/youssef/fyp_ws/src/install/youbot_manipulation', 'merge_install': False, 'path': '/home/youssef/fyp_ws/src/youbot_manipulation', 'symlink_install': False, 'test_result_base': None}
[0.820s] Level 5:colcon.colcon_core.verb:set package 'youbot_navigation' build argument 'cmake_args' from command line to 'None'
[0.820s] Level 5:colcon.colcon_core.verb:set package 'youbot_navigation' build argument 'cmake_target' from command line to 'None'
[0.820s] Level 5:colcon.colcon_core.verb:set package 'youbot_navigation' build argument 'cmake_target_skip_unavailable' from command line to 'False'
[0.821s] Level 5:colcon.colcon_core.verb:set package 'youbot_navigation' build argument 'cmake_clean_cache' from command line to 'False'
[0.821s] Level 5:colcon.colcon_core.verb:set package 'youbot_navigation' build argument 'cmake_clean_first' from command line to 'False'
[0.821s] Level 5:colcon.colcon_core.verb:set package 'youbot_navigation' build argument 'cmake_force_configure' from command line to 'False'
[0.821s] Level 5:colcon.colcon_core.verb:set package 'youbot_navigation' build argument 'ament_cmake_args' from command line to 'None'
[0.821s] Level 5:colcon.colcon_core.verb:set package 'youbot_navigation' build argument 'catkin_cmake_args' from command line to 'None'
[0.821s] Level 5:colcon.colcon_core.verb:set package 'youbot_navigation' build argument 'catkin_skip_building_tests' from command line to 'False'
[0.821s] DEBUG:colcon.colcon_core.verb:Building package 'youbot_navigation' with the following arguments: {'ament_cmake_args': None, 'build_base': '/home/youssef/fyp_ws/src/build/youbot_navigation', 'catkin_cmake_args': None, 'catkin_skip_building_tests': False, 'cmake_args': None, 'cmake_clean_cache': False, 'cmake_clean_first': False, 'cmake_force_configure': False, 'cmake_target': None, 'cmake_target_skip_unavailable': False, 'install_base': '/home/youssef/fyp_ws/src/install/youbot_navigation', 'merge_install': False, 'path': '/home/youssef/fyp_ws/src/youbot_navigation', 'symlink_install': False, 'test_result_base': None}
[0.821s] Level 5:colcon.colcon_core.verb:set package 'youbot_perception' build argument 'cmake_args' from command line to 'None'
[0.821s] Level 5:colcon.colcon_core.verb:set package 'youbot_perception' build argument 'cmake_target' from command line to 'None'
[0.821s] Level 5:colcon.colcon_core.verb:set package 'youbot_perception' build argument 'cmake_target_skip_unavailable' from command line to 'False'
[0.821s] Level 5:colcon.colcon_core.verb:set package 'youbot_perception' build argument 'cmake_clean_cache' from command line to 'False'
[0.822s] Level 5:colcon.colcon_core.verb:set package 'youbot_perception' build argument 'cmake_clean_first' from command line to 'False'
[0.822s] Level 5:colcon.colcon_core.verb:set package 'youbot_perception' build argument 'cmake_force_configure' from command line to 'False'
[0.822s] Level 5:colcon.colcon_core.verb:set package 'youbot_perception' build argument 'ament_cmake_args' from command line to 'None'
[0.822s] Level 5:colcon.colcon_core.verb:set package 'youbot_perception' build argument 'catkin_cmake_args' from command line to 'None'
[0.822s] Level 5:colcon.colcon_core.verb:set package 'youbot_perception' build argument 'catkin_skip_building_tests' from command line to 'False'
[0.822s] DEBUG:colcon.colcon_core.verb:Building package 'youbot_perception' with the following arguments: {'ament_cmake_args': None, 'build_base': '/home/youssef/fyp_ws/src/build/youbot_perception', 'catkin_cmake_args': None, 'catkin_skip_building_tests': False, 'cmake_args': None, 'cmake_clean_cache': False, 'cmake_clean_first': False, 'cmake_force_configure': False, 'cmake_target': None, 'cmake_target_skip_unavailable': False, 'install_base': '/home/youssef/fyp_ws/src/install/youbot_perception', 'merge_install': False, 'path': '/home/youssef/fyp_ws/src/youbot_perception', 'symlink_install': False, 'test_result_base': None}
[0.822s] INFO:colcon.colcon_core.executor:Executing jobs using 'parallel' executor
[0.824s] DEBUG:colcon.colcon_parallel_executor.executor.parallel:run_until_complete
[0.825s] INFO:colcon.colcon_ros.task.ament_cmake.build:Building ROS package in '/home/youssef/fyp_ws/src/youbot_description' with build type 'ament_cmake'
[0.826s] INFO:colcon.colcon_cmake.task.cmake.build:Building CMake package in '/home/youssef/fyp_ws/src/youbot_description'
[0.833s] INFO:colcon.colcon_core.plugin_system:Skipping extension 'colcon_core.shell.bat': Not used on non-Windows systems
[0.833s] INFO:colcon.colcon_core.shell:Skip shell extension 'powershell' for command environment: Not usable outside of PowerShell
[0.833s] DEBUG:colcon.colcon_core.shell:Skip shell extension 'dsv' for command environment
[0.847s] INFO:colcon.colcon_ros.task.ament_python.build:Building ROS package in '/home/youssef/fyp_ws/src/youbot_manipulation' with build type 'ament_python'
[0.847s] Level 1:colcon.colcon_core.shell:create_environment_hook('youbot_manipulation', 'ament_prefix_path')
[0.848s] INFO:colcon.colcon_core.shell:Creating environment hook '/home/youssef/fyp_ws/src/install/youbot_manipulation/share/youbot_manipulation/hook/ament_prefix_path.ps1'
[0.851s] INFO:colcon.colcon_core.shell:Creating environment descriptor '/home/youssef/fyp_ws/src/install/youbot_manipulation/share/youbot_manipulation/hook/ament_prefix_path.dsv'
[0.857s] INFO:colcon.colcon_core.shell:Creating environment hook '/home/youssef/fyp_ws/src/install/youbot_manipulation/share/youbot_manipulation/hook/ament_prefix_path.sh'
[0.860s] INFO:colcon.colcon_core.shell:Skip shell extension 'powershell' for command environment: Not usable outside of PowerShell
[0.861s] DEBUG:colcon.colcon_core.shell:Skip shell extension 'dsv' for command environment
[0.872s] INFO:colcon.colcon_ros.task.ament_python.build:Building ROS package in '/home/youssef/fyp_ws/src/youbot_navigation' with build type 'ament_python'
[0.872s] Level 1:colcon.colcon_core.shell:create_environment_hook('youbot_navigation', 'ament_prefix_path')
[0.873s] INFO:colcon.colcon_core.shell:Creating environment hook '/home/youssef/fyp_ws/src/install/youbot_navigation/share/youbot_navigation/hook/ament_prefix_path.ps1'
[0.874s] INFO:colcon.colcon_core.shell:Creating environment descriptor '/home/youssef/fyp_ws/src/install/youbot_navigation/share/youbot_navigation/hook/ament_prefix_path.dsv'
[0.877s] INFO:colcon.colcon_core.shell:Creating environment hook '/home/youssef/fyp_ws/src/install/youbot_navigation/share/youbot_navigation/hook/ament_prefix_path.sh'
[0.878s] INFO:colcon.colcon_core.shell:Skip shell extension 'powershell' for command environment: Not usable outside of PowerShell
[0.879s] DEBUG:colcon.colcon_core.shell:Skip shell extension 'dsv' for command environment
[0.887s] INFO:colcon.colcon_ros.task.ament_python.build:Building ROS package in '/home/youssef/fyp_ws/src/youbot_perception' with build type 'ament_python'
[0.888s] Level 1:colcon.colcon_core.shell:create_environment_hook('youbot_perception', 'ament_prefix_path')
[0.888s] INFO:colcon.colcon_core.shell:Creating environment hook '/home/youssef/fyp_ws/src/install/youbot_perception/share/youbot_perception/hook/ament_prefix_path.ps1'
[0.889s] INFO:colcon.colcon_core.shell:Creating environment descriptor '/home/youssef/fyp_ws/src/install/youbot_perception/share/youbot_perception/hook/ament_prefix_path.dsv'
[0.890s] INFO:colcon.colcon_core.shell:Creating environment hook '/home/youssef/fyp_ws/src/install/youbot_perception/share/youbot_perception/hook/ament_prefix_path.sh'
[0.892s] INFO:colcon.colcon_core.shell:Skip shell extension 'powershell' for command environment: Not usable outside of PowerShell
[0.892s] DEBUG:colcon.colcon_core.shell:Skip shell extension 'dsv' for command environment
[0.906s] DEBUG:colcon.colcon_core.event_handler.log_command:Invoking command in '/home/youssef/fyp_ws/src/build/youbot_description': CMAKE_PREFIX_PATH=${CMAKE_PREFIX_PATH}:/home/youssef/ros2_ws/install/py_srvcli:/home/youssef/ros2_ws/install/py_srv:/home/youssef/ros2_ws/install/py_pubsub:/home/youssef/ros2_ws/install/pubsub:/home/youssef/ros2_ws/install/line_follower:/home/youssef/ros2_ws/install/fake_sensors:/home/youssef/ros2_ws/install/fake:/home/youssef/ros2_ws/install/actions_py:/home/youssef/turtlebot3_ws/install/turtlebot3_teleop:/home/youssef/turtlebot3_ws/install/turtlebot3_example:/home/youssef/install/fake_sensors:/opt/ros/humble /usr/bin/cmake --build /home/youssef/fyp_ws/src/build/youbot_description -- -j8 -l8
[1.332s] INFO:colcon.colcon_core.task.python.build:Building Python package in '/home/youssef/fyp_ws/src/youbot_manipulation'
[1.333s] INFO:colcon.colcon_core.shell:Skip shell extension 'powershell' for command environment: Not usable outside of PowerShell
[1.333s] DEBUG:colcon.colcon_core.shell:Skip shell extension 'dsv' for command environment
[1.786s] INFO:colcon.colcon_core.task.python.build:Building Python package in '/home/youssef/fyp_ws/src/youbot_navigation'
[1.786s] INFO:colcon.colcon_core.shell:Skip shell extension 'powershell' for command environment: Not usable outside of PowerShell
[1.786s] DEBUG:colcon.colcon_core.shell:Skip shell extension 'dsv' for command environment
[2.193s] INFO:colcon.colcon_core.task.python.build:Building Python package in '/home/youssef/fyp_ws/src/youbot_perception'
[2.194s] INFO:colcon.colcon_core.shell:Skip shell extension 'powershell' for command environment: Not usable outside of PowerShell
[2.194s] DEBUG:colcon.colcon_core.shell:Skip shell extension 'dsv' for command environment
[2.203s] DEBUG:colcon.colcon_core.event_handler.log_command:Invoked command in '/home/youssef/fyp_ws/src/build/youbot_description' returned '0': CMAKE_PREFIX_PATH=${CMAKE_PREFIX_PATH}:/home/youssef/ros2_ws/install/py_srvcli:/home/youssef/ros2_ws/install/py_srv:/home/youssef/ros2_ws/install/py_pubsub:/home/youssef/ros2_ws/install/pubsub:/home/youssef/ros2_ws/install/line_follower:/home/youssef/ros2_ws/install/fake_sensors:/home/youssef/ros2_ws/install/fake:/home/youssef/ros2_ws/install/actions_py:/home/youssef/turtlebot3_ws/install/turtlebot3_teleop:/home/youssef/turtlebot3_ws/install/turtlebot3_example:/home/youssef/install/fake_sensors:/opt/ros/humble /usr/bin/cmake --build /home/youssef/fyp_ws/src/build/youbot_description -- -j8 -l8
[2.219s] DEBUG:colcon.colcon_core.event_handler.log_command:Invoking command in '/home/youssef/fyp_ws/src/build/youbot_description': CMAKE_PREFIX_PATH=${CMAKE_PREFIX_PATH}:/home/youssef/ros2_ws/install/py_srvcli:/home/youssef/ros2_ws/install/py_srv:/home/youssef/ros2_ws/install/py_pubsub:/home/youssef/ros2_ws/install/pubsub:/home/youssef/ros2_ws/install/line_follower:/home/youssef/ros2_ws/install/fake_sensors:/home/youssef/ros2_ws/install/fake:/home/youssef/ros2_ws/install/actions_py:/home/youssef/turtlebot3_ws/install/turtlebot3_teleop:/home/youssef/turtlebot3_ws/install/turtlebot3_example:/home/youssef/install/fake_sensors:/opt/ros/humble /usr/bin/cmake --install /home/youssef/fyp_ws/src/build/youbot_description
[2.334s] Level 1:colcon.colcon_core.environment:create_environment_scripts_only(youbot_description)
[2.335s] DEBUG:colcon.colcon_core.event_handler.log_command:Invoked command in '/home/youssef/fyp_ws/src/build/youbot_description' returned '0': CMAKE_PREFIX_PATH=${CMAKE_PREFIX_PATH}:/home/youssef/ros2_ws/install/py_srvcli:/home/youssef/ros2_ws/install/py_srv:/home/youssef/ros2_ws/install/py_pubsub:/home/youssef/ros2_ws/install/pubsub:/home/youssef/ros2_ws/install/line_follower:/home/youssef/ros2_ws/install/fake_sensors:/home/youssef/ros2_ws/install/fake:/home/youssef/ros2_ws/install/actions_py:/home/youssef/turtlebot3_ws/install/turtlebot3_teleop:/home/youssef/turtlebot3_ws/install/turtlebot3_example:/home/youssef/install/fake_sensors:/opt/ros/humble /usr/bin/cmake --install /home/youssef/fyp_ws/src/build/youbot_description
[2.344s] Level 1:colcon.colcon_core.environment:checking '/home/youssef/fyp_ws/src/install/youbot_description' for CMake module files
[2.345s] Level 1:colcon.colcon_core.environment:checking '/home/youssef/fyp_ws/src/install/youbot_description' for CMake config files
[2.349s] Level 1:colcon.colcon_core.shell:create_environment_hook('youbot_description', 'cmake_prefix_path')
[2.350s] INFO:colcon.colcon_core.shell:Creating environment hook '/home/youssef/fyp_ws/src/install/youbot_description/share/youbot_description/hook/cmake_prefix_path.ps1'
[2.351s] INFO:colcon.colcon_core.shell:Creating environment descriptor '/home/youssef/fyp_ws/src/install/youbot_description/share/youbot_description/hook/cmake_prefix_path.dsv'
[2.351s] INFO:colcon.colcon_core.shell:Creating environment hook '/home/youssef/fyp_ws/src/install/youbot_description/share/youbot_description/hook/cmake_prefix_path.sh'
[2.353s] Level 1:colcon.colcon_core.environment:checking '/home/youssef/fyp_ws/src/install/youbot_description/lib'
[2.354s] Level 1:colcon.colcon_core.environment:checking '/home/youssef/fyp_ws/src/install/youbot_description/bin'
[2.354s] Level 1:colcon.colcon_core.environment:checking '/home/youssef/fyp_ws/src/install/youbot_description/lib/pkgconfig/youbot_description.pc'
[2.354s] Level 1:colcon.colcon_core.environment:checking '/home/youssef/fyp_ws/src/install/youbot_description/lib/python3.10/site-packages'
[2.355s] Level 1:colcon.colcon_core.environment:checking '/home/youssef/fyp_ws/src/install/youbot_description/bin'
[2.355s] INFO:colcon.colcon_core.shell:Creating package script '/home/youssef/fyp_ws/src/install/youbot_description/share/youbot_description/package.ps1'
[2.358s] INFO:colcon.colcon_core.shell:Creating package descriptor '/home/youssef/fyp_ws/src/install/youbot_description/share/youbot_description/package.dsv'
[2.360s] INFO:colcon.colcon_core.shell:Creating package script '/home/youssef/fyp_ws/src/install/youbot_description/share/youbot_description/package.sh'
[2.362s] INFO:colcon.colcon_core.shell:Creating package script '/home/youssef/fyp_ws/src/install/youbot_description/share/youbot_description/package.bash'
[2.365s] INFO:colcon.colcon_core.shell:Creating package script '/home/youssef/fyp_ws/src/install/youbot_description/share/youbot_description/package.zsh'
[2.367s] Level 1:colcon.colcon_core.environment:create_file_with_runtime_dependencies(/home/youssef/fyp_ws/src/install/youbot_description/share/colcon-core/packages/youbot_description)
[2.368s] Level 1:colcon.colcon_core.environment:create_environment_scripts_only(youbot_description)
[2.369s] Level 1:colcon.colcon_core.environment:checking '/home/youssef/fyp_ws/src/install/youbot_description' for CMake module files
[2.370s] Level 1:colcon.colcon_core.environment:checking '/home/youssef/fyp_ws/src/install/youbot_description' for CMake config files
[2.373s] Level 1:colcon.colcon_core.shell:create_environment_hook('youbot_description', 'cmake_prefix_path')
[2.374s] INFO:colcon.colcon_core.shell:Creating environment hook '/home/youssef/fyp_ws/src/install/youbot_description/share/youbot_description/hook/cmake_prefix_path.ps1'
[2.375s] INFO:colcon.colcon_core.shell:Creating environment descriptor '/home/youssef/fyp_ws/src/install/youbot_description/share/youbot_description/hook/cmake_prefix_path.dsv'
[2.376s] INFO:colcon.colcon_core.shell:Creating environment hook '/home/youssef/fyp_ws/src/install/youbot_description/share/youbot_description/hook/cmake_prefix_path.sh'
[2.377s] Level 1:colcon.colcon_core.environment:checking '/home/youssef/fyp_ws/src/install/youbot_description/lib'
[2.377s] Level 1:colcon.colcon_core.environment:checking '/home/youssef/fyp_ws/src/install/youbot_description/bin'
[2.377s] Level 1:colcon.colcon_core.environment:checking '/home/youssef/fyp_ws/src/install/youbot_description/lib/pkgconfig/youbot_description.pc'
[2.378s] Level 1:colcon.colcon_core.environment:checking '/home/youssef/fyp_ws/src/install/youbot_description/lib/python3.10/site-packages'
[2.379s] Level 1:colcon.colcon_core.environment:checking '/home/youssef/fyp_ws/src/install/youbot_description/bin'
[2.380s] INFO:colcon.colcon_core.shell:Creating package script '/home/youssef/fyp_ws/src/install/youbot_description/share/youbot_description/package.ps1'
[2.381s] INFO:colcon.colcon_core.shell:Creating package descriptor '/home/youssef/fyp_ws/src/install/youbot_description/share/youbot_description/package.dsv'
[2.382s] INFO:colcon.colcon_core.shell:Creating package script '/home/youssef/fyp_ws/src/install/youbot_description/share/youbot_description/package.sh'
[2.383s] INFO:colcon.colcon_core.shell:Creating package script '/home/youssef/fyp_ws/src/install/youbot_description/share/youbot_description/package.bash'
[2.385s] INFO:colcon.colcon_core.shell:Creating package script '/home/youssef/fyp_ws/src/install/youbot_description/share/youbot_description/package.zsh'
[2.386s] Level 1:colcon.colcon_core.environment:create_file_with_runtime_dependencies(/home/youssef/fyp_ws/src/install/youbot_description/share/colcon-core/packages/youbot_description)
[3.217s] DEBUG:colcon.colcon_core.event_handler.log_command:Invoking command in '/home/youssef/fyp_ws/src/youbot_navigation': PYTHONPATH=/home/youssef/fyp_ws/src/build/youbot_navigation/prefix_override:/usr/lib/python3/dist-packages/colcon_core/task/python/colcon_distutils_commands:/home/youssef/fyp_ws/src/install/youbot_navigation/lib/python3.10/site-packages:${PYTHONPATH} /usr/bin/python3 -W ignore:setup.py install is deprecated -W ignore:easy_install command is deprecated setup.py egg_info --egg-base ../build/youbot_navigation build --build-base /home/youssef/fyp_ws/src/build/youbot_navigation/build install --record /home/youssef/fyp_ws/src/build/youbot_navigation/install.log --single-version-externally-managed install_data
[3.247s] DEBUG:colcon.colcon_core.event_handler.log_command:Invoking command in '/home/youssef/fyp_ws/src/youbot_manipulation': PYTHONPATH=/home/youssef/fyp_ws/src/build/youbot_manipulation/prefix_override:/usr/lib/python3/dist-packages/colcon_core/task/python/colcon_distutils_commands:/home/youssef/fyp_ws/src/install/youbot_manipulation/lib/python3.10/site-packages:${PYTHONPATH} /usr/bin/python3 -W ignore:setup.py install is deprecated -W ignore:easy_install command is deprecated setup.py egg_info --egg-base ../build/youbot_manipulation build --build-base /home/youssef/fyp_ws/src/build/youbot_manipulation/build install --record /home/youssef/fyp_ws/src/build/youbot_manipulation/install.log --single-version-externally-managed install_data
[3.252s] DEBUG:colcon.colcon_core.event_handler.log_command:Invoking command in '/home/youssef/fyp_ws/src/youbot_perception': PYTHONPATH=/home/youssef/fyp_ws/src/build/youbot_perception/prefix_override:/usr/lib/python3/dist-packages/colcon_core/task/python/colcon_distutils_commands:/home/youssef/fyp_ws/src/install/youbot_perception/lib/python3.10/site-packages:${PYTHONPATH} /usr/bin/python3 -W ignore:setup.py install is deprecated -W ignore:easy_install command is deprecated setup.py egg_info --egg-base ../build/youbot_perception build --build-base /home/youssef/fyp_ws/src/build/youbot_perception/build install --record /home/youssef/fyp_ws/src/build/youbot_perception/install.log --single-version-externally-managed install_data
[3.884s] Level 1:colcon.colcon_core.environment:checking '/home/youssef/fyp_ws/src/install/youbot_navigation' for CMake module files
[3.886s] DEBUG:colcon.colcon_core.event_handler.log_command:Invoked command in '/home/youssef/fyp_ws/src/youbot_navigation' returned '0': PYTHONPATH=/home/youssef/fyp_ws/src/build/youbot_navigation/prefix_override:/usr/lib/python3/dist-packages/colcon_core/task/python/colcon_distutils_commands:/home/youssef/fyp_ws/src/install/youbot_navigation/lib/python3.10/site-packages:${PYTHONPATH} /usr/bin/python3 -W ignore:setup.py install is deprecated -W ignore:easy_install command is deprecated setup.py egg_info --egg-base ../build/youbot_navigation build --build-base /home/youssef/fyp_ws/src/build/youbot_navigation/build install --record /home/youssef/fyp_ws/src/build/youbot_navigation/install.log --single-version-externally-managed install_data
[3.886s] Level 1:colcon.colcon_core.environment:checking '/home/youssef/fyp_ws/src/install/youbot_navigation' for CMake config files
[3.887s] Level 1:colcon.colcon_core.environment:checking '/home/youssef/fyp_ws/src/install/youbot_navigation/lib'
[3.887s] Level 1:colcon.colcon_core.environment:checking '/home/youssef/fyp_ws/src/install/youbot_navigation/bin'
[3.887s] Level 1:colcon.colcon_core.environment:checking '/home/youssef/fyp_ws/src/install/youbot_navigation/lib/pkgconfig/youbot_navigation.pc'
[3.888s] Level 1:colcon.colcon_core.environment:checking '/home/youssef/fyp_ws/src/install/youbot_navigation/lib/python3.10/site-packages'
[3.888s] Level 1:colcon.colcon_core.shell:create_environment_hook('youbot_navigation', 'pythonpath')
[3.888s] INFO:colcon.colcon_core.shell:Creating environment hook '/home/youssef/fyp_ws/src/install/youbot_navigation/share/youbot_navigation/hook/pythonpath.ps1'
[3.889s] INFO:colcon.colcon_core.shell:Creating environment descriptor '/home/youssef/fyp_ws/src/install/youbot_navigation/share/youbot_navigation/hook/pythonpath.dsv'
[3.890s] INFO:colcon.colcon_core.shell:Creating environment hook '/home/youssef/fyp_ws/src/install/youbot_navigation/share/youbot_navigation/hook/pythonpath.sh'
[3.891s] Level 1:colcon.colcon_core.environment:checking '/home/youssef/fyp_ws/src/install/youbot_navigation/bin'
[3.892s] Level 1:colcon.colcon_core.environment:create_environment_scripts_only(youbot_navigation)
[3.892s] INFO:colcon.colcon_core.shell:Creating package script '/home/youssef/fyp_ws/src/install/youbot_navigation/share/youbot_navigation/package.ps1'
[3.894s] INFO:colcon.colcon_core.shell:Creating package descriptor '/home/youssef/fyp_ws/src/install/youbot_navigation/share/youbot_navigation/package.dsv'
[3.895s] INFO:colcon.colcon_core.shell:Creating package script '/home/youssef/fyp_ws/src/install/youbot_navigation/share/youbot_navigation/package.sh'
[3.896s] INFO:colcon.colcon_core.shell:Creating package script '/home/youssef/fyp_ws/src/install/youbot_navigation/share/youbot_navigation/package.bash'
[3.896s] INFO:colcon.colcon_core.shell:Creating package script '/home/youssef/fyp_ws/src/install/youbot_navigation/share/youbot_navigation/package.zsh'
[3.897s] Level 1:colcon.colcon_core.environment:create_file_with_runtime_dependencies(/home/youssef/fyp_ws/src/install/youbot_navigation/share/colcon-core/packages/youbot_navigation)
[3.908s] Level 1:colcon.colcon_core.environment:checking '/home/youssef/fyp_ws/src/install/youbot_perception' for CMake module files
[3.909s] DEBUG:colcon.colcon_core.event_handler.log_command:Invoked command in '/home/youssef/fyp_ws/src/youbot_perception' returned '0': PYTHONPATH=/home/youssef/fyp_ws/src/build/youbot_perception/prefix_override:/usr/lib/python3/dist-packages/colcon_core/task/python/colcon_distutils_commands:/home/youssef/fyp_ws/src/install/youbot_perception/lib/python3.10/site-packages:${PYTHONPATH} /usr/bin/python3 -W ignore:setup.py install is deprecated -W ignore:easy_install command is deprecated setup.py egg_info --egg-base ../build/youbot_perception build --build-base /home/youssef/fyp_ws/src/build/youbot_perception/build install --record /home/youssef/fyp_ws/src/build/youbot_perception/install.log --single-version-externally-managed install_data
[3.910s] Level 1:colcon.colcon_core.environment:checking '/home/youssef/fyp_ws/src/install/youbot_perception' for CMake config files
[3.911s] Level 1:colcon.colcon_core.environment:checking '/home/youssef/fyp_ws/src/install/youbot_perception/lib'
[3.911s] Level 1:colcon.colcon_core.environment:checking '/home/youssef/fyp_ws/src/install/youbot_perception/bin'
[3.911s] Level 1:colcon.colcon_core.environment:checking '/home/youssef/fyp_ws/src/install/youbot_perception/lib/pkgconfig/youbot_perception.pc'
[3.911s] Level 1:colcon.colcon_core.environment:checking '/home/youssef/fyp_ws/src/install/youbot_perception/lib/python3.10/site-packages'
[3.911s] Level 1:colcon.colcon_core.shell:create_environment_hook('youbot_perception', 'pythonpath')
[3.912s] INFO:colcon.colcon_core.shell:Creating environment hook '/home/youssef/fyp_ws/src/install/youbot_perception/share/youbot_perception/hook/pythonpath.ps1'
[3.913s] INFO:colcon.colcon_core.shell:Creating environment descriptor '/home/youssef/fyp_ws/src/install/youbot_perception/share/youbot_perception/hook/pythonpath.dsv'
[3.914s] INFO:colcon.colcon_core.shell:Creating environment hook '/home/youssef/fyp_ws/src/install/youbot_perception/share/youbot_perception/hook/pythonpath.sh'
[3.915s] Level 1:colcon.colcon_core.environment:checking '/home/youssef/fyp_ws/src/install/youbot_perception/bin'
[3.915s] Level 1:colcon.colcon_core.environment:create_environment_scripts_only(youbot_perception)
[3.915s] INFO:colcon.colcon_core.shell:Creating package script '/home/youssef/fyp_ws/src/install/youbot_perception/share/youbot_perception/package.ps1'
[3.916s] INFO:colcon.colcon_core.shell:Creating package descriptor '/home/youssef/fyp_ws/src/install/youbot_perception/share/youbot_perception/package.dsv'
[3.916s] INFO:colcon.colcon_core.shell:Creating package script '/home/youssef/fyp_ws/src/install/youbot_perception/share/youbot_perception/package.sh'
[3.917s] INFO:colcon.colcon_core.shell:Creating package script '/home/youssef/fyp_ws/src/install/youbot_perception/share/youbot_perception/package.bash'
[3.918s] INFO:colcon.colcon_core.shell:Creating package script '/home/youssef/fyp_ws/src/install/youbot_perception/share/youbot_perception/package.zsh'
[3.918s] Level 1:colcon.colcon_core.environment:create_file_with_runtime_dependencies(/home/youssef/fyp_ws/src/install/youbot_perception/share/colcon-core/packages/youbot_perception)
[3.920s] Level 1:colcon.colcon_core.environment:checking '/home/youssef/fyp_ws/src/install/youbot_manipulation' for CMake module files
[3.921s] DEBUG:colcon.colcon_core.event_handler.log_command:Invoked command in '/home/youssef/fyp_ws/src/youbot_manipulation' returned '0': PYTHONPATH=/home/youssef/fyp_ws/src/build/youbot_manipulation/prefix_override:/usr/lib/python3/dist-packages/colcon_core/task/python/colcon_distutils_commands:/home/youssef/fyp_ws/src/install/youbot_manipulation/lib/python3.10/site-packages:${PYTHONPATH} /usr/bin/python3 -W ignore:setup.py install is deprecated -W ignore:easy_install command is deprecated setup.py egg_info --egg-base ../build/youbot_manipulation build --build-base /home/youssef/fyp_ws/src/build/youbot_manipulation/build install --record /home/youssef/fyp_ws/src/build/youbot_manipulation/install.log --single-version-externally-managed install_data
[3.921s] Level 1:colcon.colcon_core.environment:checking '/home/youssef/fyp_ws/src/install/youbot_manipulation' for CMake config files
[3.922s] Level 1:colcon.colcon_core.environment:checking '/home/youssef/fyp_ws/src/install/youbot_manipulation/lib'
[3.923s] Level 1:colcon.colcon_core.environment:checking '/home/youssef/fyp_ws/src/install/youbot_manipulation/bin'
[3.923s] Level 1:colcon.colcon_core.environment:checking '/home/youssef/fyp_ws/src/install/youbot_manipulation/lib/pkgconfig/youbot_manipulation.pc'
[3.923s] Level 1:colcon.colcon_core.environment:checking '/home/youssef/fyp_ws/src/install/youbot_manipulation/lib/python3.10/site-packages'
[3.923s] Level 1:colcon.colcon_core.shell:create_environment_hook('youbot_manipulation', 'pythonpath')
[3.924s] INFO:colcon.colcon_core.shell:Creating environment hook '/home/youssef/fyp_ws/src/install/youbot_manipulation/share/youbot_manipulation/hook/pythonpath.ps1'
[3.924s] INFO:colcon.colcon_core.shell:Creating environment descriptor '/home/youssef/fyp_ws/src/install/youbot_manipulation/share/youbot_manipulation/hook/pythonpath.dsv'
[3.925s] INFO:colcon.colcon_core.shell:Creating environment hook '/home/youssef/fyp_ws/src/install/youbot_manipulation/share/youbot_manipulation/hook/pythonpath.sh'
[3.927s] Level 1:colcon.colcon_core.environment:checking '/home/youssef/fyp_ws/src/install/youbot_manipulation/bin'
[3.927s] Level 1:colcon.colcon_core.environment:create_environment_scripts_only(youbot_manipulation)
[3.928s] INFO:colcon.colcon_core.shell:Creating package script '/home/youssef/fyp_ws/src/install/youbot_manipulation/share/youbot_manipulation/package.ps1'
[3.929s] INFO:colcon.colcon_core.shell:Creating package descriptor '/home/youssef/fyp_ws/src/install/youbot_manipulation/share/youbot_manipulation/package.dsv'
[3.931s] INFO:colcon.colcon_core.shell:Creating package script '/home/youssef/fyp_ws/src/install/youbot_manipulation/share/youbot_manipulation/package.sh'
[3.931s] INFO:colcon.colcon_core.shell:Creating package script '/home/youssef/fyp_ws/src/install/youbot_manipulation/share/youbot_manipulation/package.bash'
[3.932s] INFO:colcon.colcon_core.shell:Creating package script '/home/youssef/fyp_ws/src/install/youbot_manipulation/share/youbot_manipulation/package.zsh'
[3.932s] Level 1:colcon.colcon_core.environment:create_file_with_runtime_dependencies(/home/youssef/fyp_ws/src/install/youbot_manipulation/share/colcon-core/packages/youbot_manipulation)
[3.933s] DEBUG:colcon.colcon_parallel_executor.executor.parallel:closing loop
[3.933s] DEBUG:colcon.colcon_parallel_executor.executor.parallel:loop closed
[3.933s] DEBUG:colcon.colcon_parallel_executor.executor.parallel:run_until_complete finished with '0'
[3.934s] DEBUG:colcon.colcon_core.event_reactor:joining thread
[3.950s] INFO:colcon.colcon_core.plugin_system:Skipping extension 'colcon_notification.desktop_notification.terminal_notifier': Not used on non-Darwin systems
[3.950s] INFO:colcon.colcon_core.plugin_system:Skipping extension 'colcon_notification.desktop_notification.win32': Not used on non-Windows systems
[3.950s] INFO:colcon.colcon_notification.desktop_notification:Sending desktop notification using 'notify2'
[3.964s] DEBUG:colcon.colcon_core.event_reactor:joined thread
[3.965s] INFO:colcon.colcon_core.shell:Creating prefix script '/home/youssef/fyp_ws/src/install/local_setup.ps1'
[3.967s] INFO:colcon.colcon_core.shell:Creating prefix util module '/home/youssef/fyp_ws/src/install/_local_setup_util_ps1.py'
[3.970s] INFO:colcon.colcon_core.shell:Creating prefix chain script '/home/youssef/fyp_ws/src/install/setup.ps1'
[3.973s] INFO:colcon.colcon_core.shell:Creating prefix script '/home/youssef/fyp_ws/src/install/local_setup.sh'
[3.975s] INFO:colcon.colcon_core.shell:Creating prefix util module '/home/youssef/fyp_ws/src/install/_local_setup_util_sh.py'
[3.977s] INFO:colcon.colcon_core.shell:Creating prefix chain script '/home/youssef/fyp_ws/src/install/setup.sh'
[3.982s] INFO:colcon.colcon_core.shell:Creating prefix script '/home/youssef/fyp_ws/src/install/local_setup.bash'
[3.984s] INFO:colcon.colcon_core.shell:Creating prefix chain script '/home/youssef/fyp_ws/src/install/setup.bash'
[3.988s] INFO:colcon.colcon_core.shell:Creating prefix script '/home/youssef/fyp_ws/src/install/local_setup.zsh'
[3.990s] INFO:colcon.colcon_core.shell:Creating prefix chain script '/home/youssef/fyp_ws/src/install/setup.zsh'
