[0.903s] Invoking command in '/home/youssef/fyp_ws/src/build/youbot_perception': PYTHONPATH=/home/youssef/fyp_ws/src/build/youbot_perception/prefix_override:/usr/lib/python3/dist-packages/colcon_core/task/python/colcon_distutils_commands:/home/youssef/fyp_ws/src/install/youbot_perception/lib/python3.10/site-packages:${PYTHONPATH} /usr/bin/python3 -W ignore:setup.py install is deprecated -W ignore:easy_install command is deprecated setup.py develop --uninstall --editable --build-directory /home/youssef/fyp_ws/src/build/youbot_perception/build
[1.135s] running develop
[1.284s] Removing /home/youssef/fyp_ws/src/install/youbot_perception/lib/python3.10/site-packages/youbot-perception.egg-link (link to .)
[1.306s] Invoked command in '/home/youssef/fyp_ws/src/build/youbot_perception' returned '0': PYTHONPATH=/home/youssef/fyp_ws/src/build/youbot_perception/prefix_override:/usr/lib/python3/dist-packages/colcon_core/task/python/colcon_distutils_commands:/home/youssef/fyp_ws/src/install/youbot_perception/lib/python3.10/site-packages:${PYTHONPATH} /usr/bin/python3 -W ignore:setup.py install is deprecated -W ignore:easy_install command is deprecated setup.py develop --uninstall --editable --build-directory /home/youssef/fyp_ws/src/build/youbot_perception/build
[1.307s] Invoking command in '/home/youssef/fyp_ws/src/youbot_perception': PYTHONPATH=/home/youssef/fyp_ws/src/build/youbot_perception/prefix_override:/usr/lib/python3/dist-packages/colcon_core/task/python/colcon_distutils_commands:/home/youssef/fyp_ws/src/install/youbot_perception/lib/python3.10/site-packages:${PYTHONPATH} /usr/bin/python3 -W ignore:setup.py install is deprecated -W ignore:easy_install command is deprecated setup.py egg_info --egg-base ../build/youbot_perception build --build-base /home/youssef/fyp_ws/src/build/youbot_perception/build install --record /home/youssef/fyp_ws/src/build/youbot_perception/install.log --single-version-externally-managed install_data --force
[1.515s] running egg_info
[1.515s] writing ../build/youbot_perception/youbot_perception.egg-info/PKG-INFO
[1.516s] writing dependency_links to ../build/youbot_perception/youbot_perception.egg-info/dependency_links.txt
[1.516s] writing entry points to ../build/youbot_perception/youbot_perception.egg-info/entry_points.txt
[1.516s] writing requirements to ../build/youbot_perception/youbot_perception.egg-info/requires.txt
[1.516s] writing top-level names to ../build/youbot_perception/youbot_perception.egg-info/top_level.txt
[1.517s] reading manifest file '../build/youbot_perception/youbot_perception.egg-info/SOURCES.txt'
[1.518s] writing manifest file '../build/youbot_perception/youbot_perception.egg-info/SOURCES.txt'
[1.518s] running build
[1.518s] running build_py
[1.518s] running install
[1.518s] running install_lib
[1.519s] creating /home/youssef/fyp_ws/src/install/youbot_perception/lib/python3.10/site-packages/youbot_perception
[1.519s] copying /home/youssef/fyp_ws/src/build/youbot_perception/build/lib/youbot_perception/image.py -> /home/youssef/fyp_ws/src/install/youbot_perception/lib/python3.10/site-packages/youbot_perception
[1.519s] copying /home/youssef/fyp_ws/src/build/youbot_perception/build/lib/youbot_perception/__init__.py -> /home/youssef/fyp_ws/src/install/youbot_perception/lib/python3.10/site-packages/youbot_perception
[1.519s] byte-compiling /home/youssef/fyp_ws/src/install/youbot_perception/lib/python3.10/site-packages/youbot_perception/image.py to image.cpython-310.pyc
[1.520s] byte-compiling /home/youssef/fyp_ws/src/install/youbot_perception/lib/python3.10/site-packages/youbot_perception/__init__.py to __init__.cpython-310.pyc
[1.520s] running install_data
[1.520s] copying resource/youbot_perception -> /home/youssef/fyp_ws/src/install/youbot_perception/share/ament_index/resource_index/packages
[1.520s] copying package.xml -> /home/youssef/fyp_ws/src/install/youbot_perception/share/youbot_perception
[1.520s] creating /home/youssef/fyp_ws/src/install/youbot_perception/share/youbot_perception/launch
[1.520s] copying launch/perception.launch.py -> /home/youssef/fyp_ws/src/install/youbot_perception/share/youbot_perception/launch
[1.520s] running install_egg_info
[1.522s] Copying ../build/youbot_perception/youbot_perception.egg-info to /home/youssef/fyp_ws/src/install/youbot_perception/lib/python3.10/site-packages/youbot_perception-0.0.0-py3.10.egg-info
[1.522s] running install_scripts
[1.541s] Installing image script to /home/youssef/fyp_ws/src/install/youbot_perception/lib/youbot_perception
[1.542s] writing list of installed files to '/home/youssef/fyp_ws/src/build/youbot_perception/install.log'
[1.561s] Invoked command in '/home/youssef/fyp_ws/src/youbot_perception' returned '0': PYTHONPATH=/home/youssef/fyp_ws/src/build/youbot_perception/prefix_override:/usr/lib/python3/dist-packages/colcon_core/task/python/colcon_distutils_commands:/home/youssef/fyp_ws/src/install/youbot_perception/lib/python3.10/site-packages:${PYTHONPATH} /usr/bin/python3 -W ignore:setup.py install is deprecated -W ignore:easy_install command is deprecated setup.py egg_info --egg-base ../build/youbot_perception build --build-base /home/youssef/fyp_ws/src/build/youbot_perception/build install --record /home/youssef/fyp_ws/src/build/youbot_perception/install.log --single-version-externally-managed install_data --force
