running egg_info
creating ../build/youbot_perception/youbot_perception.egg-info
writing ../build/youbot_perception/youbot_perception.egg-info/PKG-INFO
writing dependency_links to ../build/youbot_perception/youbot_perception.egg-info/dependency_links.txt
writing entry points to ../build/youbot_perception/youbot_perception.egg-info/entry_points.txt
writing requirements to ../build/youbot_perception/youbot_perception.egg-info/requires.txt
writing top-level names to ../build/youbot_perception/youbot_perception.egg-info/top_level.txt
writing manifest file '../build/youbot_perception/youbot_perception.egg-info/SOURCES.txt'
reading manifest file '../build/youbot_perception/youbot_perception.egg-info/SOURCES.txt'
writing manifest file '../build/youbot_perception/youbot_perception.egg-info/SOURCES.txt'
running build
running build_py
creating /home/youssef/fyp_ws/src/build/youbot_perception/build
creating /home/youssef/fyp_ws/src/build/youbot_perception/build/lib
creating /home/youssef/fyp_ws/src/build/youbot_perception/build/lib/youbot_perception
copying youbot_perception/image.py -> /home/youssef/fyp_ws/src/build/youbot_perception/build/lib/youbot_perception
copying youbot_perception/__init__.py -> /home/youssef/fyp_ws/src/build/youbot_perception/build/lib/youbot_perception
running install
running install_lib
creating /home/youssef/fyp_ws/src/install/youbot_perception/lib/python3.10/site-packages/youbot_perception
copying /home/youssef/fyp_ws/src/build/youbot_perception/build/lib/youbot_perception/image.py -> /home/youssef/fyp_ws/src/install/youbot_perception/lib/python3.10/site-packages/youbot_perception
copying /home/youssef/fyp_ws/src/build/youbot_perception/build/lib/youbot_perception/__init__.py -> /home/youssef/fyp_ws/src/install/youbot_perception/lib/python3.10/site-packages/youbot_perception
byte-compiling /home/youssef/fyp_ws/src/install/youbot_perception/lib/python3.10/site-packages/youbot_perception/image.py to image.cpython-310.pyc
byte-compiling /home/youssef/fyp_ws/src/install/youbot_perception/lib/python3.10/site-packages/youbot_perception/__init__.py to __init__.cpython-310.pyc
running install_data
creating /home/youssef/fyp_ws/src/install/youbot_perception/share/ament_index
creating /home/youssef/fyp_ws/src/install/youbot_perception/share/ament_index/resource_index
creating /home/youssef/fyp_ws/src/install/youbot_perception/share/ament_index/resource_index/packages
copying resource/youbot_perception -> /home/youssef/fyp_ws/src/install/youbot_perception/share/ament_index/resource_index/packages
copying package.xml -> /home/youssef/fyp_ws/src/install/youbot_perception/share/youbot_perception
running install_egg_info
Copying ../build/youbot_perception/youbot_perception.egg-info to /home/youssef/fyp_ws/src/install/youbot_perception/lib/python3.10/site-packages/youbot_perception-0.0.0-py3.10.egg-info
running install_scripts
Installing image script to /home/youssef/fyp_ws/src/install/youbot_perception/lib/youbot_perception
writing list of installed files to '/home/youssef/fyp_ws/src/build/youbot_perception/install.log'
