[1.066s] Invoking command in '/home/youssef/fyp_ws/src/youbot_perception': PYTHONPATH=/home/youssef/fyp_ws/src/build/youbot_perception/prefix_override:/usr/lib/python3/dist-packages/colcon_core/task/python/colcon_distutils_commands:/home/youssef/fyp_ws/src/install/youbot_perception/lib/python3.10/site-packages:${PYTHONPATH} /usr/bin/python3 -W ignore:setup.py install is deprecated -W ignore:easy_install command is deprecated setup.py egg_info --egg-base ../build/youbot_perception build --build-base /home/youssef/fyp_ws/src/build/youbot_perception/build install --record /home/youssef/fyp_ws/src/build/youbot_perception/install.log --single-version-externally-managed install_data
[1.265s] running egg_info
[1.266s] creating ../build/youbot_perception/youbot_perception.egg-info
[1.266s] writing ../build/youbot_perception/youbot_perception.egg-info/PKG-INFO
[1.266s] writing dependency_links to ../build/youbot_perception/youbot_perception.egg-info/dependency_links.txt
[1.266s] writing entry points to ../build/youbot_perception/youbot_perception.egg-info/entry_points.txt
[1.267s] writing requirements to ../build/youbot_perception/youbot_perception.egg-info/requires.txt
[1.267s] writing top-level names to ../build/youbot_perception/youbot_perception.egg-info/top_level.txt
[1.267s] writing manifest file '../build/youbot_perception/youbot_perception.egg-info/SOURCES.txt'
[1.268s] reading manifest file '../build/youbot_perception/youbot_perception.egg-info/SOURCES.txt'
[1.269s] writing manifest file '../build/youbot_perception/youbot_perception.egg-info/SOURCES.txt'
[1.269s] running build
[1.269s] running build_py
[1.270s] creating /home/youssef/fyp_ws/src/build/youbot_perception/build
[1.270s] creating /home/youssef/fyp_ws/src/build/youbot_perception/build/lib
[1.270s] creating /home/youssef/fyp_ws/src/build/youbot_perception/build/lib/youbot_perception
[1.270s] copying youbot_perception/image.py -> /home/youssef/fyp_ws/src/build/youbot_perception/build/lib/youbot_perception
[1.270s] copying youbot_perception/__init__.py -> /home/youssef/fyp_ws/src/build/youbot_perception/build/lib/youbot_perception
[1.270s] running install
[1.270s] running install_lib
[1.271s] creating /home/youssef/fyp_ws/src/install/youbot_perception/lib/python3.10/site-packages/youbot_perception
[1.271s] copying /home/youssef/fyp_ws/src/build/youbot_perception/build/lib/youbot_perception/image.py -> /home/youssef/fyp_ws/src/install/youbot_perception/lib/python3.10/site-packages/youbot_perception
[1.271s] copying /home/youssef/fyp_ws/src/build/youbot_perception/build/lib/youbot_perception/__init__.py -> /home/youssef/fyp_ws/src/install/youbot_perception/lib/python3.10/site-packages/youbot_perception
[1.272s] byte-compiling /home/youssef/fyp_ws/src/install/youbot_perception/lib/python3.10/site-packages/youbot_perception/image.py to image.cpython-310.pyc
[1.272s] byte-compiling /home/youssef/fyp_ws/src/install/youbot_perception/lib/python3.10/site-packages/youbot_perception/__init__.py to __init__.cpython-310.pyc
[1.273s] running install_data
[1.273s] creating /home/youssef/fyp_ws/src/install/youbot_perception/share/ament_index
[1.273s] creating /home/youssef/fyp_ws/src/install/youbot_perception/share/ament_index/resource_index
[1.273s] creating /home/youssef/fyp_ws/src/install/youbot_perception/share/ament_index/resource_index/packages
[1.273s] copying resource/youbot_perception -> /home/youssef/fyp_ws/src/install/youbot_perception/share/ament_index/resource_index/packages
[1.273s] copying package.xml -> /home/youssef/fyp_ws/src/install/youbot_perception/share/youbot_perception
[1.273s] running install_egg_info
[1.276s] Copying ../build/youbot_perception/youbot_perception.egg-info to /home/youssef/fyp_ws/src/install/youbot_perception/lib/python3.10/site-packages/youbot_perception-0.0.0-py3.10.egg-info
[1.276s] running install_scripts
[1.301s] Installing image script to /home/youssef/fyp_ws/src/install/youbot_perception/lib/youbot_perception
[1.301s] writing list of installed files to '/home/youssef/fyp_ws/src/build/youbot_perception/install.log'
[1.322s] Invoked command in '/home/youssef/fyp_ws/src/youbot_perception' returned '0': PYTHONPATH=/home/youssef/fyp_ws/src/build/youbot_perception/prefix_override:/usr/lib/python3/dist-packages/colcon_core/task/python/colcon_distutils_commands:/home/youssef/fyp_ws/src/install/youbot_perception/lib/python3.10/site-packages:${PYTHONPATH} /usr/bin/python3 -W ignore:setup.py install is deprecated -W ignore:easy_install command is deprecated setup.py egg_info --egg-base ../build/youbot_perception build --build-base /home/youssef/fyp_ws/src/build/youbot_perception/build install --record /home/youssef/fyp_ws/src/build/youbot_perception/install.log --single-version-externally-managed install_data
