[2.023s] Invoking command in '/home/youssef/fyp_ws/src/build/youbot_perception': PYTHONPATH=/home/youssef/fyp_ws/src/build/youbot_perception/prefix_override:/usr/lib/python3/dist-packages/colcon_core/task/python/colcon_distutils_commands:/home/youssef/fyp_ws/src/install/youbot_perception/lib/python3.10/site-packages:${PYTHONPATH} /usr/bin/python3 -W ignore:setup.py install is deprecated -W ignore:easy_install command is deprecated setup.py develop --editable --build-directory /home/youssef/fyp_ws/src/build/youbot_perception/build --no-deps symlink_data --force
[2.449s] /home/youssef/.local/lib/python3.10/site-packages/setuptools/_distutils/dist.py:289: UserWarning: Unknown distribution option: 'tests_require'
[2.449s]   warnings.warn(msg)
[2.825s] running develop
[2.876s] Traceback (most recent call last):
[2.876s]   File "/home/youssef/fyp_ws/src/build/youbot_perception/setup.py", line 5, in <module>
[2.876s]     setup(
[2.876s]   File "/home/youssef/.local/lib/python3.10/site-packages/setuptools/__init__.py", line 117, in setup
[2.876s]     return distutils.core.setup(**attrs)
[2.876s]   File "/home/youssef/.local/lib/python3.10/site-packages/setuptools/_distutils/core.py", line 186, in setup
[2.877s]     return run_commands(dist)
[2.877s]   File "/home/youssef/.local/lib/python3.10/site-packages/setuptools/_distutils/core.py", line 202, in run_commands
[2.877s]     dist.run_commands()
[2.877s]   File "/home/youssef/.local/lib/python3.10/site-packages/setuptools/_distutils/dist.py", line 1002, in run_commands
[2.877s]     self.run_command(cmd)
[2.877s]   File "/home/youssef/.local/lib/python3.10/site-packages/setuptools/dist.py", line 1104, in run_command
[2.877s]     super().run_command(command)
[2.877s]   File "/home/youssef/.local/lib/python3.10/site-packages/setuptools/_distutils/dist.py", line 1020, in run_command
[2.878s]     cmd_obj.ensure_finalized()
[2.878s]   File "/home/youssef/.local/lib/python3.10/site-packages/setuptools/_distutils/cmd.py", line 135, in ensure_finalized
[2.878s]     self.finalize_options()
[2.878s]   File "/home/youssef/.local/lib/python3.10/site-packages/setuptools/command/develop.py", line 51, in finalize_options
[2.878s]     easy_install.finalize_options(self)
[2.878s]   File "/home/youssef/.local/lib/python3.10/site-packages/setuptools/command/easy_install.py", line 251, in finalize_options
[2.878s]     'dist_fullname': self.distribution.get_fullname(),
[2.878s]   File "/home/youssef/.local/lib/python3.10/site-packages/setuptools/_core_metadata.py", line 275, in get_fullname
[2.878s]     return _distribution_fullname(self.get_name(), self.get_version())
[2.879s]   File "/home/youssef/.local/lib/python3.10/site-packages/setuptools/_core_metadata.py", line 293, in _distribution_fullname
[2.879s]     canonicalize_version(version, strip_trailing_zero=False),
[2.879s] TypeError: canonicalize_version() got an unexpected keyword argument 'strip_trailing_zero'
