[0.951s] Invoking command in '/home/youssef/fyp_ws/src/build/youbot_navigation': PYTHONPATH=/home/youssef/fyp_ws/src/build/youbot_navigation/prefix_override:/usr/lib/python3/dist-packages/colcon_core/task/python/colcon_distutils_commands:/home/youssef/fyp_ws/src/install/youbot_navigation/lib/python3.10/site-packages:${PYTHONPATH} /usr/bin/python3 -W ignore:setup.py install is deprecated -W ignore:easy_install command is deprecated setup.py develop --editable --build-directory /home/youssef/fyp_ws/src/build/youbot_navigation/build --no-deps symlink_data --force
[1.171s] running develop
[1.319s] running egg_info
[1.319s] writing youbot_navigation.egg-info/PKG-INFO
[1.319s] writing dependency_links to youbot_navigation.egg-info/dependency_links.txt
[1.319s] writing entry points to youbot_navigation.egg-info/entry_points.txt
[1.319s] writing requirements to youbot_navigation.egg-info/requires.txt
[1.319s] writing top-level names to youbot_navigation.egg-info/top_level.txt
[1.321s] reading manifest file 'youbot_navigation.egg-info/SOURCES.txt'
[1.322s] writing manifest file 'youbot_navigation.egg-info/SOURCES.txt'
[1.323s] running build_ext
[1.323s] Creating /home/youssef/fyp_ws/src/install/youbot_navigation/lib/python3.10/site-packages/youbot-navigation.egg-link (link to .)
[1.324s] 
[1.324s] Installed /home/youssef/fyp_ws/src/build/youbot_navigation
[1.324s] running symlink_data
[1.324s] symbolically linking /home/youssef/fyp_ws/src/build/youbot_navigation/resource/youbot_navigation -> /home/youssef/fyp_ws/src/install/youbot_navigation/share/ament_index/resource_index/packages
[1.324s] symbolically linking /home/youssef/fyp_ws/src/build/youbot_navigation/package.xml -> /home/youssef/fyp_ws/src/install/youbot_navigation/share/youbot_navigation
[1.324s] symbolically linking /home/youssef/fyp_ws/src/build/youbot_navigation/launch/navigation.launch.py -> /home/youssef/fyp_ws/src/install/youbot_navigation/share/youbot_navigation/launch
[1.324s] symbolically linking /home/youssef/fyp_ws/src/build/youbot_navigation/launch/slam.launch.py -> /home/youssef/fyp_ws/src/install/youbot_navigation/share/youbot_navigation/launch
[1.324s] symbolically linking /home/youssef/fyp_ws/src/build/youbot_navigation/launch/localization.launch.py -> /home/youssef/fyp_ws/src/install/youbot_navigation/share/youbot_navigation/launch
[1.324s] symbolically linking /home/youssef/fyp_ws/src/build/youbot_navigation/launch/nav2.launch.py -> /home/youssef/fyp_ws/src/install/youbot_navigation/share/youbot_navigation/launch
[1.325s] symbolically linking /home/youssef/fyp_ws/src/build/youbot_navigation/config/nav2_params.yaml -> /home/youssef/fyp_ws/src/install/youbot_navigation/share/youbot_navigation/config
[1.325s] symbolically linking /home/youssef/fyp_ws/src/build/youbot_navigation/config/mapper_params_online_async.yaml -> /home/youssef/fyp_ws/src/install/youbot_navigation/share/youbot_navigation/config
[1.325s] symbolically linking /home/youssef/fyp_ws/src/build/youbot_navigation/config/slam_toolbox_params.yaml -> /home/youssef/fyp_ws/src/install/youbot_navigation/share/youbot_navigation/config
[1.325s] symbolically linking /home/youssef/fyp_ws/src/build/youbot_navigation/rviz/nav2.rviz -> /home/youssef/fyp_ws/src/install/youbot_navigation/share/youbot_navigation/rviz
[1.350s] Invoked command in '/home/youssef/fyp_ws/src/build/youbot_navigation' returned '0': PYTHONPATH=/home/youssef/fyp_ws/src/build/youbot_navigation/prefix_override:/usr/lib/python3/dist-packages/colcon_core/task/python/colcon_distutils_commands:/home/youssef/fyp_ws/src/install/youbot_navigation/lib/python3.10/site-packages:${PYTHONPATH} /usr/bin/python3 -W ignore:setup.py install is deprecated -W ignore:easy_install command is deprecated setup.py develop --editable --build-directory /home/youssef/fyp_ws/src/build/youbot_navigation/build --no-deps symlink_data --force
