running egg_info
creating ../build/youbot_manipulation/youbot_manipulation.egg-info
writing ../build/youbot_manipulation/youbot_manipulation.egg-info/PKG-INFO
writing dependency_links to ../build/youbot_manipulation/youbot_manipulation.egg-info/dependency_links.txt
writing entry points to ../build/youbot_manipulation/youbot_manipulation.egg-info/entry_points.txt
writing requirements to ../build/youbot_manipulation/youbot_manipulation.egg-info/requires.txt
writing top-level names to ../build/youbot_manipulation/youbot_manipulation.egg-info/top_level.txt
writing manifest file '../build/youbot_manipulation/youbot_manipulation.egg-info/SOURCES.txt'
reading manifest file '../build/youbot_manipulation/youbot_manipulation.egg-info/SOURCES.txt'
adding license file 'LICENSE'
writing manifest file '../build/youbot_manipulation/youbot_manipulation.egg-info/SOURCES.txt'
running build
running build_py
creating /home/youssef/fyp_ws/src/build/youbot_manipulation/build
creating /home/youssef/fyp_ws/src/build/youbot_manipulation/build/lib
creating /home/youssef/fyp_ws/src/build/youbot_manipulation/build/lib/youbot_manipulation
copying youbot_manipulation/__init__.py -> /home/youssef/fyp_ws/src/build/youbot_manipulation/build/lib/youbot_manipulation
running install
running install_lib
creating /home/youssef/fyp_ws/src/install/youbot_manipulation/lib/python3.10/site-packages/youbot_manipulation
copying /home/youssef/fyp_ws/src/build/youbot_manipulation/build/lib/youbot_manipulation/__init__.py -> /home/youssef/fyp_ws/src/install/youbot_manipulation/lib/python3.10/site-packages/youbot_manipulation
byte-compiling /home/youssef/fyp_ws/src/install/youbot_manipulation/lib/python3.10/site-packages/youbot_manipulation/__init__.py to __init__.cpython-310.pyc
running install_data
creating /home/youssef/fyp_ws/src/install/youbot_manipulation/share/ament_index
creating /home/youssef/fyp_ws/src/install/youbot_manipulation/share/ament_index/resource_index
creating /home/youssef/fyp_ws/src/install/youbot_manipulation/share/ament_index/resource_index/packages
copying resource/youbot_manipulation -> /home/youssef/fyp_ws/src/install/youbot_manipulation/share/ament_index/resource_index/packages
copying package.xml -> /home/youssef/fyp_ws/src/install/youbot_manipulation/share/youbot_manipulation
running install_egg_info
Copying ../build/youbot_manipulation/youbot_manipulation.egg-info to /home/youssef/fyp_ws/src/install/youbot_manipulation/lib/python3.10/site-packages/youbot_manipulation-0.0.0-py3.10.egg-info
running install_scripts
writing list of installed files to '/home/youssef/fyp_ws/src/build/youbot_manipulation/install.log'
