[0.200s] DEBUG:colcon:Command line arguments: ['/usr/bin/colcon', 'build']
[0.200s] DEBUG:colcon:Parsed command line arguments: Namespace(log_base=None, log_level=None, verb_name='build', build_base='build', install_base='install', merge_install=False, symlink_install=False, test_result_base=None, continue_on_error=False, executor='parallel', parallel_workers=8, event_handlers=None, ignore_user_meta=False, metas=['./colcon.meta'], base_paths=['.'], packages_ignore=None, packages_ignore_regex=None, paths=None, packages_up_to=None, packages_up_to_regex=None, packages_above=None, packages_above_and_dependencies=None, packages_above_depth=None, packages_select_by_dep=None, packages_skip_by_dep=None, packages_skip_up_to=None, packages_select_build_failed=False, packages_skip_build_finished=False, packages_select_test_failures=False, packages_skip_test_passed=False, packages_select=None, packages_skip=None, packages_select_regex=None, packages_skip_regex=None, packages_start=None, packages_end=None, allow_overriding=[], cmake_args=None, cmake_target=None, cmake_target_skip_unavailable=False, cmake_clean_cache=False, cmake_clean_first=False, cmake_force_configure=False, ament_cmake_args=None, catkin_cmake_args=None, catkin_skip_building_tests=False, mixin_files=None, mixin=None, verb_parser=<colcon_mixin.mixin.mixin_argument.MixinArgumentDecorator object at 0x7db75e376bc0>, verb_extension=<colcon_core.verb.build.BuildVerb object at 0x7db75e376530>, main=<bound method BuildVerb.main of <colcon_core.verb.build.BuildVerb object at 0x7db75e376530>>, mixin_verb=('build',))
[0.492s] Level 1:colcon.colcon_core.package_discovery:discover_packages(colcon_meta) check parameters
[0.492s] Level 1:colcon.colcon_core.package_discovery:discover_packages(recursive) check parameters
[0.492s] Level 1:colcon.colcon_core.package_discovery:discover_packages(ignore) check parameters
[0.492s] Level 1:colcon.colcon_core.package_discovery:discover_packages(path) check parameters
[0.492s] Level 1:colcon.colcon_core.package_discovery:discover_packages(colcon_meta) discover
[0.492s] Level 1:colcon.colcon_core.package_discovery:discover_packages(recursive) discover
[0.492s] INFO:colcon.colcon_core.package_discovery:Crawling recursively for packages in '/home/youssef/fyp_ws/src'
[0.493s] Level 1:colcon.colcon_core.package_identification:_identify(.) by extensions ['ignore', 'ignore_ament_install']
[0.493s] Level 1:colcon.colcon_core.package_identification:_identify(.) by extension 'ignore'
[0.493s] Level 1:colcon.colcon_core.package_identification:_identify(.) by extension 'ignore_ament_install'
[0.493s] Level 1:colcon.colcon_core.package_identification:_identify(.) by extensions ['colcon_pkg']
[0.493s] Level 1:colcon.colcon_core.package_identification:_identify(.) by extension 'colcon_pkg'
[0.493s] Level 1:colcon.colcon_core.package_identification:_identify(.) by extensions ['colcon_meta']
[0.493s] Level 1:colcon.colcon_core.package_identification:_identify(.) by extension 'colcon_meta'
[0.493s] Level 1:colcon.colcon_core.package_identification:_identify(.) by extensions ['ros']
[0.493s] Level 1:colcon.colcon_core.package_identification:_identify(.) by extension 'ros'
[0.532s] Level 1:colcon.colcon_core.package_identification:_identify(.) by extensions ['cmake', 'python']
[0.532s] Level 1:colcon.colcon_core.package_identification:_identify(.) by extension 'cmake'
[0.532s] Level 1:colcon.colcon_core.package_identification:_identify(.) by extension 'python'
[0.532s] Level 1:colcon.colcon_core.package_identification:_identify(.) by extensions ['python_setup_py']
[0.532s] Level 1:colcon.colcon_core.package_identification:_identify(.) by extension 'python_setup_py'
[0.533s] Level 1:colcon.colcon_core.package_identification:_identify(build) by extensions ['ignore', 'ignore_ament_install']
[0.533s] Level 1:colcon.colcon_core.package_identification:_identify(build) by extension 'ignore'
[0.533s] Level 1:colcon.colcon_core.package_identification:_identify(build) ignored
[0.533s] Level 1:colcon.colcon_core.package_identification:_identify(install) by extensions ['ignore', 'ignore_ament_install']
[0.533s] Level 1:colcon.colcon_core.package_identification:_identify(install) by extension 'ignore'
[0.533s] Level 1:colcon.colcon_core.package_identification:_identify(install) ignored
[0.534s] Level 1:colcon.colcon_core.package_identification:_identify(log) by extensions ['ignore', 'ignore_ament_install']
[0.534s] Level 1:colcon.colcon_core.package_identification:_identify(log) by extension 'ignore'
[0.534s] Level 1:colcon.colcon_core.package_identification:_identify(log) ignored
[0.534s] Level 1:colcon.colcon_core.package_identification:_identify(youbot_description) by extensions ['ignore', 'ignore_ament_install']
[0.534s] Level 1:colcon.colcon_core.package_identification:_identify(youbot_description) by extension 'ignore'
[0.534s] Level 1:colcon.colcon_core.package_identification:_identify(youbot_description) by extension 'ignore_ament_install'
[0.534s] Level 1:colcon.colcon_core.package_identification:_identify(youbot_description) by extensions ['colcon_pkg']
[0.534s] Level 1:colcon.colcon_core.package_identification:_identify(youbot_description) by extension 'colcon_pkg'
[0.534s] Level 1:colcon.colcon_core.package_identification:_identify(youbot_description) by extensions ['colcon_meta']
[0.534s] Level 1:colcon.colcon_core.package_identification:_identify(youbot_description) by extension 'colcon_meta'
[0.534s] Level 1:colcon.colcon_core.package_identification:_identify(youbot_description) by extensions ['ros']
[0.535s] Level 1:colcon.colcon_core.package_identification:_identify(youbot_description) by extension 'ros'
[0.539s] DEBUG:colcon.colcon_core.package_identification:Package 'youbot_description' with type 'ros.ament_cmake' and name 'youbot_description'
[0.539s] Level 1:colcon.colcon_core.package_identification:_identify(youbot_manipulation) by extensions ['ignore', 'ignore_ament_install']
[0.539s] Level 1:colcon.colcon_core.package_identification:_identify(youbot_manipulation) by extension 'ignore'
[0.539s] Level 1:colcon.colcon_core.package_identification:_identify(youbot_manipulation) by extension 'ignore_ament_install'
[0.539s] Level 1:colcon.colcon_core.package_identification:_identify(youbot_manipulation) by extensions ['colcon_pkg']
[0.539s] Level 1:colcon.colcon_core.package_identification:_identify(youbot_manipulation) by extension 'colcon_pkg'
[0.539s] Level 1:colcon.colcon_core.package_identification:_identify(youbot_manipulation) by extensions ['colcon_meta']
[0.539s] Level 1:colcon.colcon_core.package_identification:_identify(youbot_manipulation) by extension 'colcon_meta'
[0.539s] Level 1:colcon.colcon_core.package_identification:_identify(youbot_manipulation) by extensions ['ros']
[0.540s] Level 1:colcon.colcon_core.package_identification:_identify(youbot_manipulation) by extension 'ros'
[0.540s] DEBUG:colcon.colcon_core.package_identification:Package 'youbot_manipulation' with type 'ros.ament_python' and name 'youbot_manipulation'
[0.541s] Level 1:colcon.colcon_core.package_identification:_identify(youbot_navigation) by extensions ['ignore', 'ignore_ament_install']
[0.541s] Level 1:colcon.colcon_core.package_identification:_identify(youbot_navigation) by extension 'ignore'
[0.541s] Level 1:colcon.colcon_core.package_identification:_identify(youbot_navigation) by extension 'ignore_ament_install'
[0.541s] Level 1:colcon.colcon_core.package_identification:_identify(youbot_navigation) by extensions ['colcon_pkg']
[0.541s] Level 1:colcon.colcon_core.package_identification:_identify(youbot_navigation) by extension 'colcon_pkg'
[0.541s] Level 1:colcon.colcon_core.package_identification:_identify(youbot_navigation) by extensions ['colcon_meta']
[0.541s] Level 1:colcon.colcon_core.package_identification:_identify(youbot_navigation) by extension 'colcon_meta'
[0.541s] Level 1:colcon.colcon_core.package_identification:_identify(youbot_navigation) by extensions ['ros']
[0.541s] Level 1:colcon.colcon_core.package_identification:_identify(youbot_navigation) by extension 'ros'
[0.542s] DEBUG:colcon.colcon_core.package_identification:Package 'youbot_navigation' with type 'ros.ament_python' and name 'youbot_navigation'
[0.542s] Level 1:colcon.colcon_core.package_discovery:discover_packages(recursive) using defaults
[0.542s] Level 1:colcon.colcon_core.package_discovery:discover_packages(ignore) discover
[0.542s] Level 1:colcon.colcon_core.package_discovery:discover_packages(ignore) using defaults
[0.542s] Level 1:colcon.colcon_core.package_discovery:discover_packages(path) discover
[0.542s] Level 1:colcon.colcon_core.package_discovery:discover_packages(path) using defaults
[0.580s] Level 1:colcon.colcon_core.package_discovery:discover_packages(prefix_path) check parameters
[0.580s] Level 1:colcon.colcon_core.package_discovery:discover_packages(prefix_path) discover
[0.585s] DEBUG:colcon.colcon_installed_package_information.package_discovery:Found 3 installed packages in /home/youssef/fyp_ws/src/install
[0.586s] DEBUG:colcon.colcon_installed_package_information.package_discovery:Found 16 installed packages in /home/youssef/turtlebot3_ws/install
[0.587s] DEBUG:colcon.colcon_installed_package_information.package_discovery:Found 12 installed packages in /home/youssef/ros2_ws/install
[0.589s] DEBUG:colcon.colcon_installed_package_information.package_discovery:Found 1 installed packages in /home/youssef/install
[0.592s] DEBUG:colcon.colcon_installed_package_information.package_discovery:Found 468 installed packages in /opt/ros/humble
[0.598s] Level 1:colcon.colcon_core.package_discovery:discover_packages(prefix_path) using defaults
[0.679s] Level 5:colcon.colcon_core.verb:set package 'youbot_description' build argument 'cmake_args' from command line to 'None'
[0.679s] Level 5:colcon.colcon_core.verb:set package 'youbot_description' build argument 'cmake_target' from command line to 'None'
[0.679s] Level 5:colcon.colcon_core.verb:set package 'youbot_description' build argument 'cmake_target_skip_unavailable' from command line to 'False'
[0.679s] Level 5:colcon.colcon_core.verb:set package 'youbot_description' build argument 'cmake_clean_cache' from command line to 'False'
[0.679s] Level 5:colcon.colcon_core.verb:set package 'youbot_description' build argument 'cmake_clean_first' from command line to 'False'
[0.679s] Level 5:colcon.colcon_core.verb:set package 'youbot_description' build argument 'cmake_force_configure' from command line to 'False'
[0.679s] Level 5:colcon.colcon_core.verb:set package 'youbot_description' build argument 'ament_cmake_args' from command line to 'None'
[0.679s] Level 5:colcon.colcon_core.verb:set package 'youbot_description' build argument 'catkin_cmake_args' from command line to 'None'
[0.679s] Level 5:colcon.colcon_core.verb:set package 'youbot_description' build argument 'catkin_skip_building_tests' from command line to 'False'
[0.679s] DEBUG:colcon.colcon_core.verb:Building package 'youbot_description' with the following arguments: {'ament_cmake_args': None, 'build_base': '/home/youssef/fyp_ws/src/build/youbot_description', 'catkin_cmake_args': None, 'catkin_skip_building_tests': False, 'cmake_args': None, 'cmake_clean_cache': False, 'cmake_clean_first': False, 'cmake_force_configure': False, 'cmake_target': None, 'cmake_target_skip_unavailable': False, 'install_base': '/home/youssef/fyp_ws/src/install/youbot_description', 'merge_install': False, 'path': '/home/youssef/fyp_ws/src/youbot_description', 'symlink_install': False, 'test_result_base': None}
[0.680s] Level 5:colcon.colcon_core.verb:set package 'youbot_manipulation' build argument 'cmake_args' from command line to 'None'
[0.680s] Level 5:colcon.colcon_core.verb:set package 'youbot_manipulation' build argument 'cmake_target' from command line to 'None'
[0.680s] Level 5:colcon.colcon_core.verb:set package 'youbot_manipulation' build argument 'cmake_target_skip_unavailable' from command line to 'False'
[0.680s] Level 5:colcon.colcon_core.verb:set package 'youbot_manipulation' build argument 'cmake_clean_cache' from command line to 'False'
[0.680s] Level 5:colcon.colcon_core.verb:set package 'youbot_manipulation' build argument 'cmake_clean_first' from command line to 'False'
[0.680s] Level 5:colcon.colcon_core.verb:set package 'youbot_manipulation' build argument 'cmake_force_configure' from command line to 'False'
[0.680s] Level 5:colcon.colcon_core.verb:set package 'youbot_manipulation' build argument 'ament_cmake_args' from command line to 'None'
[0.680s] Level 5:colcon.colcon_core.verb:set package 'youbot_manipulation' build argument 'catkin_cmake_args' from command line to 'None'
[0.680s] Level 5:colcon.colcon_core.verb:set package 'youbot_manipulation' build argument 'catkin_skip_building_tests' from command line to 'False'
[0.680s] DEBUG:colcon.colcon_core.verb:Building package 'youbot_manipulation' with the following arguments: {'ament_cmake_args': None, 'build_base': '/home/youssef/fyp_ws/src/build/youbot_manipulation', 'catkin_cmake_args': None, 'catkin_skip_building_tests': False, 'cmake_args': None, 'cmake_clean_cache': False, 'cmake_clean_first': False, 'cmake_force_configure': False, 'cmake_target': None, 'cmake_target_skip_unavailable': False, 'install_base': '/home/youssef/fyp_ws/src/install/youbot_manipulation', 'merge_install': False, 'path': '/home/youssef/fyp_ws/src/youbot_manipulation', 'symlink_install': False, 'test_result_base': None}
[0.680s] Level 5:colcon.colcon_core.verb:set package 'youbot_navigation' build argument 'cmake_args' from command line to 'None'
[0.680s] Level 5:colcon.colcon_core.verb:set package 'youbot_navigation' build argument 'cmake_target' from command line to 'None'
[0.681s] Level 5:colcon.colcon_core.verb:set package 'youbot_navigation' build argument 'cmake_target_skip_unavailable' from command line to 'False'
[0.681s] Level 5:colcon.colcon_core.verb:set package 'youbot_navigation' build argument 'cmake_clean_cache' from command line to 'False'
[0.681s] Level 5:colcon.colcon_core.verb:set package 'youbot_navigation' build argument 'cmake_clean_first' from command line to 'False'
[0.681s] Level 5:colcon.colcon_core.verb:set package 'youbot_navigation' build argument 'cmake_force_configure' from command line to 'False'
[0.681s] Level 5:colcon.colcon_core.verb:set package 'youbot_navigation' build argument 'ament_cmake_args' from command line to 'None'
[0.681s] Level 5:colcon.colcon_core.verb:set package 'youbot_navigation' build argument 'catkin_cmake_args' from command line to 'None'
[0.681s] Level 5:colcon.colcon_core.verb:set package 'youbot_navigation' build argument 'catkin_skip_building_tests' from command line to 'False'
[0.681s] DEBUG:colcon.colcon_core.verb:Building package 'youbot_navigation' with the following arguments: {'ament_cmake_args': None, 'build_base': '/home/youssef/fyp_ws/src/build/youbot_navigation', 'catkin_cmake_args': None, 'catkin_skip_building_tests': False, 'cmake_args': None, 'cmake_clean_cache': False, 'cmake_clean_first': False, 'cmake_force_configure': False, 'cmake_target': None, 'cmake_target_skip_unavailable': False, 'install_base': '/home/youssef/fyp_ws/src/install/youbot_navigation', 'merge_install': False, 'path': '/home/youssef/fyp_ws/src/youbot_navigation', 'symlink_install': False, 'test_result_base': None}
[0.681s] INFO:colcon.colcon_core.executor:Executing jobs using 'parallel' executor
[0.683s] DEBUG:colcon.colcon_parallel_executor.executor.parallel:run_until_complete
[0.683s] INFO:colcon.colcon_ros.task.ament_cmake.build:Building ROS package in '/home/youssef/fyp_ws/src/youbot_description' with build type 'ament_cmake'
[0.684s] INFO:colcon.colcon_cmake.task.cmake.build:Building CMake package in '/home/youssef/fyp_ws/src/youbot_description'
[0.687s] INFO:colcon.colcon_core.plugin_system:Skipping extension 'colcon_core.shell.bat': Not used on non-Windows systems
[0.687s] INFO:colcon.colcon_core.shell:Skip shell extension 'powershell' for command environment: Not usable outside of PowerShell
[0.687s] DEBUG:colcon.colcon_core.shell:Skip shell extension 'dsv' for command environment
[0.696s] INFO:colcon.colcon_ros.task.ament_python.build:Building ROS package in '/home/youssef/fyp_ws/src/youbot_manipulation' with build type 'ament_python'
[0.697s] Level 1:colcon.colcon_core.shell:create_environment_hook('youbot_manipulation', 'ament_prefix_path')
[0.698s] INFO:colcon.colcon_core.shell:Creating environment hook '/home/youssef/fyp_ws/src/install/youbot_manipulation/share/youbot_manipulation/hook/ament_prefix_path.ps1'
[0.699s] INFO:colcon.colcon_core.shell:Creating environment descriptor '/home/youssef/fyp_ws/src/install/youbot_manipulation/share/youbot_manipulation/hook/ament_prefix_path.dsv'
[0.700s] INFO:colcon.colcon_core.shell:Creating environment hook '/home/youssef/fyp_ws/src/install/youbot_manipulation/share/youbot_manipulation/hook/ament_prefix_path.sh'
[0.701s] INFO:colcon.colcon_core.shell:Skip shell extension 'powershell' for command environment: Not usable outside of PowerShell
[0.701s] DEBUG:colcon.colcon_core.shell:Skip shell extension 'dsv' for command environment
[0.710s] INFO:colcon.colcon_ros.task.ament_python.build:Building ROS package in '/home/youssef/fyp_ws/src/youbot_navigation' with build type 'ament_python'
[0.710s] Level 1:colcon.colcon_core.shell:create_environment_hook('youbot_navigation', 'ament_prefix_path')
[0.711s] INFO:colcon.colcon_core.shell:Creating environment hook '/home/youssef/fyp_ws/src/install/youbot_navigation/share/youbot_navigation/hook/ament_prefix_path.ps1'
[0.712s] INFO:colcon.colcon_core.shell:Creating environment descriptor '/home/youssef/fyp_ws/src/install/youbot_navigation/share/youbot_navigation/hook/ament_prefix_path.dsv'
[0.714s] INFO:colcon.colcon_core.shell:Creating environment hook '/home/youssef/fyp_ws/src/install/youbot_navigation/share/youbot_navigation/hook/ament_prefix_path.sh'
[0.715s] INFO:colcon.colcon_core.shell:Skip shell extension 'powershell' for command environment: Not usable outside of PowerShell
[0.715s] DEBUG:colcon.colcon_core.shell:Skip shell extension 'dsv' for command environment
[0.735s] DEBUG:colcon.colcon_core.event_handler.log_command:Invoking command in '/home/youssef/fyp_ws/src/build/youbot_description': CMAKE_PREFIX_PATH=${CMAKE_PREFIX_PATH}:/home/youssef/fyp_ws/src/install/youbot_navigation:/home/youssef/fyp_ws/src/install/youbot_manipulation:/home/youssef/ros2_ws/install/py_srvcli:/home/youssef/ros2_ws/install/py_srv:/home/youssef/ros2_ws/install/py_pubsub:/home/youssef/ros2_ws/install/pubsub:/home/youssef/ros2_ws/install/line_follower:/home/youssef/ros2_ws/install/fake_sensors:/home/youssef/ros2_ws/install/fake:/home/youssef/ros2_ws/install/actions_py:/home/youssef/turtlebot3_ws/install/turtlebot3_teleop:/home/youssef/turtlebot3_ws/install/turtlebot3_example:/home/youssef/install/fake_sensors:/opt/ros/humble /usr/bin/cmake /home/youssef/fyp_ws/src/youbot_description -DCMAKE_INSTALL_PREFIX=/home/youssef/fyp_ws/src/install/youbot_description
[1.306s] INFO:colcon.colcon_core.task.python.build:Building Python package in '/home/youssef/fyp_ws/src/youbot_manipulation'
[1.306s] INFO:colcon.colcon_core.shell:Skip shell extension 'powershell' for command environment: Not usable outside of PowerShell
[1.306s] DEBUG:colcon.colcon_core.shell:Skip shell extension 'dsv' for command environment
[1.896s] INFO:colcon.colcon_core.task.python.build:Building Python package in '/home/youssef/fyp_ws/src/youbot_navigation'
[1.897s] INFO:colcon.colcon_core.shell:Skip shell extension 'powershell' for command environment: Not usable outside of PowerShell
[1.897s] DEBUG:colcon.colcon_core.shell:Skip shell extension 'dsv' for command environment
[1.908s] DEBUG:colcon.colcon_core.event_handler.log_command:Invoked command in '/home/youssef/fyp_ws/src/build/youbot_description' returned '0': CMAKE_PREFIX_PATH=${CMAKE_PREFIX_PATH}:/home/youssef/fyp_ws/src/install/youbot_navigation:/home/youssef/fyp_ws/src/install/youbot_manipulation:/home/youssef/ros2_ws/install/py_srvcli:/home/youssef/ros2_ws/install/py_srv:/home/youssef/ros2_ws/install/py_pubsub:/home/youssef/ros2_ws/install/pubsub:/home/youssef/ros2_ws/install/line_follower:/home/youssef/ros2_ws/install/fake_sensors:/home/youssef/ros2_ws/install/fake:/home/youssef/ros2_ws/install/actions_py:/home/youssef/turtlebot3_ws/install/turtlebot3_teleop:/home/youssef/turtlebot3_ws/install/turtlebot3_example:/home/youssef/install/fake_sensors:/opt/ros/humble /usr/bin/cmake /home/youssef/fyp_ws/src/youbot_description -DCMAKE_INSTALL_PREFIX=/home/youssef/fyp_ws/src/install/youbot_description
[1.912s] DEBUG:colcon.colcon_core.event_handler.log_command:Invoking command in '/home/youssef/fyp_ws/src/build/youbot_description': CMAKE_PREFIX_PATH=${CMAKE_PREFIX_PATH}:/home/youssef/fyp_ws/src/install/youbot_navigation:/home/youssef/fyp_ws/src/install/youbot_manipulation:/home/youssef/ros2_ws/install/py_srvcli:/home/youssef/ros2_ws/install/py_srv:/home/youssef/ros2_ws/install/py_pubsub:/home/youssef/ros2_ws/install/pubsub:/home/youssef/ros2_ws/install/line_follower:/home/youssef/ros2_ws/install/fake_sensors:/home/youssef/ros2_ws/install/fake:/home/youssef/ros2_ws/install/actions_py:/home/youssef/turtlebot3_ws/install/turtlebot3_teleop:/home/youssef/turtlebot3_ws/install/turtlebot3_example:/home/youssef/install/fake_sensors:/opt/ros/humble /usr/bin/cmake --build /home/youssef/fyp_ws/src/build/youbot_description -- -j8 -l8
[2.025s] DEBUG:colcon.colcon_core.event_handler.log_command:Invoked command in '/home/youssef/fyp_ws/src/build/youbot_description' returned '0': CMAKE_PREFIX_PATH=${CMAKE_PREFIX_PATH}:/home/youssef/fyp_ws/src/install/youbot_navigation:/home/youssef/fyp_ws/src/install/youbot_manipulation:/home/youssef/ros2_ws/install/py_srvcli:/home/youssef/ros2_ws/install/py_srv:/home/youssef/ros2_ws/install/py_pubsub:/home/youssef/ros2_ws/install/pubsub:/home/youssef/ros2_ws/install/line_follower:/home/youssef/ros2_ws/install/fake_sensors:/home/youssef/ros2_ws/install/fake:/home/youssef/ros2_ws/install/actions_py:/home/youssef/turtlebot3_ws/install/turtlebot3_teleop:/home/youssef/turtlebot3_ws/install/turtlebot3_example:/home/youssef/install/fake_sensors:/opt/ros/humble /usr/bin/cmake --build /home/youssef/fyp_ws/src/build/youbot_description -- -j8 -l8
[2.058s] DEBUG:colcon.colcon_core.event_handler.log_command:Invoking command in '/home/youssef/fyp_ws/src/build/youbot_description': CMAKE_PREFIX_PATH=${CMAKE_PREFIX_PATH}:/home/youssef/fyp_ws/src/install/youbot_navigation:/home/youssef/fyp_ws/src/install/youbot_manipulation:/home/youssef/ros2_ws/install/py_srvcli:/home/youssef/ros2_ws/install/py_srv:/home/youssef/ros2_ws/install/py_pubsub:/home/youssef/ros2_ws/install/pubsub:/home/youssef/ros2_ws/install/line_follower:/home/youssef/ros2_ws/install/fake_sensors:/home/youssef/ros2_ws/install/fake:/home/youssef/ros2_ws/install/actions_py:/home/youssef/turtlebot3_ws/install/turtlebot3_teleop:/home/youssef/turtlebot3_ws/install/turtlebot3_example:/home/youssef/install/fake_sensors:/opt/ros/humble /usr/bin/cmake --install /home/youssef/fyp_ws/src/build/youbot_description
[2.185s] Level 1:colcon.colcon_core.environment:create_environment_scripts_only(youbot_description)
[2.188s] DEBUG:colcon.colcon_core.event_handler.log_command:Invoked command in '/home/youssef/fyp_ws/src/build/youbot_description' returned '0': CMAKE_PREFIX_PATH=${CMAKE_PREFIX_PATH}:/home/youssef/fyp_ws/src/install/youbot_navigation:/home/youssef/fyp_ws/src/install/youbot_manipulation:/home/youssef/ros2_ws/install/py_srvcli:/home/youssef/ros2_ws/install/py_srv:/home/youssef/ros2_ws/install/py_pubsub:/home/youssef/ros2_ws/install/pubsub:/home/youssef/ros2_ws/install/line_follower:/home/youssef/ros2_ws/install/fake_sensors:/home/youssef/ros2_ws/install/fake:/home/youssef/ros2_ws/install/actions_py:/home/youssef/turtlebot3_ws/install/turtlebot3_teleop:/home/youssef/turtlebot3_ws/install/turtlebot3_example:/home/youssef/install/fake_sensors:/opt/ros/humble /usr/bin/cmake --install /home/youssef/fyp_ws/src/build/youbot_description
[2.196s] Level 1:colcon.colcon_core.environment:checking '/home/youssef/fyp_ws/src/install/youbot_description' for CMake module files
[2.198s] Level 1:colcon.colcon_core.environment:checking '/home/youssef/fyp_ws/src/install/youbot_description' for CMake config files
[2.202s] Level 1:colcon.colcon_core.shell:create_environment_hook('youbot_description', 'cmake_prefix_path')
[2.203s] INFO:colcon.colcon_core.shell:Creating environment hook '/home/youssef/fyp_ws/src/install/youbot_description/share/youbot_description/hook/cmake_prefix_path.ps1'
[2.204s] INFO:colcon.colcon_core.shell:Creating environment descriptor '/home/youssef/fyp_ws/src/install/youbot_description/share/youbot_description/hook/cmake_prefix_path.dsv'
[2.205s] INFO:colcon.colcon_core.shell:Creating environment hook '/home/youssef/fyp_ws/src/install/youbot_description/share/youbot_description/hook/cmake_prefix_path.sh'
[2.207s] Level 1:colcon.colcon_core.environment:checking '/home/youssef/fyp_ws/src/install/youbot_description/lib'
[2.207s] Level 1:colcon.colcon_core.environment:checking '/home/youssef/fyp_ws/src/install/youbot_description/bin'
[2.207s] Level 1:colcon.colcon_core.environment:checking '/home/youssef/fyp_ws/src/install/youbot_description/lib/pkgconfig/youbot_description.pc'
[2.208s] Level 1:colcon.colcon_core.environment:checking '/home/youssef/fyp_ws/src/install/youbot_description/lib/python3.10/site-packages'
[2.209s] Level 1:colcon.colcon_core.environment:checking '/home/youssef/fyp_ws/src/install/youbot_description/bin'
[2.209s] INFO:colcon.colcon_core.shell:Creating package script '/home/youssef/fyp_ws/src/install/youbot_description/share/youbot_description/package.ps1'
[2.211s] INFO:colcon.colcon_core.shell:Creating package descriptor '/home/youssef/fyp_ws/src/install/youbot_description/share/youbot_description/package.dsv'
[2.213s] INFO:colcon.colcon_core.shell:Creating package script '/home/youssef/fyp_ws/src/install/youbot_description/share/youbot_description/package.sh'
[2.215s] INFO:colcon.colcon_core.shell:Creating package script '/home/youssef/fyp_ws/src/install/youbot_description/share/youbot_description/package.bash'
[2.219s] INFO:colcon.colcon_core.shell:Creating package script '/home/youssef/fyp_ws/src/install/youbot_description/share/youbot_description/package.zsh'
[2.221s] Level 1:colcon.colcon_core.environment:create_file_with_runtime_dependencies(/home/youssef/fyp_ws/src/install/youbot_description/share/colcon-core/packages/youbot_description)
[2.222s] Level 1:colcon.colcon_core.environment:create_environment_scripts_only(youbot_description)
[2.223s] Level 1:colcon.colcon_core.environment:checking '/home/youssef/fyp_ws/src/install/youbot_description' for CMake module files
[2.225s] Level 1:colcon.colcon_core.environment:checking '/home/youssef/fyp_ws/src/install/youbot_description' for CMake config files
[2.229s] Level 1:colcon.colcon_core.shell:create_environment_hook('youbot_description', 'cmake_prefix_path')
[2.229s] INFO:colcon.colcon_core.shell:Creating environment hook '/home/youssef/fyp_ws/src/install/youbot_description/share/youbot_description/hook/cmake_prefix_path.ps1'
[2.230s] INFO:colcon.colcon_core.shell:Creating environment descriptor '/home/youssef/fyp_ws/src/install/youbot_description/share/youbot_description/hook/cmake_prefix_path.dsv'
[2.231s] INFO:colcon.colcon_core.shell:Creating environment hook '/home/youssef/fyp_ws/src/install/youbot_description/share/youbot_description/hook/cmake_prefix_path.sh'
[2.232s] Level 1:colcon.colcon_core.environment:checking '/home/youssef/fyp_ws/src/install/youbot_description/lib'
[2.232s] Level 1:colcon.colcon_core.environment:checking '/home/youssef/fyp_ws/src/install/youbot_description/bin'
[2.232s] Level 1:colcon.colcon_core.environment:checking '/home/youssef/fyp_ws/src/install/youbot_description/lib/pkgconfig/youbot_description.pc'
[2.233s] Level 1:colcon.colcon_core.environment:checking '/home/youssef/fyp_ws/src/install/youbot_description/lib/python3.10/site-packages'
[2.234s] Level 1:colcon.colcon_core.environment:checking '/home/youssef/fyp_ws/src/install/youbot_description/bin'
[2.235s] INFO:colcon.colcon_core.shell:Creating package script '/home/youssef/fyp_ws/src/install/youbot_description/share/youbot_description/package.ps1'
[2.237s] INFO:colcon.colcon_core.shell:Creating package descriptor '/home/youssef/fyp_ws/src/install/youbot_description/share/youbot_description/package.dsv'
[2.239s] INFO:colcon.colcon_core.shell:Creating package script '/home/youssef/fyp_ws/src/install/youbot_description/share/youbot_description/package.sh'
[2.240s] INFO:colcon.colcon_core.shell:Creating package script '/home/youssef/fyp_ws/src/install/youbot_description/share/youbot_description/package.bash'
[2.241s] INFO:colcon.colcon_core.shell:Creating package script '/home/youssef/fyp_ws/src/install/youbot_description/share/youbot_description/package.zsh'
[2.242s] Level 1:colcon.colcon_core.environment:create_file_with_runtime_dependencies(/home/youssef/fyp_ws/src/install/youbot_description/share/colcon-core/packages/youbot_description)
[2.866s] DEBUG:colcon.colcon_core.event_handler.log_command:Invoking command in '/home/youssef/fyp_ws/src/build/youbot_manipulation': PYTHONPATH=/home/youssef/fyp_ws/src/build/youbot_manipulation/prefix_override:/usr/lib/python3/dist-packages/colcon_core/task/python/colcon_distutils_commands:/home/youssef/fyp_ws/src/install/youbot_manipulation/lib/python3.10/site-packages:${PYTHONPATH} /usr/bin/python3 -W ignore:setup.py install is deprecated -W ignore:easy_install command is deprecated setup.py develop --uninstall --editable --build-directory /home/youssef/fyp_ws/src/build/youbot_manipulation/build
[2.929s] DEBUG:colcon.colcon_core.event_handler.log_command:Invoking command in '/home/youssef/fyp_ws/src/build/youbot_navigation': PYTHONPATH=/home/youssef/fyp_ws/src/build/youbot_navigation/prefix_override:/usr/lib/python3/dist-packages/colcon_core/task/python/colcon_distutils_commands:/home/youssef/fyp_ws/src/install/youbot_navigation/lib/python3.10/site-packages:${PYTHONPATH} /usr/bin/python3 -W ignore:setup.py install is deprecated -W ignore:easy_install command is deprecated setup.py develop --uninstall --editable --build-directory /home/youssef/fyp_ws/src/build/youbot_navigation/build
[4.152s] DEBUG:colcon.colcon_core.event_handler.log_command:Invoked command in '/home/youssef/fyp_ws/src/build/youbot_navigation' returned '0': PYTHONPATH=/home/youssef/fyp_ws/src/build/youbot_navigation/prefix_override:/usr/lib/python3/dist-packages/colcon_core/task/python/colcon_distutils_commands:/home/youssef/fyp_ws/src/install/youbot_navigation/lib/python3.10/site-packages:${PYTHONPATH} /usr/bin/python3 -W ignore:setup.py install is deprecated -W ignore:easy_install command is deprecated setup.py develop --uninstall --editable --build-directory /home/youssef/fyp_ws/src/build/youbot_navigation/build
[4.155s] DEBUG:colcon.colcon_core.event_handler.log_command:Invoking command in '/home/youssef/fyp_ws/src/youbot_navigation': PYTHONPATH=/home/youssef/fyp_ws/src/build/youbot_navigation/prefix_override:/usr/lib/python3/dist-packages/colcon_core/task/python/colcon_distutils_commands:/home/youssef/fyp_ws/src/install/youbot_navigation/lib/python3.10/site-packages:${PYTHONPATH} /usr/bin/python3 -W ignore:setup.py install is deprecated -W ignore:easy_install command is deprecated setup.py egg_info --egg-base ../build/youbot_navigation build --build-base /home/youssef/fyp_ws/src/build/youbot_navigation/build install --record /home/youssef/fyp_ws/src/build/youbot_navigation/install.log --single-version-externally-managed install_data --force
[4.163s] DEBUG:colcon.colcon_core.event_handler.log_command:Invoked command in '/home/youssef/fyp_ws/src/build/youbot_manipulation' returned '0': PYTHONPATH=/home/youssef/fyp_ws/src/build/youbot_manipulation/prefix_override:/usr/lib/python3/dist-packages/colcon_core/task/python/colcon_distutils_commands:/home/youssef/fyp_ws/src/install/youbot_manipulation/lib/python3.10/site-packages:${PYTHONPATH} /usr/bin/python3 -W ignore:setup.py install is deprecated -W ignore:easy_install command is deprecated setup.py develop --uninstall --editable --build-directory /home/youssef/fyp_ws/src/build/youbot_manipulation/build
[4.164s] DEBUG:colcon.colcon_core.event_handler.log_command:Invoking command in '/home/youssef/fyp_ws/src/youbot_manipulation': PYTHONPATH=/home/youssef/fyp_ws/src/build/youbot_manipulation/prefix_override:/usr/lib/python3/dist-packages/colcon_core/task/python/colcon_distutils_commands:/home/youssef/fyp_ws/src/install/youbot_manipulation/lib/python3.10/site-packages:${PYTHONPATH} /usr/bin/python3 -W ignore:setup.py install is deprecated -W ignore:easy_install command is deprecated setup.py egg_info --egg-base ../build/youbot_manipulation build --build-base /home/youssef/fyp_ws/src/build/youbot_manipulation/build install --record /home/youssef/fyp_ws/src/build/youbot_manipulation/install.log --single-version-externally-managed install_data --force
[4.932s] Level 1:colcon.colcon_core.environment:checking '/home/youssef/fyp_ws/src/install/youbot_navigation' for CMake module files
[4.934s] DEBUG:colcon.colcon_core.event_handler.log_command:Invoked command in '/home/youssef/fyp_ws/src/youbot_navigation' returned '0': PYTHONPATH=/home/youssef/fyp_ws/src/build/youbot_navigation/prefix_override:/usr/lib/python3/dist-packages/colcon_core/task/python/colcon_distutils_commands:/home/youssef/fyp_ws/src/install/youbot_navigation/lib/python3.10/site-packages:${PYTHONPATH} /usr/bin/python3 -W ignore:setup.py install is deprecated -W ignore:easy_install command is deprecated setup.py egg_info --egg-base ../build/youbot_navigation build --build-base /home/youssef/fyp_ws/src/build/youbot_navigation/build install --record /home/youssef/fyp_ws/src/build/youbot_navigation/install.log --single-version-externally-managed install_data --force
[4.934s] Level 1:colcon.colcon_core.environment:checking '/home/youssef/fyp_ws/src/install/youbot_navigation' for CMake config files
[4.935s] Level 1:colcon.colcon_core.environment:checking '/home/youssef/fyp_ws/src/install/youbot_navigation/lib'
[4.936s] Level 1:colcon.colcon_core.environment:checking '/home/youssef/fyp_ws/src/install/youbot_navigation/bin'
[4.936s] Level 1:colcon.colcon_core.environment:checking '/home/youssef/fyp_ws/src/install/youbot_navigation/lib/pkgconfig/youbot_navigation.pc'
[4.936s] Level 1:colcon.colcon_core.environment:checking '/home/youssef/fyp_ws/src/install/youbot_navigation/lib/python3.10/site-packages'
[4.936s] Level 1:colcon.colcon_core.shell:create_environment_hook('youbot_navigation', 'pythonpath')
[4.937s] INFO:colcon.colcon_core.shell:Creating environment hook '/home/youssef/fyp_ws/src/install/youbot_navigation/share/youbot_navigation/hook/pythonpath.ps1'
[4.938s] INFO:colcon.colcon_core.shell:Creating environment descriptor '/home/youssef/fyp_ws/src/install/youbot_navigation/share/youbot_navigation/hook/pythonpath.dsv'
[4.940s] INFO:colcon.colcon_core.shell:Creating environment hook '/home/youssef/fyp_ws/src/install/youbot_navigation/share/youbot_navigation/hook/pythonpath.sh'
[4.942s] Level 1:colcon.colcon_core.environment:checking '/home/youssef/fyp_ws/src/install/youbot_navigation/bin'
[4.942s] Level 1:colcon.colcon_core.environment:create_environment_scripts_only(youbot_navigation)
[4.943s] INFO:colcon.colcon_core.shell:Creating package script '/home/youssef/fyp_ws/src/install/youbot_navigation/share/youbot_navigation/package.ps1'
[4.945s] INFO:colcon.colcon_core.shell:Creating package descriptor '/home/youssef/fyp_ws/src/install/youbot_navigation/share/youbot_navigation/package.dsv'
[4.946s] INFO:colcon.colcon_core.shell:Creating package script '/home/youssef/fyp_ws/src/install/youbot_navigation/share/youbot_navigation/package.sh'
[4.947s] INFO:colcon.colcon_core.shell:Creating package script '/home/youssef/fyp_ws/src/install/youbot_navigation/share/youbot_navigation/package.bash'
[4.948s] INFO:colcon.colcon_core.shell:Creating package script '/home/youssef/fyp_ws/src/install/youbot_navigation/share/youbot_navigation/package.zsh'
[4.949s] Level 1:colcon.colcon_core.environment:create_file_with_runtime_dependencies(/home/youssef/fyp_ws/src/install/youbot_navigation/share/colcon-core/packages/youbot_navigation)
[4.977s] Level 1:colcon.colcon_core.environment:checking '/home/youssef/fyp_ws/src/install/youbot_manipulation' for CMake module files
[4.979s] DEBUG:colcon.colcon_core.event_handler.log_command:Invoked command in '/home/youssef/fyp_ws/src/youbot_manipulation' returned '0': PYTHONPATH=/home/youssef/fyp_ws/src/build/youbot_manipulation/prefix_override:/usr/lib/python3/dist-packages/colcon_core/task/python/colcon_distutils_commands:/home/youssef/fyp_ws/src/install/youbot_manipulation/lib/python3.10/site-packages:${PYTHONPATH} /usr/bin/python3 -W ignore:setup.py install is deprecated -W ignore:easy_install command is deprecated setup.py egg_info --egg-base ../build/youbot_manipulation build --build-base /home/youssef/fyp_ws/src/build/youbot_manipulation/build install --record /home/youssef/fyp_ws/src/build/youbot_manipulation/install.log --single-version-externally-managed install_data --force
[4.979s] Level 1:colcon.colcon_core.environment:checking '/home/youssef/fyp_ws/src/install/youbot_manipulation' for CMake config files
[4.980s] Level 1:colcon.colcon_core.environment:checking '/home/youssef/fyp_ws/src/install/youbot_manipulation/lib'
[4.980s] Level 1:colcon.colcon_core.environment:checking '/home/youssef/fyp_ws/src/install/youbot_manipulation/bin'
[4.981s] Level 1:colcon.colcon_core.environment:checking '/home/youssef/fyp_ws/src/install/youbot_manipulation/lib/pkgconfig/youbot_manipulation.pc'
[4.981s] Level 1:colcon.colcon_core.environment:checking '/home/youssef/fyp_ws/src/install/youbot_manipulation/lib/python3.10/site-packages'
[4.981s] Level 1:colcon.colcon_core.shell:create_environment_hook('youbot_manipulation', 'pythonpath')
[4.982s] INFO:colcon.colcon_core.shell:Creating environment hook '/home/youssef/fyp_ws/src/install/youbot_manipulation/share/youbot_manipulation/hook/pythonpath.ps1'
[4.982s] INFO:colcon.colcon_core.shell:Creating environment descriptor '/home/youssef/fyp_ws/src/install/youbot_manipulation/share/youbot_manipulation/hook/pythonpath.dsv'
[4.983s] INFO:colcon.colcon_core.shell:Creating environment hook '/home/youssef/fyp_ws/src/install/youbot_manipulation/share/youbot_manipulation/hook/pythonpath.sh'
[4.984s] Level 1:colcon.colcon_core.environment:checking '/home/youssef/fyp_ws/src/install/youbot_manipulation/bin'
[4.984s] Level 1:colcon.colcon_core.environment:create_environment_scripts_only(youbot_manipulation)
[4.985s] INFO:colcon.colcon_core.shell:Creating package script '/home/youssef/fyp_ws/src/install/youbot_manipulation/share/youbot_manipulation/package.ps1'
[4.985s] INFO:colcon.colcon_core.shell:Creating package descriptor '/home/youssef/fyp_ws/src/install/youbot_manipulation/share/youbot_manipulation/package.dsv'
[4.986s] INFO:colcon.colcon_core.shell:Creating package script '/home/youssef/fyp_ws/src/install/youbot_manipulation/share/youbot_manipulation/package.sh'
[4.987s] INFO:colcon.colcon_core.shell:Creating package script '/home/youssef/fyp_ws/src/install/youbot_manipulation/share/youbot_manipulation/package.bash'
[4.987s] INFO:colcon.colcon_core.shell:Creating package script '/home/youssef/fyp_ws/src/install/youbot_manipulation/share/youbot_manipulation/package.zsh'
[4.987s] Level 1:colcon.colcon_core.environment:create_file_with_runtime_dependencies(/home/youssef/fyp_ws/src/install/youbot_manipulation/share/colcon-core/packages/youbot_manipulation)
[4.988s] DEBUG:colcon.colcon_parallel_executor.executor.parallel:closing loop
[4.988s] DEBUG:colcon.colcon_parallel_executor.executor.parallel:loop closed
[4.989s] DEBUG:colcon.colcon_parallel_executor.executor.parallel:run_until_complete finished with '0'
[4.989s] DEBUG:colcon.colcon_core.event_reactor:joining thread
[4.998s] INFO:colcon.colcon_core.plugin_system:Skipping extension 'colcon_notification.desktop_notification.terminal_notifier': Not used on non-Darwin systems
[4.998s] INFO:colcon.colcon_core.plugin_system:Skipping extension 'colcon_notification.desktop_notification.win32': Not used on non-Windows systems
[4.998s] INFO:colcon.colcon_notification.desktop_notification:Sending desktop notification using 'notify2'
[5.018s] DEBUG:colcon.colcon_core.event_reactor:joined thread
[5.018s] INFO:colcon.colcon_core.shell:Creating prefix script '/home/youssef/fyp_ws/src/install/local_setup.ps1'
[5.020s] INFO:colcon.colcon_core.shell:Creating prefix util module '/home/youssef/fyp_ws/src/install/_local_setup_util_ps1.py'
[5.023s] INFO:colcon.colcon_core.shell:Creating prefix chain script '/home/youssef/fyp_ws/src/install/setup.ps1'
[5.027s] INFO:colcon.colcon_core.shell:Creating prefix script '/home/youssef/fyp_ws/src/install/local_setup.sh'
[5.028s] INFO:colcon.colcon_core.shell:Creating prefix util module '/home/youssef/fyp_ws/src/install/_local_setup_util_sh.py'
[5.029s] INFO:colcon.colcon_core.shell:Creating prefix chain script '/home/youssef/fyp_ws/src/install/setup.sh'
[5.032s] INFO:colcon.colcon_core.shell:Creating prefix script '/home/youssef/fyp_ws/src/install/local_setup.bash'
[5.032s] INFO:colcon.colcon_core.shell:Creating prefix chain script '/home/youssef/fyp_ws/src/install/setup.bash'
[5.035s] INFO:colcon.colcon_core.shell:Creating prefix script '/home/youssef/fyp_ws/src/install/local_setup.zsh'
[5.037s] INFO:colcon.colcon_core.shell:Creating prefix chain script '/home/youssef/fyp_ws/src/install/setup.zsh'
